#
# There is insufficient memory for the Java Runtime Environment to continue.
# Native memory allocation (malloc) failed to allocate 1535696 bytes for Chunk::new
# Possible reasons:
#   The system is out of physical RAM or swap space
#   In 32 bit mode, the process size limit was hit
# Possible solutions:
#   Reduce memory load on the system
#   Increase physical memory or swap space
#   Check if swap backing store is full
#   Use 64 bit Java on a 64 bit OS
#   Decrease Java heap size (-Xmx/-Xms)
#   Decrease number of Java threads
#   Decrease Java thread stack sizes (-Xss)
#   Set larger code cache with -XX:ReservedCodeCacheSize=
# This output file may be truncated or incomplete.
#
#  Out of Memory Error (allocation.cpp:390), pid=34116, tid=34220
#
# JRE version: Java(TM) SE Runtime Environment (8.0_71-b15) (build 1.8.0_71-b15)
# Java VM: Java HotSpot(TM) 64-Bit Server VM (25.71-b15 mixed mode windows-amd64 compressed oops)
# Failed to write core dump. Minidumps are not enabled by default on client versions of Windows
#

---------------  T H R E A D  ---------------

Current thread (0x000000001eab6000):  JavaThread "C2 CompilerThread0" daemon [_thread_in_native, id=34220, stack(0x000000001f090000,0x000000001f190000)]

Stack: [0x000000001f090000,0x000000001f190000]
[error occurred during error reporting (printing stack bounds), id 0xc0000005]

Native frames: (J=compiled Java code, j=interpreted, Vv=VM code, C=native code)


Current CompileTask:
C2: 498151 7220       4       javafx.scene.chart.XYChart$Series$1::onChanged (507 bytes)


---------------  P R O C E S S  ---------------

Java Threads: ( => current thread )
  0x000000001ecbe800 JavaThread "Watchdog-Timer-1" daemon [_thread_blocked, id=34104, stack(0x000000002f530000,0x000000002f630000)]
  0x000000002a730000 JavaThread "Timer-0" [_thread_blocked, id=34300, stack(0x000000002b1b0000,0x000000002b2b0000)]
  0x00000000272e9000 JavaThread "Prism Font Disposer" daemon [_thread_blocked, id=31728, stack(0x00000000271b0000,0x00000000272b0000)]
  0x000000001f946000 JavaThread "Disposer" daemon [_thread_blocked, id=29048, stack(0x0000000025550000,0x0000000025650000)]
  0x000000001f799800 JavaThread "Thread-3" daemon [_thread_in_native, id=32804, stack(0x0000000024c10000,0x0000000024d10000)]
  0x000000001f716000 JavaThread "JavaFX Application Thread" [_thread_blocked, id=34252, stack(0x0000000020650000,0x0000000020750000)]
  0x000000001f70b800 JavaThread "Thread-2" daemon [_thread_blocked, id=31312, stack(0x0000000020550000,0x0000000020650000)]
  0x000000001f6ed000 JavaThread "QuantumRenderer-0" daemon [_thread_blocked, id=23312, stack(0x000000001ff90000,0x0000000020090000)]
  0x000000001ee75000 JavaThread "JavaFX-Launcher" [_thread_blocked, id=6512, stack(0x000000001fe90000,0x000000001ff90000)]
  0x000000001eb5e000 JavaThread "Service Thread" daemon [_thread_blocked, id=31992, stack(0x000000001f490000,0x000000001f590000)]
  0x000000001ead9000 JavaThread "C1 CompilerThread3" daemon [_thread_blocked, id=4852, stack(0x000000001f390000,0x000000001f490000)]
  0x000000001eac8800 JavaThread "C2 CompilerThread2" daemon [_thread_blocked, id=23436, stack(0x000000001f290000,0x000000001f390000)]
  0x000000001eac0800 JavaThread "C2 CompilerThread1" daemon [_thread_blocked, id=34208, stack(0x000000001f190000,0x000000001f290000)]
=>0x000000001eab6000 JavaThread "C2 CompilerThread0" daemon [_thread_in_native, id=34220, stack(0x000000001f090000,0x000000001f190000)]
  0x000000001eab4800 JavaThread "Attach Listener" daemon [_thread_blocked, id=34224, stack(0x000000001ef90000,0x000000001f090000)]
  0x000000001c9ce800 JavaThread "Signal Dispatcher" daemon [_thread_blocked, id=34204, stack(0x000000001ee90000,0x000000001ef90000)]
  0x0000000002eb8800 JavaThread "Finalizer" daemon [_thread_blocked, id=25276, stack(0x000000001e8a0000,0x000000001e9a0000)]
  0x000000001c9bd800 JavaThread "Reference Handler" daemon [_thread_blocked, id=34120, stack(0x000000001e7a0000,0x000000001e8a0000)]
  0x0000000002dc0800 JavaThread "main" [_thread_blocked, id=21172, stack(0x0000000002cc0000,0x0000000002dc0000)]

Other Threads:
  0x000000001c9b9000 VMThread [stack: 0x000000001e6a0000,0x000000001e7a0000] [id=33916]
  0x000000001eb64800 WatcherThread [stack: 0x000000001f590000,0x000000001f690000] [id=25204]

VM state:at safepoint (normal execution)

VM Mutex/Monitor currently owned by a thread:  ([mutex/lock_event])
[0x000000000119c310] Threads_lock - owner thread: 0x000000001c9b9000
[0x000000000119bd90] Heap_lock - owner thread: 0x000000001f716000

Heap:
 PSYoungGen      total 369664K, used 367104K [0x000000076af00000, 0x0000000797800000, 0x00000007c0000000)
  eden space 367104K, 100% used [0x000000076af00000,0x0000000781580000,0x0000000781580000)
  from space 2560K, 0% used [0x0000000797580000,0x0000000797580000,0x0000000797800000)
  to   space 5120K, 2% used [0x0000000796e00000,0x0000000796e20000,0x0000000797300000)
 ParOldGen       total 105984K, used 41258K [0x00000006c0c00000, 0x00000006c7380000, 0x000000076af00000)
  object space 105984K, 38% used [0x00000006c0c00000,0x00000006c344a9b0,0x00000006c7380000)
 Metaspace       used 24827K, capacity 26018K, committed 26108K, reserved 1071104K
  class space    used 3292K, capacity 3533K, committed 3584K, reserved 1048576K

Card table byte_map: [0x0000000012280000,0x0000000012a80000] byte_map_base: 0x000000000ec7a000

Marking Bits: (ParMarkBitMap*) 0x0000000051d3f600
 Begin Bits: [0x00000000137e0000, 0x00000000177b0000)
 End Bits:   [0x00000000177b0000, 0x000000001b780000)

Polling page: 0x0000000000c60000

CodeCache: size=245760Kb used=18642Kb max_used=18642Kb free=227117Kb
 bounds [0x0000000002ec0000, 0x0000000004150000, 0x0000000011ec0000]
 total_blobs=6354 nmethods=5557 adapters=707
 compilation: enabled

Compilation events (10 events):
Event: 483.730 Thread 0x000000001ead9000 nmethod 7215 0x00000000038a2250 code [0x00000000038a2440, 0x00000000038a2eb8]
Event: 483.793 Thread 0x000000001ead9000 7216       3       com.sun.javafx.charts.ChartLayoutAnimator::handle (36 bytes)
Event: 483.794 Thread 0x000000001ead9000 nmethod 7216 0x0000000003fb1b10 code [0x0000000003fb1d00, 0x0000000003fb27b8]
Event: 490.380 Thread 0x000000001ead9000 7217       1       com.sun.javafx.geom.transform.Affine2D::getDegree (4 bytes)
Event: 490.381 Thread 0x000000001ead9000 nmethod 7217 0x0000000003621c50 code [0x0000000003621da0, 0x0000000003621eb0]
Event: 490.598 Thread 0x000000001ead9000 7218       3       com.sun.scenario.animation.AbstractMasterTimer::addPulseReceiver (104 bytes)
Event: 490.599 Thread 0x000000001ead9000 nmethod 7218 0x00000000039e7a90 code [0x00000000039e7c40, 0x00000000039e83b8]
Event: 490.889 Thread 0x000000001ead9000 7219       3       com.sun.javafx.tk.quantum.ViewPainter::paintImpl (1457 bytes)
Event: 490.892 Thread 0x000000001ead9000 nmethod 7219 0x000000000383e710 code [0x000000000383ec40, 0x00000000038424c8]
Event: 497.147 Thread 0x000000001eab6000 7220       4       javafx.scene.chart.XYChart$Series$1::onChanged (507 bytes)

GC Heap History (10 events):
Event: 489.308 GC heap before
{Heap before GC invocations=348 (full 1):
 PSYoungGen      total 381952K, used 381728K [0x000000076af00000, 0x0000000797d00000, 0x00000007c0000000)
  eden space 378368K, 100% used [0x000000076af00000,0x0000000782080000,0x0000000782080000)
  from space 3584K, 93% used [0x0000000797980000,0x0000000797cc8000,0x0000000797d00000)
  to   space 4608K, 0% used [0x0000000797400000,0x0000000797400000,0x0000000797880000)
 ParOldGen       total 105984K, used 100466K [0x00000006c0c00000, 0x00000006c7380000, 0x000000076af00000)
  object space 105984K, 94% used [0x00000006c0c00000,0x00000006c6e1c828,0x00000006c7380000)
 Metaspace       used 24827K, capacity 26018K, committed 26108K, reserved 1071104K
  class space    used 3292K, capacity 3533K, committed 3584K, reserved 1048576K
Event: 489.314 GC heap after
Heap after GC invocations=348 (full 1):
 PSYoungGen      total 367104K, used 3296K [0x000000076af00000, 0x0000000797a00000, 0x00000007c0000000)
  eden space 363520K, 0% used [0x000000076af00000,0x000000076af00000,0x0000000781200000)
  from space 3584K, 91% used [0x0000000797400000,0x0000000797738000,0x0000000797780000)
  to   space 2560K, 0% used [0x0000000797780000,0x0000000797780000,0x0000000797a00000)
 ParOldGen       total 105984K, used 100466K [0x00000006c0c00000, 0x00000006c7380000, 0x000000076af00000)
  object space 105984K, 94% used [0x00000006c0c00000,0x00000006c6e1c828,0x00000006c7380000)
 Metaspace       used 24827K, capacity 26018K, committed 26108K, reserved 1071104K
  class space    used 3292K, capacity 3533K, committed 3584K, reserved 1048576K
}
Event: 490.240 GC heap before
{Heap before GC invocations=349 (full 1):
 PSYoungGen      total 367104K, used 366816K [0x000000076af00000, 0x0000000797a00000, 0x00000007c0000000)
  eden space 363520K, 100% used [0x000000076af00000,0x0000000781200000,0x0000000781200000)
  from space 3584K, 91% used [0x0000000797400000,0x0000000797738000,0x0000000797780000)
  to   space 2560K, 0% used [0x0000000797780000,0x0000000797780000,0x0000000797a00000)
 ParOldGen       total 105984K, used 100466K [0x00000006c0c00000, 0x00000006c7380000, 0x000000076af00000)
  object space 105984K, 94% used [0x00000006c0c00000,0x00000006c6e1c828,0x00000006c7380000)
 Metaspace       used 24827K, capacity 26018K, committed 26108K, reserved 1071104K
  class space    used 3292K, capacity 3533K, committed 3584K, reserved 1048576K
Event: 490.250 GC heap after
Heap after GC invocations=349 (full 1):
 PSYoungGen      total 351744K, used 2560K [0x000000076af00000, 0x0000000797a00000, 0x00000007c0000000)
  eden space 349184K, 0% used [0x000000076af00000,0x000000076af00000,0x0000000780400000)
  from space 2560K, 100% used [0x0000000797780000,0x0000000797a00000,0x0000000797a00000)
  to   space 4608K, 0% used [0x0000000797100000,0x0000000797100000,0x0000000797580000)
 ParOldGen       total 105984K, used 101850K [0x00000006c0c00000, 0x00000006c7380000, 0x000000076af00000)
  object space 105984K, 96% used [0x00000006c0c00000,0x00000006c6f76828,0x00000006c7380000)
 Metaspace       used 24827K, capacity 26018K, committed 26108K, reserved 1071104K
  class space    used 3292K, capacity 3533K, committed 3584K, reserved 1048576K
}
Event: 496.604 GC heap before
{Heap before GC invocations=350 (full 1):
 PSYoungGen      total 351744K, used 351744K [0x000000076af00000, 0x0000000797a00000, 0x00000007c0000000)
  eden space 349184K, 100% used [0x000000076af00000,0x0000000780400000,0x0000000780400000)
  from space 2560K, 100% used [0x0000000797780000,0x0000000797a00000,0x0000000797a00000)
  to   space 4608K, 0% used [0x0000000797100000,0x0000000797100000,0x0000000797580000)
 ParOldGen       total 105984K, used 101850K [0x00000006c0c00000, 0x00000006c7380000, 0x000000076af00000)
  object space 105984K, 96% used [0x00000006c0c00000,0x00000006c6f76828,0x00000006c7380000)
 Metaspace       used 24827K, capacity 26018K, committed 26108K, reserved 1071104K
  class space    used 3292K, capacity 3533K, committed 3584K, reserved 1048576K
Event: 496.608 GC heap after
Heap after GC invocations=350 (full 1):
 PSYoungGen      total 340480K, used 4512K [0x000000076af00000, 0x0000000797800000, 0x00000007c0000000)
  eden space 335872K, 0% used [0x000000076af00000,0x000000076af00000,0x000000077f700000)
  from space 4608K, 97% used [0x0000000797100000,0x0000000797568000,0x0000000797580000)
  to   space 2560K, 0% used [0x0000000797580000,0x0000000797580000,0x0000000797800000)
 ParOldGen       total 105984K, used 101986K [0x00000006c0c00000, 0x00000006c7380000, 0x000000076af00000)
  object space 105984K, 96% used [0x00000006c0c00000,0x00000006c6f98828,0x00000006c7380000)
 Metaspace       used 24827K, capacity 26018K, committed 26108K, reserved 1071104K
  class space    used 3292K, capacity 3533K, committed 3584K, reserved 1048576K
}
Event: 497.208 GC heap before
{Heap before GC invocations=351 (full 1):
 PSYoungGen      total 340480K, used 340384K [0x000000076af00000, 0x0000000797800000, 0x00000007c0000000)
  eden space 335872K, 100% used [0x000000076af00000,0x000000077f700000,0x000000077f700000)
  from space 4608K, 97% used [0x0000000797100000,0x0000000797568000,0x0000000797580000)
  to   space 2560K, 0% used [0x0000000797580000,0x0000000797580000,0x0000000797800000)
 ParOldGen       total 105984K, used 101986K [0x00000006c0c00000, 0x00000006c7380000, 0x000000076af00000)
  object space 105984K, 96% used [0x00000006c0c00000,0x00000006c6f98828,0x00000006c7380000)
 Metaspace       used 24827K, capacity 26018K, committed 26108K, reserved 1071104K
  class space    used 3292K, capacity 3533K, committed 3584K, reserved 1048576K
Event: 497.225 GC heap after
Heap after GC invocations=351 (full 1):
 PSYoungGen      total 369664K, used 2560K [0x000000076af00000, 0x0000000797800000, 0x00000007c0000000)
  eden space 367104K, 0% used [0x000000076af00000,0x000000076af00000,0x0000000781580000)
  from space 2560K, 100% used [0x0000000797580000,0x0000000797800000,0x0000000797800000)
  to   space 5120K, 0% used [0x0000000796e00000,0x0000000796e00000,0x0000000797300000)
 ParOldGen       total 105984K, used 103922K [0x00000006c0c00000, 0x00000006c7380000, 0x000000076af00000)
  object space 105984K, 98% used [0x00000006c0c00000,0x00000006c717c828,0x00000006c7380000)
 Metaspace       used 24827K, capacity 26018K, committed 26108K, reserved 1071104K
  class space    used 3292K, capacity 3533K, committed 3584K, reserved 1048576K
}
Event: 497.225 GC heap before
{Heap before GC invocations=352 (full 2):
 PSYoungGen      total 369664K, used 2560K [0x000000076af00000, 0x0000000797800000, 0x00000007c0000000)
  eden space 367104K, 0% used [0x000000076af00000,0x000000076af00000,0x0000000781580000)
  from space 2560K, 100% used [0x0000000797580000,0x0000000797800000,0x0000000797800000)
  to   space 5120K, 0% used [0x0000000796e00000,0x0000000796e00000,0x0000000797300000)
 ParOldGen       total 105984K, used 103922K [0x00000006c0c00000, 0x00000006c7380000, 0x000000076af00000)
  object space 105984K, 98% used [0x00000006c0c00000,0x00000006c717c828,0x00000006c7380000)
 Metaspace       used 24827K, capacity 26018K, committed 26108K, reserved 1071104K
  class space    used 3292K, capacity 3533K, committed 3584K, reserved 1048576K
Event: 497.599 GC heap after
Heap after GC invocations=352 (full 2):
 PSYoungGen      total 369664K, used 0K [0x000000076af00000, 0x0000000797800000, 0x00000007c0000000)
  eden space 367104K, 0% used [0x000000076af00000,0x000000076af00000,0x0000000781580000)
  from space 2560K, 0% used [0x0000000797580000,0x0000000797580000,0x0000000797800000)
  to   space 5120K, 0% used [0x0000000796e00000,0x0000000796e00000,0x0000000797300000)
 ParOldGen       total 105984K, used 41258K [0x00000006c0c00000, 0x00000006c7380000, 0x000000076af00000)
  object space 105984K, 38% used [0x00000006c0c00000,0x00000006c344a9b0,0x00000006c7380000)
 Metaspace       used 24827K, capacity 26018K, committed 26108K, reserved 1071104K
  class space    used 3292K, capacity 3533K, committed 3584K, reserved 1048576K
}

Deoptimization events (10 events):
Event: 476.938 Thread 0x000000001f6ed000 Uncommon trap: reason=unstable_if action=reinterpret pc=0x0000000003610d1c method=com.sun.javafx.sg.prism.NGRegion.renderBackgroundRectanglesDirectly(Lcom/sun/prism/Graphics;FF)V @ 207
Event: 476.957 Thread 0x000000001f6ed000 Uncommon trap: reason=null_check action=make_not_entrant pc=0x000000000323cb54 method=com.sun.scenario.effect.impl.prism.PrFilterContext.getInstance(Lcom/sun/glass/ui/Screen;)Lcom/sun/scenario/effect/impl/prism/PrFilterContext; @ 23
Event: 476.957 Thread 0x000000001f6ed000 Uncommon trap: reason=null_check action=make_not_entrant pc=0x0000000003116dd0 method=com.sun.scenario.effect.impl.Renderer.getRenderer(Lcom/sun/scenario/effect/FilterContext;)Lcom/sun/scenario/effect/impl/Renderer; @ 23
Event: 478.649 Thread 0x000000001f716000 Uncommon trap: reason=unstable_if action=reinterpret pc=0x0000000003ad074c method=com.sun.javafx.charts.ChartLayoutAnimator.handle(Ljavafx/event/ActionEvent;)V @ 23
Event: 479.103 Thread 0x000000001f716000 Uncommon trap: reason=unstable_if action=reinterpret pc=0x0000000003f79f64 method=com.sun.javafx.charts.ChartLayoutAnimator.stop(Ljava/lang/Object;)V @ 15
Event: 479.104 Thread 0x000000001f716000 Uncommon trap: reason=unstable_if action=reinterpret pc=0x0000000003e1e264 method=com.sun.javafx.charts.ChartLayoutAnimator.stop(Ljava/lang/Object;)V @ 15
Event: 488.548 Thread 0x000000001f716000 Uncommon trap: reason=bimorphic action=maybe_recompile pc=0x0000000003a99060 method=javafx.collections.ListChangeBuilder.nextRemove(ILjava/util/List;)V @ 8
Event: 489.657 Thread 0x000000001f716000 Uncommon trap: reason=bimorphic action=maybe_recompile pc=0x0000000003a99060 method=javafx.collections.ListChangeBuilder.nextRemove(ILjava/util/List;)V @ 8
Event: 490.362 Thread 0x000000001f716000 Uncommon trap: reason=unstable_if action=reinterpret pc=0x0000000003687284 method=com.sun.scenario.animation.AbstractMasterTimer.addPulseReceiver(Lcom/sun/scenario/animation/shared/PulseReceiver;)V @ 9
Event: 496.060 Thread 0x000000001f716000 Uncommon trap: reason=bimorphic action=maybe_recompile pc=0x0000000003a99060 method=javafx.collections.ListChangeBuilder.nextRemove(ILjava/util/List;)V @ 8

Internal exceptions (10 events):
Event: 4.607 Thread 0x000000001f6ed000 Implicit null exception at 0x0000000003af0372 to 0x0000000003af0b79
Event: 4.608 Thread 0x000000001f6ed000 Implicit null exception at 0x0000000003aeebe0 to 0x0000000003aef2ad
Event: 4.627 Thread 0x000000001f6ed000 Implicit null exception at 0x0000000003ba1981 to 0x0000000003ba1a3d
Event: 5.114 Thread 0x000000001f6ed000 Implicit null exception at 0x000000000371f3e8 to 0x000000000372246d
Event: 8.413 Thread 0x000000001f6ed000 Implicit null exception at 0x0000000003324e65 to 0x000000000332642d
Event: 8.631 Thread 0x000000001f6ed000 Implicit null exception at 0x000000000377b6ac to 0x000000000377b721
Event: 476.851 Thread 0x000000001f6ed000 Implicit null exception at 0x0000000003f65040 to 0x0000000003f65b89
Event: 476.851 Thread 0x000000001f6ed000 Implicit null exception at 0x0000000003f475e8 to 0x0000000003f4817d
Event: 476.957 Thread 0x000000001f6ed000 Implicit null exception at 0x000000000323cb08 to 0x000000000323cb4a
Event: 476.957 Thread 0x000000001f6ed000 Implicit null exception at 0x0000000003116858 to 0x0000000003116dc5

Events (10 events):
Event: 490.362 Thread 0x000000001f716000 Uncommon trap: trap_request=0xffffff65 fr.pc=0x0000000003687284
Event: 490.362 Thread 0x000000001f716000 DEOPT PACKING pc=0x0000000003687284 sp=0x000000002074d610
Event: 490.362 Thread 0x000000001f716000 DEOPT UNPACKING pc=0x0000000002f0582a sp=0x000000002074d598 mode 2
Event: 496.060 Thread 0x000000001f716000 Uncommon trap: trap_request=0xffffffc6 fr.pc=0x0000000003a99060
Event: 496.060 Thread 0x000000001f716000 DEOPT PACKING pc=0x0000000003a99060 sp=0x000000002074e530
Event: 496.060 Thread 0x000000001f716000 DEOPT UNPACKING pc=0x0000000002f0582a sp=0x000000002074e4e0 mode 2
Event: 496.603 Executing VM operation: ParallelGCFailedAllocation
Event: 496.608 Executing VM operation: ParallelGCFailedAllocation done
Event: 497.207 Executing VM operation: ParallelGCFailedAllocation
Event: 497.599 Executing VM operation: ParallelGCFailedAllocation done


Dynamic libraries:
0x00007ff71a7b0000 - 0x00007ff71a7e7000 	C:\Program Files\Java\jre1.8.0_71\bin\javaw.exe
0x00007ffccbc70000 - 0x00007ffccbe41000 	C:\WINDOWS\SYSTEM32\ntdll.dll
0x00007ffcc9360000 - 0x00007ffcc940c000 	C:\WINDOWS\System32\KERNEL32.DLL
0x00007ffcc8220000 - 0x00007ffcc843d000 	C:\WINDOWS\System32\KERNELBASE.dll
0x00007ffcc9ba0000 - 0x00007ffcc9c42000 	C:\WINDOWS\System32\ADVAPI32.dll
0x00007ffcc92b0000 - 0x00007ffcc934e000 	C:\WINDOWS\System32\msvcrt.dll
0x00007ffcc9e50000 - 0x00007ffcc9ea9000 	C:\WINDOWS\System32\sechost.dll
0x00007ffccba00000 - 0x00007ffccbb21000 	C:\WINDOWS\System32\RPCRT4.dll
0x00007ffcc9430000 - 0x00007ffcc9595000 	C:\WINDOWS\System32\USER32.dll
0x00007ffcc81b0000 - 0x00007ffcc81ce000 	C:\WINDOWS\System32\win32u.dll
0x00007ffcc95a0000 - 0x00007ffcc95d4000 	C:\WINDOWS\System32\GDI32.dll
0x00007ffcc84a0000 - 0x00007ffcc8622000 	C:\WINDOWS\System32\gdi32full.dll
0x00007ffcbdd70000 - 0x00007ffcbdfea000 	C:\WINDOWS\WinSxS\amd64_microsoft.windows.common-controls_6595b64144ccf1df_6.0.14393.953_none_42151e83c686086b\COMCTL32.dll
0x00007ffccb590000 - 0x00007ffccb858000 	C:\WINDOWS\System32\combase.dll
0x00007ffcc8f80000 - 0x00007ffcc9075000 	C:\WINDOWS\System32\ucrtbase.dll
0x00007ffcc8140000 - 0x00007ffcc81aa000 	C:\WINDOWS\System32\bcryptPrimitives.dll
0x00007ffccb540000 - 0x00007ffccb56e000 	C:\WINDOWS\System32\IMM32.DLL
0x00007ffcc6870000 - 0x00007ffcc68a0000 	c:\PROGRA~1\BULLGU~1\BULLGU~1\BgAgent.dll
0x00000000513c0000 - 0x0000000051492000 	C:\Program Files\Java\jre1.8.0_71\bin\msvcr100.dll
0x0000000051530000 - 0x0000000051dbf000 	C:\Program Files\Java\jre1.8.0_71\bin\server\jvm.dll
0x00007ffcc9a10000 - 0x00007ffcc9a18000 	C:\WINDOWS\System32\PSAPI.DLL
0x00007ffcc5d70000 - 0x00007ffcc5d93000 	C:\WINDOWS\SYSTEM32\WINMM.dll
0x00007ffcbb240000 - 0x00007ffcbb249000 	C:\WINDOWS\SYSTEM32\WSOCK32.dll
0x00007ffcc9a20000 - 0x00007ffcc9a8a000 	C:\WINDOWS\System32\WS2_32.dll
0x00007ffcc43f0000 - 0x00007ffcc43fa000 	C:\WINDOWS\SYSTEM32\VERSION.dll
0x00000000011e0000 - 0x000000000120b000 	C:\WINDOWS\SYSTEM32\WINMMBASE.dll
0x00007ffcc81d0000 - 0x00007ffcc8212000 	C:\WINDOWS\System32\cfgmgr32.dll
0x0000000053710000 - 0x000000005371f000 	C:\Program Files\Java\jre1.8.0_71\bin\verify.dll
0x00000000536e0000 - 0x0000000053709000 	C:\Program Files\Java\jre1.8.0_71\bin\java.dll
0x0000000051510000 - 0x0000000051526000 	C:\Program Files\Java\jre1.8.0_71\bin\zip.dll
0x00007ffcc9eb0000 - 0x00007ffccb3b8000 	C:\WINDOWS\System32\SHELL32.dll
0x00007ffcc8800000 - 0x00007ffcc8eda000 	C:\WINDOWS\System32\windows.storage.dll
0x00007ffcc80e0000 - 0x00007ffcc812c000 	C:\WINDOWS\System32\powrprof.dll
0x00007ffcc91e0000 - 0x00007ffcc9232000 	C:\WINDOWS\System32\shlwapi.dll
0x00007ffcc8130000 - 0x00007ffcc813f000 	C:\WINDOWS\System32\kernel.appcore.dll
0x00007ffcc9080000 - 0x00007ffcc9129000 	C:\WINDOWS\System32\shcore.dll
0x00007ffcc80c0000 - 0x00007ffcc80d4000 	C:\WINDOWS\System32\profapi.dll
0x00007ffc99f70000 - 0x00007ffc9a05f000 	C:\Program Files\Java\jre1.8.0_71\bin\msvcr120.dll
0x00007ffc9a1c0000 - 0x00007ffc9a266000 	C:\Program Files\Java\jre1.8.0_71\bin\msvcp120.dll
0x0000000051390000 - 0x00000000513b3000 	C:\Program Files\Java\jre1.8.0_71\bin\prism_d3d.dll
0x00007ffc9cbf0000 - 0x00007ffc9cd7d000 	C:\WINDOWS\system32\d3d9.dll
0x00007ffcc5790000 - 0x00007ffcc57b6000 	C:\WINDOWS\SYSTEM32\dwmapi.dll
0x00007ffcc6740000 - 0x00007ffcc67d5000 	C:\WINDOWS\system32\uxtheme.dll
0x00007ffc8bec0000 - 0x00007ffc8cf7c000 	C:\WINDOWS\System32\DriverStore\FileRepository\nv_dispiwu.inf_amd64_b67dc924fff8de6d\nvd3dumx.dll
0x00007ffcbeb80000 - 0x00007ffcbed37000 	C:\WINDOWS\system32\nvspcap64.dll
0x00007ffccbb30000 - 0x00007ffccbc68000 	C:\WINDOWS\System32\ole32.dll
0x00007ffccb480000 - 0x00007ffccb53f000 	C:\WINDOWS\System32\OLEAUT32.dll
0x00007ffcc8ee0000 - 0x00007ffcc8f7c000 	C:\WINDOWS\System32\msvcp_win.dll
0x00007ffcc95e0000 - 0x00007ffcc9a09000 	C:\WINDOWS\System32\SETUPAPI.dll
0x00007ffcc3df0000 - 0x00007ffcc3ebd000 	C:\WINDOWS\SYSTEM32\WINHTTP.dll
0x00007ffcc38a0000 - 0x00007ffcc3c9b000 	C:\WINDOWS\system32\nvapi64.dll
0x00007ffcc7030000 - 0x00007ffcc70cf000 	C:\WINDOWS\SYSTEM32\dxgi.dll
0x00007ffcc7db0000 - 0x00007ffcc7ddc000 	C:\WINDOWS\SYSTEM32\SspiCli.dll
0x0000000051340000 - 0x0000000051383000 	C:\Program Files\Java\jre1.8.0_71\bin\glass.dll
0x00007ffcc9aa0000 - 0x00007ffcc9b9a000 	C:\WINDOWS\System32\COMDLG32.dll
0x00007ffcc9c50000 - 0x00007ffcc9daa000 	C:\WINDOWS\System32\MSCTF.dll
0x00007ffcc3f90000 - 0x00007ffcc4076000 	C:\Program Files (x86)\NVIDIA Corporation\3D Vision\nvSCPAPI64.dll
0x0000000051320000 - 0x0000000051334000 	C:\Program Files\Java\jre1.8.0_71\bin\javafx_font.dll
0x00007ffcbfd30000 - 0x00007ffcbff99000 	C:\WINDOWS\SYSTEM32\dwrite.dll
0x0000000075a70000 - 0x0000000077ffd000 	C:\Program Files\Java\jre1.8.0_71\bin\jfxwebkit.dll
0x00007ffcc7b90000 - 0x00007ffcc7ba7000 	C:\WINDOWS\SYSTEM32\CRYPTSP.dll
0x00007ffcc75e0000 - 0x00007ffcc7613000 	C:\WINDOWS\system32\rsaenh.dll
0x00007ffcc7c90000 - 0x00007ffcc7cbb000 	C:\WINDOWS\SYSTEM32\bcrypt.dll
0x00007ffcc7b80000 - 0x00007ffcc7b8b000 	C:\WINDOWS\SYSTEM32\CRYPTBASE.dll
0x00000000514f0000 - 0x000000005150a000 	C:\Program Files\Java\jre1.8.0_71\bin\net.dll
0x00007ffcc79e0000 - 0x00007ffcc7a3c000 	C:\WINDOWS\system32\mswsock.dll
0x00000000514d0000 - 0x00000000514e1000 	C:\Program Files\Java\jre1.8.0_71\bin\nio.dll
0x00000000514a0000 - 0x00000000514c4000 	C:\Program Files\Java\jre1.8.0_71\bin\sunec.dll
0x00007ffcc7860000 - 0x00007ffcc787f000 	C:\WINDOWS\SYSTEM32\USERENV.dll
0x00007ffcc9db0000 - 0x00007ffcc9e4f000 	C:\WINDOWS\System32\clbcatq.dll
0x00007ffcc7760000 - 0x00007ffcc7798000 	C:\WINDOWS\SYSTEM32\IPHLPAPI.DLL
0x00007ffcc9350000 - 0x00007ffcc9358000 	C:\WINDOWS\System32\NSI.dll
0x00007ffcc5230000 - 0x00007ffcc53d8000 	C:\WINDOWS\SYSTEM32\WindowsCodecs.dll
0x00007ffcbd800000 - 0x00007ffcbd849000 	C:\WINDOWS\system32\dataexchange.dll
0x00007ffcc4820000 - 0x00007ffcc4ad6000 	C:\WINDOWS\system32\d3d11.dll
0x00007ffcc60e0000 - 0x00007ffcc6231000 	C:\WINDOWS\system32\dcomp.dll
0x00007ffcc6b00000 - 0x00007ffcc6c1c000 	C:\WINDOWS\system32\twinapi.appcore.dll
0x00007ffcc0140000 - 0x00007ffcc0172000 	C:\Program Files\Common Files\Microsoft Shared\Ink\rtscom.dll
0x00007ffcc4c90000 - 0x00007ffcc4ca6000 	C:\WINDOWS\SYSTEM32\dhcpcsvc6.DLL
0x00007ffcc4b70000 - 0x00007ffcc4b8a000 	C:\WINDOWS\SYSTEM32\dhcpcsvc.DLL
0x0000000051300000 - 0x0000000051311000 	C:\Program Files\Java\jre1.8.0_71\bin\prism_common.dll
0x00007ffcc0a70000 - 0x00007ffcc0fcf000 	C:\WINDOWS\SYSTEM32\d2d1.dll
0x00007ffcc8630000 - 0x00007ffcc87f9000 	C:\WINDOWS\System32\CRYPT32.dll
0x00007ffcc80b0000 - 0x00007ffcc80c0000 	C:\WINDOWS\System32\MSASN1.dll
0x00007ffcae1b0000 - 0x00007ffcae43d000 	C:\WINDOWS\SYSTEM32\D3D10Warp.dll
0x00007ffcc5ec0000 - 0x00007ffcc5ed8000 	C:\WINDOWS\system32\NLAapi.dll
0x00007ffcbbc00000 - 0x00007ffcbbc16000 	C:\WINDOWS\system32\napinsp.dll
0x00007ffcbbc20000 - 0x00007ffcbbc3a000 	C:\WINDOWS\system32\pnrpnsp.dll
0x00007ffcc77a0000 - 0x00007ffcc7841000 	C:\WINDOWS\SYSTEM32\DNSAPI.dll
0x00007ffcbbc40000 - 0x00007ffcbbc4e000 	C:\WINDOWS\System32\winrnr.dll
0x0000000054a10000 - 0x0000000054a36000 	C:\Program Files\Bonjour\mdnsNSP.dll
0x00007ffcc3f80000 - 0x00007ffcc3f8a000 	C:\Windows\System32\rasadhlp.dll
0x00007ffcc4500000 - 0x00007ffcc456a000 	C:\WINDOWS\System32\fwpuclnt.dll
0x00000000512d0000 - 0x00000000512f3000 	C:\Program Files\Java\jre1.8.0_71\bin\javafx_iio.dll

VM Arguments:
jvm_args: -Djava.library.path=C:\Users\Jack\Desktop\New folder (9)\cansat -Dfile.encoding=Cp1252 
java_command: cansat.Luncher
java_class_path (initial): F:\Stuff\cansat\newPro\cansat\bin;C:\Program Files\Java\jdk1.8.0_71\jre\lib\jfxswt.jar;F:\Stuff\cansat\newPro\cansat\lib\RXTXcomm.jar;F:\Stuff\cansat\newPro\cansat\assents
Launcher Type: SUN_STANDARD

Environment Variables:
PATH=C:/Program Files/Java/jre1.8.0_71/bin/server;C:/Program Files/Java/jre1.8.0_71/bin;C:/Program Files/Java/jre1.8.0_71/lib/amd64;C:\Program Files\Oculus\Support\oculus-runtime;C:\Program Files (x86)\ActiveState Komodo IDE 10\;C:\ProgramData\Oracle\Java\javapath;C:\Windows\system32;C:\Windows;C:\Windows\System32\Wbem;C:\Windows\System32\WindowsPowerShell\v1.0\;C:\Program Files (x86)\NVIDIA Corporation\PhysX\Common;C:\Program Files\Microsoft\Web Platform Installer\;C:\Program Files (x86)\Microsoft ASP.NET\ASP.NET Web Pages\v1.0\;C:\Program Files (x86)\Windows Kits\8.0\Windows Performance Toolkit\;C:\Program Files\Microsoft SQL Server\110\Tools\Binn\;C:\Program Files (x86)\GtkSharp\2.12\bin;C:\Users\Jack\.dnx\bin;C:\Program Files\Microsoft DNX\Dnvm\;C:\Program Files\Microsoft SQL Server\130\Tools\Binn\;C:\WINDOWS\system32;C:\WINDOWS;C:\WINDOWS\System32\Wbem;C:\WINDOWS\System32\WindowsPowerShell\v1.0\;C:\Python27;C:\Program Files (x86)\Windows Kits\10\Windows Performance Toolkit\;C:\Program Files (x86)\Windows Kits\8.1\Windows Performance Toolkit\;C:\Program Files (x86)\Skype\Phone\;C:\Users\Jack\AppData\Local\Microsoft\WindowsApps;C:\Program Files\Bandizip\;C:\Users\Jack\eclipse\java-mars\eclipse;
USERNAME=Jack
OS=Windows_NT
PROCESSOR_IDENTIFIER=Intel64 Family 6 Model 60 Stepping 3, GenuineIntel



---------------  S Y S T E M  ---------------

OS: Windows 10.0 , 64 bit Build 14393 (10.0.14393.1198)

CPU:total 8 (4 cores per cpu, 2 threads per core) family 6 model 60 stepping 3, cmov, cx8, fxsr, mmx, sse, sse2, sse3, ssse3, sse4.1, sse4.2, popcnt, avx, avx2, aes, clmul, erms, lzcnt, ht, tsc, tscinvbit, bmi1, bmi2

Memory: 4k page, physical 16724548k(2511132k free), swap 67056196k(15688k free)

vm_info: Java HotSpot(TM) 64-Bit Server VM (25.71-b15) for windows-amd64 JRE (1.8.0_71-b15), built on Dec 22 2015 18:15:55 by "java_re" with MS VC++ 10.0 (VS2010)

time: Mon Jun 05 22:49:34 2017
elapsed time: 498 seconds (0d 0h 8m 18s)

