#
# There is insufficient memory for the Java Runtime Environment to continue.
# Native memory allocation (malloc) failed to allocate 174336 bytes for Chunk::new
# Possible reasons:
#   The system is out of physical RAM or swap space
#   In 32 bit mode, the process size limit was hit
# Possible solutions:
#   Reduce memory load on the system
#   Increase physical memory or swap space
#   Check if swap backing store is full
#   Use 64 bit Java on a 64 bit OS
#   Decrease Java heap size (-Xmx/-Xms)
#   Decrease number of Java threads
#   Decrease Java thread stack sizes (-Xss)
#   Set larger code cache with -XX:ReservedCodeCacheSize=
# This output file may be truncated or incomplete.
#
#  Out of Memory Error (allocation.cpp:390), pid=61632, tid=3444
#
# JRE version: Java(TM) SE Runtime Environment (8.0_71-b15) (build 1.8.0_71-b15)
# Java VM: Java HotSpot(TM) 64-Bit Server VM (25.71-b15 mixed mode windows-amd64 compressed oops)
# Failed to write core dump. Minidumps are not enabled by default on client versions of Windows
#

---------------  T H R E A D  ---------------

Current thread (0x000000001e47b000):  JavaThread "C2 CompilerThread1" daemon [_thread_in_native, id=3444, stack(0x000000001eb50000,0x000000001ec50000)]

Stack: [0x000000001eb50000,0x000000001ec50000]
[error occurred during error reporting (printing stack bounds), id 0xc0000005]

Native frames: (J=compiled Java code, j=interpreted, Vv=VM code, C=native code)


Current CompileTask:
C2:   7351 4857       4       com.sun.javafx.sg.prism.NGNode::computeNodeRenderRoot (112 bytes)


---------------  P R O C E S S  ---------------

Java Threads: ( => current thread )
  0x000000001f76f000 JavaThread "Thread-29" daemon [_thread_blocked, id=66596, stack(0x0000000036e00000,0x0000000036f00000)]
  0x000000001f505800 JavaThread "URL-Loader-20" daemon [_thread_blocked, id=64256, stack(0x000000002e9b0000,0x000000002eab0000)]
  0x000000001f509000 JavaThread "URL-Loader-19" daemon [_thread_blocked, id=64472, stack(0x000000002e7b0000,0x000000002e8b0000)]
  0x000000001f50c000 JavaThread "URL-Loader-18" daemon [_thread_blocked, id=47472, stack(0x000000002e6b0000,0x000000002e7b0000)]
  0x000000001f50b800 JavaThread "URL-Loader-17" daemon [_thread_blocked, id=66284, stack(0x000000002e390000,0x000000002e490000)]
  0x000000001f507800 JavaThread "URL-Loader-16" daemon [_thread_blocked, id=66184, stack(0x000000002e190000,0x000000002e290000)]
  0x000000001f500000 JavaThread "URL-Loader-15" daemon [_thread_blocked, id=66328, stack(0x000000002de90000,0x000000002df90000)]
  0x000000001f501000 JavaThread "URL-Loader-14" daemon [_thread_blocked, id=66248, stack(0x000000002dd90000,0x000000002de90000)]
  0x000000001f502800 JavaThread "URL-Loader-13" daemon [_thread_blocked, id=66304, stack(0x000000002dc90000,0x000000002dd90000)]
  0x000000001f506000 JavaThread "URL-Loader-12" daemon [_thread_blocked, id=66296, stack(0x000000002db90000,0x000000002dc90000)]
  0x000000001f507000 JavaThread "URL-Loader-11" daemon [_thread_blocked, id=64916, stack(0x000000002da90000,0x000000002db90000)]
  0x000000001f4fe800 JavaThread "URL-Loader-10" daemon [_thread_blocked, id=65716, stack(0x000000002d990000,0x000000002da90000)]
  0x000000001f4ff800 JavaThread "URL-Loader-9" daemon [_thread_blocked, id=65820, stack(0x000000002d790000,0x000000002d890000)]
  0x000000001f504800 JavaThread "URL-Loader-8" daemon [_thread_blocked, id=66292, stack(0x000000002d650000,0x000000002d750000)]
  0x000000001f504000 JavaThread "URL-Loader-7" daemon [_thread_blocked, id=65772, stack(0x000000002d3f0000,0x000000002d4f0000)]
  0x000000001f501800 JavaThread "URL-Loader-6" daemon [_thread_in_native, id=20444, stack(0x000000002d2f0000,0x000000002d3f0000)]
  0x000000001f503000 JavaThread "URL-Loader-5" daemon [_thread_blocked, id=47456, stack(0x000000002c0f0000,0x000000002c1f0000)]
  0x00000000272ab000 JavaThread "URL-Loader-4" daemon [_thread_blocked, id=27660, stack(0x000000002bff0000,0x000000002c0f0000)]
  0x00000000272ac800 JavaThread "URL-Loader-3" daemon [_thread_blocked, id=51312, stack(0x000000002bd40000,0x000000002be40000)]
  0x00000000272ac000 JavaThread "URL-Loader-2" daemon [_thread_blocked, id=41840, stack(0x000000002b8d0000,0x000000002b9d0000)]
  0x00000000272aa800 JavaThread "Watchdog-Timer-1" daemon [_thread_blocked, id=66008, stack(0x000000002b7d0000,0x000000002b8d0000)]
  0x00000000272ad800 JavaThread "Keep-Alive-Timer" daemon [_thread_blocked, id=50188, stack(0x000000002b6d0000,0x000000002b7d0000)]
  0x000000002780a000 JavaThread "Timer-1" [_thread_blocked, id=65648, stack(0x0000000028b20000,0x0000000028c20000)]
  0x0000000026f23800 JavaThread "Timer-0" [_thread_blocked, id=65836, stack(0x0000000028480000,0x0000000028580000)]
  0x000000001f536800 JavaThread "Prism Font Disposer" daemon [_thread_blocked, id=65620, stack(0x0000000025980000,0x0000000025a80000)]
  0x000000001f212000 JavaThread "URL-Loader-1" daemon [_thread_blocked, id=65296, stack(0x0000000025010000,0x0000000025110000)]
  0x000000001f249000 JavaThread "Disposer" daemon [_thread_blocked, id=66340, stack(0x0000000024df0000,0x0000000024ef0000)]
  0x000000001f1f3800 JavaThread "Thread-3" daemon [_thread_in_native, id=63016, stack(0x0000000024490000,0x0000000024590000)]
  0x000000001f15d000 JavaThread "JavaFX-Launcher" [_thread_blocked, id=65764, stack(0x0000000024590000,0x0000000024690000)]
  0x000000001f0b7000 JavaThread "JavaFX Application Thread" [_thread_in_native, id=65660, stack(0x000000001ff50000,0x0000000020050000)]
  0x000000001f0b6800 JavaThread "Thread-1" daemon [_thread_blocked, id=63848, stack(0x000000001fe50000,0x000000001ff50000)]
  0x000000001f087000 JavaThread "QuantumRenderer-0" daemon [_thread_in_native, id=66268, stack(0x000000001f850000,0x000000001f950000)]
  0x000000001e51a800 JavaThread "Service Thread" daemon [_thread_blocked, id=66324, stack(0x000000001ee50000,0x000000001ef50000)]
  0x000000001e48a000 JavaThread "C1 CompilerThread3" daemon [_thread_blocked, id=66320, stack(0x000000001ed50000,0x000000001ee50000)]
  0x000000001e489000 JavaThread "C2 CompilerThread2" daemon [_thread_in_native, id=66172, stack(0x000000001ec50000,0x000000001ed50000)]
=>0x000000001e47b000 JavaThread "C2 CompilerThread1" daemon [_thread_in_native, id=3444, stack(0x000000001eb50000,0x000000001ec50000)]
  0x000000001e477000 JavaThread "C2 CompilerThread0" daemon [_thread_in_native, id=20612, stack(0x000000001ea50000,0x000000001eb50000)]
  0x000000001e475000 JavaThread "Attach Listener" daemon [_thread_blocked, id=51728, stack(0x000000001e950000,0x000000001ea50000)]
  0x000000001e474000 JavaThread "Signal Dispatcher" daemon [_thread_blocked, id=7704, stack(0x000000001e850000,0x000000001e950000)]
  0x00000000028a9800 JavaThread "Finalizer" daemon [_thread_blocked, id=65976, stack(0x000000001e260000,0x000000001e360000)]
  0x00000000028a3000 JavaThread "Reference Handler" daemon [_thread_blocked, id=65912, stack(0x000000001e160000,0x000000001e260000)]
  0x00000000027b0800 JavaThread "main" [_thread_blocked, id=63500, stack(0x00000000026b0000,0x00000000027b0000)]

Other Threads:
  0x000000001c359000 VMThread [stack: 0x000000001e060000,0x000000001e160000] [id=65968]
  0x000000001e521000 WatcherThread [stack: 0x000000001ef50000,0x000000001f050000] [id=66288]

VM state:not at safepoint (normal execution)

VM Mutex/Monitor currently owned by a thread: None

Heap:
 PSYoungGen      total 230400K, used 62057K [0x000000076af00000, 0x000000077a080000, 0x00000007c0000000)
  eden space 216576K, 25% used [0x000000076af00000,0x000000076e478fd8,0x0000000778280000)
  from space 13824K, 52% used [0x0000000779300000,0x0000000779a217a0,0x000000077a080000)
  to   space 15360K, 0% used [0x0000000778280000,0x0000000778280000,0x0000000779180000)
 ParOldGen       total 123392K, used 18120K [0x00000006c0c00000, 0x00000006c8480000, 0x000000076af00000)
  object space 123392K, 14% used [0x00000006c0c00000,0x00000006c1db20a0,0x00000006c8480000)
 Metaspace       used 22688K, capacity 23688K, committed 23808K, reserved 1069056K
  class space    used 2978K, capacity 3220K, committed 3328K, reserved 1048576K

Card table byte_map: [0x0000000011c70000,0x0000000012470000] byte_map_base: 0x000000000e66a000

Marking Bits: (ParMarkBitMap*) 0x000000005369f600
 Begin Bits: [0x00000000131d0000, 0x00000000171a0000)
 End Bits:   [0x00000000171a0000, 0x000000001b170000)

Polling page: 0x0000000000b40000

CodeCache: size=245760Kb used=13788Kb max_used=13807Kb free=231971Kb
 bounds [0x00000000028b0000, 0x0000000003690000, 0x00000000118b0000]
 total_blobs=4917 nmethods=4139 adapters=689
 compilation: enabled

Compilation events (10 events):
Event: 7.313 Thread 0x000000001e48a000 nmethod 4852 0x0000000002f557d0 code [0x0000000002f55940, 0x0000000002f55ac8]
Event: 7.326 Thread 0x000000001e47b000 nmethod 4851 0x0000000002f6b610 code [0x0000000002f6b980, 0x0000000002f6c990]
Event: 7.337 Thread 0x000000001e477000 4853       4       javafx.scene.Parent::updateBounds (44 bytes)
Event: 7.346 Thread 0x000000001e48a000 4854       3       com.sun.prism.d3d.D3DResourceFactory::getTextureResourcePool (4 bytes)
Event: 7.346 Thread 0x000000001e48a000 nmethod 4854 0x0000000003206f10 code [0x0000000003207060, 0x00000000032071b0]
Event: 7.346 Thread 0x000000001e48a000 4855       3       com.sun.glass.ui.View::getHeight (8 bytes)
Event: 7.346 Thread 0x000000001e48a000 nmethod 4855 0x0000000003206b90 code [0x0000000003206d00, 0x0000000003206e88]
Event: 7.346 Thread 0x000000001e48a000 4856       3       com.sun.glass.ui.Window::isMinimized (17 bytes)
Event: 7.346 Thread 0x000000001e48a000 nmethod 4856 0x0000000003206710 code [0x0000000003206880, 0x0000000003206a68]
Event: 7.346 Thread 0x000000001e47b000 4857       4       com.sun.javafx.sg.prism.NGNode::computeNodeRenderRoot (112 bytes)

GC Heap History (10 events):
Event: 4.656 GC heap before
{Heap before GC invocations=3 (full 1):
 PSYoungGen      total 76288K, used 10724K [0x000000076af00000, 0x0000000770400000, 0x00000007c0000000)
  eden space 65536K, 0% used [0x000000076af00000,0x000000076af00000,0x000000076ef00000)
  from space 10752K, 99% used [0x000000076f980000,0x00000007703f9180,0x0000000770400000)
  to   space 10752K, 0% used [0x000000076ef00000,0x000000076ef00000,0x000000076f980000)
 ParOldGen       total 175104K, used 2086K [0x00000006c0c00000, 0x00000006cb700000, 0x000000076af00000)
  object space 175104K, 1% used [0x00000006c0c00000,0x00000006c0e098a0,0x00000006cb700000)
 Metaspace       used 20299K, capacity 21086K, committed 21248K, reserved 1067008K
  class space    used 2754K, capacity 2977K, committed 3072K, reserved 1048576K
Event: 4.691 GC heap after
Heap after GC invocations=3 (full 1):
 PSYoungGen      total 76288K, used 0K [0x000000076af00000, 0x0000000770400000, 0x00000007c0000000)
  eden space 65536K, 0% used [0x000000076af00000,0x000000076af00000,0x000000076ef00000)
  from space 10752K, 0% used [0x000000076f980000,0x000000076f980000,0x0000000770400000)
  to   space 10752K, 0% used [0x000000076ef00000,0x000000076ef00000,0x000000076f980000)
 ParOldGen       total 123392K, used 9236K [0x00000006c0c00000, 0x00000006c8480000, 0x000000076af00000)
  object space 123392K, 7% used [0x00000006c0c00000,0x00000006c15052c8,0x00000006c8480000)
 Metaspace       used 20299K, capacity 21086K, committed 21248K, reserved 1067008K
  class space    used 2754K, capacity 2977K, committed 3072K, reserved 1048576K
}
Event: 4.917 GC heap before
{Heap before GC invocations=4 (full 1):
 PSYoungGen      total 76288K, used 65525K [0x000000076af00000, 0x0000000770400000, 0x00000007c0000000)
  eden space 65536K, 99% used [0x000000076af00000,0x000000076eefd7a0,0x000000076ef00000)
  from space 10752K, 0% used [0x000000076f980000,0x000000076f980000,0x0000000770400000)
  to   space 10752K, 0% used [0x000000076ef00000,0x000000076ef00000,0x000000076f980000)
 ParOldGen       total 123392K, used 9996K [0x00000006c0c00000, 0x00000006c8480000, 0x000000076af00000)
  object space 123392K, 8% used [0x00000006c0c00000,0x00000006c15c3360,0x00000006c8480000)
 Metaspace       used 21059K, capacity 21908K, committed 22144K, reserved 1069056K
  class space    used 2830K, capacity 3076K, committed 3200K, reserved 1048576K
Event: 4.929 GC heap after
Heap after GC invocations=4 (full 1):
 PSYoungGen      total 76288K, used 806K [0x000000076af00000, 0x0000000772f80000, 0x00000007c0000000)
  eden space 65536K, 0% used [0x000000076af00000,0x000000076af00000,0x000000076ef00000)
  from space 10752K, 7% used [0x000000076ef00000,0x000000076efc9828,0x000000076f980000)
  to   space 10752K, 0% used [0x0000000772500000,0x0000000772500000,0x0000000772f80000)
 ParOldGen       total 123392K, used 10004K [0x00000006c0c00000, 0x00000006c8480000, 0x000000076af00000)
  object space 123392K, 8% used [0x00000006c0c00000,0x00000006c15c5360,0x00000006c8480000)
 Metaspace       used 21059K, capacity 21908K, committed 22144K, reserved 1069056K
  class space    used 2830K, capacity 3076K, committed 3200K, reserved 1048576K
}
Event: 4.951 GC heap before
{Heap before GC invocations=5 (full 1):
 PSYoungGen      total 76288K, used 66254K [0x000000076af00000, 0x0000000772f80000, 0x00000007c0000000)
  eden space 65536K, 99% used [0x000000076af00000,0x000000076eeea160,0x000000076ef00000)
  from space 10752K, 7% used [0x000000076ef00000,0x000000076efc9828,0x000000076f980000)
  to   space 10752K, 0% used [0x0000000772500000,0x0000000772500000,0x0000000772f80000)
 ParOldGen       total 123392K, used 18112K [0x00000006c0c00000, 0x00000006c8480000, 0x000000076af00000)
  object space 123392K, 14% used [0x00000006c0c00000,0x00000006c1db00a0,0x00000006c8480000)
 Metaspace       used 21059K, capacity 21908K, committed 22144K, reserved 1069056K
  class space    used 2830K, capacity 3076K, committed 3200K, reserved 1048576K
Event: 4.979 GC heap after
Heap after GC invocations=5 (full 1):
 PSYoungGen      total 120832K, used 790K [0x000000076af00000, 0x0000000774100000, 0x00000007c0000000)
  eden space 110080K, 0% used [0x000000076af00000,0x000000076af00000,0x0000000771a80000)
  from space 10752K, 7% used [0x0000000772500000,0x00000007725c5838,0x0000000772f80000)
  to   space 10752K, 0% used [0x0000000771a80000,0x0000000771a80000,0x0000000772500000)
 ParOldGen       total 123392K, used 18112K [0x00000006c0c00000, 0x00000006c8480000, 0x000000076af00000)
  object space 123392K, 14% used [0x00000006c0c00000,0x00000006c1db00a0,0x00000006c8480000)
 Metaspace       used 21059K, capacity 21908K, committed 22144K, reserved 1069056K
  class space    used 2830K, capacity 3076K, committed 3200K, reserved 1048576K
}
Event: 5.012 GC heap before
{Heap before GC invocations=6 (full 1):
 PSYoungGen      total 120832K, used 110857K [0x000000076af00000, 0x0000000774100000, 0x00000007c0000000)
  eden space 110080K, 99% used [0x000000076af00000,0x0000000771a7ce38,0x0000000771a80000)
  from space 10752K, 7% used [0x0000000772500000,0x00000007725c5838,0x0000000772f80000)
  to   space 10752K, 0% used [0x0000000771a80000,0x0000000771a80000,0x0000000772500000)
 ParOldGen       total 123392K, used 18112K [0x00000006c0c00000, 0x00000006c8480000, 0x000000076af00000)
  object space 123392K, 14% used [0x00000006c0c00000,0x00000006c1db00a0,0x00000006c8480000)
 Metaspace       used 21069K, capacity 21972K, committed 22144K, reserved 1069056K
  class space    used 2830K, capacity 3076K, committed 3200K, reserved 1048576K
Event: 5.065 GC heap after
Heap after GC invocations=6 (full 1):
 PSYoungGen      total 120832K, used 1033K [0x000000076af00000, 0x000000077a280000, 0x00000007c0000000)
  eden space 110080K, 0% used [0x000000076af00000,0x000000076af00000,0x0000000771a80000)
  from space 10752K, 9% used [0x0000000771a80000,0x0000000771b82410,0x0000000772500000)
  to   space 15872K, 0% used [0x0000000779300000,0x0000000779300000,0x000000077a280000)
 ParOldGen       total 123392K, used 18112K [0x00000006c0c00000, 0x00000006c8480000, 0x000000076af00000)
  object space 123392K, 14% used [0x00000006c0c00000,0x00000006c1db00a0,0x00000006c8480000)
 Metaspace       used 21069K, capacity 21972K, committed 22144K, reserved 1069056K
  class space    used 2830K, capacity 3076K, committed 3200K, reserved 1048576K
}
Event: 6.322 GC heap before
{Heap before GC invocations=7 (full 1):
 PSYoungGen      total 120832K, used 111113K [0x000000076af00000, 0x000000077a280000, 0x00000007c0000000)
  eden space 110080K, 100% used [0x000000076af00000,0x0000000771a80000,0x0000000771a80000)
  from space 10752K, 9% used [0x0000000771a80000,0x0000000771b82410,0x0000000772500000)
  to   space 15872K, 0% used [0x0000000779300000,0x0000000779300000,0x000000077a280000)
 ParOldGen       total 123392K, used 18112K [0x00000006c0c00000, 0x00000006c8480000, 0x000000076af00000)
  object space 123392K, 14% used [0x00000006c0c00000,0x00000006c1db00a0,0x00000006c8480000)
 Metaspace       used 22378K, capacity 23258K, committed 23552K, reserved 1069056K
  class space    used 2960K, capacity 3211K, committed 3328K, reserved 1048576K
Event: 6.326 GC heap after
Heap after GC invocations=7 (full 1):
 PSYoungGen      total 230400K, used 7301K [0x000000076af00000, 0x000000077a080000, 0x00000007c0000000)
  eden space 216576K, 0% used [0x000000076af00000,0x000000076af00000,0x0000000778280000)
  from space 13824K, 52% used [0x0000000779300000,0x0000000779a217a0,0x000000077a080000)
  to   space 15360K, 0% used [0x0000000778280000,0x0000000778280000,0x0000000779180000)
 ParOldGen       total 123392K, used 18120K [0x00000006c0c00000, 0x00000006c8480000, 0x000000076af00000)
  object space 123392K, 14% used [0x00000006c0c00000,0x00000006c1db20a0,0x00000006c8480000)
 Metaspace       used 22378K, capacity 23258K, committed 23552K, reserved 1069056K
  class space    used 2960K, capacity 3211K, committed 3328K, reserved 1048576K
}

Deoptimization events (10 events):
Event: 6.841 Thread 0x000000001f0b7000 Uncommon trap: reason=unstable_if action=reinterpret pc=0x0000000003411f30 method=com.sun.javafx.font.CMap$CMapFormat12.getGlyph(I)C @ 8
Event: 6.866 Thread 0x000000001f0b7000 Uncommon trap: reason=unstable_if action=reinterpret pc=0x0000000002b9989c method=com.sun.javafx.font.CMap$CMapFormat12.getGlyph(I)C @ 8
Event: 6.871 Thread 0x000000001f087000 Uncommon trap: reason=class_check action=maybe_recompile pc=0x0000000002fb27fc method=com.sun.prism.impl.GlyphCache.render(Lcom/sun/prism/impl/BaseContext;Lcom/sun/javafx/scene/text/GlyphList;FFIILcom/sun/prism/paint/Color;Lcom/sun/prism/paint/Color;Lcom/sgH'¢%|@
Event: 6.871 Thread 0x000000001f087000 Uncommon trap: reason=class_check action=maybe_recompile pc=0x0000000003327688 method=com.sun.prism.impl.GlyphCache.getCachedGlyph(II)Lcom/sun/prism/impl/GlyphCache$GlyphData; @ 81
Event: 6.871 Thread 0x000000001f087000 Uncommon trap: reason=class_check action=maybe_recompile pc=0x0000000003327688 method=com.sun.prism.impl.GlyphCache.getCachedGlyph(II)Lcom/sun/prism/impl/GlyphCache$GlyphData; @ 81
Event: 6.872 Thread 0x000000001f087000 Uncommon trap: reason=class_check action=maybe_recompile pc=0x0000000003327688 method=com.sun.prism.impl.GlyphCache.getCachedGlyph(II)Lcom/sun/prism/impl/GlyphCache$GlyphData; @ 81
Event: 6.872 Thread 0x000000001f087000 Uncommon trap: reason=class_check action=maybe_recompile pc=0x0000000003327688 method=com.sun.prism.impl.GlyphCache.getCachedGlyph(II)Lcom/sun/prism/impl/GlyphCache$GlyphData; @ 81
Event: 6.872 Thread 0x000000001f087000 Uncommon trap: reason=class_check action=maybe_recompile pc=0x0000000002fb27fc method=com.sun.prism.impl.GlyphCache.render(Lcom/sun/prism/impl/BaseContext;Lcom/sun/javafx/scene/text/GlyphList;FFIILcom/sun/prism/paint/Color;Lcom/sun/prism/paint/Color;Lcom/sXf8Úò|@
Event: 6.872 Thread 0x000000001f087000 Uncommon trap: reason=class_check action=maybe_recompile pc=0x0000000002fb27fc method=com.sun.prism.impl.GlyphCache.render(Lcom/sun/prism/impl/BaseContext;Lcom/sun/javafx/scene/text/GlyphList;FFIILcom/sun/prism/paint/Color;Lcom/sun/prism/paint/Color;Lcom/s:C|Š}@
Event: 6.873 Thread 0x000000001f087000 Uncommon trap: reason=class_check action=maybe_recompile pc=0x0000000002fb27fc method=com.sun.prism.impl.GlyphCache.render(Lcom/sun/prism/impl/BaseContext;Lcom/sun/javafx/scene/text/GlyphList;FFIILcom/sun/prism/paint/Color;Lcom/sun/prism/paint/Color;Lcom/s¤gá·\@

Internal exceptions (10 events):
Event: 5.599 Thread 0x000000001f0b7000 Implicit null exception at 0x00000000031aec4f to 0x00000000031af2c9
Event: 5.600 Thread 0x000000001f0b7000 Implicit null exception at 0x00000000030a00c9 to 0x00000000030a01d9
Event: 5.602 Thread 0x000000001f0b7000 Implicit null exception at 0x000000000306cad9 to 0x000000000306cb89
Event: 5.616 Thread 0x000000001f0b7000 Exception <a 'java/lang/ClassNotFoundException': sun/net/www/protocol/about/Handler> (0x000000076e65e2e0) thrown at [C:\re\workspace\8-2-build-windows-amd64-cygwin\jdk8u71\5731\hotspot\src\share\vm\classfile\systemDictionary.cpp, line 210]
Event: 5.955 Thread 0x000000001f0b7000 Exception <a 'java/lang/ClassNotFoundException': sun/net/www/protocol/about/Handler> (0x000000076fe088e0) thrown at [C:\re\workspace\8-2-build-windows-amd64-cygwin\jdk8u71\5731\hotspot\src\share\vm\classfile\systemDictionary.cpp, line 210]
Event: 6.082 Thread 0x000000001f0b7000 Exception <a 'java/io/FileNotFoundException'> (0x000000077049db08) thrown at [C:\re\workspace\8-2-build-windows-amd64-cygwin\jdk8u71\5731\hotspot\src\share\vm\prims\jni.cpp, line 709]
Event: 6.082 Thread 0x000000001f0b7000 Exception <a 'java/io/FileNotFoundException'> (0x000000077049ebb0) thrown at [C:\re\workspace\8-2-build-windows-amd64-cygwin\jdk8u71\5731\hotspot\src\share\vm\prims\jni.cpp, line 709]
Event: 6.083 Thread 0x000000001f0b7000 Exception <a 'java/io/FileNotFoundException'> (0x00000007704a4678) thrown at [C:\re\workspace\8-2-build-windows-amd64-cygwin\jdk8u71\5731\hotspot\src\share\vm\prims\jni.cpp, line 709]
Event: 6.083 Thread 0x000000001f0b7000 Exception <a 'java/io/FileNotFoundException'> (0x00000007704a5708) thrown at [C:\re\workspace\8-2-build-windows-amd64-cygwin\jdk8u71\5731\hotspot\src\share\vm\prims\jni.cpp, line 709]
Event: 6.288 Thread 0x000000001f087000 Implicit null exception at 0x0000000003324662 to 0x0000000003324cd5

Events (10 events):
Event: 7.281 Thread 0x000000001e477000 flushing nmethod 0x0000000003588050
Event: 7.281 Thread 0x000000001e477000 flushing nmethod 0x0000000003588350
Event: 7.313 Executing VM operation: RevokeBias
Event: 7.313 Executing VM operation: RevokeBias done
Event: 7.313 Thread 0x000000001f770800 Thread exited: 0x000000001f770800
Event: 7.313 Executing VM operation: BulkRevokeBias
Event: 7.314 Executing VM operation: BulkRevokeBias done
Event: 7.314 Thread 0x000000001f76d000 Thread exited: 0x000000001f76d000
Event: 7.315 Thread 0x000000001f76c000 Thread exited: 0x000000001f76c000
Event: 7.316 Thread 0x000000001f76b800 Thread exited: 0x000000001f76b800


Dynamic libraries:
0x00007ff6d1c80000 - 0x00007ff6d1cb7000 	C:\Program Files\Java\jre1.8.0_71\bin\javaw.exe
0x00007ffa38500000 - 0x00007ffa386d1000 	C:\WINDOWS\SYSTEM32\ntdll.dll
0x00007ffa36260000 - 0x00007ffa3630b000 	C:\WINDOWS\System32\KERNEL32.DLL
0x00007ffa349d0000 - 0x00007ffa34bed000 	C:\WINDOWS\System32\KERNELBASE.dll
0x00007ffa382f0000 - 0x00007ffa38392000 	C:\WINDOWS\System32\ADVAPI32.dll
0x00007ffa36020000 - 0x00007ffa360be000 	C:\WINDOWS\System32\msvcrt.dll
0x00007ffa384a0000 - 0x00007ffa384f9000 	C:\WINDOWS\System32\sechost.dll
0x00007ffa360c0000 - 0x00007ffa361e1000 	C:\WINDOWS\System32\RPCRT4.dll
0x00007ffa36340000 - 0x00007ffa364a5000 	C:\WINDOWS\System32\USER32.dll
0x00007ffa34bf0000 - 0x00007ffa34c0e000 	C:\WINDOWS\System32\win32u.dll
0x00007ffa381e0000 - 0x00007ffa38214000 	C:\WINDOWS\System32\GDI32.dll
0x00007ffa35580000 - 0x00007ffa35702000 	C:\WINDOWS\System32\gdi32full.dll
0x00007ffa2b650000 - 0x00007ffa2b8c9000 	C:\WINDOWS\WinSxS\amd64_microsoft.windows.common-controls_6595b64144ccf1df_6.0.14393.447_none_42191651c6827bb3\COMCTL32.dll
0x00007ffa37a20000 - 0x00007ffa37ce8000 	C:\WINDOWS\System32\combase.dll
0x00007ffa35770000 - 0x00007ffa35865000 	C:\WINDOWS\System32\ucrtbase.dll
0x00007ffa352f0000 - 0x00007ffa3535a000 	C:\WINDOWS\System32\bcryptPrimitives.dll
0x00007ffa36310000 - 0x00007ffa3633e000 	C:\WINDOWS\System32\IMM32.DLL
0x00007ffa33840000 - 0x00007ffa33870000 	c:\PROGRA~1\BULLGU~1\BULLGU~1\BgAgent.dll
0x0000000052ce0000 - 0x0000000052db2000 	C:\Program Files\Java\jre1.8.0_71\bin\msvcr100.dll
0x0000000052e90000 - 0x000000005371f000 	C:\Program Files\Java\jre1.8.0_71\bin\server\jvm.dll
0x00007ffa38460000 - 0x00007ffa38468000 	C:\WINDOWS\System32\PSAPI.DLL
0x00007ffa27c40000 - 0x00007ffa27c49000 	C:\WINDOWS\SYSTEM32\WSOCK32.dll
0x00007ffa2f5d0000 - 0x00007ffa2f5da000 	C:\WINDOWS\SYSTEM32\VERSION.dll
0x00007ffa32ab0000 - 0x00007ffa32ad3000 	C:\WINDOWS\SYSTEM32\WINMM.dll
0x00007ffa38280000 - 0x00007ffa382ea000 	C:\WINDOWS\System32\WS2_32.dll
0x00007ffa32a80000 - 0x00007ffa32aab000 	C:\WINDOWS\SYSTEM32\WINMMBASE.dll
0x00007ffa35360000 - 0x00007ffa353a2000 	C:\WINDOWS\System32\cfgmgr32.dll
0x0000000052e80000 - 0x0000000052e8f000 	C:\Program Files\Java\jre1.8.0_71\bin\verify.dll
0x0000000052e50000 - 0x0000000052e79000 	C:\Program Files\Java\jre1.8.0_71\bin\java.dll
0x0000000052e30000 - 0x0000000052e46000 	C:\Program Files\Java\jre1.8.0_71\bin\zip.dll
0x00007ffa364b0000 - 0x00007ffa379b9000 	C:\WINDOWS\System32\SHELL32.dll
0x00007ffa34c10000 - 0x00007ffa352ea000 	C:\WINDOWS\System32\windows.storage.dll
0x00007ffa34980000 - 0x00007ffa349cc000 	C:\WINDOWS\System32\powrprof.dll
0x00007ffa379c0000 - 0x00007ffa37a12000 	C:\WINDOWS\System32\shlwapi.dll
0x00007ffa34970000 - 0x00007ffa3497f000 	C:\WINDOWS\System32\kernel.appcore.dll
0x00007ffa35920000 - 0x00007ffa359c9000 	C:\WINDOWS\System32\shcore.dll
0x00007ffa34940000 - 0x00007ffa34954000 	C:\WINDOWS\System32\profapi.dll
0x00007ffa03b90000 - 0x00007ffa03c7f000 	C:\Program Files\Java\jre1.8.0_71\bin\msvcr120.dll
0x00007ffa03ae0000 - 0x00007ffa03b86000 	C:\Program Files\Java\jre1.8.0_71\bin\msvcp120.dll
0x0000000052cb0000 - 0x0000000052cd3000 	C:\Program Files\Java\jre1.8.0_71\bin\prism_d3d.dll
0x00007ffa0a150000 - 0x00007ffa0a2dd000 	C:\WINDOWS\system32\d3d9.dll
0x00007ffa322e0000 - 0x00007ffa32306000 	C:\WINDOWS\SYSTEM32\dwmapi.dll
0x00007ffa32ff0000 - 0x00007ffa33085000 	C:\WINDOWS\system32\uxtheme.dll
0x00007ffa0b580000 - 0x00007ffa0c63c000 	C:\WINDOWS\System32\DriverStore\FileRepository\nv_dispiwu.inf_amd64_b67dc924fff8de6d\nvd3dumx.dll
0x00007ffa2bc80000 - 0x00007ffa2be37000 	C:\WINDOWS\system32\nvspcap64.dll
0x00007ffa37ff0000 - 0x00007ffa38127000 	C:\WINDOWS\System32\ole32.dll
0x00007ffa383a0000 - 0x00007ffa3845f000 	C:\WINDOWS\System32\OLEAUT32.dll
0x00007ffa359d0000 - 0x00007ffa35a6c000 	C:\WINDOWS\System32\msvcp_win.dll
0x00007ffa35b70000 - 0x00007ffa35f99000 	C:\WINDOWS\System32\SETUPAPI.dll
0x00007ffa2ef70000 - 0x00007ffa2f03d000 	C:\WINDOWS\SYSTEM32\WINHTTP.dll
0x00007ffa2ea00000 - 0x00007ffa2edfb000 	C:\WINDOWS\system32\nvapi64.dll
0x00007ffa338d0000 - 0x00007ffa3396f000 	C:\WINDOWS\SYSTEM32\dxgi.dll
0x00007ffa34640000 - 0x00007ffa3466c000 	C:\WINDOWS\SYSTEM32\SspiCli.dll
0x0000000052c60000 - 0x0000000052ca3000 	C:\Program Files\Java\jre1.8.0_71\bin\glass.dll
0x00007ffa35a70000 - 0x00007ffa35b6a000 	C:\WINDOWS\System32\COMDLG32.dll
0x00007ffa37e90000 - 0x00007ffa37feb000 	C:\WINDOWS\System32\MSCTF.dll
0x00007ffa2f1a0000 - 0x00007ffa2f286000 	C:\Program Files (x86)\NVIDIA Corporation\3D Vision\nvSCPAPI64.dll
0x00000000506d0000 - 0x0000000052c5d000 	C:\Program Files\Java\jre1.8.0_71\bin\jfxwebkit.dll
0x00007ffa34410000 - 0x00007ffa34427000 	C:\WINDOWS\SYSTEM32\CRYPTSP.dll
0x00007ffa33e80000 - 0x00007ffa33eb3000 	C:\WINDOWS\system32\rsaenh.dll
0x00007ffa34520000 - 0x00007ffa3454b000 	C:\WINDOWS\SYSTEM32\bcrypt.dll
0x00007ffa34430000 - 0x00007ffa3443b000 	C:\WINDOWS\SYSTEM32\CRYPTBASE.dll
0x0000000052e10000 - 0x0000000052e2a000 	C:\Program Files\Java\jre1.8.0_71\bin\net.dll
0x00007ffa34270000 - 0x00007ffa342cc000 	C:\WINDOWS\system32\mswsock.dll
0x0000000052df0000 - 0x0000000052e01000 	C:\Program Files\Java\jre1.8.0_71\bin\nio.dll
0x00000000506b0000 - 0x00000000506c4000 	C:\Program Files\Java\jre1.8.0_71\bin\javafx_font.dll
0x00007ffa2ba10000 - 0x00007ffa2bc79000 	C:\WINDOWS\SYSTEM32\dwrite.dll
0x0000000052dc0000 - 0x0000000052de4000 	C:\Program Files\Java\jre1.8.0_71\bin\sunec.dll
0x00007ffa38130000 - 0x00007ffa381cf000 	C:\WINDOWS\System32\clbcatq.dll
0x00007ffa319e0000 - 0x00007ffa31b88000 	C:\WINDOWS\SYSTEM32\WindowsCodecs.dll
0x00007ffa260f0000 - 0x00007ffa26139000 	C:\WINDOWS\system32\dataexchange.dll
0x00007ffa31630000 - 0x00007ffa318e6000 	C:\WINDOWS\system32\d3d11.dll
0x00007ffa326e0000 - 0x00007ffa32831000 	C:\WINDOWS\system32\dcomp.dll
0x00007ffa33370000 - 0x00007ffa3348c000 	C:\WINDOWS\system32\twinapi.appcore.dll
0x00007ffa21870000 - 0x00007ffa218a2000 	C:\Program Files\Common Files\Microsoft Shared\Ink\rtscom.dll
0x00007ffa340f0000 - 0x00007ffa3410f000 	C:\WINDOWS\SYSTEM32\USERENV.dll
0x00007ffa34000000 - 0x00007ffa34038000 	C:\WINDOWS\SYSTEM32\IPHLPAPI.DLL
0x00007ffa381d0000 - 0x00007ffa381d8000 	C:\WINDOWS\System32\NSI.dll
0x00007ffa312f0000 - 0x00007ffa31306000 	C:\WINDOWS\SYSTEM32\dhcpcsvc6.DLL
0x00007ffa312b0000 - 0x00007ffa312ca000 	C:\WINDOWS\SYSTEM32\dhcpcsvc.DLL
0x0000000050690000 - 0x00000000506a1000 	C:\Program Files\Java\jre1.8.0_71\bin\prism_common.dll
0x00007ffa32c20000 - 0x00007ffa32c38000 	C:\WINDOWS\system32\NLAapi.dll
0x00007ffa28a30000 - 0x00007ffa28a46000 	C:\WINDOWS\system32\napinsp.dll
0x00007ffa29120000 - 0x00007ffa2913a000 	C:\WINDOWS\system32\pnrpnsp.dll
0x00007ffa34040000 - 0x00007ffa340e0000 	C:\WINDOWS\SYSTEM32\DNSAPI.dll
0x00007ffa29160000 - 0x00007ffa2916e000 	C:\WINDOWS\System32\winrnr.dll
0x0000000055e00000 - 0x0000000055e26000 	C:\Program Files\Bonjour\mdnsNSP.dll
0x00007ffa2f190000 - 0x00007ffa2f19a000 	C:\Windows\System32\rasadhlp.dll
0x00007ffa30d90000 - 0x00007ffa30dfa000 	C:\WINDOWS\System32\fwpuclnt.dll
0x00007ffa2e480000 - 0x00007ffa2e9df000 	C:\WINDOWS\SYSTEM32\d2d1.dll
0x00007ffa353b0000 - 0x00007ffa35579000 	C:\WINDOWS\System32\CRYPT32.dll
0x00007ffa34960000 - 0x00007ffa34970000 	C:\WINDOWS\System32\MSASN1.dll
0x00007ffa2d2f0000 - 0x00007ffa2d57d000 	C:\WINDOWS\SYSTEM32\D3D10Warp.dll
0x0000000050660000 - 0x0000000050683000 	C:\Program Files\Java\jre1.8.0_71\bin\javafx_iio.dll

VM Arguments:
jvm_args: -Djava.library.path=C:\Users\Jack\Desktop\New folder (9)\cansat -Dfile.encoding=Cp1252 
java_command: cansat.Main
java_class_path (initial): C:\Users\Jack\Desktop\New folder (9)\cansat\bin;C:\Program Files\Java\jdk1.8.0_71\jre\lib\jfxswt.jar;C:\Users\Jack\Desktop\New folder (9)\cansat\lib\RXTXcomm.jar
Launcher Type: SUN_STANDARD

Environment Variables:
PATH=C:/Program Files/Java/jre1.8.0_71/bin/server;C:/Program Files/Java/jre1.8.0_71/bin;C:/Program Files/Java/jre1.8.0_71/lib/amd64;C:\Program Files\Oculus\Support\oculus-runtime;C:\Program Files (x86)\ActiveState Komodo IDE 10\;C:\ProgramData\Oracle\Java\javapath;C:\Windows\system32;C:\Windows;C:\Windows\System32\Wbem;C:\Windows\System32\WindowsPowerShell\v1.0\;C:\Program Files (x86)\NVIDIA Corporation\PhysX\Common;C:\Program Files (x86)\Skype\Phone\;C:\Program Files\Microsoft\Web Platform Installer\;C:\Program Files (x86)\Microsoft ASP.NET\ASP.NET Web Pages\v1.0\;C:\Program Files (x86)\Windows Kits\8.0\Windows Performance Toolkit\;C:\Program Files\Microsoft SQL Server\110\Tools\Binn\;C:\Program Files (x86)\GtkSharp\2.12\bin;C:\Users\Jack\.dnx\bin;C:\Program Files\Microsoft DNX\Dnvm\;C:\Program Files\Microsoft SQL Server\130\Tools\Binn\;C:\WINDOWS\system32;C:\WINDOWS;C:\WINDOWS\System32\Wbem;C:\WINDOWS\System32\WindowsPowerShell\v1.0\;C:\Python27;C:\Users\Jack\AppData\Local\Microsoft\WindowsApps;;C:\Users\Jack\eclipse\java-mars\eclipse;
USERNAME=Jack
OS=Windows_NT
PROCESSOR_IDENTIFIER=Intel64 Family 6 Model 60 Stepping 3, GenuineIntel



---------------  S Y S T E M  ---------------

OS: Windows 10.0 , 64 bit Build 14393 (10.0.14393.0)

CPU:total 8 (4 cores per cpu, 2 threads per core) family 6 model 60 stepping 3, cmov, cx8, fxsr, mmx, sse, sse2, sse3, ssse3, sse4.1, sse4.2, popcnt, avx, avx2, aes, clmul, erms, lzcnt, ht, tsc, tscinvbit, bmi1, bmi2

Memory: 4k page, physical 16724548k(2616960k free), swap 67056196k(4228k free)

vm_info: Java HotSpot(TM) 64-Bit Server VM (25.71-b15) for windows-amd64 JRE (1.8.0_71-b15), built on Dec 22 2015 18:15:55 by "java_re" with MS VC++ 10.0 (VS2010)

time: Sun Mar 05 17:07:52 2017
elapsed time: 7 seconds (0d 0h 0m 7s)

