#
# There is insufficient memory for the Java Runtime Environment to continue.
# Native memory allocation (malloc) failed to allocate 32744 bytes for ChunkPool::allocate
# Possible reasons:
#   The system is out of physical RAM or swap space
#   In 32 bit mode, the process size limit was hit
# Possible solutions:
#   Reduce memory load on the system
#   Increase physical memory or swap space
#   Check if swap backing store is full
#   Use 64 bit Java on a 64 bit OS
#   Decrease Java heap size (-Xmx/-Xms)
#   Decrease number of Java threads
#   Decrease Java thread stack sizes (-Xss)
#   Set larger code cache with -XX:ReservedCodeCacheSize=
# This output file may be truncated or incomplete.
#
#  Out of Memory Error (allocation.cpp:273), pid=53112, tid=55528
#
# JRE version: Java(TM) SE Runtime Environment (8.0_71-b15) (build 1.8.0_71-b15)
# Java VM: Java HotSpot(TM) 64-Bit Server VM (25.71-b15 mixed mode windows-amd64 compressed oops)
# Failed to write core dump. Minidumps are not enabled by default on client versions of Windows
#

---------------  T H R E A D  ---------------

Current thread (0x000000001e81b000):  JavaThread "C2 CompilerThread1" daemon [_thread_in_native, id=55528, stack(0x000000001eef0000,0x000000001eff0000)]

Stack: [0x000000001eef0000,0x000000001eff0000]
[error occurred during error reporting (printing stack bounds), id 0xc0000005]

Native frames: (J=compiled Java code, j=interpreted, Vv=VM code, C=native code)


Current CompileTask:
C2:  84013 6022   !   4       javafx.scene.CssStyleHelper::transitionToState (1075 bytes)


---------------  P R O C E S S  ---------------

Java Threads: ( => current thread )
  0x0000000025bd3000 JavaThread "Timer-3" [_thread_blocked, id=67708, stack(0x0000000036ca0000,0x0000000036da0000)]
  0x0000000025bd0800 JavaThread "Timer-2" [_thread_blocked, id=57472, stack(0x0000000036ba0000,0x0000000036ca0000)]
  0x0000000025bdd800 JavaThread "Timer-1" [_thread_blocked, id=1688, stack(0x0000000034200000,0x0000000034300000)]
  0x000000001e82c000 JavaThread "Watchdog-Timer-1" daemon [_thread_blocked, id=50616, stack(0x00000000292e0000,0x00000000293e0000)]
  0x00000000256d8800 JavaThread "Timer-0" [_thread_blocked, id=6060, stack(0x0000000028810000,0x0000000028910000)]
  0x000000001f94d000 JavaThread "Prism Font Disposer" daemon [_thread_blocked, id=53768, stack(0x0000000027f10000,0x0000000028010000)]
  0x000000001f629800 JavaThread "Disposer" daemon [_thread_blocked, id=45796, stack(0x0000000025180000,0x0000000025280000)]
  0x000000001f599000 JavaThread "Thread-3" daemon [_thread_in_native, id=54572, stack(0x0000000024800000,0x0000000024900000)]
  0x000000001f598000 JavaThread "JavaFX-Launcher" [_thread_blocked, id=50548, stack(0x0000000024900000,0x0000000024a00000)]
  0x000000001f464800 JavaThread "JavaFX Application Thread" [_thread_in_native, id=52940, stack(0x0000000020280000,0x0000000020380000)]
  0x000000001f45a000 JavaThread "Thread-1" daemon [_thread_blocked, id=51900, stack(0x0000000020180000,0x0000000020280000)]
  0x000000001ebeb000 JavaThread "QuantumRenderer-0" daemon [_thread_blocked, id=53592, stack(0x000000001fbf0000,0x000000001fcf0000)]
  0x000000001e8c4000 JavaThread "Service Thread" daemon [_thread_blocked, id=63628, stack(0x000000001f1f0000,0x000000001f2f0000)]
  0x000000001e82a800 JavaThread "C1 CompilerThread3" daemon [_thread_blocked, id=43468, stack(0x000000001f0f0000,0x000000001f1f0000)]
  0x000000001e825800 JavaThread "C2 CompilerThread2" daemon [_thread_blocked, id=54232, stack(0x000000001eff0000,0x000000001f0f0000)]
=>0x000000001e81b000 JavaThread "C2 CompilerThread1" daemon [_thread_in_native, id=55528, stack(0x000000001eef0000,0x000000001eff0000)]
  0x000000001e816800 JavaThread "C2 CompilerThread0" daemon [_thread_blocked, id=4860, stack(0x000000001edf0000,0x000000001eef0000)]
  0x000000001e815800 JavaThread "Attach Listener" daemon [_thread_blocked, id=54788, stack(0x000000001ecf0000,0x000000001edf0000)]
  0x000000001c74e800 JavaThread "Signal Dispatcher" daemon [_thread_blocked, id=54364, stack(0x000000001ebf0000,0x000000001ecf0000)]
  0x0000000002c3a000 JavaThread "Finalizer" daemon [_thread_blocked, id=49892, stack(0x000000001e600000,0x000000001e700000)]
  0x000000001c73d800 JavaThread "Reference Handler" daemon [_thread_blocked, id=49568, stack(0x000000001e500000,0x000000001e600000)]
  0x0000000002b40800 JavaThread "main" [_thread_blocked, id=1640, stack(0x0000000002a40000,0x0000000002b40000)]

Other Threads:
  0x000000001c739000 VMThread [stack: 0x000000001e400000,0x000000001e500000] [id=50440]
  0x000000001e8ca000 WatcherThread [stack: 0x000000001f2f0000,0x000000001f3f0000] [id=23736]

VM state:not at safepoint (normal execution)

VM Mutex/Monitor currently owned by a thread: None

Heap:
 PSYoungGen      total 206336K, used 16395K [0x000000076af00000, 0x0000000778a00000, 0x00000007c0000000)
  eden space 194560K, 7% used [0x000000076af00000,0x000000076bc62ce8,0x0000000776d00000)
  from space 11776K, 22% used [0x0000000777e80000,0x0000000778120000,0x0000000778a00000)
  to   space 14848K, 0% used [0x0000000776d00000,0x0000000776d00000,0x0000000777b80000)
 ParOldGen       total 87040K, used 21100K [0x00000006c0c00000, 0x00000006c6100000, 0x000000076af00000)
  object space 87040K, 24% used [0x00000006c0c00000,0x00000006c209b130,0x00000006c6100000)
 Metaspace       used 23195K, capacity 24230K, committed 24320K, reserved 1071104K
  class space    used 2992K, capacity 3243K, committed 3328K, reserved 1048576K

Card table byte_map: [0x0000000012000000,0x0000000012800000] byte_map_base: 0x000000000e9fa000

Marking Bits: (ParMarkBitMap*) 0x000000005369f600
 Begin Bits: [0x0000000013560000, 0x0000000017530000)
 End Bits:   [0x0000000017530000, 0x000000001b500000)

Polling page: 0x0000000000ee0000

CodeCache: size=245760Kb used=17713Kb max_used=17953Kb free=228046Kb
 bounds [0x0000000002c40000, 0x0000000003df0000, 0x0000000011c40000]
 total_blobs=5883 nmethods=5092 adapters=701
 compilation: enabled

Compilation events (10 events):
Event: 83.397 Thread 0x000000001e816800 6044       4       java.lang.AbstractStringBuilder::append (62 bytes)
Event: 83.411 Thread 0x000000001e816800 nmethod 6044 0x0000000003cc4b90 code [0x0000000003cc4d00, 0x0000000003cc58b8]
Event: 83.418 Thread 0x000000001e825800 6045       4       com.sun.prism.impl.BaseGraphics::setClipRect (44 bytes)
Event: 83.422 Thread 0x000000001e825800 nmethod 6045 0x0000000003a2c950 code [0x0000000003a2cae0, 0x0000000003a2d118]
Event: 83.619 Thread 0x000000001e816800 6046       4       com.sun.javafx.sg.prism.NGShape::hasOverlappingContents (16 bytes)
Event: 83.620 Thread 0x000000001e816800 nmethod 6046 0x000000000383bc10 code [0x000000000383bd40, 0x000000000383bdb8]
Event: 83.669 Thread 0x000000001e82a800 6047       1       com.sun.prism.impl.ps.BaseShaderGraphics::setLights (6 bytes)
Event: 83.669 Thread 0x000000001e82a800 nmethod 6047 0x0000000003ca1650 code [0x0000000003ca17a0, 0x0000000003ca18d0]
Event: 83.815 Thread 0x000000001e82a800 6048       3       com.sun.javafx.css.SelectorPartitioning::match (700 bytes)
Event: 83.818 Thread 0x000000001e82a800 nmethod 6048 0x0000000003ae1850 code [0x0000000003ae1d80, 0x0000000003ae5298]

GC Heap History (10 events):
Event: 3.648 GC heap before
{Heap before GC invocations=7 (full 1):
 PSYoungGen      total 141824K, used 10738K [0x000000076af00000, 0x0000000774400000, 0x00000007c0000000)
  eden space 131072K, 0% used [0x000000076af00000,0x000000076af00000,0x0000000772f00000)
  from space 10752K, 99% used [0x0000000773980000,0x00000007743fcb40,0x0000000774400000)
  to   space 10752K, 0% used [0x0000000772f00000,0x0000000772f00000,0x0000000773980000)
 ParOldGen       total 175104K, used 4345K [0x00000006c0c00000, 0x00000006cb700000, 0x000000076af00000)
  object space 175104K, 2% used [0x00000006c0c00000,0x00000006c103e440,0x00000006cb700000)
 Metaspace       used 20364K, capacity 21254K, committed 21296K, reserved 1067008K
  class space    used 2678K, capacity 2939K, committed 2944K, reserved 1048576K
Event: 3.673 GC heap after
Heap after GC invocations=7 (full 1):
 PSYoungGen      total 141824K, used 0K [0x000000076af00000, 0x0000000774400000, 0x00000007c0000000)
  eden space 131072K, 0% used [0x000000076af00000,0x000000076af00000,0x0000000772f00000)
  from space 10752K, 0% used [0x0000000773980000,0x0000000773980000,0x0000000774400000)
  to   space 10752K, 0% used [0x0000000772f00000,0x0000000772f00000,0x0000000773980000)
 ParOldGen       total 87040K, used 14061K [0x00000006c0c00000, 0x00000006c6100000, 0x000000076af00000)
  object space 87040K, 16% used [0x00000006c0c00000,0x00000006c19bb668,0x00000006c6100000)
 Metaspace       used 20364K, capacity 21254K, committed 21296K, reserved 1067008K
  class space    used 2678K, capacity 2939K, committed 2944K, reserved 1048576K
}
Event: 7.336 GC heap before
{Heap before GC invocations=8 (full 1):
 PSYoungGen      total 141824K, used 131072K [0x000000076af00000, 0x0000000774400000, 0x00000007c0000000)
  eden space 131072K, 100% used [0x000000076af00000,0x0000000772f00000,0x0000000772f00000)
  from space 10752K, 0% used [0x0000000773980000,0x0000000773980000,0x0000000774400000)
  to   space 10752K, 0% used [0x0000000772f00000,0x0000000772f00000,0x0000000773980000)
 ParOldGen       total 87040K, used 14061K [0x00000006c0c00000, 0x00000006c6100000, 0x000000076af00000)
  object space 87040K, 16% used [0x00000006c0c00000,0x00000006c19bb668,0x00000006c6100000)
 Metaspace       used 22713K, capacity 23680K, committed 23808K, reserved 1069056K
  class space    used 2974K, capacity 3218K, committed 3328K, reserved 1048576K
Event: 7.338 GC heap after
Heap after GC invocations=8 (full 1):
 PSYoungGen      total 141824K, used 5376K [0x000000076af00000, 0x0000000774400000, 0x00000007c0000000)
  eden space 131072K, 0% used [0x000000076af00000,0x000000076af00000,0x0000000772f00000)
  from space 10752K, 50% used [0x0000000772f00000,0x0000000773440060,0x0000000773980000)
  to   space 10752K, 0% used [0x0000000773980000,0x0000000773980000,0x0000000774400000)
 ParOldGen       total 87040K, used 14069K [0x00000006c0c00000, 0x00000006c6100000, 0x000000076af00000)
  object space 87040K, 16% used [0x00000006c0c00000,0x00000006c19bd668,0x00000006c6100000)
 Metaspace       used 22713K, capacity 23680K, committed 23808K, reserved 1069056K
  class space    used 2974K, capacity 3218K, committed 3328K, reserved 1048576K
}
Event: 11.048 GC heap before
{Heap before GC invocations=9 (full 1):
 PSYoungGen      total 141824K, used 136448K [0x000000076af00000, 0x0000000774400000, 0x00000007c0000000)
  eden space 131072K, 100% used [0x000000076af00000,0x0000000772f00000,0x0000000772f00000)
  from space 10752K, 50% used [0x0000000772f00000,0x0000000773440060,0x0000000773980000)
  to   space 10752K, 0% used [0x0000000773980000,0x0000000773980000,0x0000000774400000)
 ParOldGen       total 87040K, used 14069K [0x00000006c0c00000, 0x00000006c6100000, 0x000000076af00000)
  object space 87040K, 16% used [0x00000006c0c00000,0x00000006c19bd668,0x00000006c6100000)
 Metaspace       used 22867K, capacity 23812K, committed 24064K, reserved 1071104K
  class space    used 2974K, capacity 3218K, committed 3328K, reserved 1048576K
Event: 11.050 GC heap after
Heap after GC invocations=9 (full 1):
 PSYoungGen      total 141824K, used 5601K [0x000000076af00000, 0x0000000774400000, 0x00000007c0000000)
  eden space 131072K, 0% used [0x000000076af00000,0x000000076af00000,0x0000000772f00000)
  from space 10752K, 52% used [0x0000000773980000,0x0000000773ef84c0,0x0000000774400000)
  to   space 10752K, 0% used [0x0000000772f00000,0x0000000772f00000,0x0000000773980000)
 ParOldGen       total 87040K, used 14077K [0x00000006c0c00000, 0x00000006c6100000, 0x000000076af00000)
  object space 87040K, 16% used [0x00000006c0c00000,0x00000006c19bf668,0x00000006c6100000)
 Metaspace       used 22867K, capacity 23812K, committed 24064K, reserved 1071104K
  class space    used 2974K, capacity 3218K, committed 3328K, reserved 1048576K
}
Event: 14.984 GC heap before
{Heap before GC invocations=10 (full 1):
 PSYoungGen      total 141824K, used 136673K [0x000000076af00000, 0x0000000774400000, 0x00000007c0000000)
  eden space 131072K, 100% used [0x000000076af00000,0x0000000772f00000,0x0000000772f00000)
  from space 10752K, 52% used [0x0000000773980000,0x0000000773ef84c0,0x0000000774400000)
  to   space 10752K, 0% used [0x0000000772f00000,0x0000000772f00000,0x0000000773980000)
 ParOldGen       total 87040K, used 14077K [0x00000006c0c00000, 0x00000006c6100000, 0x000000076af00000)
  object space 87040K, 16% used [0x00000006c0c00000,0x00000006c19bf6a8,0x00000006c6100000)
 Metaspace       used 22938K, capacity 23890K, committed 24064K, reserved 1071104K
  class space    used 2977K, capacity 3223K, committed 3328K, reserved 1048576K
Event: 14.986 GC heap after
Heap after GC invocations=10 (full 1):
 PSYoungGen      total 141824K, used 7681K [0x000000076af00000, 0x0000000778c80000, 0x00000007c0000000)
  eden space 131072K, 0% used [0x000000076af00000,0x000000076af00000,0x0000000772f00000)
  from space 10752K, 71% used [0x0000000772f00000,0x00000007736804d0,0x0000000773980000)
  to   space 14336K, 0% used [0x0000000777e80000,0x0000000777e80000,0x0000000778c80000)
 ParOldGen       total 87040K, used 14085K [0x00000006c0c00000, 0x00000006c6100000, 0x000000076af00000)
  object space 87040K, 16% used [0x00000006c0c00000,0x00000006c19c16a8,0x00000006c6100000)
 Metaspace       used 22938K, capacity 23890K, committed 24064K, reserved 1071104K
  class space    used 2977K, capacity 3223K, committed 3328K, reserved 1048576K
}
Event: 83.288 GC heap before
{Heap before GC invocations=11 (full 1):
 PSYoungGen      total 141824K, used 138753K [0x000000076af00000, 0x0000000778c80000, 0x00000007c0000000)
  eden space 131072K, 100% used [0x000000076af00000,0x0000000772f00000,0x0000000772f00000)
  from space 10752K, 71% used [0x0000000772f00000,0x00000007736804d0,0x0000000773980000)
  to   space 14336K, 0% used [0x0000000777e80000,0x0000000777e80000,0x0000000778c80000)
 ParOldGen       total 87040K, used 14104K [0x00000006c0c00000, 0x00000006c6100000, 0x000000076af00000)
  object space 87040K, 16% used [0x00000006c0c00000,0x00000006c19c60f0,0x00000006c6100000)
 Metaspace       used 23195K, capacity 24230K, committed 24320K, reserved 1071104K
  class space    used 2992K, capacity 3243K, committed 3328K, reserved 1048576K
Event: 83.298 GC heap after
Heap after GC invocations=11 (full 1):
 PSYoungGen      total 206336K, used 2688K [0x000000076af00000, 0x0000000778a00000, 0x00000007c0000000)
  eden space 194560K, 0% used [0x000000076af00000,0x000000076af00000,0x0000000776d00000)
  from space 11776K, 22% used [0x0000000777e80000,0x0000000778120000,0x0000000778a00000)
  to   space 14848K, 0% used [0x0000000776d00000,0x0000000776d00000,0x0000000777b80000)
 ParOldGen       total 87040K, used 21100K [0x00000006c0c00000, 0x00000006c6100000, 0x000000076af00000)
  object space 87040K, 24% used [0x00000006c0c00000,0x00000006c209b130,0x00000006c6100000)
 Metaspace       used 23195K, capacity 24230K, committed 24320K, reserved 1071104K
  class space    used 2992K, capacity 3243K, committed 3328K, reserved 1048576K
}

Deoptimization events (10 events):
Event: 75.008 Thread 0x000000001ebeb000 Uncommon trap: reason=speculate_class_check action=maybe_recompile pc=0x000000000396d6d4 method=com.sun.javafx.sg.prism.NGNode.renderOpacity(Lcom/sun/prism/Graphics;)V @ 22
Event: 75.010 Thread 0x000000001ebeb000 Uncommon trap: reason=unstable_if action=reinterpret pc=0x0000000003d1db98 method=com.sun.javafx.sg.prism.NGRegion.renderBackgroundRectangle(Lcom/sun/prism/Graphics;)V @ 103
Event: 75.010 Thread 0x000000001ebeb000 Uncommon trap: reason=unstable_if action=reinterpret pc=0x0000000002d784e0 method=javafx.scene.paint.Color.equals(Ljava/lang/Object;)Z @ 2
Event: 75.018 Thread 0x000000001ebeb000 Uncommon trap: reason=unstable_if action=reinterpret pc=0x0000000003d29558 method=com.sun.javafx.geom.transform.GeneralTransform3D.transform(Lcom/sun/javafx/geom/BaseBounds;Lcom/sun/javafx/geom/BaseBounds;)Lcom/sun/javafx/geom/BaseBounds; @ 4
Event: 82.987 Thread 0x000000001f464800 Uncommon trap: reason=array_check action=maybe_recompile pc=0x0000000003c63dcc method=com.sun.javafx.css.CompoundSelector.applies(Ljavafx/css/Styleable;[Ljava/util/Set;I)Z @ 128
Event: 82.987 Thread 0x000000001f464800 Uncommon trap: reason=array_check action=maybe_recompile pc=0x0000000003c63dcc method=com.sun.javafx.css.CompoundSelector.applies(Ljavafx/css/Styleable;[Ljava/util/Set;I)Z @ 128
Event: 82.987 Thread 0x000000001f464800 Uncommon trap: reason=array_check action=maybe_recompile pc=0x0000000003c63dcc method=com.sun.javafx.css.CompoundSelector.applies(Ljavafx/css/Styleable;[Ljava/util/Set;I)Z @ 128
Event: 82.987 Thread 0x000000001f464800 Uncommon trap: reason=array_check action=maybe_recompile pc=0x0000000003c63dcc method=com.sun.javafx.css.CompoundSelector.applies(Ljavafx/css/Styleable;[Ljava/util/Set;I)Z @ 128
Event: 82.999 Thread 0x000000001f464800 Uncommon trap: reason=unstable_if action=reinterpret pc=0x0000000003c738c0 method=java.util.TimSort.countRunAndMakeAscending([Ljava/lang/Object;IILjava/util/Comparator;)I @ 54
Event: 83.007 Thread 0x000000001f464800 Uncommon trap: reason=bimorphic action=maybe_recompile pc=0x00000000037c98d4 method=javafx.scene.Parent.prefHeight(D)D @ 66

Internal exceptions (10 events):
Event: 83.916 Thread 0x000000001f464800 Exception <a 'java/io/IOException'> (0x000000076bad1a48) thrown at [C:\re\workspace\8-2-build-windows-amd64-cygwin\jdk8u71\5731\hotspot\src\share\vm\prims\jni.cpp, line 709]
Event: 83.996 Thread 0x000000001f464800 Exception <a 'java/io/IOException'> (0x000000076baea3c0) thrown at [C:\re\workspace\8-2-build-windows-amd64-cygwin\jdk8u71\5731\hotspot\src\share\vm\prims\jni.cpp, line 709]
Event: 83.996 Thread 0x000000001f464800 Exception <a 'java/io/IOException'> (0x000000076baea650) thrown at [C:\re\workspace\8-2-build-windows-amd64-cygwin\jdk8u71\5731\hotspot\src\share\vm\prims\jni.cpp, line 709]
Event: 83.996 Thread 0x000000001f464800 Exception <a 'java/io/IOException'> (0x000000076baea8b0) thrown at [C:\re\workspace\8-2-build-windows-amd64-cygwin\jdk8u71\5731\hotspot\src\share\vm\prims\jni.cpp, line 709]
Event: 83.997 Thread 0x000000001f464800 Exception <a 'java/io/IOException'> (0x000000076baeab70) thrown at [C:\re\workspace\8-2-build-windows-amd64-cygwin\jdk8u71\5731\hotspot\src\share\vm\prims\jni.cpp, line 709]
Event: 83.997 Thread 0x000000001f464800 Exception <a 'java/io/IOException'> (0x000000076baeae00) thrown at [C:\re\workspace\8-2-build-windows-amd64-cygwin\jdk8u71\5731\hotspot\src\share\vm\prims\jni.cpp, line 709]
Event: 83.997 Thread 0x000000001f464800 Exception <a 'java/io/IOException'> (0x000000076baeb060) thrown at [C:\re\workspace\8-2-build-windows-amd64-cygwin\jdk8u71\5731\hotspot\src\share\vm\prims\jni.cpp, line 709]
Event: 83.997 Thread 0x000000001f464800 Exception <a 'java/io/IOException'> (0x000000076baeb7b0) thrown at [C:\re\workspace\8-2-build-windows-amd64-cygwin\jdk8u71\5731\hotspot\src\share\vm\prims\jni.cpp, line 709]
Event: 83.997 Thread 0x000000001f464800 Exception <a 'java/io/IOException'> (0x000000076baeba40) thrown at [C:\re\workspace\8-2-build-windows-amd64-cygwin\jdk8u71\5731\hotspot\src\share\vm\prims\jni.cpp, line 709]
Event: 83.997 Thread 0x000000001f464800 Exception <a 'java/io/IOException'> (0x000000076baebca0) thrown at [C:\re\workspace\8-2-build-windows-amd64-cygwin\jdk8u71\5731\hotspot\src\share\vm\prims\jni.cpp, line 709]

Events (10 events):
Event: 83.299 Executing VM operation: RevokeBias
Event: 83.299 Executing VM operation: RevokeBias done
Event: 83.299 Executing VM operation: BulkRevokeBias
Event: 83.299 Executing VM operation: BulkRevokeBias done
Event: 83.299 Executing VM operation: RevokeBias
Event: 83.299 Executing VM operation: RevokeBias done
Event: 83.395 Thread 0x000000001e825800 flushing nmethod 0x0000000002dd9050
Event: 83.620 Thread 0x000000001e816800 flushing nmethod 0x0000000003062750
Event: 83.669 Thread 0x000000001e82a800 flushing nmethod 0x00000000030f6710
Event: 83.818 Thread 0x000000001e82a800 flushing nmethod 0x0000000003159310


Dynamic libraries:
0x00007ff6d1c80000 - 0x00007ff6d1cb7000 	C:\Program Files\Java\jre1.8.0_71\bin\javaw.exe
0x00007ffa38500000 - 0x00007ffa386d1000 	C:\WINDOWS\SYSTEM32\ntdll.dll
0x00007ffa36260000 - 0x00007ffa3630b000 	C:\WINDOWS\System32\KERNEL32.DLL
0x00007ffa349d0000 - 0x00007ffa34bed000 	C:\WINDOWS\System32\KERNELBASE.dll
0x00007ffa382f0000 - 0x00007ffa38392000 	C:\WINDOWS\System32\ADVAPI32.dll
0x00007ffa36020000 - 0x00007ffa360be000 	C:\WINDOWS\System32\msvcrt.dll
0x00007ffa384a0000 - 0x00007ffa384f9000 	C:\WINDOWS\System32\sechost.dll
0x00007ffa360c0000 - 0x00007ffa361e1000 	C:\WINDOWS\System32\RPCRT4.dll
0x00007ffa36340000 - 0x00007ffa364a5000 	C:\WINDOWS\System32\USER32.dll
0x00007ffa34bf0000 - 0x00007ffa34c0e000 	C:\WINDOWS\System32\win32u.dll
0x00007ffa381e0000 - 0x00007ffa38214000 	C:\WINDOWS\System32\GDI32.dll
0x00007ffa35580000 - 0x00007ffa35702000 	C:\WINDOWS\System32\gdi32full.dll
0x00007ffa2b650000 - 0x00007ffa2b8c9000 	C:\WINDOWS\WinSxS\amd64_microsoft.windows.common-controls_6595b64144ccf1df_6.0.14393.447_none_42191651c6827bb3\COMCTL32.dll
0x00007ffa37a20000 - 0x00007ffa37ce8000 	C:\WINDOWS\System32\combase.dll
0x00007ffa35770000 - 0x00007ffa35865000 	C:\WINDOWS\System32\ucrtbase.dll
0x00007ffa352f0000 - 0x00007ffa3535a000 	C:\WINDOWS\System32\bcryptPrimitives.dll
0x00007ffa36310000 - 0x00007ffa3633e000 	C:\WINDOWS\System32\IMM32.DLL
0x00007ffa33840000 - 0x00007ffa33870000 	c:\PROGRA~1\BULLGU~1\BULLGU~1\BgAgent.dll
0x0000000052ce0000 - 0x0000000052db2000 	C:\Program Files\Java\jre1.8.0_71\bin\msvcr100.dll
0x0000000052e90000 - 0x000000005371f000 	C:\Program Files\Java\jre1.8.0_71\bin\server\jvm.dll
0x00007ffa38460000 - 0x00007ffa38468000 	C:\WINDOWS\System32\PSAPI.DLL
0x00007ffa32ab0000 - 0x00007ffa32ad3000 	C:\WINDOWS\SYSTEM32\WINMM.dll
0x00007ffa2f5d0000 - 0x00007ffa2f5da000 	C:\WINDOWS\SYSTEM32\VERSION.dll
0x00007ffa27c40000 - 0x00007ffa27c49000 	C:\WINDOWS\SYSTEM32\WSOCK32.dll
0x00007ffa38280000 - 0x00007ffa382ea000 	C:\WINDOWS\System32\WS2_32.dll
0x00000000029f0000 - 0x0000000002a1b000 	C:\WINDOWS\SYSTEM32\WINMMBASE.dll
0x00007ffa35360000 - 0x00007ffa353a2000 	C:\WINDOWS\System32\cfgmgr32.dll
0x0000000052e80000 - 0x0000000052e8f000 	C:\Program Files\Java\jre1.8.0_71\bin\verify.dll
0x0000000052e50000 - 0x0000000052e79000 	C:\Program Files\Java\jre1.8.0_71\bin\java.dll
0x0000000052e30000 - 0x0000000052e46000 	C:\Program Files\Java\jre1.8.0_71\bin\zip.dll
0x00007ffa364b0000 - 0x00007ffa379b9000 	C:\WINDOWS\System32\SHELL32.dll
0x00007ffa34c10000 - 0x00007ffa352ea000 	C:\WINDOWS\System32\windows.storage.dll
0x00007ffa34980000 - 0x00007ffa349cc000 	C:\WINDOWS\System32\powrprof.dll
0x00007ffa379c0000 - 0x00007ffa37a12000 	C:\WINDOWS\System32\shlwapi.dll
0x00007ffa34970000 - 0x00007ffa3497f000 	C:\WINDOWS\System32\kernel.appcore.dll
0x00007ffa35920000 - 0x00007ffa359c9000 	C:\WINDOWS\System32\shcore.dll
0x00007ffa34940000 - 0x00007ffa34954000 	C:\WINDOWS\System32\profapi.dll
0x00007ffa03b90000 - 0x00007ffa03c7f000 	C:\Program Files\Java\jre1.8.0_71\bin\msvcr120.dll
0x00007ffa03ae0000 - 0x00007ffa03b86000 	C:\Program Files\Java\jre1.8.0_71\bin\msvcp120.dll
0x0000000052cb0000 - 0x0000000052cd3000 	C:\Program Files\Java\jre1.8.0_71\bin\prism_d3d.dll
0x00007ffa0a150000 - 0x00007ffa0a2dd000 	C:\WINDOWS\system32\d3d9.dll
0x00007ffa322e0000 - 0x00007ffa32306000 	C:\WINDOWS\SYSTEM32\dwmapi.dll
0x00007ffa32ff0000 - 0x00007ffa33085000 	C:\WINDOWS\system32\uxtheme.dll
0x00007ffa0b580000 - 0x00007ffa0c63c000 	C:\WINDOWS\System32\DriverStore\FileRepository\nv_dispiwu.inf_amd64_b67dc924fff8de6d\nvd3dumx.dll
0x00007ffa2bc80000 - 0x00007ffa2be37000 	C:\WINDOWS\system32\nvspcap64.dll
0x00007ffa37ff0000 - 0x00007ffa38127000 	C:\WINDOWS\System32\ole32.dll
0x00007ffa383a0000 - 0x00007ffa3845f000 	C:\WINDOWS\System32\OLEAUT32.dll
0x00007ffa359d0000 - 0x00007ffa35a6c000 	C:\WINDOWS\System32\msvcp_win.dll
0x00007ffa35b70000 - 0x00007ffa35f99000 	C:\WINDOWS\System32\SETUPAPI.dll
0x00007ffa2ef70000 - 0x00007ffa2f03d000 	C:\WINDOWS\SYSTEM32\WINHTTP.dll
0x00007ffa2ea00000 - 0x00007ffa2edfb000 	C:\WINDOWS\system32\nvapi64.dll
0x00007ffa338d0000 - 0x00007ffa3396f000 	C:\WINDOWS\SYSTEM32\dxgi.dll
0x00007ffa34640000 - 0x00007ffa3466c000 	C:\WINDOWS\SYSTEM32\SspiCli.dll
0x0000000052c60000 - 0x0000000052ca3000 	C:\Program Files\Java\jre1.8.0_71\bin\glass.dll
0x00007ffa35a70000 - 0x00007ffa35b6a000 	C:\WINDOWS\System32\COMDLG32.dll
0x00007ffa37e90000 - 0x00007ffa37feb000 	C:\WINDOWS\System32\MSCTF.dll
0x00007ffa2f1a0000 - 0x00007ffa2f286000 	C:\Program Files (x86)\NVIDIA Corporation\3D Vision\nvSCPAPI64.dll
0x00000000506d0000 - 0x0000000052c5d000 	C:\Program Files\Java\jre1.8.0_71\bin\jfxwebkit.dll
0x00007ffa34410000 - 0x00007ffa34427000 	C:\WINDOWS\SYSTEM32\CRYPTSP.dll
0x00007ffa33e80000 - 0x00007ffa33eb3000 	C:\WINDOWS\system32\rsaenh.dll
0x00007ffa34520000 - 0x00007ffa3454b000 	C:\WINDOWS\SYSTEM32\bcrypt.dll
0x00007ffa34430000 - 0x00007ffa3443b000 	C:\WINDOWS\SYSTEM32\CRYPTBASE.dll
0x0000000052e10000 - 0x0000000052e2a000 	C:\Program Files\Java\jre1.8.0_71\bin\net.dll
0x00007ffa34270000 - 0x00007ffa342cc000 	C:\WINDOWS\system32\mswsock.dll
0x0000000052df0000 - 0x0000000052e01000 	C:\Program Files\Java\jre1.8.0_71\bin\nio.dll
0x00000000506b0000 - 0x00000000506c4000 	C:\Program Files\Java\jre1.8.0_71\bin\javafx_font.dll
0x00007ffa2ba10000 - 0x00007ffa2bc79000 	C:\WINDOWS\SYSTEM32\dwrite.dll
0x0000000052dc0000 - 0x0000000052de4000 	C:\Program Files\Java\jre1.8.0_71\bin\sunec.dll
0x00007ffa38130000 - 0x00007ffa381cf000 	C:\WINDOWS\System32\clbcatq.dll
0x00007ffa319e0000 - 0x00007ffa31b88000 	C:\WINDOWS\SYSTEM32\WindowsCodecs.dll
0x00007ffa260f0000 - 0x00007ffa26139000 	C:\WINDOWS\system32\dataexchange.dll
0x00007ffa326e0000 - 0x00007ffa32831000 	C:\WINDOWS\system32\dcomp.dll
0x00007ffa31630000 - 0x00007ffa318e6000 	C:\WINDOWS\system32\d3d11.dll
0x00007ffa33370000 - 0x00007ffa3348c000 	C:\WINDOWS\system32\twinapi.appcore.dll
0x00007ffa340f0000 - 0x00007ffa3410f000 	C:\WINDOWS\SYSTEM32\USERENV.dll
0x00007ffa21870000 - 0x00007ffa218a2000 	C:\Program Files\Common Files\Microsoft Shared\Ink\rtscom.dll
0x00007ffa34000000 - 0x00007ffa34038000 	C:\WINDOWS\SYSTEM32\IPHLPAPI.DLL
0x00007ffa381d0000 - 0x00007ffa381d8000 	C:\WINDOWS\System32\NSI.dll
0x00007ffa312f0000 - 0x00007ffa31306000 	C:\WINDOWS\SYSTEM32\dhcpcsvc6.DLL
0x00007ffa312b0000 - 0x00007ffa312ca000 	C:\WINDOWS\SYSTEM32\dhcpcsvc.DLL
0x0000000050690000 - 0x00000000506a1000 	C:\Program Files\Java\jre1.8.0_71\bin\prism_common.dll
0x00007ffa32c20000 - 0x00007ffa32c38000 	C:\WINDOWS\system32\NLAapi.dll
0x00007ffa28a30000 - 0x00007ffa28a46000 	C:\WINDOWS\system32\napinsp.dll
0x00007ffa29120000 - 0x00007ffa2913a000 	C:\WINDOWS\system32\pnrpnsp.dll
0x00007ffa34040000 - 0x00007ffa340e0000 	C:\WINDOWS\SYSTEM32\DNSAPI.dll
0x00007ffa29160000 - 0x00007ffa2916e000 	C:\WINDOWS\System32\winrnr.dll
0x0000000055e00000 - 0x0000000055e26000 	C:\Program Files\Bonjour\mdnsNSP.dll
0x00007ffa2f190000 - 0x00007ffa2f19a000 	C:\Windows\System32\rasadhlp.dll
0x00007ffa30d90000 - 0x00007ffa30dfa000 	C:\WINDOWS\System32\fwpuclnt.dll
0x00007ffa2e480000 - 0x00007ffa2e9df000 	C:\WINDOWS\SYSTEM32\d2d1.dll
0x00007ffa353b0000 - 0x00007ffa35579000 	C:\WINDOWS\System32\CRYPT32.dll
0x00007ffa34960000 - 0x00007ffa34970000 	C:\WINDOWS\System32\MSASN1.dll
0x00007ffa2d2f0000 - 0x00007ffa2d57d000 	C:\WINDOWS\SYSTEM32\D3D10Warp.dll

VM Arguments:
jvm_args: -Djava.library.path=C:\Users\Jack\Desktop\New folder (9)\cansat -Dfile.encoding=Cp1252 
java_command: cansat.Main
java_class_path (initial): C:\Users\Jack\Desktop\New folder (9)\cansat\bin;C:\Program Files\Java\jdk1.8.0_71\jre\lib\jfxswt.jar;C:\Users\Jack\Desktop\New folder (9)\cansat\lib\RXTXcomm.jar
Launcher Type: SUN_STANDARD

Environment Variables:
PATH=C:/Program Files/Java/jre1.8.0_71/bin/server;C:/Program Files/Java/jre1.8.0_71/bin;C:/Program Files/Java/jre1.8.0_71/lib/amd64;C:\Program Files\Oculus\Support\oculus-runtime;C:\Program Files (x86)\ActiveState Komodo IDE 10\;C:\ProgramData\Oracle\Java\javapath;C:\Windows\system32;C:\Windows;C:\Windows\System32\Wbem;C:\Windows\System32\WindowsPowerShell\v1.0\;C:\Program Files (x86)\NVIDIA Corporation\PhysX\Common;C:\Program Files (x86)\Skype\Phone\;C:\Program Files\Microsoft\Web Platform Installer\;C:\Program Files (x86)\Microsoft ASP.NET\ASP.NET Web Pages\v1.0\;C:\Program Files (x86)\Windows Kits\8.0\Windows Performance Toolkit\;C:\Program Files\Microsoft SQL Server\110\Tools\Binn\;C:\Program Files (x86)\GtkSharp\2.12\bin;C:\Users\Jack\.dnx\bin;C:\Program Files\Microsoft DNX\Dnvm\;C:\Program Files\Microsoft SQL Server\130\Tools\Binn\;C:\WINDOWS\system32;C:\WINDOWS;C:\WINDOWS\System32\Wbem;C:\WINDOWS\System32\WindowsPowerShell\v1.0\;C:\Python27;C:\Users\Jack\AppData\Local\Microsoft\WindowsApps;;C:\Users\Jack\eclipse\java-mars\eclipse;
USERNAME=Jack
OS=Windows_NT
PROCESSOR_IDENTIFIER=Intel64 Family 6 Model 60 Stepping 3, GenuineIntel



---------------  S Y S T E M  ---------------

OS: Windows 10.0 , 64 bit Build 14393 (10.0.14393.0)

CPU:total 8 (4 cores per cpu, 2 threads per core) family 6 model 60 stepping 3, cmov, cx8, fxsr, mmx, sse, sse2, sse3, ssse3, sse4.1, sse4.2, popcnt, avx, avx2, aes, clmul, erms, lzcnt, ht, tsc, tscinvbit, bmi1, bmi2

Memory: 4k page, physical 16724548k(2444424k free), swap 67056196k(4892k free)

vm_info: Java HotSpot(TM) 64-Bit Server VM (25.71-b15) for windows-amd64 JRE (1.8.0_71-b15), built on Dec 22 2015 18:15:55 by "java_re" with MS VC++ 10.0 (VS2010)

time: Sun Mar 05 17:10:00 2017
elapsed time: 84 seconds (0d 0h 1m 24s)

