#
# A fatal error has been detected by the Java Runtime Environment:
#
#  EXCEPTION_UNCAUGHT_CXX_EXCEPTION (0xe06d7363) at pc=0x00007ffbbe073c58, pid=52668, tid=48792
#
# JRE version: Java(TM) SE Runtime Environment (8.0_71-b15) (build 1.8.0_71-b15)
# Java VM: Java HotSpot(TM) 64-Bit Server VM (25.71-b15 mixed mode windows-amd64 compressed oops)
# Problematic frame:
# C  [KERNELBASE.dll+0x33c58]
#
# Failed to write core dump. Minidumps are not enabled by default on client versions of Windows
#
# If you would like to submit a bug report, please visit:
#   http://bugreport.java.com/bugreport/crash.jsp
# The crash happened outside the Java Virtual Machine in native code.
# See problematic frame for where to report the bug.
#

---------------  T H R E A D  ---------------

Current thread (0x0000000020005000):  JavaThread "JavaFX Application Thread" [_thread_in_native, id=48792, stack(0x0000000020e00000,0x0000000020f00000)]

siginfo: ExceptionCode=0xe06d7363, ExceptionInformation=0x0000000019930520 0x0000000020efbc90 0x00007ffb7987d220 0x00007ffb797b0000 

Registers:
RAX=0x0000000000000001, RBX=0x00007ffb7987d220, RCX=0x0000000000000000, RDX=0xfff18d40ffd69d40
RSP=0x0000000020efbb20, RBP=0x0000000020efbc60, RSI=0x0000000000010000, RDI=0x0000000020efbc90
R8 =0x00000000753b0919, R9 =0x0000000059b41260, R10=0x0000000033dcd4c0, R11=0x0000000030be6e80
R12=0x0000000037d218a0, R13=0x0000000020efcb01, R14=0x000000003482e670, R15=0x000000003482e670
RIP=0x00007ffbbe073c58, EFLAGS=0x0000000000000202

Top of Stack: (sp=0x0000000020efbb20)
0x0000000020efbb20:   0000000000000000 00007ffb7987d220
0x0000000020efbb30:   0000000000010000 0000000020efbc90
0x0000000020efbb40:   00000001e06d7363 0000000000000000
0x0000000020efbb50:   00007ffbbe073c58 0000000000000004
0x0000000020efbb60:   0000000019930520 0000000020efbc90
0x0000000020efbb70:   00007ffb7987d220 00007ffb797b0000
0x0000000020efbb80:   0000000020efcb01 0000000037d218a0
0x0000000020efbb90:   0000000020efbc90 0000000000010000
0x0000000020efbba0:   0000000020efbc60 00007ffbc1bbc26f
0x0000000020efbbb0:   0000000020efbc70 0000000000000000
0x0000000020efbbc0:   00007dcd00d03aa1 0000000070a80000
0x0000000020efbbd0:   00007ffb79894000 00007ffb797b0000
0x0000000020efbbe0:   0000213144cd211e 0000000020efbd58
0x0000000020efbbf0:   00007ffb7987d220 00007ffb7980ef63
0x0000000020efbc00:   0000000000010000 00007ffb797d70f9
0x0000000020efbc10:   0000000000010000 0000000037d218a0 

Instructions: (pc=0x00007ffbbe073c58)
0x00007ffbbe073c38:   49 8b d1 44 0f 47 c0 44 89 44 24 38 49 c1 e0 03
0x00007ffbbe073c48:   e8 47 90 04 00 48 8d 4c 24 20 ff 15 a0 44 11 00
0x00007ffbbe073c58:   48 8b 8c 24 c0 00 00 00 48 33 cc e8 d8 55 04 00
0x00007ffbbe073c68:   48 81 c4 d8 00 00 00 c3 83 64 24 38 00 eb d6 cc 


Register to memory mapping:

RAX=0x0000000000000001 is an unknown value
RBX=0x00007ffb7987d220 is an unknown value
RCX=0x0000000000000000 is an unknown value
RDX=0xfff18d40ffd69d40 is an unknown value
RSP=0x0000000020efbb20 is pointing into the stack for thread: 0x0000000020005000
RBP=0x0000000020efbc60 is pointing into the stack for thread: 0x0000000020005000
RSI=0x0000000000010000 is an unknown value
RDI=0x0000000020efbc90 is pointing into the stack for thread: 0x0000000020005000
R8 =0x00000000753b0919 is an unknown value
R9 =0x0000000059b41260 is an unknown value
R10=0x0000000033dcd4c0 is an unknown value
R11=0x0000000030be6e80 is an unknown value
R12=0x0000000037d218a0 is an unknown value
R13=0x0000000020efcb01 is pointing into the stack for thread: 0x0000000020005000
R14=0x000000003482e670 is an unknown value
R15=0x000000003482e670 is an unknown value


Stack: [0x0000000020e00000,0x0000000020f00000],  sp=0x0000000020efbb20,  free space=1006k
Native frames: (J=compiled Java code, j=interpreted, Vv=VM code, C=native code)
C  [KERNELBASE.dll+0x33c58]
C  [msvcr120.dll+0x5ef63]
C  [msvcr120.dll+0x669b0]
C  [jfxwebkit.dll+0x88419d]
C  [jfxwebkit.dll+0x884370]
C  [jfxwebkit.dll+0x88498b]
C  [jfxwebkit.dll+0x880d88]
C  [jfxwebkit.dll+0xa570a0]
C  [jfxwebkit.dll+0xa5a2f0]
C  [jfxwebkit.dll+0xa5b896]
C  [jfxwebkit.dll+0xa54fa2]
C  [jfxwebkit.dll+0xa540d6]
C  [jfxwebkit.dll+0xa54137]
C  [jfxwebkit.dll+0xa54137]
C  [jfxwebkit.dll+0xa54137]
C  [jfxwebkit.dll+0xa54137]
C  [jfxwebkit.dll+0xa54137]
C  [jfxwebkit.dll+0xa54137]
C  [jfxwebkit.dll+0xa54137]
C  [jfxwebkit.dll+0xa54137]
C  [jfxwebkit.dll+0xa54137]
C  [jfxwebkit.dll+0xa54137]
C  [jfxwebkit.dll+0xa54137]
C  [jfxwebkit.dll+0x9a48a3]
C  [jfxwebkit.dll+0x828064]
C  [jfxwebkit.dll+0x82a5ad]
C  [jfxwebkit.dll+0x8c7cff]
C  [jfxwebkit.dll+0x8aac06]
C  [jfxwebkit.dll+0x86f046]
C  [jfxwebkit.dll+0xa570f8]
C  [jfxwebkit.dll+0xa5a2f0]
C  [jfxwebkit.dll+0xa5b896]
C  [jfxwebkit.dll+0xa54fa2]
C  [jfxwebkit.dll+0x8aaf10]
C  0x0000000004a709b5

Java frames: (J=compiled Java code, j=interpreted, Vv=VM code)
J 7752  com.sun.webkit.WebPage.twkPrePaint(J)V (0 bytes) @ 0x0000000004a7093b [0x0000000004a70900+0x3b]
J 7751 C1 com.sun.webkit.WebPage.updateDirty(Lcom/sun/webkit/graphics/WCRectangle;)V (612 bytes) @ 0x0000000004a74ebc [0x0000000004a74020+0xe9c]
J 7923 C1 com.sun.webkit.WebPage.updateContent(Lcom/sun/webkit/graphics/WCRectangle;)V (66 bytes) @ 0x0000000004b3580c [0x0000000004b34fc0+0x84c]
J 7366 C1 com.sun.javafx.sg.prism.web.NGWebView.update()V (72 bytes) @ 0x0000000003931e94 [0x00000000039315a0+0x8f4]
J 6435 C1 javafx.scene.web.WebView.handleStagePulse()V (113 bytes) @ 0x0000000003e05b94 [0x0000000003e03820+0x2374]
J 6433 C1 javafx.scene.web.WebView$$Lambda$105.pulse()V (8 bytes) @ 0x0000000003aae74c [0x0000000003aae680+0xcc]
J 6773 C2 com.sun.javafx.tk.Toolkit$$Lambda$251.run()Ljava/lang/Object; (8 bytes) @ 0x0000000004953808 [0x00000000049537c0+0x48]
v  ~StubRoutines::call_stub
J 2475  java.security.AccessController.doPrivileged(Ljava/security/PrivilegedAction;Ljava/security/AccessControlContext;)Ljava/lang/Object; (0 bytes) @ 0x0000000003f6bea6 [0x0000000003f6be40+0x66]
J 7504 C2 com.sun.javafx.tk.Toolkit.firePulse()V (279 bytes) @ 0x0000000003b71b2c [0x0000000003b71000+0xb2c]
J 5888 C1 com.sun.javafx.tk.quantum.QuantumToolkit.pulse(Z)V (164 bytes) @ 0x000000000392ea5c [0x000000000392e400+0x65c]
J 5893 C1 com.sun.javafx.tk.quantum.QuantumToolkit$$Lambda$44.run()V (8 bytes) @ 0x00000000040db294 [0x00000000040db080+0x214]
J 7511 C2 com.sun.glass.ui.InvokeLaterDispatcher$Future.run()V (91 bytes) @ 0x000000000483020c [0x00000000048301c0+0x4c]
v  ~StubRoutines::call_stub
j  com.sun.glass.ui.win.WinApplication._runLoop(Ljava/lang/Runnable;)V+0
j  com.sun.glass.ui.win.WinApplication.lambda$null$148(ILjava/lang/Runnable;)V+8
j  com.sun.glass.ui.win.WinApplication$$Lambda$40.run()V+12
j  java.lang.Thread.run()V+11
v  ~StubRoutines::call_stub

---------------  P R O C E S S  ---------------

Java Threads: ( => current thread )
  0x000000002a7ab800 JavaThread "Thread-73" daemon [_thread_blocked, id=53532, stack(0x0000000043800000,0x0000000043900000)]
  0x000000002a7b0000 JavaThread "URL-Loader-51" daemon [_thread_blocked, id=53464, stack(0x0000000043700000,0x0000000043800000)]
  0x000000002a7af800 JavaThread "URL-Loader-50" daemon [_thread_blocked, id=52424, stack(0x0000000043600000,0x0000000043700000)]
  0x000000002a7ad000 JavaThread "URL-Loader-49" daemon [_thread_blocked, id=43280, stack(0x0000000043300000,0x0000000043400000)]
  0x000000002a7ae000 JavaThread "URL-Loader-48" daemon [_thread_blocked, id=54740, stack(0x0000000043200000,0x0000000043300000)]
  0x0000000026fa6800 JavaThread "URL-Loader-47" daemon [_thread_blocked, id=48344, stack(0x0000000042f00000,0x0000000043000000)]
  0x0000000026fac800 JavaThread "URL-Loader-46" daemon [_thread_blocked, id=52912, stack(0x0000000042e00000,0x0000000042f00000)]
  0x0000000026fa5800 JavaThread "URL-Loader-45" daemon [_thread_blocked, id=52736, stack(0x0000000042d00000,0x0000000042e00000)]
  0x0000000026fa8000 JavaThread "URL-Loader-44" daemon [_thread_blocked, id=49092, stack(0x0000000042a00000,0x0000000042b00000)]
  0x0000000026fab000 JavaThread "Keep-Alive-Timer" daemon [_thread_blocked, id=43376, stack(0x0000000042900000,0x0000000042a00000)]
  0x0000000026fa9800 JavaThread "URL-Loader-43" daemon [_thread_blocked, id=48740, stack(0x0000000042600000,0x0000000042700000)]
  0x0000000026fa7000 JavaThread "URL-Loader-42" daemon [_thread_blocked, id=52944, stack(0x0000000042500000,0x0000000042600000)]
  0x0000000026faa000 JavaThread "Watchdog-Timer-1" daemon [_thread_blocked, id=52868, stack(0x000000002fb80000,0x000000002fc80000)]
  0x0000000026c79800 JavaThread "Timer-0" [_thread_blocked, id=53760, stack(0x000000002e540000,0x000000002e640000)]
  0x00000000206a2800 JavaThread "Prism Font Disposer" daemon [_thread_blocked, id=25696, stack(0x0000000028890000,0x0000000028990000)]
  0x00000000202b9800 JavaThread "Disposer" daemon [_thread_blocked, id=45500, stack(0x0000000025ce0000,0x0000000025de0000)]
  0x0000000020070800 JavaThread "Thread-3" daemon [_thread_in_native, id=54028, stack(0x0000000025300000,0x0000000025400000)]
=>0x0000000020005000 JavaThread "JavaFX Application Thread" [_thread_in_native, id=48792, stack(0x0000000020e00000,0x0000000020f00000)]
  0x0000000020002000 JavaThread "Thread-2" daemon [_thread_blocked, id=9568, stack(0x0000000020a20000,0x0000000020b20000)]
  0x000000001ffca000 JavaThread "QuantumRenderer-0" daemon [_thread_blocked, id=19924, stack(0x00000000207c0000,0x00000000208c0000)]
  0x000000001f698000 JavaThread "JavaFX-Launcher" [_thread_blocked, id=30344, stack(0x000000001fec0000,0x000000001ffc0000)]
  0x000000001f388800 JavaThread "Service Thread" daemon [_thread_blocked, id=37284, stack(0x000000001fcc0000,0x000000001fdc0000)]
  0x000000001f2f9800 JavaThread "C1 CompilerThread3" daemon [_thread_blocked, id=53732, stack(0x000000001fbc0000,0x000000001fcc0000)]
  0x000000001f2f6800 JavaThread "C2 CompilerThread2" daemon [_thread_blocked, id=53004, stack(0x000000001fac0000,0x000000001fbc0000)]
  0x000000001f2ed800 JavaThread "C2 CompilerThread1" daemon [_thread_blocked, id=47056, stack(0x000000001f9c0000,0x000000001fac0000)]
  0x000000001f2e9000 JavaThread "C2 CompilerThread0" daemon [_thread_blocked, id=54308, stack(0x000000001f8c0000,0x000000001f9c0000)]
  0x000000001f2e5800 JavaThread "Attach Listener" daemon [_thread_blocked, id=51948, stack(0x000000001f7c0000,0x000000001f8c0000)]
  0x000000001f2e4000 JavaThread "Signal Dispatcher" daemon [_thread_blocked, id=49928, stack(0x000000001f6c0000,0x000000001f7c0000)]
  0x000000001d20d000 JavaThread "Finalizer" daemon [_thread_blocked, id=36992, stack(0x000000001f0d0000,0x000000001f1d0000)]
  0x0000000003754800 JavaThread "Reference Handler" daemon [_thread_blocked, id=52508, stack(0x000000001efd0000,0x000000001f0d0000)]
  0x0000000003660800 JavaThread "main" [_thread_blocked, id=7900, stack(0x0000000003560000,0x0000000003660000)]

Other Threads:
  0x000000001d209000 VMThread [stack: 0x000000001eed0000,0x000000001efd0000] [id=44548]
  0x000000001f3b3000 WatcherThread [stack: 0x000000001fdc0000,0x000000001fec0000] [id=40360]

VM state:not at safepoint (normal execution)

VM Mutex/Monitor currently owned by a thread: None

Heap:
 PSYoungGen      total 896000K, used 322905K [0x000000076af00000, 0x00000007a9c80000, 0x00000007c0000000)
  eden space 884736K, 35% used [0x000000076af00000,0x000000077df6ed88,0x00000007a0f00000)
  from space 11264K, 99% used [0x00000007a8400000,0x00000007a8ee79b8,0x00000007a8f00000)
  to   space 13824K, 0% used [0x00000007a8f00000,0x00000007a8f00000,0x00000007a9c80000)
 ParOldGen       total 91136K, used 29824K [0x00000006c0c00000, 0x00000006c6500000, 0x000000076af00000)
  object space 91136K, 32% used [0x00000006c0c00000,0x00000006c2920220,0x00000006c6500000)
 Metaspace       used 25255K, capacity 26468K, committed 26620K, reserved 1073152K
  class space    used 3301K, capacity 3546K, committed 3584K, reserved 1048576K

Card table byte_map: [0x0000000012b20000,0x0000000013320000] byte_map_base: 0x000000000f51a000

Marking Bits: (ParMarkBitMap*) 0x000000007597f600
 Begin Bits: [0x0000000014080000, 0x0000000018050000)
 End Bits:   [0x0000000018050000, 0x000000001c020000)

Polling page: 0x0000000001440000

CodeCache: size=245760Kb used=20774Kb max_used=20790Kb free=224985Kb
 bounds [0x0000000003760000, 0x0000000004be0000, 0x0000000012760000]
 total_blobs=7045 nmethods=6242 adapters=714
 compilation: enabled

Compilation events (10 events):
Event: 82.633 Thread 0x000000001f2e9000 8050       4       com.sun.javafx.webkit.prism.WCGraphicsPrismContext$ContextState::<init> (79 bytes)
Event: 82.635 Thread 0x000000001f2e9000 nmethod 8050 0x0000000004bbaad0 code [0x0000000004bbac20, 0x0000000004bbae38]
Event: 82.643 Thread 0x000000001f2f6800 8051       4       com.sun.webkit.graphics.BufferData::<init> (50 bytes)
Event: 82.645 Thread 0x000000001f2f6800 nmethod 8051 0x0000000004bc1d90 code [0x0000000004bc1f00, 0x0000000004bc2198]
Event: 82.656 Thread 0x000000001f2ed800 8052       4       com.sun.webkit.graphics.WCRenderQueue::<init> (47 bytes)
Event: 82.659 Thread 0x000000001f2ed800 nmethod 8052 0x0000000004bc14d0 code [0x0000000004bc1660, 0x0000000004bc1ab8]
Event: 82.685 Thread 0x000000001f2e9000 8053       4       com.sun.javafx.webkit.prism.PrismGraphicsManager::createRTImage (13 bytes)
Event: 82.686 Thread 0x000000001f2f6800 8054       4       com.sun.javafx.webkit.prism.PrismGraphicsManager::createBufferedContextRQ (45 bytes)
Event: 82.686 Thread 0x000000001f2e9000 nmethod 8053 0x0000000004bba6d0 code [0x0000000004bba820, 0x0000000004bba958]
Event: 82.699 Thread 0x000000001f2f6800 nmethod 8054 0x0000000004bce710 code [0x0000000004bce960, 0x0000000004bcfbd8]

GC Heap History (10 events):
Event: 54.266 GC heap before
{Heap before GC invocations=18 (full 1):
 PSYoungGen      total 965120K, used 965113K [0x000000076af00000, 0x00000007a7c00000, 0x00000007c0000000)
  eden space 960000K, 100% used [0x000000076af00000,0x00000007a5880000,0x00000007a5880000)
  from space 5120K, 99% used [0x00000007a7700000,0x00000007a7bfe7d0,0x00000007a7c00000)
  to   space 15872K, 0% used [0x00000007a5d00000,0x00000007a5d00000,0x00000007a6c80000)
 ParOldGen       total 91136K, used 29800K [0x00000006c0c00000, 0x00000006c6500000, 0x000000076af00000)
  object space 91136K, 32% used [0x00000006c0c00000,0x00000006c291a220,0x00000006c6500000)
 Metaspace       used 24979K, capacity 26208K, committed 26364K, reserved 1073152K
  class space    used 3301K, capacity 3546K, committed 3584K, reserved 1048576K
Event: 54.272 GC heap after
Heap after GC invocations=18 (full 1):
 PSYoungGen      total 980480K, used 9970K [0x000000076af00000, 0x00000007ab880000, 0x00000007c0000000)
  eden space 964608K, 0% used [0x000000076af00000,0x000000076af00000,0x00000007a5d00000)
  from space 15872K, 62% used [0x00000007a5d00000,0x00000007a66bcb28,0x00000007a6c80000)
  to   space 16384K, 0% used [0x00000007aa880000,0x00000007aa880000,0x00000007ab880000)
 ParOldGen       total 91136K, used 29808K [0x00000006c0c00000, 0x00000006c6500000, 0x000000076af00000)
  object space 91136K, 32% used [0x00000006c0c00000,0x00000006c291c220,0x00000006c6500000)
 Metaspace       used 24979K, capacity 26208K, committed 26364K, reserved 1073152K
  class space    used 3301K, capacity 3546K, committed 3584K, reserved 1048576K
}
Event: 59.593 GC heap before
{Heap before GC invocations=19 (full 1):
 PSYoungGen      total 980480K, used 974578K [0x000000076af00000, 0x00000007ab880000, 0x00000007c0000000)
  eden space 964608K, 100% used [0x000000076af00000,0x00000007a5d00000,0x00000007a5d00000)
  from space 15872K, 62% used [0x00000007a5d00000,0x00000007a66bcb28,0x00000007a6c80000)
  to   space 16384K, 0% used [0x00000007aa880000,0x00000007aa880000,0x00000007ab880000)
 ParOldGen       total 91136K, used 29808K [0x00000006c0c00000, 0x00000006c6500000, 0x000000076af00000)
  object space 91136K, 32% used [0x00000006c0c00000,0x00000006c291c220,0x00000006c6500000)
 Metaspace       used 25033K, capacity 26272K, committed 26364K, reserved 1073152K
  class space    used 3301K, capacity 3546K, committed 3584K, reserved 1048576K
Event: 59.597 GC heap after
Heap after GC invocations=19 (full 1):
 PSYoungGen      total 1029632K, used 9721K [0x000000076af00000, 0x00000007ab300000, 0x00000007c0000000)
  eden space 1018880K, 0% used [0x000000076af00000,0x000000076af00000,0x00000007a9200000)
  from space 10752K, 90% used [0x00000007aa880000,0x00000007ab1fe6d8,0x00000007ab300000)
  to   space 16896K, 0% used [0x00000007a9200000,0x00000007a9200000,0x00000007aa280000)
 ParOldGen       total 91136K, used 29808K [0x00000006c0c00000, 0x00000006c6500000, 0x000000076af00000)
  object space 91136K, 32% used [0x00000006c0c00000,0x00000006c291c220,0x00000006c6500000)
 Metaspace       used 25033K, capacity 26272K, committed 26364K, reserved 1073152K
  class space    used 3301K, capacity 3546K, committed 3584K, reserved 1048576K
}
Event: 66.254 GC heap before
{Heap before GC invocations=20 (full 1):
 PSYoungGen      total 1029632K, used 1028601K [0x000000076af00000, 0x00000007ab300000, 0x00000007c0000000)
  eden space 1018880K, 100% used [0x000000076af00000,0x00000007a9200000,0x00000007a9200000)
  from space 10752K, 90% used [0x00000007aa880000,0x00000007ab1fe6d8,0x00000007ab300000)
  to   space 16896K, 0% used [0x00000007a9200000,0x00000007a9200000,0x00000007aa280000)
 ParOldGen       total 91136K, used 29808K [0x00000006c0c00000, 0x00000006c6500000, 0x000000076af00000)
  object space 91136K, 32% used [0x00000006c0c00000,0x00000006c291c220,0x00000006c6500000)
 Metaspace       used 25052K, capacity 26272K, committed 26364K, reserved 1073152K
  class space    used 3301K, capacity 3546K, committed 3584K, reserved 1048576K
Event: 66.260 GC heap after
Heap after GC invocations=20 (full 1):
 PSYoungGen      total 982016K, used 9765K [0x000000076af00000, 0x00000007aa900000, 0x00000007c0000000)
  eden space 971776K, 0% used [0x000000076af00000,0x000000076af00000,0x00000007a6400000)
  from space 10240K, 95% used [0x00000007a9200000,0x00000007a9b89428,0x00000007a9c00000)
  to   space 13312K, 0% used [0x00000007a9c00000,0x00000007a9c00000,0x00000007aa900000)
 ParOldGen       total 91136K, used 29808K [0x00000006c0c00000, 0x00000006c6500000, 0x000000076af00000)
  object space 91136K, 32% used [0x00000006c0c00000,0x00000006c291c220,0x00000006c6500000)
 Metaspace       used 25052K, capacity 26272K, committed 26364K, reserved 1073152K
  class space    used 3301K, capacity 3546K, committed 3584K, reserved 1048576K
}
Event: 73.670 GC heap before
{Heap before GC invocations=21 (full 1):
 PSYoungGen      total 982016K, used 981541K [0x000000076af00000, 0x00000007aa900000, 0x00000007c0000000)
  eden space 971776K, 100% used [0x000000076af00000,0x00000007a6400000,0x00000007a6400000)
  from space 10240K, 95% used [0x00000007a9200000,0x00000007a9b89428,0x00000007a9c00000)
  to   space 13312K, 0% used [0x00000007a9c00000,0x00000007a9c00000,0x00000007aa900000)
 ParOldGen       total 91136K, used 29808K [0x00000006c0c00000, 0x00000006c6500000, 0x000000076af00000)
  object space 91136K, 32% used [0x00000006c0c00000,0x00000006c291c220,0x00000006c6500000)
 Metaspace       used 25063K, capacity 26272K, committed 26364K, reserved 1073152K
  class space    used 3301K, capacity 3546K, committed 3584K, reserved 1048576K
Event: 73.674 GC heap after
Heap after GC invocations=21 (full 1):
 PSYoungGen      total 936448K, used 8927K [0x000000076af00000, 0x00000007aa500000, 0x00000007c0000000)
  eden space 927232K, 0% used [0x000000076af00000,0x000000076af00000,0x00000007a3880000)
  from space 9216K, 96% used [0x00000007a9c00000,0x00000007aa4b7e98,0x00000007aa500000)
  to   space 16896K, 0% used [0x00000007a8400000,0x00000007a8400000,0x00000007a9480000)
 ParOldGen       total 91136K, used 29816K [0x00000006c0c00000, 0x00000006c6500000, 0x000000076af00000)
  object space 91136K, 32% used [0x00000006c0c00000,0x00000006c291e220,0x00000006c6500000)
 Metaspace       used 25063K, capacity 26272K, committed 26364K, reserved 1073152K
  class space    used 3301K, capacity 3546K, committed 3584K, reserved 1048576K
}
Event: 80.468 GC heap before
{Heap before GC invocations=22 (full 1):
 PSYoungGen      total 936448K, used 936159K [0x000000076af00000, 0x00000007aa500000, 0x00000007c0000000)
  eden space 927232K, 100% used [0x000000076af00000,0x00000007a3880000,0x00000007a3880000)
  from space 9216K, 96% used [0x00000007a9c00000,0x00000007aa4b7e98,0x00000007aa500000)
  to   space 16896K, 0% used [0x00000007a8400000,0x00000007a8400000,0x00000007a9480000)
 ParOldGen       total 91136K, used 29816K [0x00000006c0c00000, 0x00000006c6500000, 0x000000076af00000)
  object space 91136K, 32% used [0x00000006c0c00000,0x00000006c291e220,0x00000006c6500000)
 Metaspace       used 25169K, capacity 26340K, committed 26620K, reserved 1073152K
  class space    used 3301K, capacity 3546K, committed 3584K, reserved 1048576K
Event: 80.475 GC heap after
Heap after GC invocations=22 (full 1):
 PSYoungGen      total 896000K, used 11166K [0x000000076af00000, 0x00000007a9c80000, 0x00000007c0000000)
  eden space 884736K, 0% used [0x000000076af00000,0x000000076af00000,0x00000007a0f00000)
  from space 11264K, 99% used [0x00000007a8400000,0x00000007a8ee79b8,0x00000007a8f00000)
  to   space 13824K, 0% used [0x00000007a8f00000,0x00000007a8f00000,0x00000007a9c80000)
 ParOldGen       total 91136K, used 29824K [0x00000006c0c00000, 0x00000006c6500000, 0x000000076af00000)
  object space 91136K, 32% used [0x00000006c0c00000,0x00000006c2920220,0x00000006c6500000)
 Metaspace       used 25169K, capacity 26340K, committed 26620K, reserved 1073152K
  class space    used 3301K, capacity 3546K, committed 3584K, reserved 1048576K
}

Deoptimization events (10 events):
Event: 79.857 Thread 0x000000001ffca000 Uncommon trap: reason=class_check action=maybe_recompile pc=0x000000000484bd24 method=com.sun.javafx.sg.prism.NGNode.renderRectClip(Lcom/sun/prism/Graphics;Lcom/sun/javafx/sg/prism/NGRectangle;)V @ 86
Event: 79.870 Thread 0x000000001ffca000 Uncommon trap: reason=class_check action=maybe_recompile pc=0x000000000484bd24 method=com.sun.javafx.sg.prism.NGNode.renderRectClip(Lcom/sun/prism/Graphics;Lcom/sun/javafx/sg/prism/NGRectangle;)V @ 86
Event: 79.882 Thread 0x000000001ffca000 Uncommon trap: reason=class_check action=maybe_recompile pc=0x000000000484bd24 method=com.sun.javafx.sg.prism.NGNode.renderRectClip(Lcom/sun/prism/Graphics;Lcom/sun/javafx/sg/prism/NGRectangle;)V @ 86
Event: 79.893 Thread 0x000000001ffca000 Uncommon trap: reason=class_check action=maybe_recompile pc=0x000000000484bd24 method=com.sun.javafx.sg.prism.NGNode.renderRectClip(Lcom/sun/prism/Graphics;Lcom/sun/javafx/sg/prism/NGRectangle;)V @ 86
Event: 80.357 Thread 0x000000001ffca000 Uncommon trap: reason=unstable_if action=reinterpret pc=0x0000000003d7b888 method=com.sun.javafx.geom.RectBounds.disjoint(Lcom/sun/javafx/geom/RectBounds;)Z @ 15
Event: 80.358 Thread 0x000000001ffca000 Uncommon trap: reason=class_check action=maybe_recompile pc=0x0000000003ce1c64 method=com.sun.javafx.sg.prism.NGGroup.renderContent(Lcom/sun/prism/Graphics;)V @ 66
Event: 80.368 Thread 0x000000001ffca000 Uncommon trap: reason=unstable_if action=reinterpret pc=0x0000000004a16fec method=com.sun.javafx.geom.RectBounds.disjoint(Lcom/sun/javafx/geom/RectBounds;)Z @ 15
Event: 80.513 Thread 0x0000000020005000 Uncommon trap: reason=unstable_if action=reinterpret pc=0x0000000003c9f4fc method=com.sun.webkit.WebPage.addDirtyRect(Lcom/sun/webkit/graphics/WCRectangle;)V @ 53
Event: 81.069 Thread 0x000000001ffca000 Uncommon trap: reason=unstable_if action=reinterpret pc=0x0000000004a9e674 method=com.sun.javafx.sg.prism.NGNode.renderRectClip(Lcom/sun/prism/Graphics;Lcom/sun/javafx/sg/prism/NGRectangle;)V @ 82
Event: 81.610 Thread 0x000000001ffca000 Uncommon trap: reason=class_check action=maybe_recompile pc=0x0000000003ce1c64 method=com.sun.javafx.sg.prism.NGGroup.renderContent(Lcom/sun/prism/Graphics;)V @ 66

Internal exceptions (10 events):
Event: 1.729 Thread 0x00000000200bf800 Implicit null exception at 0x000000000409c691 to 0x000000000409c711
Event: 1.764 Thread 0x00000000200bf800 Implicit null exception at 0x00000000040a0b74 to 0x00000000040a0be9
Event: 2.133 Thread 0x00000000200bf800 Implicit null exception at 0x00000000040e581b to 0x00000000040e58a2
Event: 2.353 Thread 0x0000000020005000 Implicit null exception at 0x00000000041bf283 to 0x00000000041c2861
Event: 2.705 Thread 0x0000000020005000 Implicit null exception at 0x000000000410ddb5 to 0x000000000410e469
Event: 2.705 Thread 0x0000000020005000 Implicit null exception at 0x00000000041b4774 to 0x00000000041b4a89
Event: 2.705 Thread 0x0000000020005000 Implicit null exception at 0x0000000004098009 to 0x0000000004098119
Event: 2.707 Thread 0x0000000020005000 Implicit null exception at 0x00000000040942d9 to 0x0000000004094389
Event: 3.155 Thread 0x000000001ffca000 Implicit null exception at 0x00000000043a3a10 to 0x00000000043a3fad
Event: 3.705 Thread 0x0000000020005000 Implicit null exception at 0x0000000003a9d21c to 0x0000000003a9dfed

Events (10 events):
Event: 81.967 Thread 0x000000001f2f6800 flushing nmethod 0x00000000043f6f10
Event: 81.992 Thread 0x000000001f2e9000 flushing nmethod 0x0000000004553a90
Event: 81.992 Thread 0x000000001f2e9000 flushing nmethod 0x000000000455cdd0
Event: 81.996 Thread 0x000000001f2ed800 flushing nmethod 0x00000000045a9710
Event: 81.996 Thread 0x000000001f2ed800 flushing nmethod 0x00000000045aa310
Event: 81.998 Thread 0x000000001f2f6800 flushing nmethod 0x00000000047ae690
Event: 81.998 Thread 0x000000001f2f6800 flushing nmethod 0x00000000047d4d10
Event: 82.037 Thread 0x000000001f2f9800 flushing nmethod 0x00000000047e6e10
Event: 82.037 Thread 0x000000001f2f9800 flushing nmethod 0x00000000047e8250
Event: 82.433 Thread 0x000000002a7ab800 Thread added: 0x000000002a7ab800


Dynamic libraries:
0x00007ff7d8070000 - 0x00007ff7d80a7000 	C:\Program Files\Java\jre1.8.0_71\bin\javaw.exe
0x00007ffbc1b70000 - 0x00007ffbc1d41000 	C:\WINDOWS\SYSTEM32\ntdll.dll
0x00007ffbbfb60000 - 0x00007ffbbfc0c000 	C:\WINDOWS\System32\KERNEL32.DLL
0x00007ffbbe040000 - 0x00007ffbbe25d000 	C:\WINDOWS\System32\KERNELBASE.dll
0x00007ffbc0090000 - 0x00007ffbc0132000 	C:\WINDOWS\System32\ADVAPI32.dll
0x00007ffbbf3b0000 - 0x00007ffbbf44e000 	C:\WINDOWS\System32\msvcrt.dll
0x00007ffbc0030000 - 0x00007ffbc0089000 	C:\WINDOWS\System32\sechost.dll
0x00007ffbbfa30000 - 0x00007ffbbfb51000 	C:\WINDOWS\System32\RPCRT4.dll
0x00007ffbbf140000 - 0x00007ffbbf2a5000 	C:\WINDOWS\System32\USER32.dll
0x00007ffbbe460000 - 0x00007ffbbe47e000 	C:\WINDOWS\System32\win32u.dll
0x00007ffbc1ac0000 - 0x00007ffbc1af4000 	C:\WINDOWS\System32\GDI32.dll
0x00007ffbbef50000 - 0x00007ffbbf0d2000 	C:\WINDOWS\System32\gdi32full.dll
0x00007ffbb4b60000 - 0x00007ffbb4dda000 	C:\WINDOWS\WinSxS\amd64_microsoft.windows.common-controls_6595b64144ccf1df_6.0.14393.953_none_42151e83c686086b\COMCTL32.dll
0x00007ffbbfd60000 - 0x00007ffbc0028000 	C:\WINDOWS\System32\combase.dll
0x00007ffbbe360000 - 0x00007ffbbe455000 	C:\WINDOWS\System32\ucrtbase.dll
0x00007ffbbed10000 - 0x00007ffbbed7a000 	C:\WINDOWS\System32\bcryptPrimitives.dll
0x00007ffbc1660000 - 0x00007ffbc168e000 	C:\WINDOWS\System32\IMM32.DLL
0x00007ffbbc780000 - 0x00007ffbbc7b0000 	c:\PROGRA~1\BULLGU~1\BULLGU~1\BgAgent.dll
0x0000000072c60000 - 0x0000000072d32000 	C:\Program Files\Java\jre1.8.0_71\bin\msvcr100.dll
0x0000000075170000 - 0x00000000759ff000 	C:\Program Files\Java\jre1.8.0_71\bin\server\jvm.dll
0x00007ffbbf790000 - 0x00007ffbbf798000 	C:\WINDOWS\System32\PSAPI.DLL
0x00007ffbb1ba0000 - 0x00007ffbb1ba9000 	C:\WINDOWS\SYSTEM32\WSOCK32.dll
0x00007ffbba2e0000 - 0x00007ffbba2ea000 	C:\WINDOWS\SYSTEM32\VERSION.dll
0x00007ffbbbc80000 - 0x00007ffbbbca3000 	C:\WINDOWS\SYSTEM32\WINMM.dll
0x00007ffbbfcd0000 - 0x00007ffbbfd3a000 	C:\WINDOWS\System32\WS2_32.dll
0x0000000001900000 - 0x000000000192b000 	C:\WINDOWS\SYSTEM32\WINMMBASE.dll
0x00007ffbbe310000 - 0x00007ffbbe352000 	C:\WINDOWS\System32\cfgmgr32.dll
0x0000000050020000 - 0x000000005002f000 	C:\Program Files\Java\jre1.8.0_71\bin\verify.dll
0x0000000075140000 - 0x0000000075169000 	C:\Program Files\Java\jre1.8.0_71\bin\java.dll
0x0000000050000000 - 0x0000000050016000 	C:\Program Files\Java\jre1.8.0_71\bin\zip.dll
0x00007ffbc0140000 - 0x00007ffbc1648000 	C:\WINDOWS\System32\SHELL32.dll
0x00007ffbbe5d0000 - 0x00007ffbbecaa000 	C:\WINDOWS\System32\windows.storage.dll
0x00007ffbbdff0000 - 0x00007ffbbe03c000 	C:\WINDOWS\System32\powrprof.dll
0x00007ffbbf0e0000 - 0x00007ffbbf132000 	C:\WINDOWS\System32\shlwapi.dll
0x00007ffbbdfd0000 - 0x00007ffbbdfdf000 	C:\WINDOWS\System32\kernel.appcore.dll
0x00007ffbbe260000 - 0x00007ffbbe309000 	C:\WINDOWS\System32\shcore.dll
0x00007ffbbdfb0000 - 0x00007ffbbdfc4000 	C:\WINDOWS\System32\profapi.dll
0x00007ffb797b0000 - 0x00007ffb7989f000 	C:\Program Files\Java\jre1.8.0_71\bin\msvcr120.dll
0x00007ffb79700000 - 0x00007ffb797a6000 	C:\Program Files\Java\jre1.8.0_71\bin\msvcp120.dll
0x0000000072c30000 - 0x0000000072c53000 	C:\Program Files\Java\jre1.8.0_71\bin\prism_d3d.dll
0x00007ffb8bf20000 - 0x00007ffb8c0ad000 	C:\WINDOWS\system32\d3d9.dll
0x00007ffbbb780000 - 0x00007ffbbb7a6000 	C:\WINDOWS\SYSTEM32\dwmapi.dll
0x00007ffbbc650000 - 0x00007ffbbc6e5000 	C:\WINDOWS\system32\uxtheme.dll
0x00007ffb79a00000 - 0x00007ffb7aabc000 	C:\WINDOWS\System32\DriverStore\FileRepository\nv_dispiwu.inf_amd64_b67dc924fff8de6d\nvd3dumx.dll
0x00007ffbb5a60000 - 0x00007ffbb5c17000 	C:\WINDOWS\system32\nvspcap64.dll
0x00007ffbbf650000 - 0x00007ffbbf788000 	C:\WINDOWS\System32\ole32.dll
0x00007ffbbf960000 - 0x00007ffbbfa1f000 	C:\WINDOWS\System32\OLEAUT32.dll
0x00007ffbbe530000 - 0x00007ffbbe5cc000 	C:\WINDOWS\System32\msvcp_win.dll
0x00007ffbc1690000 - 0x00007ffbc1ab9000 	C:\WINDOWS\System32\SETUPAPI.dll
0x00007ffbb9e60000 - 0x00007ffbb9f2d000 	C:\WINDOWS\SYSTEM32\WINHTTP.dll
0x00007ffbb98c0000 - 0x00007ffbb9cbb000 	C:\WINDOWS\system32\nvapi64.dll
0x00007ffbbcf30000 - 0x00007ffbbcfcf000 	C:\WINDOWS\SYSTEM32\dxgi.dll
0x00007ffbbdcb0000 - 0x00007ffbbdcdc000 	C:\WINDOWS\SYSTEM32\SspiCli.dll
0x0000000072be0000 - 0x0000000072c23000 	C:\Program Files\Java\jre1.8.0_71\bin\glass.dll
0x00007ffbbf2b0000 - 0x00007ffbbf3aa000 	C:\WINDOWS\System32\COMDLG32.dll
0x00007ffbbf7a0000 - 0x00007ffbbf8fa000 	C:\WINDOWS\System32\MSCTF.dll
0x00007ffbb9cc0000 - 0x00007ffbb9da6000 	C:\Program Files (x86)\NVIDIA Corporation\3D Vision\nvSCPAPI64.dll
0x0000000070630000 - 0x0000000070644000 	C:\Program Files\Java\jre1.8.0_71\bin\javafx_font.dll
0x00007ffba5280000 - 0x00007ffba54e9000 	C:\WINDOWS\SYSTEM32\dwrite.dll
0x0000000070650000 - 0x0000000072bdd000 	C:\Program Files\Java\jre1.8.0_71\bin\jfxwebkit.dll
0x00007ffbbda80000 - 0x00007ffbbda97000 	C:\WINDOWS\SYSTEM32\CRYPTSP.dll
0x00007ffbbd4e0000 - 0x00007ffbbd513000 	C:\WINDOWS\system32\rsaenh.dll
0x00007ffbbdb90000 - 0x00007ffbbdbbb000 	C:\WINDOWS\SYSTEM32\bcrypt.dll
0x00007ffbbdaa0000 - 0x00007ffbbdaab000 	C:\WINDOWS\SYSTEM32\CRYPTBASE.dll
0x0000000075120000 - 0x000000007513a000 	C:\Program Files\Java\jre1.8.0_71\bin\net.dll
0x00007ffbbd8e0000 - 0x00007ffbbd93c000 	C:\WINDOWS\system32\mswsock.dll
0x0000000075100000 - 0x0000000075111000 	C:\Program Files\Java\jre1.8.0_71\bin\nio.dll
0x00000000750d0000 - 0x00000000750f4000 	C:\Program Files\Java\jre1.8.0_71\bin\sunec.dll
0x00007ffbbd760000 - 0x00007ffbbd77f000 	C:\WINDOWS\SYSTEM32\USERENV.dll
0x00007ffbbd660000 - 0x00007ffbbd698000 	C:\WINDOWS\SYSTEM32\IPHLPAPI.DLL
0x00007ffbbfa20000 - 0x00007ffbbfa28000 	C:\WINDOWS\System32\NSI.dll
0x00007ffbbfc30000 - 0x00007ffbbfccf000 	C:\WINDOWS\System32\clbcatq.dll
0x00007ffbbb140000 - 0x00007ffbbb2e8000 	C:\WINDOWS\SYSTEM32\WindowsCodecs.dll
0x00007ffbb26f0000 - 0x00007ffbb2739000 	C:\WINDOWS\system32\dataexchange.dll
0x00007ffbba7c0000 - 0x00007ffbbaa76000 	C:\WINDOWS\system32\d3d11.dll
0x00007ffbbbff0000 - 0x00007ffbbc141000 	C:\WINDOWS\system32\dcomp.dll
0x00007ffbbca00000 - 0x00007ffbbcb1c000 	C:\WINDOWS\system32\twinapi.appcore.dll
0x00007ffba3db0000 - 0x00007ffba3de2000 	C:\Program Files\Common Files\Microsoft Shared\Ink\rtscom.dll
0x00007ffbbaaa0000 - 0x00007ffbbaab6000 	C:\WINDOWS\SYSTEM32\dhcpcsvc6.DLL
0x00007ffbbaa80000 - 0x00007ffbbaa9a000 	C:\WINDOWS\SYSTEM32\dhcpcsvc.DLL
0x0000000070610000 - 0x0000000070621000 	C:\Program Files\Java\jre1.8.0_71\bin\prism_common.dll
0x00007ffbb7800000 - 0x00007ffbb7d5f000 	C:\WINDOWS\SYSTEM32\d2d1.dll
0x00007ffbbed80000 - 0x00007ffbbef49000 	C:\WINDOWS\System32\CRYPT32.dll
0x00007ffbbdfe0000 - 0x00007ffbbdff0000 	C:\WINDOWS\System32\MSASN1.dll
0x00007ffba3890000 - 0x00007ffba3b1d000 	C:\WINDOWS\SYSTEM32\D3D10Warp.dll
0x00007ffbbbdd0000 - 0x00007ffbbbde8000 	C:\WINDOWS\system32\NLAapi.dll
0x00007ffbb2880000 - 0x00007ffbb2896000 	C:\WINDOWS\system32\napinsp.dll
0x00007ffbb28a0000 - 0x00007ffbb28ba000 	C:\WINDOWS\system32\pnrpnsp.dll
0x00007ffbbd6a0000 - 0x00007ffbbd741000 	C:\WINDOWS\SYSTEM32\DNSAPI.dll
0x00007ffbb28c0000 - 0x00007ffbb28ce000 	C:\WINDOWS\System32\winrnr.dll
0x0000000050640000 - 0x0000000050666000 	C:\Program Files\Bonjour\mdnsNSP.dll
0x00007ffbb98b0000 - 0x00007ffbb98ba000 	C:\Windows\System32\rasadhlp.dll
0x00007ffbba300000 - 0x00007ffbba36a000 	C:\WINDOWS\System32\fwpuclnt.dll
0x00000000705e0000 - 0x0000000070603000 	C:\Program Files\Java\jre1.8.0_71\bin\javafx_iio.dll
0x00007ffbacc90000 - 0x00007ffbace22000 	C:\WINDOWS\SYSTEM32\dbghelp.dll

VM Arguments:
jvm_args: -Djava.library.path=C:\Users\Jack\Desktop\New folder (9)\cansat -Dfile.encoding=Cp1252 
java_command: cansat.Luncher
java_class_path (initial): F:\Stuff\cansat\newPro\cansat\bin;C:\Program Files\Java\jdk1.8.0_71\jre\lib\jfxswt.jar;F:\Stuff\cansat\newPro\cansat\lib\RXTXcomm.jar
Launcher Type: SUN_STANDARD

Environment Variables:
PATH=C:/Program Files/Java/jre1.8.0_71/bin/server;C:/Program Files/Java/jre1.8.0_71/bin;C:/Program Files/Java/jre1.8.0_71/lib/amd64;C:\Program Files\Oculus\Support\oculus-runtime;C:\Program Files (x86)\ActiveState Komodo IDE 10\;C:\ProgramData\Oracle\Java\javapath;C:\Windows\system32;C:\Windows;C:\Windows\System32\Wbem;C:\Windows\System32\WindowsPowerShell\v1.0\;C:\Program Files (x86)\NVIDIA Corporation\PhysX\Common;C:\Program Files (x86)\Skype\Phone\;C:\Program Files\Microsoft\Web Platform Installer\;C:\Program Files (x86)\Microsoft ASP.NET\ASP.NET Web Pages\v1.0\;C:\Program Files (x86)\Windows Kits\8.0\Windows Performance Toolkit\;C:\Program Files\Microsoft SQL Server\110\Tools\Binn\;C:\Program Files (x86)\GtkSharp\2.12\bin;C:\Users\Jack\.dnx\bin;C:\Program Files\Microsoft DNX\Dnvm\;C:\Program Files\Microsoft SQL Server\130\Tools\Binn\;C:\WINDOWS\system32;C:\WINDOWS;C:\WINDOWS\System32\Wbem;C:\WINDOWS\System32\WindowsPowerShell\v1.0\;C:\Python27;C:\Program Files (x86)\Windows Kits\10\Windows Performance Toolkit\;C:\Program Files (x86)\Windows Kits\8.1\Windows Performance Toolkit\;C:\Users\Jack\AppData\Local\Microsoft\WindowsApps;C:\Program Files\Bandizip\;C:\Users\Jack\eclipse\java-mars\eclipse;
USERNAME=Jack
OS=Windows_NT
PROCESSOR_IDENTIFIER=Intel64 Family 6 Model 60 Stepping 3, GenuineIntel



---------------  S Y S T E M  ---------------

OS: Windows 10.0 , 64 bit Build 14393 (10.0.14393.1198)

CPU:total 8 (4 cores per cpu, 2 threads per core) family 6 model 60 stepping 3, cmov, cx8, fxsr, mmx, sse, sse2, sse3, ssse3, sse4.1, sse4.2, popcnt, avx, avx2, aes, clmul, erms, lzcnt, ht, tsc, tscinvbit, bmi1, bmi2

Memory: 4k page, physical 16724548k(4604728k free), swap 67056196k(3540k free)

vm_info: Java HotSpot(TM) 64-Bit Server VM (25.71-b15) for windows-amd64 JRE (1.8.0_71-b15), built on Dec 22 2015 18:15:55 by "java_re" with MS VC++ 10.0 (VS2010)

time: Fri Jun 02 03:03:28 2017
elapsed time: 82 seconds (0d 0h 1m 22s)

