#
# A fatal error has been detected by the Java Runtime Environment:
#
#  EXCEPTION_ACCESS_VIOLATION (0xc0000005) at pc=0x0000000066ec4ca9, pid=46872, tid=47028
#
# JRE version: Java(TM) SE Runtime Environment (8.0_71-b15) (build 1.8.0_71-b15)
# Java VM: Java HotSpot(TM) 64-Bit Server VM (25.71-b15 mixed mode windows-amd64 compressed oops)
# Problematic frame:
# C  [jfxwebkit.dll+0xb94ca9]
#
# Failed to write core dump. Minidumps are not enabled by default on client versions of Windows
#
# If you would like to submit a bug report, please visit:
#   http://bugreport.java.com/bugreport/crash.jsp
# The crash happened outside the Java Virtual Machine in native code.
# See problematic frame for where to report the bug.
#

---------------  T H R E A D  ---------------

Current thread (0x000000001fb32800):  JavaThread "JavaFX Application Thread" [_thread_in_native, id=47028, stack(0x0000000020890000,0x0000000020990000)]

siginfo: ExceptionCode=0xc0000005, writing address 0x00000000bbadbeef

Registers:
RAX=0x0000000000000000, RBX=0x0000000000000000, RCX=0x7deea192a6870000, RDX=0x0000000000000002
RSP=0x000000002098ce50, RBP=0x000000002098d000, RSI=0x0000000029d874e0, RDI=0x000000000000ab21
R8 =0x000000002098c950, R9 =0x00007ffd2b7e0000, R10=0x0000000000000000, R11=0x0000000000000200
R12=0x0000000000000000, R13=0x4000800100001600, R14=0x0000000024c45d90, R15=0x0000000000000000
RIP=0x0000000066ec4ca9, EFLAGS=0x0000000000010246

Top of Stack: (sp=0x000000002098ce50)
0x000000002098ce50:   0000000000000000 0000000000015642
0x000000002098ce60:   0000000000000028 0000000020980000
0x000000002098ce70:   000000000000ab21 0000000066ea5c49
0x000000002098ce80:   0000000024aca7a0 0000000029d874e0
0x000000002098ce90:   0000000000000000 0000000024c45d90
0x000000002098cea0:   0000000024aca7a0 0000000066a3b271
0x000000002098ceb0:   000000002098cf88 0000000000000000
0x000000002098cec0:   0000000029d799c0 0000000029d799c0
0x000000002098ced0:   0000000024aca7a0 0000000066a4da3a
0x000000002098cee0:   0000000029d986ae 0000000066bfd74d
0x000000002098cef0:   0000000024c41cc0 0000000024c41c28
0x000000002098cf00:   0000000024aca7a0 0000000066a48fab
0x000000002098cf10:   000000002098cf88 0000000029d874e0
0x000000002098cf20:   0000000000000000 0000000000000000
0x000000002098cf30:   0000000024aca790 0000000024c41b80
0x000000002098cf40:   000000000000002c 0000000066a48849 

Instructions: (pc=0x0000000066ec4ca9)
0x0000000066ec4c89:   83 c4 20 5b c3 cc cc 48 83 ec 28 48 8b 05 15 a8
0x0000000066ec4c99:   8c 01 48 85 c0 74 02 ff d0 e8 a9 07 00 00 33 c0
0x0000000066ec4ca9:   a3 ef be ad bb 00 00 00 00 48 83 c4 28 48 ff e0
0x0000000066ec4cb9:   cc cc cc cc cc cc cc 48 83 ec 28 48 8b 05 e5 a7 


Register to memory mapping:

RAX=0x0000000000000000 is an unknown value
RBX=0x0000000000000000 is an unknown value
RCX=0x7deea192a6870000 is an unknown value
RDX=0x0000000000000002 is an unknown value
RSP=0x000000002098ce50 is pointing into the stack for thread: 0x000000001fb32800
RBP=0x000000002098d000 is pointing into the stack for thread: 0x000000001fb32800
RSI=0x0000000029d874e0 is an unknown value
RDI=0x000000000000ab21 is an unknown value
R8 =0x000000002098c950 is pointing into the stack for thread: 0x000000001fb32800
R9 =0x00007ffd2b7e0000 is an unknown value
R10=0x0000000000000000 is an unknown value
R11=0x0000000000000200 is an unknown value
R12=0x0000000000000000 is an unknown value
R13=0x4000800100001600 is an unknown value
R14=0x0000000024c45d90 is an unknown value
R15=0x0000000000000000 is an unknown value


Stack: [0x0000000020890000,0x0000000020990000],  sp=0x000000002098ce50,  free space=1011k
Native frames: (J=compiled Java code, j=interpreted, Vv=VM code, C=native code)
C  [jfxwebkit.dll+0xb94ca9]
C  [jfxwebkit.dll+0xb75c49]
C  [jfxwebkit.dll+0x70b271]
C  [jfxwebkit.dll+0x71da3a]
C  [jfxwebkit.dll+0x718fab]
C  [jfxwebkit.dll+0x718849]
C  [jfxwebkit.dll+0x71ae15]
C  [jfxwebkit.dll+0x70c499]
C  [jfxwebkit.dll+0x70b4a0]
C  [jfxwebkit.dll+0x58f0e2]
C  [jfxwebkit.dll+0x7b3315]
C  [jfxwebkit.dll+0x7b33d6]
C  [jfxwebkit.dll+0x7b3b24]
C  [jfxwebkit.dll+0x7a5673]
C  [jfxwebkit.dll+0x7a4a68]
C  [jfxwebkit.dll+0x7de93a]
C  [jfxwebkit.dll+0x7de864]
C  [jfxwebkit.dll+0x7d9722]
C  [jfxwebkit.dll+0x8bfbb2]
C  0x0000000003375e34

Java frames: (J=compiled Java code, j=interpreted, Vv=VM code)
j  com.sun.webkit.network.URLLoader.twkDidReceiveData(Ljava/nio/ByteBuffer;IIJ)V+0
j  com.sun.webkit.network.URLLoader.notifyDidReceiveData(Ljava/nio/ByteBuffer;II)V+65
j  com.sun.webkit.network.URLLoader.lambda$didReceiveData$95(Ljava/nio/ByteBuffer;Lcom/sun/webkit/network/ByteBufferAllocator;)V+17
j  com.sun.webkit.network.URLLoader$$Lambda$220.run()V+12
j  com.sun.javafx.application.PlatformImpl.lambda$null$173(Ljava/lang/Runnable;)Ljava/lang/Void;+1
j  com.sun.javafx.application.PlatformImpl$$Lambda$50.run()Ljava/lang/Object;+4
v  ~StubRoutines::call_stub
J 1628  java.security.AccessController.doPrivileged(Ljava/security/PrivilegedAction;Ljava/security/AccessControlContext;)Ljava/lang/Object; (0 bytes) @ 0x0000000003894ce6 [0x0000000003894c80+0x66]
j  com.sun.javafx.application.PlatformImpl.lambda$runLater$174(Ljava/lang/Runnable;Ljava/security/AccessControlContext;)V+7
j  com.sun.javafx.application.PlatformImpl$$Lambda$49.run()V+8
j  com.sun.glass.ui.InvokeLaterDispatcher$Future.run()V+4
v  ~StubRoutines::call_stub
j  com.sun.glass.ui.win.WinApplication._runLoop(Ljava/lang/Runnable;)V+0
j  com.sun.glass.ui.win.WinApplication.lambda$null$148(ILjava/lang/Runnable;)V+8
j  com.sun.glass.ui.win.WinApplication$$Lambda$38.run()V+12
j  java.lang.Thread.run()V+11
v  ~StubRoutines::call_stub

---------------  P R O C E S S  ---------------

Java Threads: ( => current thread )
  0x0000000025dca000 JavaThread "URL-Loader-2" daemon [_thread_in_native, id=44108, stack(0x0000000029a30000,0x0000000029b30000)]
  0x0000000025dc7000 JavaThread "Watchdog-Timer-1" daemon [_thread_blocked, id=41992, stack(0x0000000029930000,0x0000000029a30000)]
  0x0000000025dc5800 JavaThread "Keep-Alive-Timer" daemon [_thread_blocked, id=45496, stack(0x0000000029830000,0x0000000029930000)]
  0x000000001ff15000 JavaThread "Timer-0" [_thread_blocked, id=43648, stack(0x0000000028e10000,0x0000000028f10000)]
  0x000000001ff2f000 JavaThread "Prism Font Disposer" daemon [_thread_blocked, id=41320, stack(0x00000000272e0000,0x00000000273e0000)]
  0x000000001fd0a000 JavaThread "URL-Loader-1" daemon [_thread_blocked, id=47060, stack(0x00000000259a0000,0x0000000025aa0000)]
  0x000000001fc5d000 JavaThread "Disposer" daemon [_thread_blocked, id=47056, stack(0x0000000025780000,0x0000000025880000)]
  0x000000001fbdb000 JavaThread "Thread-3" daemon [_thread_in_native, id=47044, stack(0x0000000024e00000,0x0000000024f00000)]
  0x000000001fbe3000 JavaThread "JavaFX-Launcher" [_thread_blocked, id=47048, stack(0x0000000024f00000,0x0000000025000000)]
=>0x000000001fb32800 JavaThread "JavaFX Application Thread" [_thread_in_native, id=47028, stack(0x0000000020890000,0x0000000020990000)]
  0x000000001fb70000 JavaThread "Thread-1" daemon [_thread_blocked, id=47024, stack(0x0000000020790000,0x0000000020890000)]
  0x000000001fb1c800 JavaThread "QuantumRenderer-0" daemon [_thread_blocked, id=47016, stack(0x00000000202d0000,0x00000000203d0000)]
  0x000000001efa5000 JavaThread "Service Thread" daemon [_thread_blocked, id=47008, stack(0x000000001f8d0000,0x000000001f9d0000)]
  0x000000001ef0d000 JavaThread "C1 CompilerThread3" daemon [_thread_blocked, id=47004, stack(0x000000001f7d0000,0x000000001f8d0000)]
  0x000000001ef00000 JavaThread "C2 CompilerThread2" daemon [_thread_blocked, id=47000, stack(0x000000001f6d0000,0x000000001f7d0000)]
  0x000000001eefb000 JavaThread "C2 CompilerThread1" daemon [_thread_blocked, id=46996, stack(0x000000001f5d0000,0x000000001f6d0000)]
  0x000000001eef6800 JavaThread "C2 CompilerThread0" daemon [_thread_blocked, id=46992, stack(0x000000001f4d0000,0x000000001f5d0000)]
  0x000000001eef5800 JavaThread "Attach Listener" daemon [_thread_blocked, id=46988, stack(0x000000001f3d0000,0x000000001f4d0000)]
  0x000000001ce1e800 JavaThread "Signal Dispatcher" daemon [_thread_blocked, id=46984, stack(0x000000001f2d0000,0x000000001f3d0000)]
  0x000000000335a000 JavaThread "Finalizer" daemon [_thread_blocked, id=46980, stack(0x000000001ece0000,0x000000001ede0000)]
  0x000000001ce0d800 JavaThread "Reference Handler" daemon [_thread_blocked, id=46976, stack(0x000000001ebe0000,0x000000001ece0000)]
  0x0000000003260800 JavaThread "main" [_thread_blocked, id=46912, stack(0x0000000003160000,0x0000000003260000)]

Other Threads:
  0x000000001ce09000 VMThread [stack: 0x000000001eae0000,0x000000001ebe0000] [id=46972]
  0x000000001efcb800 WatcherThread [stack: 0x000000001f9d0000,0x000000001fad0000] [id=47012]

VM state:not at safepoint (normal execution)

VM Mutex/Monitor currently owned by a thread: None

Heap:
 PSYoungGen      total 76288K, used 71986K [0x000000076af00000, 0x0000000770400000, 0x00000007c0000000)
  eden space 65536K, 97% used [0x000000076af00000,0x000000076ed93520,0x000000076ef00000)
  from space 10752K, 73% used [0x000000076f980000,0x00000007701393a0,0x0000000770400000)
  to   space 10752K, 0% used [0x000000076ef00000,0x000000076ef00000,0x000000076f980000)
 ParOldGen       total 175104K, used 40K [0x00000006c0c00000, 0x00000006cb700000, 0x000000076af00000)
  object space 175104K, 0% used [0x00000006c0c00000,0x00000006c0c0a000,0x00000006cb700000)
 Metaspace       used 18988K, capacity 19742K, committed 19968K, reserved 1067008K
  class space    used 2562K, capacity 2748K, committed 2816K, reserved 1048576K

Card table byte_map: [0x0000000012720000,0x0000000012f20000] byte_map_base: 0x000000000f11a000

Marking Bits: (ParMarkBitMap*) 0x00000000692ff600
 Begin Bits: [0x0000000013c80000, 0x0000000017c50000)
 End Bits:   [0x0000000017c50000, 0x000000001bc20000)

Polling page: 0x00000000010d0000

CodeCache: size=245760Kb used=6809Kb max_used=6809Kb free=238950Kb
 bounds [0x0000000003360000, 0x0000000003a10000, 0x0000000012360000]
 total_blobs=2924 nmethods=2192 adapters=644
 compilation: enabled

Compilation events (10 events):
Event: 2.380 Thread 0x000000001ef0d000 2191   !   3       java.security.Provider$Service::getImplClass (186 bytes)
Event: 2.381 Thread 0x000000001ef0d000 nmethod 2191 0x0000000003a05390 code [0x0000000003a057e0, 0x0000000003a082e8]
Event: 2.381 Thread 0x000000001ef0d000 2179       1       javafx.scene.Node::access$5000 (5 bytes)
Event: 2.382 Thread 0x000000001ef0d000 nmethod 2179 0x0000000003a099d0 code [0x0000000003a09b20, 0x0000000003a09c10]
Event: 2.382 Thread 0x000000001ef0d000 2188       1       com.sun.prism.impl.BaseGraphics::isDepthBuffer (5 bytes)
Event: 2.382 Thread 0x000000001ef0d000 nmethod 2188 0x0000000003a09c90 code [0x0000000003a09de0, 0x0000000003a09ef0]
Event: 2.382 Thread 0x000000001ef0d000 2190       1       javafx.scene.layout.BackgroundFill::getRadii (5 bytes)
Event: 2.382 Thread 0x000000001ef0d000 nmethod 2190 0x0000000003a09f50 code [0x0000000003a0a0a0, 0x0000000003a0a1b0]
Event: 2.383 Thread 0x000000001ef0d000 2192       1       com.sun.javafx.geom.transform.BaseTransform::getMzt (2 bytes)
Event: 2.383 Thread 0x000000001ef0d000 nmethod 2192 0x0000000003a0a210 code [0x0000000003a0a360, 0x0000000003a0a470]

GC Heap History (8 events):
Event: 1.852 GC heap before
{Heap before GC invocations=1 (full 0):
 PSYoungGen      total 76288K, used 65536K [0x000000076af00000, 0x0000000770400000, 0x00000007c0000000)
  eden space 65536K, 100% used [0x000000076af00000,0x000000076ef00000,0x000000076ef00000)
  from space 10752K, 0% used [0x000000076f980000,0x000000076f980000,0x0000000770400000)
  to   space 10752K, 0% used [0x000000076ef00000,0x000000076ef00000,0x000000076f980000)
 ParOldGen       total 175104K, used 0K [0x00000006c0c00000, 0x00000006cb700000, 0x000000076af00000)
  object space 175104K, 0% used [0x00000006c0c00000,0x00000006c0c00000,0x00000006cb700000)
 Metaspace       used 18353K, capacity 19144K, committed 19456K, reserved 1067008K
  class space    used 2497K, capacity 2701K, committed 2816K, reserved 1048576K
Event: 1.859 GC heap after
Heap after GC invocations=1 (full 0):
 PSYoungGen      total 76288K, used 9226K [0x000000076af00000, 0x0000000770400000, 0x00000007c0000000)
  eden space 65536K, 0% used [0x000000076af00000,0x000000076af00000,0x000000076ef00000)
  from space 10752K, 85% used [0x000000076ef00000,0x000000076f802a90,0x000000076f980000)
  to   space 10752K, 0% used [0x000000076f980000,0x000000076f980000,0x0000000770400000)
 ParOldGen       total 175104K, used 24K [0x00000006c0c00000, 0x00000006cb700000, 0x000000076af00000)
  object space 175104K, 0% used [0x00000006c0c00000,0x00000006c0c06000,0x00000006cb700000)
 Metaspace       used 18353K, capacity 19144K, committed 19456K, reserved 1067008K
  class space    used 2497K, capacity 2701K, committed 2816K, reserved 1048576K
}
Event: 1.878 GC heap before
{Heap before GC invocations=2 (full 0):
 PSYoungGen      total 76288K, used 74723K [0x000000076af00000, 0x0000000770400000, 0x00000007c0000000)
  eden space 65536K, 99% used [0x000000076af00000,0x000000076eef6448,0x000000076ef00000)
  from space 10752K, 85% used [0x000000076ef00000,0x000000076f802a90,0x000000076f980000)
  to   space 10752K, 0% used [0x000000076f980000,0x000000076f980000,0x0000000770400000)
 ParOldGen       total 175104K, used 24K [0x00000006c0c00000, 0x00000006cb700000, 0x000000076af00000)
  object space 175104K, 0% used [0x00000006c0c00000,0x00000006c0c06000,0x00000006cb700000)
 Metaspace       used 18363K, capacity 19144K, committed 19456K, reserved 1067008K
  class space    used 2497K, capacity 2701K, committed 2816K, reserved 1048576K
Event: 1.882 GC heap after
Heap after GC invocations=2 (full 0):
 PSYoungGen      total 76288K, used 7886K [0x000000076af00000, 0x0000000770400000, 0x00000007c0000000)
  eden space 65536K, 0% used [0x000000076af00000,0x000000076af00000,0x000000076ef00000)
  from space 10752K, 73% used [0x000000076f980000,0x0000000770133bd8,0x0000000770400000)
  to   space 10752K, 0% used [0x000000076ef00000,0x000000076ef00000,0x000000076f980000)
 ParOldGen       total 175104K, used 32K [0x00000006c0c00000, 0x00000006cb700000, 0x000000076af00000)
  object space 175104K, 0% used [0x00000006c0c00000,0x00000006c0c08000,0x00000006cb700000)
 Metaspace       used 18363K, capacity 19144K, committed 19456K, reserved 1067008K
  class space    used 2497K, capacity 2701K, committed 2816K, reserved 1048576K
}
Event: 1.898 GC heap before
{Heap before GC invocations=3 (full 0):
 PSYoungGen      total 76288K, used 73352K [0x000000076af00000, 0x0000000770400000, 0x00000007c0000000)
  eden space 65536K, 99% used [0x000000076af00000,0x000000076eeee788,0x000000076ef00000)
  from space 10752K, 73% used [0x000000076f980000,0x0000000770133bd8,0x0000000770400000)
  to   space 10752K, 0% used [0x000000076ef00000,0x000000076ef00000,0x000000076f980000)
 ParOldGen       total 175104K, used 32K [0x00000006c0c00000, 0x00000006cb700000, 0x000000076af00000)
  object space 175104K, 0% used [0x00000006c0c00000,0x00000006c0c08000,0x00000006cb700000)
 Metaspace       used 18363K, capacity 19144K, committed 19456K, reserved 1067008K
  class space    used 2497K, capacity 2701K, committed 2816K, reserved 1048576K
Event: 1.903 GC heap after
Heap after GC invocations=3 (full 0):
 PSYoungGen      total 76288K, used 7833K [0x000000076af00000, 0x0000000770400000, 0x00000007c0000000)
  eden space 65536K, 0% used [0x000000076af00000,0x000000076af00000,0x000000076ef00000)
  from space 10752K, 72% used [0x000000076ef00000,0x000000076f6a6728,0x000000076f980000)
  to   space 10752K, 0% used [0x000000076f980000,0x000000076f980000,0x0000000770400000)
 ParOldGen       total 175104K, used 32K [0x00000006c0c00000, 0x00000006cb700000, 0x000000076af00000)
  object space 175104K, 0% used [0x00000006c0c00000,0x00000006c0c08000,0x00000006cb700000)
 Metaspace       used 18363K, capacity 19144K, committed 19456K, reserved 1067008K
  class space    used 2497K, capacity 2701K, committed 2816K, reserved 1048576K
}
Event: 1.918 GC heap before
{Heap before GC invocations=4 (full 0):
 PSYoungGen      total 76288K, used 73215K [0x000000076af00000, 0x0000000770400000, 0x00000007c0000000)
  eden space 65536K, 99% used [0x000000076af00000,0x000000076eed97a0,0x000000076ef00000)
  from space 10752K, 72% used [0x000000076ef00000,0x000000076f6a6728,0x000000076f980000)
  to   space 10752K, 0% used [0x000000076f980000,0x000000076f980000,0x0000000770400000)
 ParOldGen       total 175104K, used 32K [0x00000006c0c00000, 0x00000006cb700000, 0x000000076af00000)
  object space 175104K, 0% used [0x00000006c0c00000,0x00000006c0c08000,0x00000006cb700000)
 Metaspace       used 18363K, capacity 19144K, committed 19456K, reserved 1067008K
  class space    used 2497K, capacity 2701K, committed 2816K, reserved 1048576K
Event: 1.922 GC heap after
Heap after GC invocations=4 (full 0):
 PSYoungGen      total 76288K, used 7908K [0x000000076af00000, 0x0000000770400000, 0x00000007c0000000)
  eden space 65536K, 0% used [0x000000076af00000,0x000000076af00000,0x000000076ef00000)
  from space 10752K, 73% used [0x000000076f980000,0x00000007701393a0,0x0000000770400000)
  to   space 10752K, 0% used [0x000000076ef00000,0x000000076ef00000,0x000000076f980000)
 ParOldGen       total 175104K, used 40K [0x00000006c0c00000, 0x00000006cb700000, 0x000000076af00000)
  object space 175104K, 0% used [0x00000006c0c00000,0x00000006c0c0a000,0x00000006cb700000)
 Metaspace       used 18363K, capacity 19144K, committed 19456K, reserved 1067008K
  class space    used 2497K, capacity 2701K, committed 2816K, reserved 1048576K
}

Deoptimization events (10 events):
Event: 2.060 Thread 0x000000001fd0a000 Uncommon trap: reason=class_check action=maybe_recompile pc=0x000000000396833c method=java.util.regex.Pattern$Curly.match(Ljava/util/regex/Matcher;ILjava/lang/CharSequence;)Z @ 19
Event: 2.060 Thread 0x000000001fd0a000 Uncommon trap: reason=class_check action=maybe_recompile pc=0x000000000396833c method=java.util.regex.Pattern$Curly.match(Ljava/util/regex/Matcher;ILjava/lang/CharSequence;)Z @ 19
Event: 2.333 Thread 0x0000000025dca000 Uncommon trap: reason=unstable_if action=reinterpret pc=0x00000000039afc88 method=java.net.IDN.toASCIIInternal(Ljava/lang/String;I)Ljava/lang/String; @ 72
Event: 2.362 Thread 0x000000001fb32800 Uncommon trap: reason=bimorphic action=maybe_recompile pc=0x0000000003745dc8 method=java.util.HashMap.putVal(ILjava/lang/Object;Ljava/lang/Object;ZZ)Ljava/lang/Object; @ 203
Event: 2.362 Thread 0x000000001fb32800 Uncommon trap: reason=bimorphic action=maybe_recompile pc=0x0000000003745dc8 method=java.util.HashMap.putVal(ILjava/lang/Object;Ljava/lang/Object;ZZ)Ljava/lang/Object; @ 203
Event: 2.363 Thread 0x000000001fb32800 Uncommon trap: reason=bimorphic action=maybe_recompile pc=0x0000000003745dc8 method=java.util.HashMap.putVal(ILjava/lang/Object;Ljava/lang/Object;ZZ)Ljava/lang/Object; @ 203
Event: 2.363 Thread 0x000000001fb32800 Uncommon trap: reason=bimorphic action=maybe_recompile pc=0x0000000003745dc8 method=java.util.HashMap.putVal(ILjava/lang/Object;Ljava/lang/Object;ZZ)Ljava/lang/Object; @ 203
Event: 2.363 Thread 0x000000001fb32800 Uncommon trap: reason=bimorphic action=maybe_recompile pc=0x00000000037292d4 method=java.util.HashMap.putVal(ILjava/lang/Object;Ljava/lang/Object;ZZ)Ljava/lang/Object; @ 203
Event: 2.370 Thread 0x0000000025dca000 Uncommon trap: reason=unstable_if action=reinterpret pc=0x00000000035e7b00 method=java.lang.String.indexOf([CII[CIII)I @ 27
Event: 2.374 Thread 0x000000001fb32800 Uncommon trap: reason=unstable_if action=reinterpret pc=0x000000000387995c method=java.lang.ref.ReferenceQueue.poll()Ljava/lang/ref/Reference; @ 4

Internal exceptions (10 events):
Event: 0.146 Thread 0x0000000003260800 Exception <a 'java/security/PrivilegedActionException'> (0x000000076b39c4b0) thrown at [C:\re\workspace\8-2-build-windows-amd64-cygwin\jdk8u71\5731\hotspot\src\share\vm\prims\jvm.cpp, line 1386]
Event: 0.146 Thread 0x0000000003260800 Exception <a 'java/security/PrivilegedActionException'> (0x000000076b39c6c0) thrown at [C:\re\workspace\8-2-build-windows-amd64-cygwin\jdk8u71\5731\hotspot\src\share\vm\prims\jvm.cpp, line 1386]
Event: 0.147 Thread 0x0000000003260800 Exception <a 'java/lang/NullPointerException'> (0x000000076b39cc98) thrown at [C:\re\workspace\8-2-build-windows-amd64-cygwin\jdk8u71\5731\hotspot\src\share\vm\interpreter\linkResolver.cpp, line 1178]
Event: 0.308 Thread 0x000000001fb32800 Exception <a 'java/lang/NullPointerException'> (0x000000076bfb1798) thrown at [C:\re\workspace\8-2-build-windows-amd64-cygwin\jdk8u71\5731\hotspot\src\share\vm\interpreter\linkResolver.cpp, line 1178]
Event: 0.308 Thread 0x000000001fb32800 Exception <a 'java/lang/NullPointerException'> (0x000000076bfb1798) thrown at [C:\re\workspace\8-2-build-windows-amd64-cygwin\jdk8u71\5731\hotspot\src\share\vm\prims\jvm.cpp, line 1390]
Event: 0.420 Thread 0x000000001fb32800 Exception <a 'sun/nio/fs/WindowsException'> (0x000000076c52ab00) thrown at [C:\re\workspace\8-2-build-windows-amd64-cygwin\jdk8u71\5731\hotspot\src\share\vm\prims\jni.cpp, line 709]
Event: 0.422 Thread 0x000000001fb32800 Exception <a 'sun/nio/fs/WindowsException'> (0x000000076c52c878) thrown at [C:\re\workspace\8-2-build-windows-amd64-cygwin\jdk8u71\5731\hotspot\src\share\vm\prims\jni.cpp, line 709]
Event: 0.427 Thread 0x000000001fb32800 Implicit null exception at 0x0000000003568216 to 0x0000000003568561
Event: 0.477 Thread 0x000000001fb32800 Implicit null exception at 0x000000000359ca75 to 0x000000000359cc65
Event: 2.383 Thread 0x000000001fb1c800 Exception <a 'java/lang/NullPointerException'> (0x000000076ecea6c0) thrown at [C:\re\workspace\8-2-build-windows-amd64-cygwin\jdk8u71\5731\hotspot\src\share\vm\interpreter\linkResolver.cpp, line 1280]

Events (10 events):
Event: 2.374 loading class java/io/SequenceInputStream
Event: 2.374 loading class java/io/SequenceInputStream done
Event: 2.374 loading class java/util/zip/GZIPInputStream$1
Event: 2.374 loading class java/util/zip/GZIPInputStream$1 done
Event: 2.374 loading class com/sun/webkit/network/URLLoader
Event: 2.374 loading class com/sun/webkit/network/URLLoader done
Event: 2.378 loading class com/sun/javafx/sg/prism/RegionImageCache
Event: 2.378 loading class com/sun/javafx/sg/prism/RegionImageCache done
Event: 2.378 loading class com/sun/prism/impl/BaseResourceFactory$1
Event: 2.378 loading class com/sun/prism/impl/BaseResourceFactory$1 done


Dynamic libraries:
0x00007ff795ad0000 - 0x00007ff795b07000 	C:\Program Files\Java\jre1.8.0_71\bin\javaw.exe
0x00007ffd5aa30000 - 0x00007ffd5ac01000 	C:\WINDOWS\SYSTEM32\ntdll.dll
0x00007ffd58380000 - 0x00007ffd5842b000 	C:\WINDOWS\System32\KERNEL32.DLL
0x00007ffd57270000 - 0x00007ffd5748d000 	C:\WINDOWS\System32\KERNELBASE.dll
0x00007ffd5a3f0000 - 0x00007ffd5a492000 	C:\WINDOWS\System32\ADVAPI32.dll
0x00007ffd5a990000 - 0x00007ffd5aa2e000 	C:\WINDOWS\System32\msvcrt.dll
0x00007ffd586c0000 - 0x00007ffd58719000 	C:\WINDOWS\System32\sechost.dll
0x00007ffd57fa0000 - 0x00007ffd580c1000 	C:\WINDOWS\System32\RPCRT4.dll
0x00007ffd58720000 - 0x00007ffd58885000 	C:\WINDOWS\System32\USER32.dll
0x00007ffd56f70000 - 0x00007ffd56f8e000 	C:\WINDOWS\System32\win32u.dll
0x00007ffd58430000 - 0x00007ffd58464000 	C:\WINDOWS\System32\GDI32.dll
0x00007ffd57090000 - 0x00007ffd57212000 	C:\WINDOWS\System32\gdi32full.dll
0x00007ffd4c660000 - 0x00007ffd4c8d9000 	C:\WINDOWS\WinSxS\amd64_microsoft.windows.common-controls_6595b64144ccf1df_6.0.14393.447_none_42191651c6827bb3\COMCTL32.dll
0x00007ffd5a6c0000 - 0x00007ffd5a988000 	C:\WINDOWS\System32\combase.dll
0x00007ffd56f90000 - 0x00007ffd57085000 	C:\WINDOWS\System32\ucrtbase.dll
0x00007ffd56f00000 - 0x00007ffd56f6a000 	C:\WINDOWS\System32\bcryptPrimitives.dll
0x00007ffd58690000 - 0x00007ffd586be000 	C:\WINDOWS\System32\IMM32.DLL
0x00007ffd55d70000 - 0x00007ffd55da0000 	c:\PROGRA~1\BULLGU~1\BULLGU~1\BgAgent.dll
0x0000000068940000 - 0x0000000068a12000 	C:\Program Files\Java\jre1.8.0_71\bin\msvcr100.dll
0x0000000068af0000 - 0x000000006937f000 	C:\Program Files\Java\jre1.8.0_71\bin\server\jvm.dll
0x00007ffd5a3e0000 - 0x00007ffd5a3e8000 	C:\WINDOWS\System32\PSAPI.DLL
0x00007ffd54bb0000 - 0x00007ffd54bd3000 	C:\WINDOWS\SYSTEM32\WINMM.dll
0x00007ffd48c00000 - 0x00007ffd48c09000 	C:\WINDOWS\SYSTEM32\WSOCK32.dll
0x00007ffd51a90000 - 0x00007ffd51a9a000 	C:\WINDOWS\SYSTEM32\VERSION.dll
0x00007ffd58470000 - 0x00007ffd584da000 	C:\WINDOWS\System32\WS2_32.dll
0x00007ffd54b50000 - 0x00007ffd54b7b000 	C:\WINDOWS\SYSTEM32\WINMMBASE.dll
0x00007ffd57220000 - 0x00007ffd57262000 	C:\WINDOWS\System32\cfgmgr32.dll
0x0000000068ae0000 - 0x0000000068aef000 	C:\Program Files\Java\jre1.8.0_71\bin\verify.dll
0x0000000068ab0000 - 0x0000000068ad9000 	C:\Program Files\Java\jre1.8.0_71\bin\java.dll
0x0000000068a90000 - 0x0000000068aa6000 	C:\Program Files\Java\jre1.8.0_71\bin\zip.dll
0x00007ffd58890000 - 0x00007ffd59d99000 	C:\WINDOWS\System32\SHELL32.dll
0x00007ffd575f0000 - 0x00007ffd57cca000 	C:\WINDOWS\System32\windows.storage.dll
0x00007ffd56e80000 - 0x00007ffd56ecc000 	C:\WINDOWS\System32\powrprof.dll
0x00007ffd5a540000 - 0x00007ffd5a592000 	C:\WINDOWS\System32\shlwapi.dll
0x00007ffd56ef0000 - 0x00007ffd56eff000 	C:\WINDOWS\System32\kernel.appcore.dll
0x00007ffd57540000 - 0x00007ffd575e9000 	C:\WINDOWS\System32\shcore.dll
0x00007ffd56ed0000 - 0x00007ffd56ee4000 	C:\WINDOWS\System32\profapi.dll
0x00007ffd2b7e0000 - 0x00007ffd2b8cf000 	C:\Program Files\Java\jre1.8.0_71\bin\msvcr120.dll
0x00007ffd2fcc0000 - 0x00007ffd2fd66000 	C:\Program Files\Java\jre1.8.0_71\bin\msvcp120.dll
0x0000000068910000 - 0x0000000068933000 	C:\Program Files\Java\jre1.8.0_71\bin\prism_d3d.dll
0x00007ffd210e0000 - 0x00007ffd2126d000 	C:\WINDOWS\system32\d3d9.dll
0x00007ffd54600000 - 0x00007ffd54626000 	C:\WINDOWS\SYSTEM32\dwmapi.dll
0x00007ffd555d0000 - 0x00007ffd55665000 	C:\WINDOWS\system32\uxtheme.dll
0x00007ffd28ba0000 - 0x00007ffd29c5c000 	C:\WINDOWS\System32\DriverStore\FileRepository\nv_dispiwu.inf_amd64_b67dc924fff8de6d\nvd3dumx.dll
0x00007ffd4cc90000 - 0x00007ffd4ce47000 	C:\WINDOWS\system32\nvspcap64.dll
0x00007ffd580d0000 - 0x00007ffd58207000 	C:\WINDOWS\System32\ole32.dll
0x00007ffd59da0000 - 0x00007ffd59e5f000 	C:\WINDOWS\System32\OLEAUT32.dll
0x00007ffd57f00000 - 0x00007ffd57f9c000 	C:\WINDOWS\System32\msvcp_win.dll
0x00007ffd59f40000 - 0x00007ffd5a369000 	C:\WINDOWS\System32\SETUPAPI.dll
0x00007ffd4fb30000 - 0x00007ffd4fbfd000 	C:\WINDOWS\SYSTEM32\WINHTTP.dll
0x00007ffd4ff50000 - 0x00007ffd5034b000 	C:\WINDOWS\system32\nvapi64.dll
0x00007ffd55e00000 - 0x00007ffd55e9f000 	C:\WINDOWS\SYSTEM32\dxgi.dll
0x00007ffd56b70000 - 0x00007ffd56b9c000 	C:\WINDOWS\SYSTEM32\SspiCli.dll
0x00000000688c0000 - 0x0000000068903000 	C:\Program Files\Java\jre1.8.0_71\bin\glass.dll
0x00007ffd5a5a0000 - 0x00007ffd5a69a000 	C:\WINDOWS\System32\COMDLG32.dll
0x00007ffd58220000 - 0x00007ffd5837b000 	C:\WINDOWS\System32\MSCTF.dll
0x00007ffd50670000 - 0x00007ffd50756000 	C:\Program Files (x86)\NVIDIA Corporation\3D Vision\nvSCPAPI64.dll
0x0000000066330000 - 0x00000000688bd000 	C:\Program Files\Java\jre1.8.0_71\bin\jfxwebkit.dll
0x00007ffd56940000 - 0x00007ffd56957000 	C:\WINDOWS\SYSTEM32\CRYPTSP.dll
0x00007ffd563b0000 - 0x00007ffd563e3000 	C:\WINDOWS\system32\rsaenh.dll
0x00007ffd56a50000 - 0x00007ffd56a7b000 	C:\WINDOWS\SYSTEM32\bcrypt.dll
0x00007ffd56960000 - 0x00007ffd5696b000 	C:\WINDOWS\SYSTEM32\CRYPTBASE.dll
0x0000000068a70000 - 0x0000000068a8a000 	C:\Program Files\Java\jre1.8.0_71\bin\net.dll
0x00007ffd567a0000 - 0x00007ffd567fc000 	C:\WINDOWS\system32\mswsock.dll
0x0000000068a50000 - 0x0000000068a61000 	C:\Program Files\Java\jre1.8.0_71\bin\nio.dll
0x0000000066310000 - 0x0000000066324000 	C:\Program Files\Java\jre1.8.0_71\bin\javafx_font.dll
0x00007ffd4e0a0000 - 0x00007ffd4e309000 	C:\WINDOWS\SYSTEM32\dwrite.dll
0x0000000068a20000 - 0x0000000068a44000 	C:\Program Files\Java\jre1.8.0_71\bin\sunec.dll
0x00007ffd5a4a0000 - 0x00007ffd5a53f000 	C:\WINDOWS\System32\clbcatq.dll
0x00007ffd54050000 - 0x00007ffd541f8000 	C:\WINDOWS\SYSTEM32\WindowsCodecs.dll
0x00007ffd4bbe0000 - 0x00007ffd4bc29000 	C:\WINDOWS\system32\dataexchange.dll
0x00007ffd53c20000 - 0x00007ffd53ed6000 	C:\WINDOWS\system32\d3d11.dll
0x00007ffd54ec0000 - 0x00007ffd55011000 	C:\WINDOWS\system32\dcomp.dll
0x00007ffd558a0000 - 0x00007ffd559bc000 	C:\WINDOWS\system32\twinapi.appcore.dll
0x00007ffd56620000 - 0x00007ffd5663f000 	C:\WINDOWS\SYSTEM32\USERENV.dll
0x00007ffd50910000 - 0x00007ffd50942000 	C:\Program Files\Common Files\Microsoft Shared\Ink\rtscom.dll
0x00007ffd56530000 - 0x00007ffd56568000 	C:\WINDOWS\SYSTEM32\IPHLPAPI.DLL
0x00007ffd58680000 - 0x00007ffd58688000 	C:\WINDOWS\System32\NSI.dll
0x00007ffd53720000 - 0x00007ffd53736000 	C:\WINDOWS\SYSTEM32\dhcpcsvc6.DLL
0x00007ffd536d0000 - 0x00007ffd536ea000 	C:\WINDOWS\SYSTEM32\dhcpcsvc.DLL
0x00000000662f0000 - 0x0000000066301000 	C:\Program Files\Java\jre1.8.0_71\bin\prism_common.dll
0x00007ffd54ca0000 - 0x00007ffd54cb8000 	C:\WINDOWS\system32\NLAapi.dll
0x00007ffd4a7f0000 - 0x00007ffd4a806000 	C:\WINDOWS\system32\napinsp.dll
0x00007ffd4a810000 - 0x00007ffd4a82a000 	C:\WINDOWS\system32\pnrpnsp.dll
0x00007ffd56570000 - 0x00007ffd56610000 	C:\WINDOWS\SYSTEM32\DNSAPI.dll
0x00007ffd4a830000 - 0x00007ffd4a83e000 	C:\WINDOWS\System32\winrnr.dll
0x000000006ba60000 - 0x000000006ba86000 	C:\Program Files\Bonjour\mdnsNSP.dll
0x00007ffd50640000 - 0x00007ffd5064a000 	C:\Windows\System32\rasadhlp.dll
0x00007ffd51a20000 - 0x00007ffd51a8a000 	C:\WINDOWS\System32\fwpuclnt.dll
0x00007ffd48050000 - 0x00007ffd481e2000 	C:\WINDOWS\SYSTEM32\dbghelp.dll

VM Arguments:
jvm_args: -Djava.library.path=C:\Users\Jack\Desktop\New folder (9)\cansat -Dfile.encoding=Cp1252 
java_command: cansat.Main
java_class_path (initial): C:\Users\Jack\Desktop\New folder (9)\cansat\bin;C:\Program Files\Java\jdk1.8.0_71\jre\lib\jfxswt.jar;C:\Users\Jack\Desktop\New folder (9)\cansat\lib\RXTXcomm.jar
Launcher Type: SUN_STANDARD

Environment Variables:
PATH=C:/Program Files/Java/jre1.8.0_71/bin/server;C:/Program Files/Java/jre1.8.0_71/bin;C:/Program Files/Java/jre1.8.0_71/lib/amd64;C:\Program Files\Oculus\Support\oculus-runtime;C:\Program Files (x86)\ActiveState Komodo IDE 10\;C:\ProgramData\Oracle\Java\javapath;C:\Windows\system32;C:\Windows;C:\Windows\System32\Wbem;C:\Windows\System32\WindowsPowerShell\v1.0\;C:\Program Files (x86)\NVIDIA Corporation\PhysX\Common;C:\Program Files (x86)\Skype\Phone\;C:\Program Files\Microsoft\Web Platform Installer\;C:\Program Files (x86)\Microsoft ASP.NET\ASP.NET Web Pages\v1.0\;C:\Program Files (x86)\Windows Kits\8.0\Windows Performance Toolkit\;C:\Program Files\Microsoft SQL Server\110\Tools\Binn\;C:\Program Files (x86)\GtkSharp\2.12\bin;C:\Users\Jack\.dnx\bin;C:\Program Files\Microsoft DNX\Dnvm\;C:\Program Files\Microsoft SQL Server\130\Tools\Binn\;C:\WINDOWS\system32;C:\WINDOWS;C:\WINDOWS\System32\Wbem;C:\WINDOWS\System32\WindowsPowerShell\v1.0\;C:\Python27;C:\Users\Jack\AppData\Local\Microsoft\WindowsApps;;C:\Users\Jack\eclipse\java-mars\eclipse;
USERNAME=Jack
OS=Windows_NT
PROCESSOR_IDENTIFIER=Intel64 Family 6 Model 60 Stepping 3, GenuineIntel



---------------  S Y S T E M  ---------------

OS: Windows 10.0 , 64 bit Build 14393 (10.0.14393.0)

CPU:total 8 (4 cores per cpu, 2 threads per core) family 6 model 60 stepping 3, cmov, cx8, fxsr, mmx, sse, sse2, sse3, ssse3, sse4.1, sse4.2, popcnt, avx, avx2, aes, clmul, erms, lzcnt, ht, tsc, tscinvbit, bmi1, bmi2

Memory: 4k page, physical 16724548k(3377232k free), swap 47236288k(5128k free)

vm_info: Java HotSpot(TM) 64-Bit Server VM (25.71-b15) for windows-amd64 JRE (1.8.0_71-b15), built on Dec 22 2015 18:15:55 by "java_re" with MS VC++ 10.0 (VS2010)

time: Sun Feb 26 00:46:50 2017
elapsed time: 2 seconds (0d 0h 0m 2s)

