#
# A fatal error has been detected by the Java Runtime Environment:
#
#  EXCEPTION_ACCESS_VIOLATION (0xc0000005) at pc=0x00000000711e4ca9, pid=42408, tid=34352
#
# JRE version: Java(TM) SE Runtime Environment (8.0_71-b15) (build 1.8.0_71-b15)
# Java VM: Java HotSpot(TM) 64-Bit Server VM (25.71-b15 mixed mode windows-amd64 compressed oops)
# Problematic frame:
# C  [jfxwebkit.dll+0xb94ca9]
#
# Failed to write core dump. Minidumps are not enabled by default on client versions of Windows
#
# If you would like to submit a bug report, please visit:
#   http://bugreport.java.com/bugreport/crash.jsp
# The crash happened outside the Java Virtual Machine in native code.
# See problematic frame for where to report the bug.
#

---------------  T H R E A D  ---------------

Current thread (0x000000001ff42800):  JavaThread "JavaFX Application Thread" [_thread_in_native, id=34352, stack(0x0000000020e10000,0x0000000020f10000)]

siginfo: ExceptionCode=0xc0000005, writing address 0x00000000bbadbeef

Registers:
RAX=0x0000000000000000, RBX=0x0000000000000000, RCX=0xd94fba8614540000, RDX=0x0000000000000002
RSP=0x0000000020f08d10, RBP=0x0000000020f08e00, RSI=0x0000000024ffcb20, RDI=0x000000000001593e
R8 =0x0000000020f08810, R9 =0x00007ffb797b0000, R10=0x0000000000000000, R11=0x0000000000000200
R12=0x0000000020f08eb0, R13=0x0000000020f094e0, R14=0x000000002fab2790, R15=0x0000000000000002
RIP=0x00000000711e4ca9, EFLAGS=0x0000000000010246

Top of Stack: (sp=0x0000000020f08d10)
0x0000000020f08d10:   ffffffff00000000 000000000002b27c
0x0000000020f08d20:   00000000315d59c0 0000000070760000
0x0000000020f08d30:   000000000001593e 00000000711c5c49
0x0000000020f08d40:   000000003368c580 0000000024ffcb20
0x0000000020f08d50:   fffffffffffffffe 00000000000000a0
0x0000000020f08d60:   000000003368c580 00000000712bbddd
0x0000000020f08d70:   0000000000000000 000000003368c580
0x0000000020f08d80:   0000000024ffcb20 00000000315d59c0
0x0000000020f08d90:   fffffffffffffffe 0000000000000000
0x0000000020f08da0:   00000000315d59c0 0000000071354bf4
0x0000000020f08db0:   0000000000000000 0000000000000000
0x0000000020f08dc0:   0000000020f08ec0 0000000020f08f58
0x0000000020f08dd0:   fffffffffffffffe 0000990800000000
0x0000000020f08de0:   fffffffffffffffe fffffffffffffffe
0x0000000020f08df0:   0000000020f08ec0 0000000071356b88
0x0000000020f08e00:   0000000020f09ee0 00000000315d59c0 

Instructions: (pc=0x00000000711e4ca9)
0x00000000711e4c89:   83 c4 20 5b c3 cc cc 48 83 ec 28 48 8b 05 15 a8
0x00000000711e4c99:   8c 01 48 85 c0 74 02 ff d0 e8 a9 07 00 00 33 c0
0x00000000711e4ca9:   a3 ef be ad bb 00 00 00 00 48 83 c4 28 48 ff e0
0x00000000711e4cb9:   cc cc cc cc cc cc cc 48 83 ec 28 48 8b 05 e5 a7 


Register to memory mapping:

RAX=0x0000000000000000 is an unknown value
RBX=0x0000000000000000 is an unknown value
RCX=0xd94fba8614540000 is an unknown value
RDX=0x0000000000000002 is an unknown value
RSP=0x0000000020f08d10 is pointing into the stack for thread: 0x000000001ff42800
RBP=0x0000000020f08e00 is pointing into the stack for thread: 0x000000001ff42800
RSI=0x0000000024ffcb20 is an unknown value
RDI=0x000000000001593e is an unknown value
R8 =0x0000000020f08810 is pointing into the stack for thread: 0x000000001ff42800
R9 =0x00007ffb797b0000 is an unknown value
R10=0x0000000000000000 is an unknown value
R11=0x0000000000000200 is an unknown value
R12=0x0000000020f08eb0 is pointing into the stack for thread: 0x000000001ff42800
R13=0x0000000020f094e0 is pointing into the stack for thread: 0x000000001ff42800
R14=0x000000002fab2790 is an unknown value
R15=0x0000000000000002 is an unknown value


Stack: [0x0000000020e10000,0x0000000020f10000],  sp=0x0000000020f08d10,  free space=995k
Native frames: (J=compiled Java code, j=interpreted, Vv=VM code, C=native code)
C  [jfxwebkit.dll+0xb94ca9]

Java frames: (J=compiled Java code, j=interpreted, Vv=VM code)
j  com.sun.webkit.Timer.twkFireTimerEvent()V+0
j  com.sun.webkit.Timer.fireTimerEvent(J)V+45
j  com.sun.webkit.Timer.notifyTick()V+25
j  javafx.scene.web.WebEngine$PulseTimer.lambda$static$45()V+3
j  javafx.scene.web.WebEngine$PulseTimer$$Lambda$98.pulse()V+0
j  com.sun.javafx.tk.Toolkit.lambda$runPulse$30(Lcom/sun/javafx/tk/TKPulseListener;)Ljava/lang/Void;+1
j  com.sun.javafx.tk.Toolkit$$Lambda$252.run()Ljava/lang/Object;+4
v  ~StubRoutines::call_stub
J 2116  java.security.AccessController.doPrivileged(Ljava/security/PrivilegedAction;Ljava/security/AccessControlContext;)Ljava/lang/Object; (0 bytes) @ 0x0000000003e0d826 [0x0000000003e0d7c0+0x66]
J 3754 C1 com.sun.javafx.tk.Toolkit.runPulse(Lcom/sun/javafx/tk/TKPulseListener;Ljava/security/AccessControlContext;)V (26 bytes) @ 0x0000000004483214 [0x0000000004482da0+0x474]
j  com.sun.javafx.tk.Toolkit.firePulse()V+191
j  com.sun.javafx.tk.quantum.QuantumToolkit.pulse(Z)V+97
j  com.sun.javafx.tk.quantum.QuantumToolkit.pulse()V+2
j  com.sun.javafx.tk.quantum.QuantumToolkit.lambda$runToolkit$404()V+1
j  com.sun.javafx.tk.quantum.QuantumToolkit$$Lambda$44.run()V+4
J 4229 C1 com.sun.glass.ui.InvokeLaterDispatcher$Future.run()V (91 bytes) @ 0x0000000004623d54 [0x0000000004623c40+0x114]
v  ~StubRoutines::call_stub
j  com.sun.glass.ui.win.WinApplication._runLoop(Ljava/lang/Runnable;)V+0
j  com.sun.glass.ui.win.WinApplication.lambda$null$148(ILjava/lang/Runnable;)V+8
j  com.sun.glass.ui.win.WinApplication$$Lambda$40.run()V+12
j  java.lang.Thread.run()V+11
v  ~StubRoutines::call_stub

---------------  P R O C E S S  ---------------

Java Threads: ( => current thread )
  0x000000002ae4b000 JavaThread "Thread-16" daemon [_thread_blocked, id=42248, stack(0x0000000034790000,0x0000000034890000)]
  0x000000002ae4a800 JavaThread "Thread-15" daemon [_thread_blocked, id=35776, stack(0x0000000034690000,0x0000000034790000)]
  0x000000002ae49800 JavaThread "Thread-14" daemon [_thread_blocked, id=39776, stack(0x0000000034330000,0x0000000034430000)]
  0x000000002ae49000 JavaThread "Thread-13" daemon [_thread_blocked, id=20192, stack(0x0000000034230000,0x0000000034330000)]
  0x000000002ae46800 JavaThread "Thread-12" daemon [_thread_blocked, id=23616, stack(0x0000000034030000,0x0000000034130000)]
  0x000000002ae48000 JavaThread "Thread-11" daemon [_thread_blocked, id=42992, stack(0x0000000033f30000,0x0000000034030000)]
  0x000000002ae47800 JavaThread "Thread-10" daemon [_thread_blocked, id=55708, stack(0x00000000329b0000,0x0000000032ab0000)]
  0x000000002ae3f000 JavaThread "Thread-9" daemon [_thread_blocked, id=11800, stack(0x00000000328b0000,0x00000000329b0000)]
  0x000000002ae46000 JavaThread "Thread-7" daemon [_thread_blocked, id=36056, stack(0x0000000032050000,0x0000000032150000)]
  0x000000002ae45000 JavaThread "URL-Loader-20" daemon [_thread_blocked, id=20984, stack(0x0000000031d50000,0x0000000031e50000)]
  0x000000002ae43800 JavaThread "URL-Loader-19" daemon [_thread_blocked, id=1432, stack(0x0000000031c50000,0x0000000031d50000)]
  0x000000002ae3d800 JavaThread "URL-Loader-18" daemon [_thread_blocked, id=46260, stack(0x0000000031950000,0x0000000031a50000)]
  0x000000002ae43000 JavaThread "URL-Loader-17" daemon [_thread_blocked, id=53096, stack(0x0000000031850000,0x0000000031950000)]
  0x000000002ae42000 JavaThread "Thread-6" daemon [_thread_blocked, id=6860, stack(0x0000000031450000,0x0000000031550000)]
  0x000000002ae44800 JavaThread "URL-Loader-16" daemon [_thread_blocked, id=52660, stack(0x0000000031350000,0x0000000031450000)]
  0x000000002ae40800 JavaThread "URL-Loader-15" daemon [_thread_blocked, id=54848, stack(0x0000000031250000,0x0000000031350000)]
  0x000000002ae3c000 JavaThread "URL-Loader-14" daemon [_thread_blocked, id=10792, stack(0x0000000031150000,0x0000000031250000)]
  0x000000002ae40000 JavaThread "URL-Loader-13" daemon [_thread_blocked, id=56312, stack(0x0000000031050000,0x0000000031150000)]
  0x000000002ae3e800 JavaThread "URL-Loader-12" daemon [_thread_blocked, id=30484, stack(0x0000000030f50000,0x0000000031050000)]
  0x000000002ae3d000 JavaThread "URL-Loader-11" daemon [_thread_blocked, id=50856, stack(0x0000000030e50000,0x0000000030f50000)]
  0x000000002ae41800 JavaThread "URL-Loader-10" daemon [_thread_blocked, id=8624, stack(0x0000000030d30000,0x0000000030e30000)]
  0x000000002688e000 JavaThread "URL-Loader-9" daemon [_thread_blocked, id=46036, stack(0x0000000030c30000,0x0000000030d30000)]
  0x000000002688d000 JavaThread "URL-Loader-8" daemon [_thread_blocked, id=47416, stack(0x0000000030a10000,0x0000000030b10000)]
  0x000000002688b800 JavaThread "URL-Loader-7" daemon [_thread_blocked, id=26280, stack(0x00000000308d0000,0x00000000309d0000)]
  0x0000000026892800 JavaThread "URL-Loader-6" daemon [_thread_blocked, id=55428, stack(0x00000000307d0000,0x00000000308d0000)]
  0x0000000026891800 JavaThread "URL-Loader-5" daemon [_thread_blocked, id=19912, stack(0x000000002f4d0000,0x000000002f5d0000)]
  0x0000000026891000 JavaThread "URL-Loader-4" daemon [_thread_blocked, id=51572, stack(0x000000002f3d0000,0x000000002f4d0000)]
  0x0000000026890000 JavaThread "URL-Loader-3" daemon [_thread_blocked, id=40936, stack(0x000000002f0e0000,0x000000002f1e0000)]
  0x000000002688f800 JavaThread "URL-Loader-2" daemon [_thread_blocked, id=26352, stack(0x000000002ecf0000,0x000000002edf0000)]
  0x000000002688c800 JavaThread "Watchdog-Timer-1" daemon [_thread_blocked, id=40560, stack(0x000000002ebf0000,0x000000002ecf0000)]
  0x000000002688e800 JavaThread "Keep-Alive-Timer" daemon [_thread_blocked, id=49992, stack(0x000000002eaf0000,0x000000002ebf0000)]
  0x0000000026525000 JavaThread "Timer-0" [_thread_blocked, id=50604, stack(0x0000000029490000,0x0000000029590000)]
  0x0000000026375000 JavaThread "Prism Font Disposer" daemon [_thread_blocked, id=53612, stack(0x0000000028990000,0x0000000028a90000)]
  0x00000000201e2800 JavaThread "URL-Loader-1" daemon [_thread_blocked, id=28416, stack(0x0000000026010000,0x0000000026110000)]
  0x0000000020153800 JavaThread "Disposer" daemon [_thread_blocked, id=47128, stack(0x0000000025d10000,0x0000000025e10000)]
  0x000000001ff79000 JavaThread "Thread-3" daemon [_thread_in_native, id=56232, stack(0x0000000025360000,0x0000000025460000)]
=>0x000000001ff42800 JavaThread "JavaFX Application Thread" [_thread_in_native, id=34352, stack(0x0000000020e10000,0x0000000020f10000)]
  0x000000001ff36800 JavaThread "Thread-2" daemon [_thread_blocked, id=53544, stack(0x0000000020d10000,0x0000000020e10000)]
  0x000000001f6ee000 JavaThread "QuantumRenderer-0" daemon [_thread_blocked, id=12436, stack(0x00000000207f0000,0x00000000208f0000)]
  0x000000001f6e1800 JavaThread "JavaFX-Launcher" [_thread_blocked, id=34308, stack(0x00000000206f0000,0x00000000207f0000)]
  0x000000001f3b2800 JavaThread "Service Thread" daemon [_thread_blocked, id=49668, stack(0x000000001fcf0000,0x000000001fdf0000)]
  0x000000001f32b800 JavaThread "C1 CompilerThread3" daemon [_thread_blocked, id=46788, stack(0x000000001fbf0000,0x000000001fcf0000)]
  0x000000001f324000 JavaThread "C2 CompilerThread2" daemon [_thread_blocked, id=54288, stack(0x000000001faf0000,0x000000001fbf0000)]
  0x000000001f31b000 JavaThread "C2 CompilerThread1" daemon [_thread_blocked, id=23620, stack(0x000000001f9f0000,0x000000001faf0000)]
  0x000000001f316800 JavaThread "C2 CompilerThread0" daemon [_thread_blocked, id=52784, stack(0x000000001f8f0000,0x000000001f9f0000)]
  0x000000001f315000 JavaThread "Attach Listener" daemon [_thread_blocked, id=52344, stack(0x000000001f7f0000,0x000000001f8f0000)]
  0x000000001f314000 JavaThread "Signal Dispatcher" daemon [_thread_blocked, id=51388, stack(0x000000001f6f0000,0x000000001f7f0000)]
  0x000000000373a000 JavaThread "Finalizer" daemon [_thread_blocked, id=52220, stack(0x000000001f100000,0x000000001f200000)]
  0x0000000003733000 JavaThread "Reference Handler" daemon [_thread_blocked, id=50764, stack(0x000000001f000000,0x000000001f100000)]
  0x0000000003640800 JavaThread "main" [_thread_blocked, id=49172, stack(0x0000000003540000,0x0000000003640000)]

Other Threads:
  0x000000001d1e9800 VMThread [stack: 0x000000001ef00000,0x000000001f000000] [id=18856]
  0x000000001f3dc800 WatcherThread [stack: 0x000000001fdf0000,0x000000001fef0000] [id=54668]

VM state:not at safepoint (normal execution)

VM Mutex/Monitor currently owned by a thread: None

Heap:
 PSYoungGen      total 155648K, used 112707K [0x000000076af00000, 0x0000000775580000, 0x00000007c0000000)
  eden space 144896K, 76% used [0x000000076af00000,0x0000000771b0fe20,0x0000000773c80000)
  from space 10752K, 19% used [0x0000000774b00000,0x0000000774d01090,0x0000000775580000)
  to   space 12800K, 0% used [0x0000000773c80000,0x0000000773c80000,0x0000000774900000)
 ParOldGen       total 123392K, used 10594K [0x00000006c0c00000, 0x00000006c8480000, 0x000000076af00000)
  object space 123392K, 8% used [0x00000006c0c00000,0x00000006c1658bc0,0x00000006c8480000)
 Metaspace       used 23305K, capacity 24424K, committed 24576K, reserved 1071104K
  class space    used 3223K, capacity 3474K, committed 3584K, reserved 1048576K

Card table byte_map: [0x0000000012b00000,0x0000000013300000] byte_map_base: 0x000000000f4fa000

Marking Bits: (ParMarkBitMap*) 0x000000007597f600
 Begin Bits: [0x0000000014060000, 0x0000000018030000)
 End Bits:   [0x0000000018030000, 0x000000001c000000)

Polling page: 0x0000000003400000

CodeCache: size=245760Kb used=15770Kb max_used=15778Kb free=229989Kb
 bounds [0x0000000003740000, 0x00000000046c0000, 0x0000000012740000]
 total_blobs=5179 nmethods=4397 adapters=692
 compilation: enabled

Compilation events (10 events):
Event: 2.572 Thread 0x000000001f32b800 nmethod 4432 0x000000000469fd50 code [0x000000000469fea0, 0x000000000469ffb0]
Event: 2.572 Thread 0x000000001f32b800 4430       1       java.security.Provider$Service::getAlgorithm (5 bytes)
Event: 2.572 Thread 0x000000001f32b800 nmethod 4430 0x000000000469fa90 code [0x000000000469fbe0, 0x000000000469fcf0]
Event: 2.574 Thread 0x000000001f324000 nmethod 4376 0x00000000046af550 code [0x00000000046af920, 0x00000000046b30c8]
Event: 2.605 Thread 0x000000001f32b800 4433       3       sun.net.www.protocol.http.HttpURLConnection$HttpInputStream::read (9 bytes)
Event: 2.605 Thread 0x000000001f32b800 nmethod 4433 0x000000000469c810 code [0x000000000469c980, 0x000000000469cb28]
Event: 2.605 Thread 0x000000001f32b800 4434  s    3       sun.net.www.MessageHeader::remove (196 bytes)
Event: 2.605 Thread 0x000000001f32b800 nmethod 4434 0x00000000046a4e90 code [0x00000000046a50c0, 0x00000000046a5f68]
Event: 2.605 Thread 0x000000001f32b800 4435       3       java.util.Collections$UnmodifiableSet::<init> (6 bytes)
Event: 2.605 Thread 0x000000001f32b800 nmethod 4435 0x000000000469f490 code [0x000000000469f600, 0x000000000469f928]

GC Heap History (10 events):
Event: 1.356 GC heap before
{Heap before GC invocations=3 (full 1):
 PSYoungGen      total 76288K, used 9106K [0x000000076af00000, 0x0000000770400000, 0x00000007c0000000)
  eden space 65536K, 0% used [0x000000076af00000,0x000000076af00000,0x000000076ef00000)
  from space 10752K, 84% used [0x000000076f980000,0x0000000770264ac0,0x0000000770400000)
  to   space 10752K, 0% used [0x000000076ef00000,0x000000076ef00000,0x000000076f980000)
 ParOldGen       total 175104K, used 2088K [0x00000006c0c00000, 0x00000006cb700000, 0x000000076af00000)
  object space 175104K, 1% used [0x00000006c0c00000,0x00000006c0e0a010,0x00000006cb700000)
 Metaspace       used 20193K, capacity 21178K, committed 21296K, reserved 1067008K
  class space    used 2906K, capacity 3139K, committed 3200K, reserved 1048576K
Event: 1.383 GC heap after
Heap after GC invocations=3 (full 1):
 PSYoungGen      total 76288K, used 0K [0x000000076af00000, 0x0000000770400000, 0x00000007c0000000)
  eden space 65536K, 0% used [0x000000076af00000,0x000000076af00000,0x000000076ef00000)
  from space 10752K, 0% used [0x000000076f980000,0x000000076f980000,0x0000000770400000)
  to   space 10752K, 0% used [0x000000076ef00000,0x000000076ef00000,0x000000076f980000)
 ParOldGen       total 123392K, used 10570K [0x00000006c0c00000, 0x00000006c8480000, 0x000000076af00000)
  object space 123392K, 8% used [0x00000006c0c00000,0x00000006c1652bc0,0x00000006c8480000)
 Metaspace       used 20193K, capacity 21178K, committed 21296K, reserved 1067008K
  class space    used 2906K, capacity 3139K, committed 3200K, reserved 1048576K
}
Event: 1.662 GC heap before
{Heap before GC invocations=4 (full 1):
 PSYoungGen      total 76288K, used 65532K [0x000000076af00000, 0x0000000770400000, 0x00000007c0000000)
  eden space 65536K, 99% used [0x000000076af00000,0x000000076eeff008,0x000000076ef00000)
  from space 10752K, 0% used [0x000000076f980000,0x000000076f980000,0x0000000770400000)
  to   space 10752K, 0% used [0x000000076ef00000,0x000000076ef00000,0x000000076f980000)
 ParOldGen       total 123392K, used 10570K [0x00000006c0c00000, 0x00000006c8480000, 0x000000076af00000)
  object space 123392K, 8% used [0x00000006c0c00000,0x00000006c1652bc0,0x00000006c8480000)
 Metaspace       used 22025K, capacity 23032K, committed 23296K, reserved 1069056K
  class space    used 3088K, capacity 3304K, committed 3328K, reserved 1048576K
Event: 1.666 GC heap after
Heap after GC invocations=4 (full 1):
 PSYoungGen      total 76288K, used 3029K [0x000000076af00000, 0x0000000771980000, 0x00000007c0000000)
  eden space 65536K, 0% used [0x000000076af00000,0x000000076af00000,0x000000076ef00000)
  from space 10752K, 28% used [0x000000076ef00000,0x000000076f1f54f0,0x000000076f980000)
  to   space 10752K, 0% used [0x0000000770f00000,0x0000000770f00000,0x0000000771980000)
 ParOldGen       total 123392K, used 10578K [0x00000006c0c00000, 0x00000006c8480000, 0x000000076af00000)
  object space 123392K, 8% used [0x00000006c0c00000,0x00000006c1654bc0,0x00000006c8480000)
 Metaspace       used 22025K, capacity 23032K, committed 23296K, reserved 1069056K
  class space    used 3088K, capacity 3304K, committed 3328K, reserved 1048576K
}
Event: 1.687 GC heap before
{Heap before GC invocations=5 (full 1):
 PSYoungGen      total 76288K, used 68550K [0x000000076af00000, 0x0000000771980000, 0x00000007c0000000)
  eden space 65536K, 99% used [0x000000076af00000,0x000000076eefc390,0x000000076ef00000)
  from space 10752K, 28% used [0x000000076ef00000,0x000000076f1f54f0,0x000000076f980000)
  to   space 10752K, 0% used [0x0000000770f00000,0x0000000770f00000,0x0000000771980000)
 ParOldGen       total 123392K, used 10578K [0x00000006c0c00000, 0x00000006c8480000, 0x000000076af00000)
  object space 123392K, 8% used [0x00000006c0c00000,0x00000006c1654bc0,0x00000006c8480000)
 Metaspace       used 22028K, capacity 23032K, committed 23296K, reserved 1069056K
  class space    used 3088K, capacity 3304K, committed 3328K, reserved 1048576K
Event: 1.688 GC heap after
Heap after GC invocations=5 (full 1):
 PSYoungGen      total 98304K, used 1828K [0x000000076af00000, 0x0000000772900000, 0x00000007c0000000)
  eden space 87552K, 0% used [0x000000076af00000,0x000000076af00000,0x0000000770480000)
  from space 10752K, 17% used [0x0000000770f00000,0x00000007710c9390,0x0000000771980000)
  to   space 10752K, 0% used [0x0000000770480000,0x0000000770480000,0x0000000770f00000)
 ParOldGen       total 123392K, used 10578K [0x00000006c0c00000, 0x00000006c8480000, 0x000000076af00000)
  object space 123392K, 8% used [0x00000006c0c00000,0x00000006c1654bc0,0x00000006c8480000)
 Metaspace       used 22028K, capacity 23032K, committed 23296K, reserved 1069056K
  class space    used 3088K, capacity 3304K, committed 3328K, reserved 1048576K
}
Event: 1.710 GC heap before
{Heap before GC invocations=6 (full 1):
 PSYoungGen      total 98304K, used 89261K [0x000000076af00000, 0x0000000772900000, 0x00000007c0000000)
  eden space 87552K, 99% used [0x000000076af00000,0x0000000770462428,0x0000000770480000)
  from space 10752K, 17% used [0x0000000770f00000,0x00000007710c9390,0x0000000771980000)
  to   space 10752K, 0% used [0x0000000770480000,0x0000000770480000,0x0000000770f00000)
 ParOldGen       total 123392K, used 10578K [0x00000006c0c00000, 0x00000006c8480000, 0x000000076af00000)
  object space 123392K, 8% used [0x00000006c0c00000,0x00000006c1654bc0,0x00000006c8480000)
 Metaspace       used 22033K, capacity 23032K, committed 23296K, reserved 1069056K
  class space    used 3088K, capacity 3304K, committed 3328K, reserved 1048576K
Event: 1.712 GC heap after
Heap after GC invocations=6 (full 1):
 PSYoungGen      total 98304K, used 1831K [0x000000076af00000, 0x0000000775800000, 0x00000007c0000000)
  eden space 87552K, 0% used [0x000000076af00000,0x000000076af00000,0x0000000770480000)
  from space 10752K, 17% used [0x0000000770480000,0x0000000770649d30,0x0000000770f00000)
  to   space 13312K, 0% used [0x0000000774b00000,0x0000000774b00000,0x0000000775800000)
 ParOldGen       total 123392K, used 10586K [0x00000006c0c00000, 0x00000006c8480000, 0x000000076af00000)
  object space 123392K, 8% used [0x00000006c0c00000,0x00000006c1656bc0,0x00000006c8480000)
 Metaspace       used 22033K, capacity 23032K, committed 23296K, reserved 1069056K
  class space    used 3088K, capacity 3304K, committed 3328K, reserved 1048576K
}
Event: 1.766 GC heap before
{Heap before GC invocations=7 (full 1):
 PSYoungGen      total 98304K, used 89383K [0x000000076af00000, 0x0000000775800000, 0x00000007c0000000)
  eden space 87552K, 100% used [0x000000076af00000,0x0000000770480000,0x0000000770480000)
  from space 10752K, 17% used [0x0000000770480000,0x0000000770649d30,0x0000000770f00000)
  to   space 13312K, 0% used [0x0000000774b00000,0x0000000774b00000,0x0000000775800000)
 ParOldGen       total 123392K, used 10586K [0x00000006c0c00000, 0x00000006c8480000, 0x000000076af00000)
  object space 123392K, 8% used [0x00000006c0c00000,0x00000006c1656bc0,0x00000006c8480000)
 Metaspace       used 22086K, capacity 23032K, committed 23296K, reserved 1069056K
  class space    used 3091K, capacity 3304K, committed 3328K, reserved 1048576K
Event: 1.768 GC heap after
Heap after GC invocations=7 (full 1):
 PSYoungGen      total 155648K, used 2052K [0x000000076af00000, 0x0000000775580000, 0x00000007c0000000)
  eden space 144896K, 0% used [0x000000076af00000,0x000000076af00000,0x0000000773c80000)
  from space 10752K, 19% used [0x0000000774b00000,0x0000000774d01090,0x0000000775580000)
  to   space 12800K, 0% used [0x0000000773c80000,0x0000000773c80000,0x0000000774900000)
 ParOldGen       total 123392K, used 10594K [0x00000006c0c00000, 0x00000006c8480000, 0x000000076af00000)
  object space 123392K, 8% used [0x00000006c0c00000,0x00000006c1658bc0,0x00000006c8480000)
 Metaspace       used 22086K, capacity 23032K, committed 23296K, reserved 1069056K
  class space    used 3091K, capacity 3304K, committed 3328K, reserved 1048576K
}

Deoptimization events (10 events):
Event: 2.434 Thread 0x000000001f6ee000 Uncommon trap: reason=unstable_if action=reinterpret pc=0x00000000040fa3f8 method=com.sun.javafx.geom.transform.AffineBase.translate(DD)V @ 492
Event: 2.435 Thread 0x000000001f6ee000 Uncommon trap: reason=unstable_if action=reinterpret pc=0x0000000003f5cbb8 method=com.sun.javafx.text.TextRun.getWidth()F @ 7
Event: 2.435 Thread 0x000000001f6ee000 Uncommon trap: reason=class_check action=maybe_recompile pc=0x0000000004354448 method=com.sun.prism.impl.GlyphCache.getCachedGlyph(II)Lcom/sun/prism/impl/GlyphCache$GlyphData; @ 81
Event: 2.435 Thread 0x000000001f6ee000 Uncommon trap: reason=class_check action=maybe_recompile pc=0x0000000004354448 method=com.sun.prism.impl.GlyphCache.getCachedGlyph(II)Lcom/sun/prism/impl/GlyphCache$GlyphData; @ 81
Event: 2.435 Thread 0x000000001f6ee000 Uncommon trap: reason=class_check action=maybe_recompile pc=0x0000000004354448 method=com.sun.prism.impl.GlyphCache.getCachedGlyph(II)Lcom/sun/prism/impl/GlyphCache$GlyphData; @ 81
Event: 2.436 Thread 0x000000001f6ee000 Uncommon trap: reason=class_check action=maybe_recompile pc=0x0000000004354448 method=com.sun.prism.impl.GlyphCache.getCachedGlyph(II)Lcom/sun/prism/impl/GlyphCache$GlyphData; @ 81
Event: 2.436 Thread 0x000000001f6ee000 Uncommon trap: reason=unstable_if action=reinterpret pc=0x0000000004345418 method=com.sun.prism.impl.GlyphCache.addDataToQuad(Lcom/sun/prism/impl/GlyphCache$GlyphData;Lcom/sun/prism/impl/VertexBuffer;Lcom/sun/prism/Texture;FFFF)V @ 16
Event: 2.439 Thread 0x000000001f6ee000 Uncommon trap: reason=unstable_if action=reinterpret pc=0x0000000004256e04 method=com.sun.javafx.sg.prism.NGNode.doRender(Lcom/sun/prism/Graphics;)V @ 305
Event: 2.502 Thread 0x000000001ff42800 Uncommon trap: reason=unstable_if action=reinterpret pc=0x0000000004626318 method=com.sun.javafx.font.CMap.getControlCodeGlyph(IZ)I @ 50
Event: 2.502 Thread 0x000000001ff42800 Uncommon trap: reason=unstable_if action=reinterpret pc=0x00000000046188a4 method=com.sun.javafx.font.CMap.getControlCodeGlyph(IZ)I @ 50

Internal exceptions (10 events):
Event: 1.332 Thread 0x00000000201e2800 Implicit null exception at 0x0000000003fa8351 to 0x0000000003fa83d1
Event: 1.391 Thread 0x00000000201e2800 Implicit null exception at 0x0000000003faf2f4 to 0x0000000003faf369
Event: 1.632 Thread 0x00000000201e2800 Implicit null exception at 0x000000000400b35b to 0x000000000400b3e2
Event: 1.633 Thread 0x000000001ff42800 Implicit null exception at 0x0000000004108c49 to 0x0000000004108fdd
Event: 1.786 Thread 0x000000001ff42800 Implicit null exception at 0x00000000041817a3 to 0x00000000041842b5
Event: 2.093 Thread 0x000000001ff42800 Implicit null exception at 0x00000000040236cf to 0x0000000004023d41
Event: 2.093 Thread 0x000000001ff42800 Implicit null exception at 0x000000000410222e to 0x0000000004102555
Event: 2.093 Thread 0x000000001ff42800 Implicit null exception at 0x0000000003f77189 to 0x0000000003f77299
Event: 2.096 Thread 0x000000001ff42800 Implicit null exception at 0x0000000003f493d9 to 0x0000000003f49489
Event: 2.436 Thread 0x000000001f6ee000 Implicit null exception at 0x0000000004344e50 to 0x00000000043453ed

Events (10 events):
Event: 2.527 loading class com/sun/javafx/webkit/prism/WCGraphicsPrismContext$7
Event: 2.527 loading class com/sun/javafx/webkit/prism/WCGraphicsPrismContext$7 done
Event: 2.527 loading class com/sun/javafx/sg/prism/NGImageView
Event: 2.527 loading class com/sun/javafx/sg/prism/NGImageView done
Event: 2.570 Thread 0x00000000267b0800 Thread added: 0x00000000267b0800
Event: 2.570 Thread 0x00000000267b0800 Thread exited: 0x00000000267b0800
Event: 2.572 Thread 0x00000000267b2000 Thread added: 0x00000000267b2000
Event: 2.572 Thread 0x00000000267b2800 Thread added: 0x00000000267b2800
Event: 2.572 Thread 0x00000000267b2000 Thread exited: 0x00000000267b2000
Event: 2.572 Thread 0x00000000267b2800 Thread exited: 0x00000000267b2800


Dynamic libraries:
0x00007ff7d8070000 - 0x00007ff7d80a7000 	C:\Program Files\Java\jre1.8.0_71\bin\javaw.exe
0x00007ffbc1b70000 - 0x00007ffbc1d41000 	C:\WINDOWS\SYSTEM32\ntdll.dll
0x00007ffbbfb60000 - 0x00007ffbbfc0c000 	C:\WINDOWS\System32\KERNEL32.DLL
0x00007ffbbe040000 - 0x00007ffbbe25d000 	C:\WINDOWS\System32\KERNELBASE.dll
0x00007ffbc0090000 - 0x00007ffbc0132000 	C:\WINDOWS\System32\ADVAPI32.dll
0x00007ffbbf3b0000 - 0x00007ffbbf44e000 	C:\WINDOWS\System32\msvcrt.dll
0x00007ffbc0030000 - 0x00007ffbc0089000 	C:\WINDOWS\System32\sechost.dll
0x00007ffbbfa30000 - 0x00007ffbbfb51000 	C:\WINDOWS\System32\RPCRT4.dll
0x00007ffbbf140000 - 0x00007ffbbf2a5000 	C:\WINDOWS\System32\USER32.dll
0x00007ffbbe460000 - 0x00007ffbbe47e000 	C:\WINDOWS\System32\win32u.dll
0x00007ffbc1ac0000 - 0x00007ffbc1af4000 	C:\WINDOWS\System32\GDI32.dll
0x00007ffbbef50000 - 0x00007ffbbf0d2000 	C:\WINDOWS\System32\gdi32full.dll
0x00007ffbb4b60000 - 0x00007ffbb4dda000 	C:\WINDOWS\WinSxS\amd64_microsoft.windows.common-controls_6595b64144ccf1df_6.0.14393.953_none_42151e83c686086b\COMCTL32.dll
0x00007ffbbfd60000 - 0x00007ffbc0028000 	C:\WINDOWS\System32\combase.dll
0x00007ffbbe360000 - 0x00007ffbbe455000 	C:\WINDOWS\System32\ucrtbase.dll
0x00007ffbbed10000 - 0x00007ffbbed7a000 	C:\WINDOWS\System32\bcryptPrimitives.dll
0x00007ffbc1660000 - 0x00007ffbc168e000 	C:\WINDOWS\System32\IMM32.DLL
0x00007ffbbc780000 - 0x00007ffbbc7b0000 	c:\PROGRA~1\BULLGU~1\BULLGU~1\BgAgent.dll
0x0000000072c60000 - 0x0000000072d32000 	C:\Program Files\Java\jre1.8.0_71\bin\msvcr100.dll
0x0000000075170000 - 0x00000000759ff000 	C:\Program Files\Java\jre1.8.0_71\bin\server\jvm.dll
0x00007ffbbf790000 - 0x00007ffbbf798000 	C:\WINDOWS\System32\PSAPI.DLL
0x00007ffbb1ba0000 - 0x00007ffbb1ba9000 	C:\WINDOWS\SYSTEM32\WSOCK32.dll
0x00007ffbbbc80000 - 0x00007ffbbbca3000 	C:\WINDOWS\SYSTEM32\WINMM.dll
0x00007ffbba2e0000 - 0x00007ffbba2ea000 	C:\WINDOWS\SYSTEM32\VERSION.dll
0x00007ffbbfcd0000 - 0x00007ffbbfd3a000 	C:\WINDOWS\System32\WS2_32.dll
0x00000000033d0000 - 0x00000000033fb000 	C:\WINDOWS\SYSTEM32\WINMMBASE.dll
0x00007ffbbe310000 - 0x00007ffbbe352000 	C:\WINDOWS\System32\cfgmgr32.dll
0x0000000050020000 - 0x000000005002f000 	C:\Program Files\Java\jre1.8.0_71\bin\verify.dll
0x0000000075140000 - 0x0000000075169000 	C:\Program Files\Java\jre1.8.0_71\bin\java.dll
0x0000000050000000 - 0x0000000050016000 	C:\Program Files\Java\jre1.8.0_71\bin\zip.dll
0x00007ffbc0140000 - 0x00007ffbc1648000 	C:\WINDOWS\System32\SHELL32.dll
0x00007ffbbe5d0000 - 0x00007ffbbecaa000 	C:\WINDOWS\System32\windows.storage.dll
0x00007ffbbdff0000 - 0x00007ffbbe03c000 	C:\WINDOWS\System32\powrprof.dll
0x00007ffbbf0e0000 - 0x00007ffbbf132000 	C:\WINDOWS\System32\shlwapi.dll
0x00007ffbbdfd0000 - 0x00007ffbbdfdf000 	C:\WINDOWS\System32\kernel.appcore.dll
0x00007ffbbe260000 - 0x00007ffbbe309000 	C:\WINDOWS\System32\shcore.dll
0x00007ffbbdfb0000 - 0x00007ffbbdfc4000 	C:\WINDOWS\System32\profapi.dll
0x00007ffb797b0000 - 0x00007ffb7989f000 	C:\Program Files\Java\jre1.8.0_71\bin\msvcr120.dll
0x00007ffb79700000 - 0x00007ffb797a6000 	C:\Program Files\Java\jre1.8.0_71\bin\msvcp120.dll
0x0000000072c30000 - 0x0000000072c53000 	C:\Program Files\Java\jre1.8.0_71\bin\prism_d3d.dll
0x00007ffb8bf20000 - 0x00007ffb8c0ad000 	C:\WINDOWS\system32\d3d9.dll
0x00007ffbbb780000 - 0x00007ffbbb7a6000 	C:\WINDOWS\SYSTEM32\dwmapi.dll
0x00007ffbbc650000 - 0x00007ffbbc6e5000 	C:\WINDOWS\system32\uxtheme.dll
0x00007ffb79a00000 - 0x00007ffb7aabc000 	C:\WINDOWS\System32\DriverStore\FileRepository\nv_dispiwu.inf_amd64_b67dc924fff8de6d\nvd3dumx.dll
0x00007ffbb5a60000 - 0x00007ffbb5c17000 	C:\WINDOWS\system32\nvspcap64.dll
0x00007ffbbf650000 - 0x00007ffbbf788000 	C:\WINDOWS\System32\ole32.dll
0x00007ffbbf960000 - 0x00007ffbbfa1f000 	C:\WINDOWS\System32\OLEAUT32.dll
0x00007ffbbe530000 - 0x00007ffbbe5cc000 	C:\WINDOWS\System32\msvcp_win.dll
0x00007ffbc1690000 - 0x00007ffbc1ab9000 	C:\WINDOWS\System32\SETUPAPI.dll
0x00007ffbb9e60000 - 0x00007ffbb9f2d000 	C:\WINDOWS\SYSTEM32\WINHTTP.dll
0x00007ffbb98c0000 - 0x00007ffbb9cbb000 	C:\WINDOWS\system32\nvapi64.dll
0x00007ffbbcf30000 - 0x00007ffbbcfcf000 	C:\WINDOWS\SYSTEM32\dxgi.dll
0x00007ffbbdcb0000 - 0x00007ffbbdcdc000 	C:\WINDOWS\SYSTEM32\SspiCli.dll
0x0000000072be0000 - 0x0000000072c23000 	C:\Program Files\Java\jre1.8.0_71\bin\glass.dll
0x00007ffbbf2b0000 - 0x00007ffbbf3aa000 	C:\WINDOWS\System32\COMDLG32.dll
0x00007ffbbf7a0000 - 0x00007ffbbf8fa000 	C:\WINDOWS\System32\MSCTF.dll
0x00007ffbb9cc0000 - 0x00007ffbb9da6000 	C:\Program Files (x86)\NVIDIA Corporation\3D Vision\nvSCPAPI64.dll
0x0000000070630000 - 0x0000000070644000 	C:\Program Files\Java\jre1.8.0_71\bin\javafx_font.dll
0x00007ffba5280000 - 0x00007ffba54e9000 	C:\WINDOWS\SYSTEM32\dwrite.dll
0x0000000070650000 - 0x0000000072bdd000 	C:\Program Files\Java\jre1.8.0_71\bin\jfxwebkit.dll
0x00007ffbbda80000 - 0x00007ffbbda97000 	C:\WINDOWS\SYSTEM32\CRYPTSP.dll
0x00007ffbbd4e0000 - 0x00007ffbbd513000 	C:\WINDOWS\system32\rsaenh.dll
0x00007ffbbdb90000 - 0x00007ffbbdbbb000 	C:\WINDOWS\SYSTEM32\bcrypt.dll
0x00007ffbbdaa0000 - 0x00007ffbbdaab000 	C:\WINDOWS\SYSTEM32\CRYPTBASE.dll
0x0000000075120000 - 0x000000007513a000 	C:\Program Files\Java\jre1.8.0_71\bin\net.dll
0x00007ffbbd8e0000 - 0x00007ffbbd93c000 	C:\WINDOWS\system32\mswsock.dll
0x0000000075100000 - 0x0000000075111000 	C:\Program Files\Java\jre1.8.0_71\bin\nio.dll
0x00000000750d0000 - 0x00000000750f4000 	C:\Program Files\Java\jre1.8.0_71\bin\sunec.dll
0x00007ffbbd760000 - 0x00007ffbbd77f000 	C:\WINDOWS\SYSTEM32\USERENV.dll
0x00007ffbbd660000 - 0x00007ffbbd698000 	C:\WINDOWS\SYSTEM32\IPHLPAPI.DLL
0x00007ffbbfa20000 - 0x00007ffbbfa28000 	C:\WINDOWS\System32\NSI.dll
0x00007ffbbfc30000 - 0x00007ffbbfccf000 	C:\WINDOWS\System32\clbcatq.dll
0x00007ffbbb140000 - 0x00007ffbbb2e8000 	C:\WINDOWS\SYSTEM32\WindowsCodecs.dll
0x00007ffbb26f0000 - 0x00007ffbb2739000 	C:\WINDOWS\system32\dataexchange.dll
0x00007ffbba7c0000 - 0x00007ffbbaa76000 	C:\WINDOWS\system32\d3d11.dll
0x00007ffbbbff0000 - 0x00007ffbbc141000 	C:\WINDOWS\system32\dcomp.dll
0x00007ffbbaaa0000 - 0x00007ffbbaab6000 	C:\WINDOWS\SYSTEM32\dhcpcsvc6.DLL
0x00007ffbbca00000 - 0x00007ffbbcb1c000 	C:\WINDOWS\system32\twinapi.appcore.dll
0x00007ffbbaa80000 - 0x00007ffbbaa9a000 	C:\WINDOWS\SYSTEM32\dhcpcsvc.DLL
0x00007ffbb6b70000 - 0x00007ffbb6ba2000 	C:\Program Files\Common Files\Microsoft Shared\Ink\rtscom.dll
0x0000000070610000 - 0x0000000070621000 	C:\Program Files\Java\jre1.8.0_71\bin\prism_common.dll
0x00007ffbb7800000 - 0x00007ffbb7d5f000 	C:\WINDOWS\SYSTEM32\d2d1.dll
0x00007ffbbed80000 - 0x00007ffbbef49000 	C:\WINDOWS\System32\CRYPT32.dll
0x00007ffbbdfe0000 - 0x00007ffbbdff0000 	C:\WINDOWS\System32\MSASN1.dll
0x00007ffba3890000 - 0x00007ffba3b1d000 	C:\WINDOWS\SYSTEM32\D3D10Warp.dll
0x00007ffbbbdd0000 - 0x00007ffbbbde8000 	C:\WINDOWS\system32\NLAapi.dll
0x00007ffbb2880000 - 0x00007ffbb2896000 	C:\WINDOWS\system32\napinsp.dll
0x00007ffbb28a0000 - 0x00007ffbb28ba000 	C:\WINDOWS\system32\pnrpnsp.dll
0x00007ffbbd6a0000 - 0x00007ffbbd741000 	C:\WINDOWS\SYSTEM32\DNSAPI.dll
0x00007ffbb28c0000 - 0x00007ffbb28ce000 	C:\WINDOWS\System32\winrnr.dll
0x0000000050640000 - 0x0000000050666000 	C:\Program Files\Bonjour\mdnsNSP.dll
0x00007ffbb98b0000 - 0x00007ffbb98ba000 	C:\Windows\System32\rasadhlp.dll
0x00007ffbba300000 - 0x00007ffbba36a000 	C:\WINDOWS\System32\fwpuclnt.dll
0x00000000705e0000 - 0x0000000070603000 	C:\Program Files\Java\jre1.8.0_71\bin\javafx_iio.dll
0x00007ffbacc90000 - 0x00007ffbace22000 	C:\WINDOWS\SYSTEM32\dbghelp.dll

VM Arguments:
jvm_args: -Djava.library.path=C:\Users\Jack\Desktop\New folder (9)\cansat -Dfile.encoding=Cp1252 
java_command: cansat.Luncher
java_class_path (initial): F:\Stuff\cansat\newPro\cansat\bin;C:\Program Files\Java\jdk1.8.0_71\jre\lib\jfxswt.jar;F:\Stuff\cansat\newPro\cansat\lib\RXTXcomm.jar
Launcher Type: SUN_STANDARD

Environment Variables:
PATH=C:/Program Files/Java/jre1.8.0_71/bin/server;C:/Program Files/Java/jre1.8.0_71/bin;C:/Program Files/Java/jre1.8.0_71/lib/amd64;C:\Program Files\Oculus\Support\oculus-runtime;C:\Program Files (x86)\ActiveState Komodo IDE 10\;C:\ProgramData\Oracle\Java\javapath;C:\Windows\system32;C:\Windows;C:\Windows\System32\Wbem;C:\Windows\System32\WindowsPowerShell\v1.0\;C:\Program Files (x86)\NVIDIA Corporation\PhysX\Common;C:\Program Files (x86)\Skype\Phone\;C:\Program Files\Microsoft\Web Platform Installer\;C:\Program Files (x86)\Microsoft ASP.NET\ASP.NET Web Pages\v1.0\;C:\Program Files (x86)\Windows Kits\8.0\Windows Performance Toolkit\;C:\Program Files\Microsoft SQL Server\110\Tools\Binn\;C:\Program Files (x86)\GtkSharp\2.12\bin;C:\Users\Jack\.dnx\bin;C:\Program Files\Microsoft DNX\Dnvm\;C:\Program Files\Microsoft SQL Server\130\Tools\Binn\;C:\WINDOWS\system32;C:\WINDOWS;C:\WINDOWS\System32\Wbem;C:\WINDOWS\System32\WindowsPowerShell\v1.0\;C:\Python27;C:\Program Files (x86)\Windows Kits\10\Windows Performance Toolkit\;C:\Program Files (x86)\Windows Kits\8.1\Windows Performance Toolkit\;C:\Users\Jack\AppData\Local\Microsoft\WindowsApps;C:\Program Files\Bandizip\;C:\Users\Jack\eclipse\java-mars\eclipse;
USERNAME=Jack
OS=Windows_NT
PROCESSOR_IDENTIFIER=Intel64 Family 6 Model 60 Stepping 3, GenuineIntel



---------------  S Y S T E M  ---------------

OS: Windows 10.0 , 64 bit Build 14393 (10.0.14393.1198)

CPU:total 8 (4 cores per cpu, 2 threads per core) family 6 model 60 stepping 3, cmov, cx8, fxsr, mmx, sse, sse2, sse3, ssse3, sse4.1, sse4.2, popcnt, avx, avx2, aes, clmul, erms, lzcnt, ht, tsc, tscinvbit, bmi1, bmi2

Memory: 4k page, physical 16724548k(4977232k free), swap 67056196k(4256k free)

vm_info: Java HotSpot(TM) 64-Bit Server VM (25.71-b15) for windows-amd64 JRE (1.8.0_71-b15), built on Dec 22 2015 18:15:55 by "java_re" with MS VC++ 10.0 (VS2010)

time: Fri Jun 02 03:44:45 2017
elapsed time: 2 seconds (0d 0h 0m 2s)

