#
# A fatal error has been detected by the Java Runtime Environment:
#
#  EXCEPTION_UNCAUGHT_CXX_EXCEPTION (0xe06d7363) at pc=0x00007fff59fd3c58, pid=18508, tid=27196
#
# JRE version: Java(TM) SE Runtime Environment (8.0_71-b15) (build 1.8.0_71-b15)
# Java VM: Java HotSpot(TM) 64-Bit Server VM (25.71-b15 mixed mode windows-amd64 compressed oops)
# Problematic frame:
# C  [KERNELBASE.dll+0x33c58]
#
# Failed to write core dump. Minidumps are not enabled by default on client versions of Windows
#
# If you would like to submit a bug report, please visit:
#   http://bugreport.java.com/bugreport/crash.jsp
# The crash happened outside the Java Virtual Machine in native code.
# See problematic frame for where to report the bug.
#

---------------  T H R E A D  ---------------

Current thread (0x000000001f273000):  JavaThread "JavaFX Application Thread" [_thread_in_native, id=27196, stack(0x00000000204a0000,0x00000000205a0000)]

siginfo: ExceptionCode=0xe06d7363, ExceptionInformation=0x0000000019930520 0x000000002059d540 0x00007fff3723d220 0x00007fff37170000 

Registers:
RAX=0x0000000000000001, RBX=0x00007fff3723d220, RCX=0x0000000000000000, RDX=0xfffb144000198000
RSP=0x000000002059d3d0, RBP=0x000000002059d510, RSI=0x0000000000010000, RDI=0x000000002059d540
R8 =0x00000000643e0919, R9 =0x0000000000000000, R10=0x0000000000000000, R11=0x0000000000000000
R12=0x000000002ef6c5b0, R13=0x00000000d819f201, R14=0x0000000033ae3bd0, R15=0x0000000033ae3bd0
RIP=0x00007fff59fd3c58, EFLAGS=0x0000000000000206

Top of Stack: (sp=0x000000002059d3d0)
0x000000002059d3d0:   0000000000000000 00007fff3723d220
0x000000002059d3e0:   0000000000010000 000000002059d540
0x000000002059d3f0:   00000001e06d7363 0000000000000000
0x000000002059d400:   00007fff59fd3c58 0000000000000004
0x000000002059d410:   0000000019930520 000000002059d540
0x000000002059d420:   00007fff3723d220 00007fff37170000
0x000000002059d430:   00000000d819f201 000000002ef6c5b0
0x000000002059d440:   000000002059d540 0000000000010000
0x000000002059d450:   000000002059d510 00007fff5cc9c26f
0x000000002059d460:   000000002059d520 0000000000000000
0x000000002059d470:   000064a4643331b5 0000000061be0000
0x000000002059d480:   00007fff37254000 00007fff37170000
0x000000002059d490:   0000b6e0933aee2d 000000002059d608
0x000000002059d4a0:   00007fff3723d220 00007fff371cef63
0x000000002059d4b0:   0000000000010000 00007fff371970f9
0x000000002059d4c0:   0000000000010000 000000002ef6c5b0 

Instructions: (pc=0x00007fff59fd3c58)
0x00007fff59fd3c38:   49 8b d1 44 0f 47 c0 44 89 44 24 38 49 c1 e0 03
0x00007fff59fd3c48:   e8 47 90 04 00 48 8d 4c 24 20 ff 15 a0 44 11 00
0x00007fff59fd3c58:   48 8b 8c 24 c0 00 00 00 48 33 cc e8 d8 55 04 00
0x00007fff59fd3c68:   48 81 c4 d8 00 00 00 c3 83 64 24 38 00 eb d6 cc 


Register to memory mapping:

RAX=0x0000000000000001 is an unknown value
RBX=0x00007fff3723d220 is an unknown value
RCX=0x0000000000000000 is an unknown value
RDX=0xfffb144000198000 is an unknown value
RSP=0x000000002059d3d0 is pointing into the stack for thread: 0x000000001f273000
RBP=0x000000002059d510 is pointing into the stack for thread: 0x000000001f273000
RSI=0x0000000000010000 is an unknown value
RDI=0x000000002059d540 is pointing into the stack for thread: 0x000000001f273000
R8 =0x00000000643e0919 is an unknown value
R9 =0x0000000000000000 is an unknown value
R10=0x0000000000000000 is an unknown value
R11=0x0000000000000000 is an unknown value
R12=0x000000002ef6c5b0 is an unknown value
R13=0x00000000d819f201 is an unknown value
R14=0x0000000033ae3bd0 is an unknown value
R15=0x0000000033ae3bd0 is an unknown value


Stack: [0x00000000204a0000,0x00000000205a0000],  sp=0x000000002059d3d0,  free space=1012k
Native frames: (J=compiled Java code, j=interpreted, Vv=VM code, C=native code)
C  [KERNELBASE.dll+0x33c58]
C  [msvcr120.dll+0x5ef63]
C  [msvcr120.dll+0x669b0]
C  [jfxwebkit.dll+0x88419d]
C  [jfxwebkit.dll+0x884370]
C  [jfxwebkit.dll+0x88498b]
C  [jfxwebkit.dll+0x880d88]
C  [jfxwebkit.dll+0xa570a0]
C  [jfxwebkit.dll+0xa5a2f0]
C  [jfxwebkit.dll+0xa5b896]
C  [jfxwebkit.dll+0xa54fa2]
C  [jfxwebkit.dll+0xa540d6]
C  [jfxwebkit.dll+0xa54137]
C  [jfxwebkit.dll+0xa54137]
C  [jfxwebkit.dll+0xa54137]
C  [jfxwebkit.dll+0xa54137]
C  [jfxwebkit.dll+0xa54137]
C  [jfxwebkit.dll+0xa54137]
C  [jfxwebkit.dll+0x9a48a3]
C  [jfxwebkit.dll+0x828064]
C  [jfxwebkit.dll+0x82a5ad]
C  [jfxwebkit.dll+0x8c7cff]
C  [jfxwebkit.dll+0x8aac06]
C  [jfxwebkit.dll+0x86f046]
C  [jfxwebkit.dll+0xa570f8]
C  [jfxwebkit.dll+0xa5a2f0]
C  [jfxwebkit.dll+0xa5b896]
C  [jfxwebkit.dll+0xa54fa2]
C  [jfxwebkit.dll+0x8aaf10]
C  0x0000000003877df5

Java frames: (J=compiled Java code, j=interpreted, Vv=VM code)
J 5613  com.sun.webkit.WebPage.twkPrePaint(J)V (0 bytes) @ 0x0000000003877d7b [0x0000000003877d40+0x3b]
J 7441 C2 com.sun.webkit.WebPage.updateDirty(Lcom/sun/webkit/graphics/WCRectangle;)V (612 bytes) @ 0x00000000039d6834 [0x00000000039d6720+0x114]
J 7275 C2 javafx.scene.web.WebView.handleStagePulse()V (113 bytes) @ 0x0000000003ccc9d0 [0x0000000003ccc3a0+0x630]
J 7212 C2 javafx.scene.web.WebView$$Lambda$108.pulse()V (8 bytes) @ 0x0000000003c94d60 [0x0000000003c94d20+0x40]
J 5372 C2 com.sun.javafx.tk.Toolkit$$Lambda$259.run()Ljava/lang/Object; (8 bytes) @ 0x00000000031101c8 [0x0000000003110180+0x48]
v  ~StubRoutines::call_stub
J 1875  java.security.AccessController.doPrivileged(Ljava/security/PrivilegedAction;Ljava/security/AccessControlContext;)Ljava/lang/Object; (0 bytes) @ 0x000000000303d9a6 [0x000000000303d940+0x66]
J 5686 C2 com.sun.glass.ui.InvokeLaterDispatcher$Future.run()V (91 bytes) @ 0x000000000397d70c [0x000000000397c6e0+0x102c]
v  ~StubRoutines::call_stub
j  com.sun.glass.ui.win.WinApplication._runLoop(Ljava/lang/Runnable;)V+0
j  com.sun.glass.ui.win.WinApplication.lambda$null$148(ILjava/lang/Runnable;)V+8
j  com.sun.glass.ui.win.WinApplication$$Lambda$40.run()V+12
j  java.lang.Thread.run()V+11
v  ~StubRoutines::call_stub

---------------  P R O C E S S  ---------------

Java Threads: ( => current thread )
  0x0000000026399800 JavaThread "Thread-913" daemon [_thread_blocked, id=12772, stack(0x0000000065b00000,0x0000000065c00000)]
  0x0000000026392000 JavaThread "Thread-912" daemon [_thread_blocked, id=14396, stack(0x0000000065a00000,0x0000000065b00000)]
  0x0000000026398800 JavaThread "Thread-911" daemon [_thread_blocked, id=14028, stack(0x00000000615b0000,0x00000000616b0000)]
  0x0000000026398000 JavaThread "Thread-910" daemon [_thread_blocked, id=17784, stack(0x00000000614b0000,0x00000000615b0000)]
  0x0000000026392800 JavaThread "URL-Loader-1368" daemon [_thread_blocked, id=5148, stack(0x00000000612b0000,0x00000000613b0000)]
  0x0000000026390800 JavaThread "Thread-909" daemon [_thread_blocked, id=8016, stack(0x00000000611b0000,0x00000000612b0000)]
  0x000000002638f800 JavaThread "URL-Loader-1367" daemon [_thread_blocked, id=15020, stack(0x00000000610b0000,0x00000000611b0000)]
  0x0000000026391000 JavaThread "URL-Loader-1366" daemon [_thread_blocked, id=840, stack(0x0000000060fb0000,0x00000000610b0000)]
  0x0000000026395000 JavaThread "URL-Loader-1365" daemon [_thread_blocked, id=16368, stack(0x0000000060eb0000,0x0000000060fb0000)]
  0x0000000026395800 JavaThread "URL-Loader-1364" daemon [_thread_blocked, id=6308, stack(0x0000000060db0000,0x0000000060eb0000)]
  0x000000002638f000 JavaThread "URL-Loader-1363" daemon [_thread_blocked, id=17880, stack(0x0000000060cb0000,0x0000000060db0000)]
  0x000000002638e000 JavaThread "URL-Loader-1362" daemon [_thread_blocked, id=13556, stack(0x0000000060bb0000,0x0000000060cb0000)]
  0x0000000026003800 JavaThread "URL-Loader-1361" daemon [_thread_blocked, id=18444, stack(0x00000000609b0000,0x0000000060ab0000)]
  0x0000000026009000 JavaThread "URL-Loader-1360" daemon [_thread_blocked, id=18860, stack(0x0000000049b00000,0x0000000049c00000)]
  0x0000000026006000 JavaThread "URL-Loader-1359" daemon [_thread_blocked, id=17680, stack(0x0000000049a00000,0x0000000049b00000)]
  0x0000000026006800 JavaThread "URL-Loader-1358" daemon [_thread_blocked, id=18704, stack(0x0000000049900000,0x0000000049a00000)]
  0x0000000026005000 JavaThread "URL-Loader-1357" daemon [_thread_blocked, id=25856, stack(0x00000000495d0000,0x00000000496d0000)]
  0x0000000026393800 JavaThread "Keep-Alive-Timer" daemon [_thread_blocked, id=11096, stack(0x00000000613b0000,0x00000000614b0000)]
  0x0000000026007800 JavaThread "Watchdog-Timer-1" daemon [_thread_blocked, id=25868, stack(0x000000002c900000,0x000000002ca00000)]
  0x0000000026c00800 JavaThread "Timer-0" [_thread_blocked, id=25336, stack(0x0000000029020000,0x0000000029120000)]
  0x0000000025f1b000 JavaThread "Prism Font Disposer" daemon [_thread_blocked, id=13656, stack(0x00000000274f0000,0x00000000275f0000)]
  0x000000001f516800 JavaThread "Disposer" daemon [_thread_blocked, id=20300, stack(0x0000000025ac0000,0x0000000025bc0000)]
  0x000000001f27c000 JavaThread "Java2D Disposer" daemon [_thread_blocked, id=6260, stack(0x0000000024f10000,0x0000000025010000)]
  0x000000001f35b000 JavaThread "Thread-3" daemon [_thread_in_native, id=28088, stack(0x0000000024600000,0x0000000024700000)]
=>0x000000001f273000 JavaThread "JavaFX Application Thread" [_thread_in_native, id=27196, stack(0x00000000204a0000,0x00000000205a0000)]
  0x000000001f271800 JavaThread "Thread-2" daemon [_thread_blocked, id=27168, stack(0x00000000203a0000,0x00000000204a0000)]
  0x000000001f213800 JavaThread "QuantumRenderer-0" daemon [_thread_blocked, id=24108, stack(0x000000001fac0000,0x000000001fbc0000)]
  0x000000001f1d5000 JavaThread "JavaFX-Launcher" [_thread_blocked, id=11464, stack(0x000000001f9c0000,0x000000001fac0000)]
  0x000000001e68c000 JavaThread "Service Thread" daemon [_thread_blocked, id=27300, stack(0x000000001efc0000,0x000000001f0c0000)]
  0x000000001e5fd800 JavaThread "C1 CompilerThread3" daemon [_thread_blocked, id=19912, stack(0x000000001eec0000,0x000000001efc0000)]
  0x000000001e5fa800 JavaThread "C2 CompilerThread2" daemon [_thread_blocked, id=25756, stack(0x000000001edc0000,0x000000001eec0000)]
  0x000000001e5f4800 JavaThread "C2 CompilerThread1" daemon [_thread_blocked, id=26948, stack(0x000000001ecc0000,0x000000001edc0000)]
  0x000000001e5e9000 JavaThread "C2 CompilerThread0" daemon [_thread_blocked, id=20364, stack(0x000000001ebc0000,0x000000001ecc0000)]
  0x000000001e5e7000 JavaThread "Attach Listener" daemon [_thread_blocked, id=27016, stack(0x000000001eac0000,0x000000001ebc0000)]
  0x000000001e5e6000 JavaThread "Signal Dispatcher" daemon [_thread_blocked, id=22912, stack(0x000000001e9c0000,0x000000001eac0000)]
  0x00000000029bc000 JavaThread "Finalizer" daemon [_thread_blocked, id=1468, stack(0x000000001e3c0000,0x000000001e4c0000)]
  0x00000000029b5000 JavaThread "Reference Handler" daemon [_thread_blocked, id=28640, stack(0x000000001e2c0000,0x000000001e3c0000)]
  0x00000000028c0800 JavaThread "main" [_thread_blocked, id=28220, stack(0x0000000002790000,0x0000000002890000)]

Other Threads:
  0x000000001c4c9800 VMThread [stack: 0x000000001e1c0000,0x000000001e2c0000] [id=13012]
  0x000000001e68e800 WatcherThread [stack: 0x000000001f0c0000,0x000000001f1c0000] [id=26452]

VM state:not at safepoint (normal execution)

VM Mutex/Monitor currently owned by a thread: None

Heap:
 PSYoungGen      total 1358336K, used 581224K [0x000000076af00000, 0x00000007c0000000, 0x00000007c0000000)
  eden space 1331200K, 41% used [0x000000076af00000,0x000000078cc284b0,0x00000007bc300000)
  from space 27136K, 99% used [0x00000007bc300000,0x00000007bdd71e08,0x00000007bdd80000)
  to   space 32256K, 0% used [0x00000007be080000,0x00000007be080000,0x00000007c0000000)
 ParOldGen       total 225280K, used 141070K [0x00000006c0c00000, 0x00000006ce800000, 0x000000076af00000)
  object space 225280K, 62% used [0x00000006c0c00000,0x00000006c95c3890,0x00000006ce800000)
 Metaspace       used 23415K, capacity 24520K, committed 24704K, reserved 1071104K
  class space    used 3137K, capacity 3364K, committed 3456K, reserved 1048576K

Card table byte_map: [0x0000000011d90000,0x0000000012590000] byte_map_base: 0x000000000e78a000

Marking Bits: (ParMarkBitMap*) 0x00000000649af600
 Begin Bits: [0x00000000132f0000, 0x00000000172c0000)
 End Bits:   [0x00000000172c0000, 0x000000001b290000)

Polling page: 0x0000000002890000

CodeCache: size=245760Kb used=19440Kb max_used=19464Kb free=226319Kb
 bounds [0x00000000029d0000, 0x0000000003d10000, 0x00000000119d0000]
 total_blobs=6468 nmethods=5685 adapters=694
 compilation: enabled

Compilation events (10 events):
Event: 1242.866 Thread 0x000000001e5e9000 7519       4       com.sun.webkit.WebPage$RenderFrame::<init> (5 bytes)
Event: 1242.867 Thread 0x000000001e5e9000 nmethod 7519 0x0000000003005dd0 code [0x0000000003005f20, 0x0000000003006098]
Event: 1246.343 Thread 0x000000001e5fa800 7520       4       com.sun.javafx.binding.ExpressionHelper$Generic::removeListener (216 bytes)
Event: 1246.347 Thread 0x000000001e5fa800 nmethod 7520 0x0000000003772c90 code [0x0000000003772de0, 0x0000000003773278]
Event: 1247.367 Thread 0x000000001e5f4800 7521       4       javafx.scene.Node$1::invalidated (236 bytes)
Event: 1247.404 Thread 0x000000001e5f4800 nmethod 7521 0x0000000003755dd0 code [0x0000000003756100, 0x00000000037584d0]
Event: 1248.067 Thread 0x000000001e5e9000 7522       4       java.lang.AbstractStringBuilder::append (54 bytes)
Event: 1248.070 Thread 0x000000001e5e9000 nmethod 7522 0x00000000032d55d0 code [0x00000000032d5740, 0x00000000032d5b98]
Event: 1248.133 Thread 0x000000001e5fd800 7523  s    1       java.io.BufferedInputStream::mark (14 bytes)
Event: 1248.134 Thread 0x000000001e5fd800 nmethod 7523 0x000000000387d950 code [0x000000000387daa0, 0x000000000387dd10]

GC Heap History (10 events):
Event: 1206.471 GC heap before
{Heap before GC invocations=1055 (full 2):
 PSYoungGen      total 1370112K, used 1366208K [0x000000076af00000, 0x00000007c0000000, 0x00000007c0000000)
  eden space 1346560K, 100% used [0x000000076af00000,0x00000007bd200000,0x00000007bd200000)
  from space 23552K, 83% used [0x00000007be900000,0x00000007bfc300f0,0x00000007c0000000)
  to   space 23552K, 0% used [0x00000007bd200000,0x00000007bd200000,0x00000007be900000)
 ParOldGen       total 225280K, used 124580K [0x00000006c0c00000, 0x00000006ce800000, 0x000000076af00000)
  object space 225280K, 55% used [0x00000006c0c00000,0x00000006c85a9030,0x00000006ce800000)
 Metaspace       used 23414K, capacity 24520K, committed 24704K, reserved 1071104K
  class space    used 3137K, capacity 3364K, committed 3456K, reserved 1048576K
Event: 1206.495 GC heap after
Heap after GC invocations=1055 (full 2):
 PSYoungGen      total 1370112K, used 23520K [0x000000076af00000, 0x00000007c0000000, 0x00000007c0000000)
  eden space 1346560K, 0% used [0x000000076af00000,0x000000076af00000,0x00000007bd200000)
  from space 23552K, 99% used [0x00000007bd200000,0x00000007be8f80f0,0x00000007be900000)
  to   space 23552K, 0% used [0x00000007be900000,0x00000007be900000,0x00000007c0000000)
 ParOldGen       total 225280K, used 131460K [0x00000006c0c00000, 0x00000006ce800000, 0x000000076af00000)
  object space 225280K, 58% used [0x00000006c0c00000,0x00000006c8c61178,0x00000006ce800000)
 Metaspace       used 23414K, capacity 24520K, committed 24704K, reserved 1071104K
  class space    used 3137K, capacity 3364K, committed 3456K, reserved 1048576K
}
Event: 1216.728 GC heap before
{Heap before GC invocations=1056 (full 2):
 PSYoungGen      total 1370112K, used 1370080K [0x000000076af00000, 0x00000007c0000000, 0x00000007c0000000)
  eden space 1346560K, 100% used [0x000000076af00000,0x00000007bd200000,0x00000007bd200000)
  from space 23552K, 99% used [0x00000007bd200000,0x00000007be8f80f0,0x00000007be900000)
  to   space 23552K, 0% used [0x00000007be900000,0x00000007be900000,0x00000007c0000000)
 ParOldGen       total 225280K, used 131460K [0x00000006c0c00000, 0x00000006ce800000, 0x000000076af00000)
  object space 225280K, 58% used [0x00000006c0c00000,0x00000006c8c61178,0x00000006ce800000)
 Metaspace       used 23414K, capacity 24520K, committed 24704K, reserved 1071104K
  class space    used 3137K, capacity 3364K, committed 3456K, reserved 1048576K
Event: 1216.745 GC heap after
Heap after GC invocations=1056 (full 2):
 PSYoungGen      total 1362944K, used 20903K [0x000000076af00000, 0x00000007c0000000, 0x00000007c0000000)
  eden space 1339392K, 0% used [0x000000076af00000,0x000000076af00000,0x00000007bcb00000)
  from space 23552K, 88% used [0x00000007be900000,0x00000007bfd69d78,0x00000007c0000000)
  to   space 27136K, 0% used [0x00000007bcb00000,0x00000007bcb00000,0x00000007be580000)
 ParOldGen       total 225280K, used 134497K [0x00000006c0c00000, 0x00000006ce800000, 0x000000076af00000)
  object space 225280K, 59% used [0x00000006c0c00000,0x00000006c8f587f8,0x00000006ce800000)
 Metaspace       used 23414K, capacity 24520K, committed 24704K, reserved 1071104K
  class space    used 3137K, capacity 3364K, committed 3456K, reserved 1048576K
}
Event: 1226.492 GC heap before
{Heap before GC invocations=1057 (full 2):
 PSYoungGen      total 1362944K, used 1360295K [0x000000076af00000, 0x00000007c0000000, 0x00000007c0000000)
  eden space 1339392K, 100% used [0x000000076af00000,0x00000007bcb00000,0x00000007bcb00000)
  from space 23552K, 88% used [0x00000007be900000,0x00000007bfd69d78,0x00000007c0000000)
  to   space 27136K, 0% used [0x00000007bcb00000,0x00000007bcb00000,0x00000007be580000)
 ParOldGen       total 225280K, used 134497K [0x00000006c0c00000, 0x00000006ce800000, 0x000000076af00000)
  object space 225280K, 59% used [0x00000006c0c00000,0x00000006c8f587f8,0x00000006ce800000)
 Metaspace       used 23414K, capacity 24520K, committed 24704K, reserved 1071104K
  class space    used 3137K, capacity 3364K, committed 3456K, reserved 1048576K
Event: 1226.516 GC heap after
Heap after GC invocations=1057 (full 2):
 PSYoungGen      total 1366528K, used 27127K [0x000000076af00000, 0x00000007c0000000, 0x00000007c0000000)
  eden space 1339392K, 0% used [0x000000076af00000,0x000000076af00000,0x00000007bcb00000)
  from space 27136K, 99% used [0x00000007bcb00000,0x00000007be57dd88,0x00000007be580000)
  to   space 27136K, 0% used [0x00000007be580000,0x00000007be580000,0x00000007c0000000)
 ParOldGen       total 225280K, used 139274K [0x00000006c0c00000, 0x00000006ce800000, 0x000000076af00000)
  object space 225280K, 61% used [0x00000006c0c00000,0x00000006c9402818,0x00000006ce800000)
 Metaspace       used 23414K, capacity 24520K, committed 24704K, reserved 1071104K
  class space    used 3137K, capacity 3364K, committed 3456K, reserved 1048576K
}
Event: 1235.483 GC heap before
{Heap before GC invocations=1058 (full 2):
 PSYoungGen      total 1366528K, used 1366519K [0x000000076af00000, 0x00000007c0000000, 0x00000007c0000000)
  eden space 1339392K, 100% used [0x000000076af00000,0x00000007bcb00000,0x00000007bcb00000)
  from space 27136K, 99% used [0x00000007bcb00000,0x00000007be57dd88,0x00000007be580000)
  to   space 27136K, 0% used [0x00000007be580000,0x00000007be580000,0x00000007c0000000)
 ParOldGen       total 225280K, used 139276K [0x00000006c0c00000, 0x00000006ce800000, 0x000000076af00000)
  object space 225280K, 61% used [0x00000006c0c00000,0x00000006c9403150,0x00000006ce800000)
 Metaspace       used 23414K, capacity 24520K, committed 24704K, reserved 1071104K
  class space    used 3137K, capacity 3364K, committed 3456K, reserved 1048576K
Event: 1235.505 GC heap after
Heap after GC invocations=1058 (full 2):
 PSYoungGen      total 1358336K, used 24551K [0x000000076af00000, 0x00000007c0000000, 0x00000007c0000000)
  eden space 1331200K, 0% used [0x000000076af00000,0x000000076af00000,0x00000007bc300000)
  from space 27136K, 90% used [0x00000007be580000,0x00000007bfd79d98,0x00000007c0000000)
  to   space 31232K, 0% used [0x00000007bc300000,0x00000007bc300000,0x00000007be180000)
 ParOldGen       total 225280K, used 141068K [0x00000006c0c00000, 0x00000006ce800000, 0x000000076af00000)
  object space 225280K, 62% used [0x00000006c0c00000,0x00000006c95c3150,0x00000006ce800000)
 Metaspace       used 23414K, capacity 24520K, committed 24704K, reserved 1071104K
  class space    used 3137K, capacity 3364K, committed 3456K, reserved 1048576K
}
Event: 1244.818 GC heap before
{Heap before GC invocations=1059 (full 2):
 PSYoungGen      total 1358336K, used 1355751K [0x000000076af00000, 0x00000007c0000000, 0x00000007c0000000)
  eden space 1331200K, 100% used [0x000000076af00000,0x00000007bc300000,0x00000007bc300000)
  from space 27136K, 90% used [0x00000007be580000,0x00000007bfd79d98,0x00000007c0000000)
  to   space 31232K, 0% used [0x00000007bc300000,0x00000007bc300000,0x00000007be180000)
 ParOldGen       total 225280K, used 141070K [0x00000006c0c00000, 0x00000006ce800000, 0x000000076af00000)
  object space 225280K, 62% used [0x00000006c0c00000,0x00000006c95c3890,0x00000006ce800000)
 Metaspace       used 23415K, capacity 24520K, committed 24704K, reserved 1071104K
  class space    used 3137K, capacity 3364K, committed 3456K, reserved 1048576K
Event: 1244.834 GC heap after
Heap after GC invocations=1059 (full 2):
 PSYoungGen      total 1358336K, used 27079K [0x000000076af00000, 0x00000007c0000000, 0x00000007c0000000)
  eden space 1331200K, 0% used [0x000000076af00000,0x000000076af00000,0x00000007bc300000)
  from space 27136K, 99% used [0x00000007bc300000,0x00000007bdd71e08,0x00000007bdd80000)
  to   space 32256K, 0% used [0x00000007be080000,0x00000007be080000,0x00000007c0000000)
 ParOldGen       total 225280K, used 141070K [0x00000006c0c00000, 0x00000006ce800000, 0x000000076af00000)
  object space 225280K, 62% used [0x00000006c0c00000,0x00000006c95c3890,0x00000006ce800000)
 Metaspace       used 23415K, capacity 24520K, committed 24704K, reserved 1071104K
  class space    used 3137K, capacity 3364K, committed 3456K, reserved 1048576K
}

Deoptimization events (10 events):
Event: 1135.586 Thread 0x000000001f213800 Uncommon trap: reason=unstable_if action=reinterpret pc=0x0000000003a22398 method=com.sun.javafx.webkit.prism.WCGraphicsPrismContext.flushAllLayers()V @ 4
Event: 1135.587 Thread 0x000000001f213800 Uncommon trap: reason=null_check action=maybe_recompile pc=0x00000000032afda4 method=com.sun.javafx.webkit.prism.WCGraphicsPrismContext$ContextState.access$300(Lcom/sun/javafx/webkit/prism/WCGraphicsPrismContext$ContextState;Lcom/sun/javafx/geom/transform/ÜGp¥X¾‘@
Event: 1135.587 Thread 0x000000001f213800 Uncommon trap: reason=unstable_if action=reinterpret pc=0x0000000002c23e0c method=com.sun.javafx.webkit.prism.WCGraphicsPrismContext.flushAllLayers()V @ 4
Event: 1159.560 Thread 0x000000001f273000 Uncommon trap: reason=unstable_if action=reinterpret pc=0x00000000032ae7b8 method=com.sun.webkit.graphics.WCRenderQueue.addBuffer(Ljava/nio/ByteBuffer;)V @ 108
Event: 1172.074 Thread 0x000000001f273000 Uncommon trap: reason=unstable_if action=reinterpret pc=0x0000000003becfc0 method=com.sun.javafx.charts.ChartLayoutAnimator.stop(Ljava/lang/Object;)V @ 15
Event: 1193.554 Thread 0x000000001f213800 Uncommon trap: reason=null_check action=maybe_recompile pc=0x00000000032afda4 method=com.sun.javafx.webkit.prism.WCGraphicsPrismContext$ContextState.access$300(Lcom/sun/javafx/webkit/prism/WCGraphicsPrismContext$ContextState;Lcom/sun/javafx/geom/transform/G?R04§’@
Event: 1193.801 Thread 0x000000001f273000 Uncommon trap: reason=unstable_if action=reinterpret pc=0x000000000332f9d0 method=java.util.concurrent.locks.AbstractQueuedSynchronizer.transferForSignal(Ljava/util/concurrent/locks/AbstractQueuedSynchronizer$Node;)Z @ 33
Event: 1237.213 Thread 0x000000001f213800 Uncommon trap: reason=unstable_if action=reinterpret pc=0x0000000003cde80c method=com.sun.javafx.webkit.prism.WCGraphicsPrismContext.renderLayer(Lcom/sun/javafx/webkit/prism/WCGraphicsPrismContext$Layer;)V @ 35
Event: 1239.334 Thread 0x000000001f273000 Uncommon trap: reason=unstable_if action=reinterpret pc=0x0000000002e0054c method=javafx.scene.Parent.childExcluded(Ljavafx/scene/Node;)V @ 77
Event: 1239.350 Thread 0x000000001f273000 Uncommon trap: reason=unstable_if action=reinterpret pc=0x0000000002e14c38 method=javafx.scene.Parent.updateCachedBounds(Ljava/util/List;I)Z @ 108

Internal exceptions (10 events):
Event: 4.330 Thread 0x000000001f273000 Implicit null exception at 0x0000000003873461 to 0x000000000387410d
Event: 248.443 Thread 0x000000001f213800 Implicit null exception at 0x0000000003752c55 to 0x0000000003752cbd
Event: 387.490 Thread 0x000000001f213800 Implicit null exception at 0x00000000035dcbec to 0x00000000035dd821
Event: 387.490 Thread 0x000000001f213800 Implicit null exception at 0x0000000002cd1aec to 0x0000000002cd1b61
Event: 387.490 Thread 0x000000001f213800 Implicit null exception at 0x00000000037d6a95 to 0x00000000037d6acd
Event: 1135.586 Thread 0x000000001f213800 Implicit null exception at 0x00000000032afc5a to 0x00000000032afd95
Event: 1135.587 Thread 0x000000001f213800 Implicit null exception at 0x00000000032afc5a to 0x00000000032afd95
Event: 1193.554 Thread 0x000000001f213800 Implicit null exception at 0x00000000032afc5a to 0x00000000032afd95
Event: 1237.213 Thread 0x000000001f213800 Implicit null exception at 0x0000000003cda69f to 0x0000000003cde7f9
Event: 1239.350 Thread 0x000000001f273000 Implicit null exception at 0x0000000002e13f4d to 0x0000000002e14c1d

Events (10 events):
Event: 1248.138 Executing VM operation: RevokeBias
Event: 1248.138 Executing VM operation: RevokeBias done
Event: 1248.138 Executing VM operation: RevokeBias
Event: 1248.138 Executing VM operation: RevokeBias done
Event: 1248.138 Executing VM operation: RevokeBias
Event: 1248.138 Executing VM operation: RevokeBias done
Event: 1248.167 Thread 0x0000000026398000 Thread added: 0x0000000026398000
Event: 1248.167 Thread 0x0000000026398800 Thread added: 0x0000000026398800
Event: 1248.203 Thread 0x0000000026392000 Thread added: 0x0000000026392000
Event: 1248.204 Thread 0x0000000026399800 Thread added: 0x0000000026399800


Dynamic libraries:
0x00007ff7a2120000 - 0x00007ff7a2157000 	C:\Program Files\Java\jre1.8.0_71\bin\javaw.exe
0x00007fff5cc50000 - 0x00007fff5ce21000 	C:\WINDOWS\SYSTEM32\ntdll.dll
0x00007fff5c100000 - 0x00007fff5c1ac000 	C:\WINDOWS\System32\KERNEL32.DLL
0x00007fff59fa0000 - 0x00007fff5a1bd000 	C:\WINDOWS\System32\KERNELBASE.dll
0x00007fff5a5c0000 - 0x00007fff5a662000 	C:\WINDOWS\System32\ADVAPI32.dll
0x00007fff5bdd0000 - 0x00007fff5be6e000 	C:\WINDOWS\System32\msvcrt.dll
0x00007fff5c350000 - 0x00007fff5c3a9000 	C:\WINDOWS\System32\sechost.dll
0x00007fff5be70000 - 0x00007fff5bf91000 	C:\WINDOWS\System32\RPCRT4.dll
0x00007fff5c4d0000 - 0x00007fff5c635000 	C:\WINDOWS\System32\USER32.dll
0x00007fff59230000 - 0x00007fff5924e000 	C:\WINDOWS\System32\win32u.dll
0x00007fff5ca90000 - 0x00007fff5cac4000 	C:\WINDOWS\System32\GDI32.dll
0x00007fff59250000 - 0x00007fff593d0000 	C:\WINDOWS\System32\gdi32full.dll
0x00007fff4ed90000 - 0x00007fff4f00a000 	C:\WINDOWS\WinSxS\amd64_microsoft.windows.common-controls_6595b64144ccf1df_6.0.14393.953_none_42151e83c686086b\COMCTL32.dll
0x00007fff5a2f0000 - 0x00007fff5a5b8000 	C:\WINDOWS\System32\combase.dll
0x00007fff596b0000 - 0x00007fff597a5000 	C:\WINDOWS\System32\ucrtbase.dll
0x00007fff59e90000 - 0x00007fff59efa000 	C:\WINDOWS\System32\bcryptPrimitives.dll
0x00007fff5bcc0000 - 0x00007fff5bcee000 	C:\WINDOWS\System32\IMM32.DLL
0x0000000064000000 - 0x00000000640d2000 	C:\Program Files\Java\jre1.8.0_71\bin\msvcr100.dll
0x00000000641a0000 - 0x0000000064a2f000 	C:\Program Files\Java\jre1.8.0_71\bin\server\jvm.dll
0x00007fff5c640000 - 0x00007fff5c648000 	C:\WINDOWS\System32\PSAPI.DLL
0x00007fff4baa0000 - 0x00007fff4baa9000 	C:\WINDOWS\SYSTEM32\WSOCK32.dll
0x00007fff5a280000 - 0x00007fff5a2ea000 	C:\WINDOWS\System32\WS2_32.dll
0x00007fff553f0000 - 0x00007fff553fa000 	C:\WINDOWS\SYSTEM32\VERSION.dll
0x00007fff57200000 - 0x00007fff57223000 	C:\WINDOWS\SYSTEM32\WINMM.dll
0x00007fff56ff0000 - 0x00007fff5701b000 	C:\WINDOWS\SYSTEM32\WINMMBASE.dll
0x00007fff591e0000 - 0x00007fff59222000 	C:\WINDOWS\System32\cfgmgr32.dll
0x0000000066230000 - 0x000000006623f000 	C:\Program Files\Java\jre1.8.0_71\bin\verify.dll
0x0000000064170000 - 0x0000000064199000 	C:\Program Files\Java\jre1.8.0_71\bin\java.dll
0x0000000064150000 - 0x0000000064166000 	C:\Program Files\Java\jre1.8.0_71\bin\zip.dll
0x00007fff5a670000 - 0x00007fff5bb78000 	C:\WINDOWS\System32\SHELL32.dll
0x00007fff597b0000 - 0x00007fff59e8a000 	C:\WINDOWS\System32\windows.storage.dll
0x00007fff590e0000 - 0x00007fff5912c000 	C:\WINDOWS\System32\powrprof.dll
0x00007fff5bcf0000 - 0x00007fff5bd42000 	C:\WINDOWS\System32\shlwapi.dll
0x00007fff590a0000 - 0x00007fff590af000 	C:\WINDOWS\System32\kernel.appcore.dll
0x00007fff595a0000 - 0x00007fff59649000 	C:\WINDOWS\System32\shcore.dll
0x00007fff590b0000 - 0x00007fff590c4000 	C:\WINDOWS\System32\profapi.dll
0x00007fff37170000 - 0x00007fff3725f000 	C:\Program Files\Java\jre1.8.0_71\bin\msvcr120.dll
0x00007fff328b0000 - 0x00007fff32956000 	C:\Program Files\Java\jre1.8.0_71\bin\msvcp120.dll
0x0000000063fd0000 - 0x0000000063ff3000 	C:\Program Files\Java\jre1.8.0_71\bin\prism_d3d.dll
0x00007fff28e70000 - 0x00007fff28ffd000 	C:\WINDOWS\system32\d3d9.dll
0x00007fff567d0000 - 0x00007fff567f6000 	C:\WINDOWS\SYSTEM32\dwmapi.dll
0x00007fff57770000 - 0x00007fff57805000 	C:\WINDOWS\system32\uxtheme.dll
0x00007fff113f0000 - 0x00007fff124ac000 	C:\WINDOWS\System32\DriverStore\FileRepository\nv_dispiwu.inf_amd64_b67dc924fff8de6d\nvd3dumx.dll
0x00007fff4ea20000 - 0x00007fff4ebd7000 	C:\WINDOWS\system32\nvspcap64.dll
0x00007fff5bb80000 - 0x00007fff5bcb8000 	C:\WINDOWS\System32\ole32.dll
0x00007fff5a1c0000 - 0x00007fff5a27f000 	C:\WINDOWS\System32\OLEAUT32.dll
0x00007fff59f00000 - 0x00007fff59f9c000 	C:\WINDOWS\System32\msvcp_win.dll
0x00007fff5c660000 - 0x00007fff5ca89000 	C:\WINDOWS\System32\SETUPAPI.dll
0x00007fff55000000 - 0x00007fff550cd000 	C:\WINDOWS\SYSTEM32\WINHTTP.dll
0x00007fff54780000 - 0x00007fff54b7b000 	C:\WINDOWS\system32\nvapi64.dll
0x00007fff58020000 - 0x00007fff580bf000 	C:\WINDOWS\SYSTEM32\dxgi.dll
0x00007fff58da0000 - 0x00007fff58dcc000 	C:\WINDOWS\SYSTEM32\SspiCli.dll
0x0000000063f80000 - 0x0000000063fc3000 	C:\Program Files\Java\jre1.8.0_71\bin\glass.dll
0x00007fff5c3d0000 - 0x00007fff5c4ca000 	C:\WINDOWS\System32\COMDLG32.dll
0x00007fff5bfa0000 - 0x00007fff5c0fa000 	C:\WINDOWS\System32\MSCTF.dll
0x00007fff54e10000 - 0x00007fff54ef6000 	C:\Program Files (x86)\NVIDIA Corporation\3D Vision\nvSCPAPI64.dll
0x0000000063de0000 - 0x0000000063f78000 	C:\Program Files\Java\jre1.8.0_71\bin\awt.dll
0x00007fff575c0000 - 0x00007fff5763a000 	C:\WINDOWS\SYSTEM32\apphelp.dll
0x0000000063da0000 - 0x0000000063dd1000 	C:\Program Files\Java\jre1.8.0_71\bin\jpeg.dll
0x0000000063d60000 - 0x0000000063d9c000 	C:\Program Files\Java\jre1.8.0_71\bin\lcms.dll
0x0000000063d40000 - 0x0000000063d54000 	C:\Program Files\Java\jre1.8.0_71\bin\javafx_font.dll
0x00007fff4e670000 - 0x00007fff4e8d9000 	C:\WINDOWS\SYSTEM32\dwrite.dll
0x00000000617b0000 - 0x0000000063d3d000 	C:\Program Files\Java\jre1.8.0_71\bin\jfxwebkit.dll
0x00007fff58b70000 - 0x00007fff58b87000 	C:\WINDOWS\SYSTEM32\CRYPTSP.dll
0x00007fff585d0000 - 0x00007fff58603000 	C:\WINDOWS\system32\rsaenh.dll
0x00007fff58c80000 - 0x00007fff58cab000 	C:\WINDOWS\SYSTEM32\bcrypt.dll
0x00007fff58b90000 - 0x00007fff58b9b000 	C:\WINDOWS\SYSTEM32\CRYPTBASE.dll
0x0000000064130000 - 0x000000006414a000 	C:\Program Files\Java\jre1.8.0_71\bin\net.dll
0x00007fff589d0000 - 0x00007fff58a2c000 	C:\WINDOWS\system32\mswsock.dll
0x0000000064110000 - 0x0000000064121000 	C:\Program Files\Java\jre1.8.0_71\bin\nio.dll
0x0000000061780000 - 0x00000000617a3000 	C:\Program Files\Java\jre1.8.0_71\bin\javafx_iio.dll
0x00007fff5caf0000 - 0x00007fff5cb8f000 	C:\WINDOWS\System32\clbcatq.dll
0x00007fff56000000 - 0x00007fff561a8000 	C:\WINDOWS\SYSTEM32\WindowsCodecs.dll
0x00007fff3e960000 - 0x00007fff3e9a9000 	C:\WINDOWS\system32\dataexchange.dll
0x00007fff55740000 - 0x00007fff559f6000 	C:\WINDOWS\system32\d3d11.dll
0x00007fff56c00000 - 0x00007fff56d51000 	C:\WINDOWS\system32\dcomp.dll
0x00007fff57af0000 - 0x00007fff57c0c000 	C:\WINDOWS\system32\twinapi.appcore.dll
0x00007fff494a0000 - 0x00007fff494d2000 	C:\Program Files\Common Files\Microsoft Shared\Ink\rtscom.dll
0x00007fff58790000 - 0x00007fff58831000 	C:\WINDOWS\SYSTEM32\DNSAPI.dll
0x00007fff5c650000 - 0x00007fff5c658000 	C:\WINDOWS\System32\NSI.dll
0x00007fff58750000 - 0x00007fff58788000 	C:\WINDOWS\SYSTEM32\IPHLPAPI.DLL
0x0000000067570000 - 0x0000000067596000 	C:\Program Files\Bonjour\mdnsNSP.dll
0x00007fff54c00000 - 0x00007fff54c0a000 	C:\Windows\System32\rasadhlp.dll
0x00007fff55450000 - 0x00007fff554ba000 	C:\WINDOWS\System32\fwpuclnt.dll
0x0000000061760000 - 0x0000000061771000 	C:\Program Files\Java\jre1.8.0_71\bin\prism_common.dll
0x00007fff516e0000 - 0x00007fff51c3f000 	C:\WINDOWS\SYSTEM32\d2d1.dll
0x00007fff593d0000 - 0x00007fff59599000 	C:\WINDOWS\System32\CRYPT32.dll
0x00007fff590d0000 - 0x00007fff590e0000 	C:\WINDOWS\System32\MSASN1.dll
0x00007fff3c560000 - 0x00007fff3c7ed000 	C:\WINDOWS\SYSTEM32\D3D10Warp.dll
0x00007fff58850000 - 0x00007fff5886f000 	C:\WINDOWS\SYSTEM32\USERENV.dll
0x00007fff562e0000 - 0x00007fff562f6000 	C:\WINDOWS\SYSTEM32\dhcpcsvc6.DLL
0x00007fff562c0000 - 0x00007fff562da000 	C:\WINDOWS\SYSTEM32\dhcpcsvc.DLL
0x00007fff48e90000 - 0x00007fff49022000 	C:\WINDOWS\SYSTEM32\dbghelp.dll

VM Arguments:
jvm_args: -Dfile.encoding=Cp1252 
java_command: cansat.Luncher
java_class_path (initial): F:\Stuff\cansat\newPro\cansat\bin;C:\Program Files\Java\jdk1.8.0_71\jre\lib\jfxswt.jar;F:\Stuff\cansat\newPro\cansat\assets
Launcher Type: SUN_STANDARD

Environment Variables:
PATH=C:/Program Files/Java/jre1.8.0_71/bin/server;C:/Program Files/Java/jre1.8.0_71/bin;C:/Program Files/Java/jre1.8.0_71/lib/amd64;C:\Program Files\Oculus\Support\oculus-runtime;C:\Program Files (x86)\ActiveState Komodo IDE 10\;C:\ProgramData\Oracle\Java\javapath;C:\Windows\system32;C:\Windows;C:\Windows\System32\Wbem;C:\Windows\System32\WindowsPowerShell\v1.0\;C:\Program Files (x86)\NVIDIA Corporation\PhysX\Common;C:\Program Files\Microsoft\Web Platform Installer\;C:\Program Files (x86)\Microsoft ASP.NET\ASP.NET Web Pages\v1.0\;C:\Program Files (x86)\Windows Kits\8.0\Windows Performance Toolkit\;C:\Program Files\Microsoft SQL Server\110\Tools\Binn\;C:\Program Files (x86)\GtkSharp\2.12\bin;C:\Users\Jack\.dnx\bin;C:\Program Files\Microsoft DNX\Dnvm\;C:\Program Files\Microsoft SQL Server\130\Tools\Binn\;C:\WINDOWS\system32;C:\WINDOWS;C:\WINDOWS\System32\Wbem;C:\WINDOWS\System32\WindowsPowerShell\v1.0\;C:\Python27;C:\Program Files (x86)\Windows Kits\10\Windows Performance Toolkit\;C:\Program Files (x86)\Windows Kits\8.1\Windows Performance Toolkit\;C:\Program Files (x86)\Skype\Phone\;C:\Program Files (x86)\OpenVPN\bin;C:\Users\Jack\AppData\Local\Microsoft\WindowsApps;C:\Program Files\Bandizip\;C:\Users\Jack\eclipse\java-mars\eclipse;
USERNAME=Jack
OS=Windows_NT
PROCESSOR_IDENTIFIER=Intel64 Family 6 Model 60 Stepping 3, GenuineIntel



---------------  S Y S T E M  ---------------

OS: Windows 10.0 , 64 bit Build 14393 (10.0.14393.1198)

CPU:total 8 (4 cores per cpu, 2 threads per core) family 6 model 60 stepping 3, cmov, cx8, fxsr, mmx, sse, sse2, sse3, ssse3, sse4.1, sse4.2, popcnt, avx, avx2, aes, clmul, erms, lzcnt, ht, tsc, tscinvbit, bmi1, bmi2

Memory: 4k page, physical 16724548k(1812740k free), swap 67056196k(1712k free)

vm_info: Java HotSpot(TM) 64-Bit Server VM (25.71-b15) for windows-amd64 JRE (1.8.0_71-b15), built on Dec 22 2015 18:15:55 by "java_re" with MS VC++ 10.0 (VS2010)

time: Sun Jun 25 05:28:53 2017
elapsed time: 1248 seconds (0d 0h 20m 48s)

