#
# There is insufficient memory for the Java Runtime Environment to continue.
# Native memory allocation (malloc) failed to allocate 220112 bytes for Chunk::new
# Possible reasons:
#   The system is out of physical RAM or swap space
#   In 32 bit mode, the process size limit was hit
# Possible solutions:
#   Reduce memory load on the system
#   Increase physical memory or swap space
#   Check if swap backing store is full
#   Use 64 bit Java on a 64 bit OS
#   Decrease Java heap size (-Xmx/-Xms)
#   Decrease number of Java threads
#   Decrease Java thread stack sizes (-Xss)
#   Set larger code cache with -XX:ReservedCodeCacheSize=
# This output file may be truncated or incomplete.
#
#  Out of Memory Error (allocation.cpp:390), pid=39964, tid=48856
#
# JRE version: Java(TM) SE Runtime Environment (8.0_71-b15) (build 1.8.0_71-b15)
# Java VM: Java HotSpot(TM) 64-Bit Server VM (25.71-b15 mixed mode windows-amd64 compressed oops)
# Failed to write core dump. Minidumps are not enabled by default on client versions of Windows
#

---------------  T H R E A D  ---------------

Current thread (0x000000001e5b0800):  JavaThread "C2 CompilerThread2" daemon [_thread_in_native, id=48856, stack(0x000000001ed70000,0x000000001ee70000)]

Stack: [0x000000001ed70000,0x000000001ee70000]
[error occurred during error reporting (printing stack bounds), id 0xc0000005]

Native frames: (J=compiled Java code, j=interpreted, Vv=VM code, C=native code)


Current CompileTask:
C2:   3017 4750       4       com.sun.javafx.sg.prism.NGText::renderContent2D (355 bytes)


---------------  P R O C E S S  ---------------

Java Threads: ( => current thread )
  0x00000000299fa800 JavaThread "Thread-32" daemon [_thread_blocked, id=22124, stack(0x00000000343a0000,0x00000000344a0000)]
  0x00000000299fb000 JavaThread "Thread-31" daemon [_thread_blocked, id=46780, stack(0x00000000342a0000,0x00000000343a0000)]
  0x00000000299f3000 JavaThread "Thread-30" daemon [_thread_blocked, id=3452, stack(0x00000000341a0000,0x00000000342a0000)]
  0x00000000299f9800 JavaThread "Thread-29" daemon [_thread_blocked, id=55252, stack(0x00000000340a0000,0x00000000341a0000)]
  0x00000000299f2000 JavaThread "Thread-28" daemon [_thread_blocked, id=51552, stack(0x0000000033fa0000,0x00000000340a0000)]
  0x00000000299f9000 JavaThread "Thread-27" daemon [_thread_blocked, id=52748, stack(0x0000000033ea0000,0x0000000033fa0000)]
  0x00000000299f8000 JavaThread "Thread-26" daemon [_thread_blocked, id=40672, stack(0x0000000033da0000,0x0000000033ea0000)]
  0x00000000299f7800 JavaThread "Thread-25" daemon [_thread_blocked, id=23792, stack(0x0000000033ca0000,0x0000000033da0000)]
  0x00000000299f6800 JavaThread "Thread-24" daemon [_thread_blocked, id=884, stack(0x0000000033ba0000,0x0000000033ca0000)]
  0x00000000299f6000 JavaThread "Thread-23" daemon [_thread_blocked, id=52452, stack(0x00000000339a0000,0x0000000033aa0000)]
  0x00000000299ef000 JavaThread "Thread-22" daemon [_thread_blocked, id=29432, stack(0x0000000033860000,0x0000000033960000)]
  0x00000000299f4800 JavaThread "Thread-21" daemon [_thread_blocked, id=40324, stack(0x0000000033760000,0x0000000033860000)]
  0x00000000299f3800 JavaThread "Thread-20" daemon [_thread_blocked, id=15872, stack(0x0000000033660000,0x0000000033760000)]
  0x00000000299f5000 JavaThread "Thread-19" daemon [_thread_blocked, id=35088, stack(0x0000000033440000,0x0000000033540000)]
  0x00000000299ee000 JavaThread "Thread-18" daemon [_thread_blocked, id=6600, stack(0x0000000033340000,0x0000000033440000)]
  0x00000000299f1800 JavaThread "Thread-17" daemon [_thread_blocked, id=34500, stack(0x0000000033240000,0x0000000033340000)]
  0x00000000299f0800 JavaThread "Thread-16" daemon [_thread_blocked, id=42376, stack(0x0000000033140000,0x0000000033240000)]
  0x00000000299ef800 JavaThread "Thread-15" daemon [_thread_blocked, id=836, stack(0x00000000327e0000,0x00000000328e0000)]
  0x0000000026239000 JavaThread "Thread-14" daemon [_thread_blocked, id=21108, stack(0x00000000326e0000,0x00000000327e0000)]
  0x0000000026238800 JavaThread "Thread-13" daemon [_thread_blocked, id=55184, stack(0x00000000325e0000,0x00000000326e0000)]
  0x0000000026237800 JavaThread "Thread-12" daemon [_thread_blocked, id=32452, stack(0x00000000303e0000,0x00000000304e0000)]
  0x0000000026237000 JavaThread "Thread-11" daemon [_thread_blocked, id=27220, stack(0x00000000302e0000,0x00000000303e0000)]
  0x000000002623a000 JavaThread "Thread-10" daemon [_thread_blocked, id=10104, stack(0x00000000301e0000,0x00000000302e0000)]
  0x000000002622f800 JavaThread "Thread-8" daemon [_thread_blocked, id=56236, stack(0x000000002e9f0000,0x000000002eaf0000)]
  0x0000000026236000 JavaThread "Thread-7" daemon [_thread_blocked, id=53336, stack(0x000000002e370000,0x000000002e470000)]
  0x0000000026235800 JavaThread "URL-Loader-20" daemon [_thread_blocked, id=20696, stack(0x000000002de70000,0x000000002df70000)]
  0x0000000026234800 JavaThread "Thread-6" daemon [_thread_blocked, id=40208, stack(0x000000002dd70000,0x000000002de70000)]
  0x000000002622d800 JavaThread "URL-Loader-19" daemon [_thread_blocked, id=55512, stack(0x000000002dc70000,0x000000002dd70000)]
  0x000000002622d000 JavaThread "URL-Loader-18" daemon [_thread_blocked, id=23240, stack(0x000000002db70000,0x000000002dc70000)]
  0x0000000026234000 JavaThread "URL-Loader-17" daemon [_thread_blocked, id=13064, stack(0x000000002d770000,0x000000002d870000)]
  0x000000002622c000 JavaThread "URL-Loader-16" daemon [_thread_blocked, id=52664, stack(0x000000002d670000,0x000000002d770000)]
  0x0000000026233000 JavaThread "URL-Loader-15" daemon [_thread_blocked, id=33848, stack(0x000000002d570000,0x000000002d670000)]
  0x000000002622b800 JavaThread "URL-Loader-14" daemon [_thread_blocked, id=48800, stack(0x000000002d470000,0x000000002d570000)]
  0x0000000026232800 JavaThread "URL-Loader-13" daemon [_thread_blocked, id=14144, stack(0x000000002d370000,0x000000002d470000)]
  0x0000000026230000 JavaThread "URL-Loader-12" daemon [_thread_blocked, id=28836, stack(0x000000002d270000,0x000000002d370000)]
  0x000000002622e800 JavaThread "URL-Loader-11" daemon [_thread_blocked, id=29400, stack(0x000000002d170000,0x000000002d270000)]
  0x0000000026231800 JavaThread "URL-Loader-10" daemon [_thread_blocked, id=35244, stack(0x000000002d010000,0x000000002d110000)]
  0x000000002622a800 JavaThread "URL-Loader-9" daemon [_thread_blocked, id=54340, stack(0x000000002cf10000,0x000000002d010000)]
  0x0000000026231000 JavaThread "URL-Loader-8" daemon [_thread_blocked, id=15932, stack(0x000000002ce10000,0x000000002cf10000)]
  0x000000001e5b6000 JavaThread "URL-Loader-7" daemon [_thread_blocked, id=42904, stack(0x000000002cc10000,0x000000002cd10000)]
  0x000000001e5b7800 JavaThread "URL-Loader-6" daemon [_thread_blocked, id=54872, stack(0x000000002cb10000,0x000000002cc10000)]
  0x000000001e5b2800 JavaThread "URL-Loader-5" daemon [_thread_blocked, id=43244, stack(0x000000002b7f0000,0x000000002b8f0000)]
  0x000000001e5b1800 JavaThread "URL-Loader-4" daemon [_thread_blocked, id=54540, stack(0x000000002b6f0000,0x000000002b7f0000)]
  0x000000001e5b7000 JavaThread "URL-Loader-3" daemon [_thread_blocked, id=49520, stack(0x000000002b400000,0x000000002b500000)]
  0x000000001e5b5800 JavaThread "URL-Loader-2" daemon [_thread_in_native, id=53692, stack(0x000000002afd0000,0x000000002b0d0000)]
  0x000000001e5b4800 JavaThread "Watchdog-Timer-1" daemon [_thread_blocked, id=43724, stack(0x000000002aed0000,0x000000002afd0000)]
  0x000000001e5b8800 JavaThread "Keep-Alive-Timer" daemon [_thread_blocked, id=52468, stack(0x000000002add0000,0x000000002aed0000)]
  0x0000000025879000 JavaThread "Timer-0" [_thread_blocked, id=40592, stack(0x0000000028780000,0x0000000028880000)]
  0x000000002585d800 JavaThread "Prism Font Disposer" daemon [_thread_blocked, id=5628, stack(0x0000000026c40000,0x0000000026d40000)]
  0x000000001f330000 JavaThread "URL-Loader-1" daemon [_thread_blocked, id=54840, stack(0x0000000025310000,0x0000000025410000)]
  0x000000001f41f800 JavaThread "Disposer" daemon [_thread_blocked, id=50268, stack(0x0000000025010000,0x0000000025110000)]
  0x000000001f28d000 JavaThread "Thread-3" daemon [_thread_in_native, id=18328, stack(0x0000000024690000,0x0000000024790000)]
  0x000000001f1f6800 JavaThread "JavaFX Application Thread" [_thread_in_native, id=48824, stack(0x0000000020110000,0x0000000020210000)]
  0x000000001f1f2800 JavaThread "Thread-2" daemon [_thread_blocked, id=48244, stack(0x000000001fe00000,0x000000001ff00000)]
  0x000000001f1c4800 JavaThread "QuantumRenderer-0" daemon [_thread_in_Java, id=18412, stack(0x000000001fa70000,0x000000001fb70000)]
  0x000000001e96e800 JavaThread "JavaFX-Launcher" [_thread_blocked, id=53468, stack(0x000000001f970000,0x000000001fa70000)]
  0x000000001e647800 JavaThread "Service Thread" daemon [_thread_blocked, id=4280, stack(0x000000001ef70000,0x000000001f070000)]
  0x000000001e5b4000 JavaThread "C1 CompilerThread3" daemon [_thread_blocked, id=39664, stack(0x000000001ee70000,0x000000001ef70000)]
=>0x000000001e5b0800 JavaThread "C2 CompilerThread2" daemon [_thread_in_native, id=48856, stack(0x000000001ed70000,0x000000001ee70000)]
  0x000000001e59e000 JavaThread "C2 CompilerThread1" daemon [_thread_blocked, id=47108, stack(0x000000001ec70000,0x000000001ed70000)]
  0x000000001e599800 JavaThread "C2 CompilerThread0" daemon [_thread_in_native, id=55488, stack(0x000000001eb70000,0x000000001ec70000)]
  0x000000001e596000 JavaThread "Attach Listener" daemon [_thread_blocked, id=50056, stack(0x000000001ea70000,0x000000001eb70000)]
  0x000000001e595000 JavaThread "Signal Dispatcher" daemon [_thread_blocked, id=50296, stack(0x000000001e970000,0x000000001ea70000)]
  0x000000001c4ad000 JavaThread "Finalizer" daemon [_thread_blocked, id=52492, stack(0x000000001e380000,0x000000001e480000)]
  0x00000000029f4800 JavaThread "Reference Handler" daemon [_thread_blocked, id=39332, stack(0x000000001e280000,0x000000001e380000)]
  0x0000000002900800 JavaThread "main" [_thread_blocked, id=33752, stack(0x0000000002800000,0x0000000002900000)]

Other Threads:
  0x000000001c4a9000 VMThread [stack: 0x000000001e180000,0x000000001e280000] [id=55300]
  0x000000001e652000 WatcherThread [stack: 0x000000001f070000,0x000000001f170000] [id=54448]

VM state:not at safepoint (normal execution)

VM Mutex/Monitor currently owned by a thread: None

Heap:
 PSYoungGen      total 150016K, used 138034K [0x000000076af00000, 0x0000000775500000, 0x00000007c0000000)
  eden space 139264K, 97% used [0x000000076af00000,0x000000077339af58,0x0000000773700000)
  from space 10752K, 20% used [0x0000000774a80000,0x0000000774cb1bc8,0x0000000775500000)
  to   space 15360K, 0% used [0x0000000773700000,0x0000000773700000,0x0000000774600000)
 ParOldGen       total 122880K, used 20754K [0x00000006c0c00000, 0x00000006c8400000, 0x000000076af00000)
  object space 122880K, 16% used [0x00000006c0c00000,0x00000006c2044860,0x00000006c8400000)
 Metaspace       used 23436K, capacity 24486K, committed 24832K, reserved 1071104K
  class space    used 3224K, capacity 3475K, committed 3584K, reserved 1048576K

Card table byte_map: [0x0000000011dc0000,0x00000000125c0000] byte_map_base: 0x000000000e7ba000

Marking Bits: (ParMarkBitMap*) 0x000000007597f600
 Begin Bits: [0x0000000013320000, 0x00000000172f0000)
 End Bits:   [0x00000000172f0000, 0x000000001b2c0000)

Polling page: 0x00000000026f0000

CodeCache: size=245760Kb used=14609Kb max_used=15936Kb free=231150Kb
 bounds [0x0000000002a00000, 0x00000000039a0000, 0x0000000011a00000]
 total_blobs=5032 nmethods=4254 adapters=688
 compilation: enabled

Compilation events (10 events):
Event: 3.013 Thread 0x000000001e5b4000 nmethod 4757 0x0000000003106f10 code [0x00000000031070a0, 0x0000000003107478]
Event: 3.013 Thread 0x000000001e5b4000 4756       1       java.nio.Buffer::capacity (5 bytes)
Event: 3.013 Thread 0x000000001e5b4000 nmethod 4756 0x00000000031c4b50 code [0x00000000031c4ca0, 0x00000000031c4db0]
Event: 3.013 Thread 0x000000001e599800 nmethod 4744 0x0000000003137010 code [0x00000000031371a0, 0x0000000003137858]
Event: 3.013 Thread 0x000000001e599800 4755       4       com.sun.javafx.image.impl.BaseByteToByteConverter$FourByteReorderer::doConvert (138 bytes)
Event: 3.015 Thread 0x000000001e5b4000 4759       1       com.sun.scenario.effect.DropShadow::getDelegate (5 bytes)
Event: 3.015 Thread 0x000000001e5b4000 nmethod 4759 0x00000000031c4890 code [0x00000000031c49e0, 0x00000000031c4af0]
Event: 3.016 Thread 0x000000001e5b4000 4760       3       java.nio.ByteBuffer::allocate (22 bytes)
Event: 3.016 Thread 0x000000001e5b4000 nmethod 4760 0x0000000003106810 code [0x00000000031069a0, 0x0000000003106d78]
Event: 3.016 Thread 0x000000001e5b4000 4761       3       java.lang.Class::getDeclaringClass (22 bytes)

GC Heap History (10 events):
Event: 1.411 GC heap before
{Heap before GC invocations=3 (full 1):
 PSYoungGen      total 76288K, used 10738K [0x000000076af00000, 0x0000000774400000, 0x00000007c0000000)
  eden space 65536K, 0% used [0x000000076af00000,0x000000076af00000,0x000000076ef00000)
  from space 10752K, 99% used [0x000000076f980000,0x00000007703fcae0,0x0000000770400000)
  to   space 10752K, 0% used [0x000000076ef00000,0x000000076ef00000,0x000000076f980000)
 ParOldGen       total 175104K, used 2104K [0x00000006c0c00000, 0x00000006cb700000, 0x000000076af00000)
  object space 175104K, 1% used [0x00000006c0c00000,0x00000006c0e0e010,0x00000006cb700000)
 Metaspace       used 20300K, capacity 21222K, committed 21296K, reserved 1067008K
  class space    used 2918K, capacity 3137K, committed 3200K, reserved 1048576K
Event: 1.441 GC heap after
Heap after GC invocations=3 (full 1):
 PSYoungGen      total 76288K, used 0K [0x000000076af00000, 0x0000000774400000, 0x00000007c0000000)
  eden space 65536K, 0% used [0x000000076af00000,0x000000076af00000,0x000000076ef00000)
  from space 10752K, 0% used [0x000000076f980000,0x000000076f980000,0x0000000770400000)
  to   space 10752K, 0% used [0x000000076ef00000,0x000000076ef00000,0x000000076f980000)
 ParOldGen       total 122880K, used 10606K [0x00000006c0c00000, 0x00000006c8400000, 0x000000076af00000)
  object space 122880K, 8% used [0x00000006c0c00000,0x00000006c165b918,0x00000006c8400000)
 Metaspace       used 20300K, capacity 21222K, committed 21296K, reserved 1067008K
  class space    used 2918K, capacity 3137K, committed 3200K, reserved 1048576K
}
Event: 1.729 GC heap before
{Heap before GC invocations=4 (full 1):
 PSYoungGen      total 76288K, used 65490K [0x000000076af00000, 0x0000000774400000, 0x00000007c0000000)
  eden space 65536K, 99% used [0x000000076af00000,0x000000076eef4a88,0x000000076ef00000)
  from space 10752K, 0% used [0x000000076f980000,0x000000076f980000,0x0000000770400000)
  to   space 10752K, 0% used [0x000000076ef00000,0x000000076ef00000,0x000000076f980000)
 ParOldGen       total 122880K, used 10606K [0x00000006c0c00000, 0x00000006c8400000, 0x000000076af00000)
  object space 122880K, 8% used [0x00000006c0c00000,0x00000006c165b918,0x00000006c8400000)
 Metaspace       used 21928K, capacity 22852K, committed 23040K, reserved 1069056K
  class space    used 3081K, capacity 3270K, committed 3328K, reserved 1048576K
Event: 1.732 GC heap after
Heap after GC invocations=4 (full 1):
 PSYoungGen      total 76288K, used 2922K [0x000000076af00000, 0x0000000771900000, 0x00000007c0000000)
  eden space 65536K, 0% used [0x000000076af00000,0x000000076af00000,0x000000076ef00000)
  from space 10752K, 27% used [0x000000076ef00000,0x000000076f1da920,0x000000076f980000)
  to   space 10752K, 0% used [0x0000000770e80000,0x0000000770e80000,0x0000000771900000)
 ParOldGen       total 122880K, used 10614K [0x00000006c0c00000, 0x00000006c8400000, 0x000000076af00000)
  object space 122880K, 8% used [0x00000006c0c00000,0x00000006c165d918,0x00000006c8400000)
 Metaspace       used 21928K, capacity 22852K, committed 23040K, reserved 1069056K
  class space    used 3081K, capacity 3270K, committed 3328K, reserved 1048576K
}
Event: 1.751 GC heap before
{Heap before GC invocations=5 (full 1):
 PSYoungGen      total 76288K, used 68389K [0x000000076af00000, 0x0000000771900000, 0x00000007c0000000)
  eden space 65536K, 99% used [0x000000076af00000,0x000000076eeeeea0,0x000000076ef00000)
  from space 10752K, 27% used [0x000000076ef00000,0x000000076f1da920,0x000000076f980000)
  to   space 10752K, 0% used [0x0000000770e80000,0x0000000770e80000,0x0000000771900000)
 ParOldGen       total 122880K, used 10726K [0x00000006c0c00000, 0x00000006c8400000, 0x000000076af00000)
  object space 122880K, 8% used [0x00000006c0c00000,0x00000006c1679810,0x00000006c8400000)
 Metaspace       used 21931K, capacity 22852K, committed 23040K, reserved 1069056K
  class space    used 3081K, capacity 3270K, committed 3328K, reserved 1048576K
Event: 1.753 GC heap after
Heap after GC invocations=5 (full 1):
 PSYoungGen      total 97792K, used 1656K [0x000000076af00000, 0x0000000772a00000, 0x00000007c0000000)
  eden space 87040K, 0% used [0x000000076af00000,0x000000076af00000,0x0000000770400000)
  from space 10752K, 15% used [0x0000000770e80000,0x000000077101e370,0x0000000771900000)
  to   space 10752K, 0% used [0x0000000770400000,0x0000000770400000,0x0000000770e80000)
 ParOldGen       total 122880K, used 10726K [0x00000006c0c00000, 0x00000006c8400000, 0x000000076af00000)
  object space 122880K, 8% used [0x00000006c0c00000,0x00000006c1679810,0x00000006c8400000)
 Metaspace       used 21931K, capacity 22852K, committed 23040K, reserved 1069056K
  class space    used 3081K, capacity 3270K, committed 3328K, reserved 1048576K
}
Event: 1.779 GC heap before
{Heap before GC invocations=6 (full 1):
 PSYoungGen      total 97792K, used 88558K [0x000000076af00000, 0x0000000772a00000, 0x00000007c0000000)
  eden space 87040K, 99% used [0x000000076af00000,0x00000007703dd518,0x0000000770400000)
  from space 10752K, 15% used [0x0000000770e80000,0x000000077101e370,0x0000000771900000)
  to   space 10752K, 0% used [0x0000000770400000,0x0000000770400000,0x0000000770e80000)
 ParOldGen       total 122880K, used 20738K [0x00000006c0c00000, 0x00000006c8400000, 0x000000076af00000)
  object space 122880K, 16% used [0x00000006c0c00000,0x00000006c2040860,0x00000006c8400000)
 Metaspace       used 21935K, capacity 22852K, committed 23040K, reserved 1069056K
  class space    used 3081K, capacity 3270K, committed 3328K, reserved 1048576K
Event: 1.780 GC heap after
Heap after GC invocations=6 (full 1):
 PSYoungGen      total 97792K, used 1653K [0x000000076af00000, 0x0000000775a80000, 0x00000007c0000000)
  eden space 87040K, 0% used [0x000000076af00000,0x000000076af00000,0x0000000770400000)
  from space 10752K, 15% used [0x0000000770400000,0x000000077059d6d8,0x0000000770e80000)
  to   space 16384K, 0% used [0x0000000774a80000,0x0000000774a80000,0x0000000775a80000)
 ParOldGen       total 122880K, used 20746K [0x00000006c0c00000, 0x00000006c8400000, 0x000000076af00000)
  object space 122880K, 16% used [0x00000006c0c00000,0x00000006c2042860,0x00000006c8400000)
 Metaspace       used 21935K, capacity 22852K, committed 23040K, reserved 1069056K
  class space    used 3081K, capacity 3270K, committed 3328K, reserved 1048576K
}
Event: 1.944 GC heap before
{Heap before GC invocations=7 (full 1):
 PSYoungGen      total 97792K, used 88693K [0x000000076af00000, 0x0000000775a80000, 0x00000007c0000000)
  eden space 87040K, 100% used [0x000000076af00000,0x0000000770400000,0x0000000770400000)
  from space 10752K, 15% used [0x0000000770400000,0x000000077059d6d8,0x0000000770e80000)
  to   space 16384K, 0% used [0x0000000774a80000,0x0000000774a80000,0x0000000775a80000)
 ParOldGen       total 122880K, used 20746K [0x00000006c0c00000, 0x00000006c8400000, 0x000000076af00000)
  object space 122880K, 16% used [0x00000006c0c00000,0x00000006c2042860,0x00000006c8400000)
 Metaspace       used 22222K, capacity 23224K, committed 23296K, reserved 1069056K
  class space    used 3116K, capacity 3308K, committed 3328K, reserved 1048576K
Event: 1.946 GC heap after
Heap after GC invocations=7 (full 1):
 PSYoungGen      total 150016K, used 2246K [0x000000076af00000, 0x0000000775500000, 0x00000007c0000000)
  eden space 139264K, 0% used [0x000000076af00000,0x000000076af00000,0x0000000773700000)
  from space 10752K, 20% used [0x0000000774a80000,0x0000000774cb1bc8,0x0000000775500000)
  to   space 15360K, 0% used [0x0000000773700000,0x0000000773700000,0x0000000774600000)
 ParOldGen       total 122880K, used 20754K [0x00000006c0c00000, 0x00000006c8400000, 0x000000076af00000)
  object space 122880K, 16% used [0x00000006c0c00000,0x00000006c2044860,0x00000006c8400000)
 Metaspace       used 22222K, capacity 23224K, committed 23296K, reserved 1069056K
  class space    used 3116K, capacity 3308K, committed 3328K, reserved 1048576K
}

Deoptimization events (10 events):
Event: 2.742 Thread 0x000000001f1c4800 Uncommon trap: reason=intrinsic action=make_not_entrant pc=0x000000000397219c method=com.sun.prism.impl.ps.BaseShaderGraphics.drawString(Lcom/sun/javafx/scene/text/GlyphList;Lcom/sun/javafx/font/FontStrike;FFLcom/sun/prism/paint/Color;II)V @ 546
Event: 2.762 Thread 0x000000001f1c4800 Uncommon trap: reason=unstable_if action=reinterpret pc=0x00000000032e288c method=com.sun.javafx.geom.transform.AffineBase.updateState2D()V @ 24
Event: 2.795 Thread 0x000000001f1c4800 Uncommon trap: reason=unstable_if action=reinterpret pc=0x000000000323427c method=com.sun.javafx.geom.transform.AffineBase.isTranslateOrIdentity()Z @ 5
Event: 2.795 Thread 0x000000001f1c4800 Uncommon trap: reason=unstable_if action=reinterpret pc=0x00000000032cc750 method=com.sun.javafx.geom.transform.AffineBase.getType()I @ 5
Event: 2.795 Thread 0x000000001f1c4800 Uncommon trap: reason=class_check action=maybe_recompile pc=0x00000000035dc338 method=com.sun.prism.d3d.D3DContext.updateShaderTransform(Lcom/sun/prism/ps/Shader;Lcom/sun/javafx/geom/transform/BaseTransform;)V @ 5
Event: 2.856 Thread 0x000000001f1f6800 Uncommon trap: reason=unstable_if action=reinterpret pc=0x0000000003084504 method=com.sun.javafx.image.impl.ByteBgra$ToByteBgraPreConv.doConvert([BII[BIIII)V @ 31
Event: 2.865 Thread 0x000000001f1c4800 Uncommon trap: reason=unstable_if action=reinterpret pc=0x00000000036a9f58 method=com.sun.prism.impl.ps.BaseShaderContext.validatePaintOp(Lcom/sun/prism/impl/ps/BaseShaderGraphics;Lcom/sun/javafx/geom/transform/BaseTransform;Lcom/sun/prism/impl/ps/BaseShad5Œ¬Oí@
Event: 2.866 Thread 0x000000001f1c4800 Uncommon trap: reason=unstable_if action=reinterpret pc=0x00000000035f03d4 method=com.sun.javafx.font.CompositeStrike.getStrikeSlot(I)Lcom/sun/javafx/font/FontStrike; @ 8
Event: 2.952 Thread 0x000000001f1f6800 Uncommon trap: reason=null_check action=make_not_entrant pc=0x0000000003463fe4 method=com.sun.javafx.font.PrismFontFile.getGlyphBoundingBox(IF[F)[F @ 69
Event: 2.959 Thread 0x000000001f1f6800 Uncommon trap: reason=class_check action=maybe_recompile pc=0x00000000033fbbf0 method=javafx.collections.ListChangeBuilder.nextRemove(ILjava/util/List;)V @ 8

Internal exceptions (10 events):
Event: 1.700 Thread 0x000000001f330000 Implicit null exception at 0x00000000032a031b to 0x00000000032a03a2
Event: 1.712 Thread 0x000000001f1f6800 Implicit null exception at 0x0000000003402e09 to 0x000000000340319d
Event: 1.854 Thread 0x000000001f1f6800 Implicit null exception at 0x0000000003450c63 to 0x0000000003453795
Event: 2.158 Thread 0x000000001e5b1800 Implicit null exception at 0x0000000002c6d7af to 0x0000000002c6d819
Event: 2.167 Thread 0x000000001f1f6800 Implicit null exception at 0x00000000032c5f4f to 0x00000000032c6435
Event: 2.167 Thread 0x000000001f1f6800 Implicit null exception at 0x00000000033ba3ee to 0x00000000033ba715
Event: 2.167 Thread 0x000000001f1f6800 Implicit null exception at 0x00000000032046c9 to 0x00000000032047d9
Event: 2.171 Thread 0x000000001f1f6800 Implicit null exception at 0x00000000031f75d9 to 0x00000000031f7689
Event: 2.533 Thread 0x000000001f1c4800 Implicit null exception at 0x00000000035fee32 to 0x00000000035ff635
Event: 2.866 Thread 0x000000001f1c4800 Implicit null exception at 0x00000000035f0390 to 0x00000000035f03c1

Events (10 events):
Event: 2.909 Thread 0x00000000299fc000 Thread added: 0x00000000299fc000
Event: 2.910 Thread 0x00000000299fc000 Thread exited: 0x00000000299fc000
Event: 2.952 Thread 0x000000001f1f6800 Uncommon trap: trap_request=0xfffffff4 fr.pc=0x0000000003463fe4
Event: 2.952 Thread 0x000000001f1f6800 DEOPT PACKING pc=0x0000000003463fe4 sp=0x000000002020c570
Event: 2.952 Thread 0x000000001f1f6800 DEOPT UNPACKING pc=0x0000000002a4582a sp=0x000000002020c3d0 mode 2
Event: 2.959 Thread 0x000000001f1f6800 Uncommon trap: trap_request=0xffffffde fr.pc=0x00000000033fbbf0
Event: 2.959 Thread 0x000000001f1f6800 DEOPT PACKING pc=0x00000000033fbbf0 sp=0x000000002020d310
Event: 2.959 Thread 0x000000001f1f6800 DEOPT UNPACKING pc=0x0000000002a4582a sp=0x000000002020d2c0 mode 2
Event: 3.011 Thread 0x000000001f1f6800 DEOPT PACKING pc=0x0000000002d3afed sp=0x000000002020ae20
Event: 3.011 Thread 0x000000001f1f6800 DEOPT UNPACKING pc=0x0000000002a4787f sp=0x000000002020aaf0 mode 0


Dynamic libraries:
0x00007ff7d8070000 - 0x00007ff7d80a7000 	C:\Program Files\Java\jre1.8.0_71\bin\javaw.exe
0x00007ffbc1b70000 - 0x00007ffbc1d41000 	C:\WINDOWS\SYSTEM32\ntdll.dll
0x00007ffbbfb60000 - 0x00007ffbbfc0c000 	C:\WINDOWS\System32\KERNEL32.DLL
0x00007ffbbe040000 - 0x00007ffbbe25d000 	C:\WINDOWS\System32\KERNELBASE.dll
0x00007ffbc0090000 - 0x00007ffbc0132000 	C:\WINDOWS\System32\ADVAPI32.dll
0x00007ffbbf3b0000 - 0x00007ffbbf44e000 	C:\WINDOWS\System32\msvcrt.dll
0x00007ffbc0030000 - 0x00007ffbc0089000 	C:\WINDOWS\System32\sechost.dll
0x00007ffbbfa30000 - 0x00007ffbbfb51000 	C:\WINDOWS\System32\RPCRT4.dll
0x00007ffbbf140000 - 0x00007ffbbf2a5000 	C:\WINDOWS\System32\USER32.dll
0x00007ffbbe460000 - 0x00007ffbbe47e000 	C:\WINDOWS\System32\win32u.dll
0x00007ffbc1ac0000 - 0x00007ffbc1af4000 	C:\WINDOWS\System32\GDI32.dll
0x00007ffbbef50000 - 0x00007ffbbf0d2000 	C:\WINDOWS\System32\gdi32full.dll
0x00007ffbb4b60000 - 0x00007ffbb4dda000 	C:\WINDOWS\WinSxS\amd64_microsoft.windows.common-controls_6595b64144ccf1df_6.0.14393.953_none_42151e83c686086b\COMCTL32.dll
0x00007ffbbfd60000 - 0x00007ffbc0028000 	C:\WINDOWS\System32\combase.dll
0x00007ffbbe360000 - 0x00007ffbbe455000 	C:\WINDOWS\System32\ucrtbase.dll
0x00007ffbbed10000 - 0x00007ffbbed7a000 	C:\WINDOWS\System32\bcryptPrimitives.dll
0x00007ffbc1660000 - 0x00007ffbc168e000 	C:\WINDOWS\System32\IMM32.DLL
0x00007ffbbc780000 - 0x00007ffbbc7b0000 	c:\PROGRA~1\BULLGU~1\BULLGU~1\BgAgent.dll
0x0000000072c60000 - 0x0000000072d32000 	C:\Program Files\Java\jre1.8.0_71\bin\msvcr100.dll
0x0000000075170000 - 0x00000000759ff000 	C:\Program Files\Java\jre1.8.0_71\bin\server\jvm.dll
0x00007ffbbf790000 - 0x00007ffbbf798000 	C:\WINDOWS\System32\PSAPI.DLL
0x00007ffbb1ba0000 - 0x00007ffbb1ba9000 	C:\WINDOWS\SYSTEM32\WSOCK32.dll
0x00007ffbbbc80000 - 0x00007ffbbbca3000 	C:\WINDOWS\SYSTEM32\WINMM.dll
0x00007ffbba2e0000 - 0x00007ffbba2ea000 	C:\WINDOWS\SYSTEM32\VERSION.dll
0x00007ffbbfcd0000 - 0x00007ffbbfd3a000 	C:\WINDOWS\System32\WS2_32.dll
0x00007ffbbbc00000 - 0x00007ffbbbc2b000 	C:\WINDOWS\SYSTEM32\WINMMBASE.dll
0x00007ffbbe310000 - 0x00007ffbbe352000 	C:\WINDOWS\System32\cfgmgr32.dll
0x0000000050020000 - 0x000000005002f000 	C:\Program Files\Java\jre1.8.0_71\bin\verify.dll
0x0000000075140000 - 0x0000000075169000 	C:\Program Files\Java\jre1.8.0_71\bin\java.dll
0x0000000050000000 - 0x0000000050016000 	C:\Program Files\Java\jre1.8.0_71\bin\zip.dll
0x00007ffbc0140000 - 0x00007ffbc1648000 	C:\WINDOWS\System32\SHELL32.dll
0x00007ffbbe5d0000 - 0x00007ffbbecaa000 	C:\WINDOWS\System32\windows.storage.dll
0x00007ffbbdff0000 - 0x00007ffbbe03c000 	C:\WINDOWS\System32\powrprof.dll
0x00007ffbbf0e0000 - 0x00007ffbbf132000 	C:\WINDOWS\System32\shlwapi.dll
0x00007ffbbdfd0000 - 0x00007ffbbdfdf000 	C:\WINDOWS\System32\kernel.appcore.dll
0x00007ffbbe260000 - 0x00007ffbbe309000 	C:\WINDOWS\System32\shcore.dll
0x00007ffbbdfb0000 - 0x00007ffbbdfc4000 	C:\WINDOWS\System32\profapi.dll
0x00007ffb797b0000 - 0x00007ffb7989f000 	C:\Program Files\Java\jre1.8.0_71\bin\msvcr120.dll
0x00007ffb79700000 - 0x00007ffb797a6000 	C:\Program Files\Java\jre1.8.0_71\bin\msvcp120.dll
0x0000000072c30000 - 0x0000000072c53000 	C:\Program Files\Java\jre1.8.0_71\bin\prism_d3d.dll
0x00007ffb8bf20000 - 0x00007ffb8c0ad000 	C:\WINDOWS\system32\d3d9.dll
0x00007ffbbb780000 - 0x00007ffbbb7a6000 	C:\WINDOWS\SYSTEM32\dwmapi.dll
0x00007ffbbc650000 - 0x00007ffbbc6e5000 	C:\WINDOWS\system32\uxtheme.dll
0x00007ffb79a00000 - 0x00007ffb7aabc000 	C:\WINDOWS\System32\DriverStore\FileRepository\nv_dispiwu.inf_amd64_b67dc924fff8de6d\nvd3dumx.dll
0x00007ffbb5a60000 - 0x00007ffbb5c17000 	C:\WINDOWS\system32\nvspcap64.dll
0x00007ffbbf650000 - 0x00007ffbbf788000 	C:\WINDOWS\System32\ole32.dll
0x00007ffbbf960000 - 0x00007ffbbfa1f000 	C:\WINDOWS\System32\OLEAUT32.dll
0x00007ffbbe530000 - 0x00007ffbbe5cc000 	C:\WINDOWS\System32\msvcp_win.dll
0x00007ffbc1690000 - 0x00007ffbc1ab9000 	C:\WINDOWS\System32\SETUPAPI.dll
0x00007ffbb9e60000 - 0x00007ffbb9f2d000 	C:\WINDOWS\SYSTEM32\WINHTTP.dll
0x00007ffbb98c0000 - 0x00007ffbb9cbb000 	C:\WINDOWS\system32\nvapi64.dll
0x00007ffbbcf30000 - 0x00007ffbbcfcf000 	C:\WINDOWS\SYSTEM32\dxgi.dll
0x00007ffbbdcb0000 - 0x00007ffbbdcdc000 	C:\WINDOWS\SYSTEM32\SspiCli.dll
0x0000000072be0000 - 0x0000000072c23000 	C:\Program Files\Java\jre1.8.0_71\bin\glass.dll
0x00007ffbbf2b0000 - 0x00007ffbbf3aa000 	C:\WINDOWS\System32\COMDLG32.dll
0x00007ffbbf7a0000 - 0x00007ffbbf8fa000 	C:\WINDOWS\System32\MSCTF.dll
0x00007ffbb9cc0000 - 0x00007ffbb9da6000 	C:\Program Files (x86)\NVIDIA Corporation\3D Vision\nvSCPAPI64.dll
0x0000000070630000 - 0x0000000070644000 	C:\Program Files\Java\jre1.8.0_71\bin\javafx_font.dll
0x00007ffba5280000 - 0x00007ffba54e9000 	C:\WINDOWS\SYSTEM32\dwrite.dll
0x0000000070650000 - 0x0000000072bdd000 	C:\Program Files\Java\jre1.8.0_71\bin\jfxwebkit.dll
0x00007ffbbda80000 - 0x00007ffbbda97000 	C:\WINDOWS\SYSTEM32\CRYPTSP.dll
0x00007ffbbd4e0000 - 0x00007ffbbd513000 	C:\WINDOWS\system32\rsaenh.dll
0x00007ffbbdb90000 - 0x00007ffbbdbbb000 	C:\WINDOWS\SYSTEM32\bcrypt.dll
0x00007ffbbdaa0000 - 0x00007ffbbdaab000 	C:\WINDOWS\SYSTEM32\CRYPTBASE.dll
0x0000000075120000 - 0x000000007513a000 	C:\Program Files\Java\jre1.8.0_71\bin\net.dll
0x00007ffbbd8e0000 - 0x00007ffbbd93c000 	C:\WINDOWS\system32\mswsock.dll
0x0000000075100000 - 0x0000000075111000 	C:\Program Files\Java\jre1.8.0_71\bin\nio.dll
0x00000000750d0000 - 0x00000000750f4000 	C:\Program Files\Java\jre1.8.0_71\bin\sunec.dll
0x00007ffbbd760000 - 0x00007ffbbd77f000 	C:\WINDOWS\SYSTEM32\USERENV.dll
0x00007ffbbd660000 - 0x00007ffbbd698000 	C:\WINDOWS\SYSTEM32\IPHLPAPI.DLL
0x00007ffbbfa20000 - 0x00007ffbbfa28000 	C:\WINDOWS\System32\NSI.dll
0x00007ffbbfc30000 - 0x00007ffbbfccf000 	C:\WINDOWS\System32\clbcatq.dll
0x00007ffbbb140000 - 0x00007ffbbb2e8000 	C:\WINDOWS\SYSTEM32\WindowsCodecs.dll
0x00007ffbb26f0000 - 0x00007ffbb2739000 	C:\WINDOWS\system32\dataexchange.dll
0x00007ffbbbff0000 - 0x00007ffbbc141000 	C:\WINDOWS\system32\dcomp.dll
0x00007ffbba7c0000 - 0x00007ffbbaa76000 	C:\WINDOWS\system32\d3d11.dll
0x00007ffbbca00000 - 0x00007ffbbcb1c000 	C:\WINDOWS\system32\twinapi.appcore.dll
0x00007ffbb6b70000 - 0x00007ffbb6ba2000 	C:\Program Files\Common Files\Microsoft Shared\Ink\rtscom.dll
0x00007ffbbaaa0000 - 0x00007ffbbaab6000 	C:\WINDOWS\SYSTEM32\dhcpcsvc6.DLL
0x00007ffbbaa80000 - 0x00007ffbbaa9a000 	C:\WINDOWS\SYSTEM32\dhcpcsvc.DLL
0x0000000070610000 - 0x0000000070621000 	C:\Program Files\Java\jre1.8.0_71\bin\prism_common.dll
0x00007ffbb7800000 - 0x00007ffbb7d5f000 	C:\WINDOWS\SYSTEM32\d2d1.dll
0x00007ffbbed80000 - 0x00007ffbbef49000 	C:\WINDOWS\System32\CRYPT32.dll
0x00007ffbbdfe0000 - 0x00007ffbbdff0000 	C:\WINDOWS\System32\MSASN1.dll
0x00007ffba3890000 - 0x00007ffba3b1d000 	C:\WINDOWS\SYSTEM32\D3D10Warp.dll
0x00007ffbbbdd0000 - 0x00007ffbbbde8000 	C:\WINDOWS\system32\NLAapi.dll
0x00007ffbb2880000 - 0x00007ffbb2896000 	C:\WINDOWS\system32\napinsp.dll
0x00007ffbb28a0000 - 0x00007ffbb28ba000 	C:\WINDOWS\system32\pnrpnsp.dll
0x00007ffbbd6a0000 - 0x00007ffbbd741000 	C:\WINDOWS\SYSTEM32\DNSAPI.dll
0x00007ffbb28c0000 - 0x00007ffbb28ce000 	C:\WINDOWS\System32\winrnr.dll
0x0000000050640000 - 0x0000000050666000 	C:\Program Files\Bonjour\mdnsNSP.dll
0x00007ffbb98b0000 - 0x00007ffbb98ba000 	C:\Windows\System32\rasadhlp.dll
0x00007ffbba300000 - 0x00007ffbba36a000 	C:\WINDOWS\System32\fwpuclnt.dll
0x00000000705e0000 - 0x0000000070603000 	C:\Program Files\Java\jre1.8.0_71\bin\javafx_iio.dll

VM Arguments:
jvm_args: -Djava.library.path=C:\Users\Jack\Desktop\New folder (9)\cansat -Dfile.encoding=Cp1252 
java_command: cansat.Luncher
java_class_path (initial): F:\Stuff\cansat\newPro\cansat\bin;C:\Program Files\Java\jdk1.8.0_71\jre\lib\jfxswt.jar;F:\Stuff\cansat\newPro\cansat\lib\RXTXcomm.jar
Launcher Type: SUN_STANDARD

Environment Variables:
PATH=C:/Program Files/Java/jre1.8.0_71/bin/server;C:/Program Files/Java/jre1.8.0_71/bin;C:/Program Files/Java/jre1.8.0_71/lib/amd64;C:\Program Files\Oculus\Support\oculus-runtime;C:\Program Files (x86)\ActiveState Komodo IDE 10\;C:\ProgramData\Oracle\Java\javapath;C:\Windows\system32;C:\Windows;C:\Windows\System32\Wbem;C:\Windows\System32\WindowsPowerShell\v1.0\;C:\Program Files (x86)\NVIDIA Corporation\PhysX\Common;C:\Program Files (x86)\Skype\Phone\;C:\Program Files\Microsoft\Web Platform Installer\;C:\Program Files (x86)\Microsoft ASP.NET\ASP.NET Web Pages\v1.0\;C:\Program Files (x86)\Windows Kits\8.0\Windows Performance Toolkit\;C:\Program Files\Microsoft SQL Server\110\Tools\Binn\;C:\Program Files (x86)\GtkSharp\2.12\bin;C:\Users\Jack\.dnx\bin;C:\Program Files\Microsoft DNX\Dnvm\;C:\Program Files\Microsoft SQL Server\130\Tools\Binn\;C:\WINDOWS\system32;C:\WINDOWS;C:\WINDOWS\System32\Wbem;C:\WINDOWS\System32\WindowsPowerShell\v1.0\;C:\Python27;C:\Program Files (x86)\Windows Kits\10\Windows Performance Toolkit\;C:\Program Files (x86)\Windows Kits\8.1\Windows Performance Toolkit\;C:\Users\Jack\AppData\Local\Microsoft\WindowsApps;C:\Program Files\Bandizip\;C:\Users\Jack\eclipse\java-mars\eclipse;
USERNAME=Jack
OS=Windows_NT
PROCESSOR_IDENTIFIER=Intel64 Family 6 Model 60 Stepping 3, GenuineIntel



---------------  S Y S T E M  ---------------

OS: Windows 10.0 , 64 bit Build 14393 (10.0.14393.1198)

CPU:total 8 (4 cores per cpu, 2 threads per core) family 6 model 60 stepping 3, cmov, cx8, fxsr, mmx, sse, sse2, sse3, ssse3, sse4.1, sse4.2, popcnt, avx, avx2, aes, clmul, erms, lzcnt, ht, tsc, tscinvbit, bmi1, bmi2

Memory: 4k page, physical 16724548k(4950432k free), swap 67056196k(5408k free)

vm_info: Java HotSpot(TM) 64-Bit Server VM (25.71-b15) for windows-amd64 JRE (1.8.0_71-b15), built on Dec 22 2015 18:15:55 by "java_re" with MS VC++ 10.0 (VS2010)

time: Fri Jun 02 03:44:55 2017
elapsed time: 3 seconds (0d 0h 0m 3s)

