#
# There is insufficient memory for the Java Runtime Environment to continue.
# Native memory allocation (malloc) failed to allocate 522576 bytes for Chunk::new
# Possible reasons:
#   The system is out of physical RAM or swap space
#   In 32 bit mode, the process size limit was hit
# Possible solutions:
#   Reduce memory load on the system
#   Increase physical memory or swap space
#   Check if swap backing store is full
#   Use 64 bit Java on a 64 bit OS
#   Decrease Java heap size (-Xmx/-Xms)
#   Decrease number of Java threads
#   Decrease Java thread stack sizes (-Xss)
#   Set larger code cache with -XX:ReservedCodeCacheSize=
# This output file may be truncated or incomplete.
#
#  Out of Memory Error (allocation.cpp:390), pid=24152, tid=3212
#
# JRE version: Java(TM) SE Runtime Environment (8.0_71-b15) (build 1.8.0_71-b15)
# Java VM: Java HotSpot(TM) 64-Bit Server VM (25.71-b15 mixed mode windows-amd64 compressed oops)
# Failed to write core dump. Minidumps are not enabled by default on client versions of Windows
#

---------------  T H R E A D  ---------------

Current thread (0x000000001e5d7000):  JavaThread "C2 CompilerThread0" daemon [_thread_in_native, id=3212, stack(0x000000001ebb0000,0x000000001ecb0000)]

Stack: [0x000000001ebb0000,0x000000001ecb0000]
[error occurred during error reporting (printing stack bounds), id 0xc0000005]

Native frames: (J=compiled Java code, j=interpreted, Vv=VM code, C=native code)


Current CompileTask:
C2:   2047 2500       4       com.sun.javafx.css.StyleMap::getCascadingStyles (404 bytes)


---------------  P R O C E S S  ---------------

Java Threads: ( => current thread )
  0x000000001e5f1800 JavaThread "URL-Loader-2" daemon [_thread_in_native, id=30244, stack(0x000000002a360000,0x000000002a460000)]
  0x000000001e5f2000 JavaThread "Watchdog-Timer-1" daemon [_thread_blocked, id=30240, stack(0x000000002a260000,0x000000002a360000)]
  0x000000001e5f5000 JavaThread "Keep-Alive-Timer" daemon [_thread_blocked, id=30224, stack(0x000000002a160000,0x000000002a260000)]
  0x000000001e5f6000 JavaThread "Timer-1" [_thread_blocked, id=30284, stack(0x0000000028e80000,0x0000000028f80000)]
  0x0000000026f99800 JavaThread "Timer-0" [_thread_blocked, id=29936, stack(0x0000000028600000,0x0000000028700000)]
  0x000000001f614800 JavaThread "Prism Font Disposer" daemon [_thread_blocked, id=30664, stack(0x0000000026d30000,0x0000000026e30000)]
  0x000000001f2f9800 JavaThread "URL-Loader-1" daemon [_thread_blocked, id=29928, stack(0x0000000025160000,0x0000000025260000)]
  0x000000001f377800 JavaThread "Disposer" daemon [_thread_blocked, id=24624, stack(0x0000000024f50000,0x0000000025050000)]
  0x000000001f2c3800 JavaThread "Thread-3" daemon [_thread_in_native, id=29740, stack(0x0000000024200000,0x0000000024300000)]
  0x000000001f2c8800 JavaThread "JavaFX-Launcher" [_thread_blocked, id=29448, stack(0x0000000024730000,0x0000000024830000)]
  0x000000001f225800 JavaThread "JavaFX Application Thread" [_thread_in_native, id=30568, stack(0x0000000020100000,0x0000000020200000)]
  0x000000001f220800 JavaThread "Thread-1" daemon [_thread_blocked, id=2980, stack(0x0000000020000000,0x0000000020100000)]
  0x000000001f20d800 JavaThread "QuantumRenderer-0" daemon [_thread_blocked, id=20084, stack(0x000000001f9b0000,0x000000001fab0000)]
  0x000000001e68f800 JavaThread "Service Thread" daemon [_thread_blocked, id=3088, stack(0x000000001efb0000,0x000000001f0b0000)]
  0x000000001e5f8000 JavaThread "C1 CompilerThread3" daemon [_thread_blocked, id=3784, stack(0x000000001eeb0000,0x000000001efb0000)]
  0x000000001e5e4800 JavaThread "C2 CompilerThread2" daemon [_thread_blocked, id=3080, stack(0x000000001edb0000,0x000000001eeb0000)]
  0x000000001e5dc000 JavaThread "C2 CompilerThread1" daemon [_thread_blocked, id=3084, stack(0x000000001ecb0000,0x000000001edb0000)]
=>0x000000001e5d7000 JavaThread "C2 CompilerThread0" daemon [_thread_in_native, id=3212, stack(0x000000001ebb0000,0x000000001ecb0000)]
  0x000000001e5d6000 JavaThread "Attach Listener" daemon [_thread_blocked, id=2984, stack(0x000000001eab0000,0x000000001ebb0000)]
  0x000000001e5d5000 JavaThread "Signal Dispatcher" daemon [_thread_blocked, id=3060, stack(0x000000001e9b0000,0x000000001eab0000)]
  0x00000000029db000 JavaThread "Finalizer" daemon [_thread_blocked, id=29156, stack(0x000000001e3c0000,0x000000001e4c0000)]
  0x00000000029d4000 JavaThread "Reference Handler" daemon [_thread_blocked, id=30588, stack(0x000000001e2c0000,0x000000001e3c0000)]
  0x00000000028e0800 JavaThread "main" [_thread_blocked, id=29912, stack(0x00000000027c0000,0x00000000028c0000)]

Other Threads:
  0x000000001c4d9800 VMThread [stack: 0x000000001e1c0000,0x000000001e2c0000] [id=1628]
  0x000000001e6ba000 WatcherThread [stack: 0x000000001f0b0000,0x000000001f1b0000] [id=29548]

VM state:not at safepoint (normal execution)

VM Mutex/Monitor currently owned by a thread: None

Heap:
 PSYoungGen      total 76288K, used 13169K [0x000000076af00000, 0x0000000770400000, 0x00000007c0000000)
  eden space 65536K, 6% used [0x000000076af00000,0x000000076b33a1a8,0x000000076ef00000)
  from space 10752K, 82% used [0x000000076ef00000,0x000000076f7a2498,0x000000076f980000)
  to   space 10752K, 0% used [0x000000076f980000,0x000000076f980000,0x0000000770400000)
 ParOldGen       total 175104K, used 56K [0x00000006c0c00000, 0x00000006cb700000, 0x000000076af00000)
  object space 175104K, 0% used [0x00000006c0c00000,0x00000006c0c0e000,0x00000006cb700000)
 Metaspace       used 19621K, capacity 20362K, committed 20608K, reserved 1067008K
  class space    used 2638K, capacity 2851K, committed 2944K, reserved 1048576K

Card table byte_map: [0x0000000011da0000,0x00000000125a0000] byte_map_base: 0x000000000e79a000

Marking Bits: (ParMarkBitMap*) 0x000000005957f600
 Begin Bits: [0x0000000013300000, 0x00000000172d0000)
 End Bits:   [0x00000000172d0000, 0x000000001b2a0000)

Polling page: 0x0000000002760000

CodeCache: size=245760Kb used=7682Kb max_used=7695Kb free=238077Kb
 bounds [0x00000000029e0000, 0x0000000003170000, 0x00000000119e0000]
 total_blobs=3240 nmethods=2502 adapters=649
 compilation: enabled

Compilation events (10 events):
Event: 2.029 Thread 0x000000001e5f8000 2497       3       java.lang.Enum::compareTo (44 bytes)
Event: 2.029 Thread 0x000000001e5e4800 nmethod 2503 0x0000000003163110 code [0x0000000003163340, 0x0000000003163708]
Event: 2.029 Thread 0x000000001e5f8000 nmethod 2497 0x0000000003162090 code [0x0000000003162240, 0x0000000003162b48]
Event: 2.029 Thread 0x000000001e5f8000 2502       3       javafx.scene.layout.Region::getBorder (11 bytes)
Event: 2.030 Thread 0x000000001e5f8000 nmethod 2502 0x0000000003163d10 code [0x0000000003163e80, 0x0000000003164188]
Event: 2.030 Thread 0x000000001e5f8000 2501       3       com.sun.javafx.geom.transform.Translate2D::isIdentity (24 bytes)
Event: 2.030 Thread 0x000000001e5f8000 nmethod 2501 0x0000000003164250 code [0x00000000031643a0, 0x00000000031645f0]
Event: 2.030 Thread 0x000000001e5f8000 2491       1       javafx.scene.layout.Region::access$3900 (5 bytes)
Event: 2.030 Thread 0x000000001e5f8000 nmethod 2491 0x0000000003161d90 code [0x0000000003161ee0, 0x0000000003161fd0]
Event: 2.030 Thread 0x000000001e5dc000 nmethod 2489 0x0000000003167890 code [0x0000000003167a00, 0x0000000003167ff8]

GC Heap History (10 events):
Event: 1.566 GC heap before
{Heap before GC invocations=1 (full 0):
 PSYoungGen      total 76288K, used 65506K [0x000000076af00000, 0x0000000770400000, 0x00000007c0000000)
  eden space 65536K, 99% used [0x000000076af00000,0x000000076eef8890,0x000000076ef00000)
  from space 10752K, 0% used [0x000000076f980000,0x000000076f980000,0x0000000770400000)
  to   space 10752K, 0% used [0x000000076ef00000,0x000000076ef00000,0x000000076f980000)
 ParOldGen       total 175104K, used 0K [0x00000006c0c00000, 0x00000006cb700000, 0x000000076af00000)
  object space 175104K, 0% used [0x00000006c0c00000,0x00000006c0c00000,0x00000006cb700000)
 Metaspace       used 18887K, capacity 19626K, committed 19712K, reserved 1067008K
  class space    used 2573K, capacity 2801K, committed 2816K, reserved 1048576K
Event: 1.573 GC heap after
Heap after GC invocations=1 (full 0):
 PSYoungGen      total 76288K, used 9696K [0x000000076af00000, 0x0000000770400000, 0x00000007c0000000)
  eden space 65536K, 0% used [0x000000076af00000,0x000000076af00000,0x000000076ef00000)
  from space 10752K, 90% used [0x000000076ef00000,0x000000076f878208,0x000000076f980000)
  to   space 10752K, 0% used [0x000000076f980000,0x000000076f980000,0x0000000770400000)
 ParOldGen       total 175104K, used 24K [0x00000006c0c00000, 0x00000006cb700000, 0x000000076af00000)
  object space 175104K, 0% used [0x00000006c0c00000,0x00000006c0c06000,0x00000006cb700000)
 Metaspace       used 18887K, capacity 19626K, committed 19712K, reserved 1067008K
  class space    used 2573K, capacity 2801K, committed 2816K, reserved 1048576K
}
Event: 1.592 GC heap before
{Heap before GC invocations=2 (full 0):
 PSYoungGen      total 76288K, used 75160K [0x000000076af00000, 0x0000000770400000, 0x00000007c0000000)
  eden space 65536K, 99% used [0x000000076af00000,0x000000076eeee0d8,0x000000076ef00000)
  from space 10752K, 90% used [0x000000076ef00000,0x000000076f878208,0x000000076f980000)
  to   space 10752K, 0% used [0x000000076f980000,0x000000076f980000,0x0000000770400000)
 ParOldGen       total 175104K, used 24K [0x00000006c0c00000, 0x00000006cb700000, 0x000000076af00000)
  object space 175104K, 0% used [0x00000006c0c00000,0x00000006c0c06000,0x00000006cb700000)
 Metaspace       used 18904K, capacity 19636K, committed 19712K, reserved 1067008K
  class space    used 2575K, capacity 2804K, committed 2816K, reserved 1048576K
Event: 1.596 GC heap after
Heap after GC invocations=2 (full 0):
 PSYoungGen      total 76288K, used 8412K [0x000000076af00000, 0x0000000770400000, 0x00000007c0000000)
  eden space 65536K, 0% used [0x000000076af00000,0x000000076af00000,0x000000076ef00000)
  from space 10752K, 78% used [0x000000076f980000,0x00000007701b7110,0x0000000770400000)
  to   space 10752K, 0% used [0x000000076ef00000,0x000000076ef00000,0x000000076f980000)
 ParOldGen       total 175104K, used 32K [0x00000006c0c00000, 0x00000006cb700000, 0x000000076af00000)
  object space 175104K, 0% used [0x00000006c0c00000,0x00000006c0c08000,0x00000006cb700000)
 Metaspace       used 18904K, capacity 19636K, committed 19712K, reserved 1067008K
  class space    used 2575K, capacity 2804K, committed 2816K, reserved 1048576K
}
Event: 1.610 GC heap before
{Heap before GC invocations=3 (full 0):
 PSYoungGen      total 76288K, used 73844K [0x000000076af00000, 0x0000000770400000, 0x00000007c0000000)
  eden space 65536K, 99% used [0x000000076af00000,0x000000076eee5f90,0x000000076ef00000)
  from space 10752K, 78% used [0x000000076f980000,0x00000007701b7110,0x0000000770400000)
  to   space 10752K, 0% used [0x000000076ef00000,0x000000076ef00000,0x000000076f980000)
 ParOldGen       total 175104K, used 32K [0x00000006c0c00000, 0x00000006cb700000, 0x000000076af00000)
  object space 175104K, 0% used [0x00000006c0c00000,0x00000006c0c08000,0x00000006cb700000)
 Metaspace       used 18923K, capacity 19642K, committed 19712K, reserved 1067008K
  class space    used 2575K, capacity 2805K, committed 2816K, reserved 1048576K
Event: 1.615 GC heap after
Heap after GC invocations=3 (full 0):
 PSYoungGen      total 76288K, used 8428K [0x000000076af00000, 0x0000000770400000, 0x00000007c0000000)
  eden space 65536K, 0% used [0x000000076af00000,0x000000076af00000,0x000000076ef00000)
  from space 10752K, 78% used [0x000000076ef00000,0x000000076f73b188,0x000000076f980000)
  to   space 10752K, 0% used [0x000000076f980000,0x000000076f980000,0x0000000770400000)
 ParOldGen       total 175104K, used 40K [0x00000006c0c00000, 0x00000006cb700000, 0x000000076af00000)
  object space 175104K, 0% used [0x00000006c0c00000,0x00000006c0c0a000,0x00000006cb700000)
 Metaspace       used 18923K, capacity 19642K, committed 19712K, reserved 1067008K
  class space    used 2575K, capacity 2805K, committed 2816K, reserved 1048576K
}
Event: 1.627 GC heap before
{Heap before GC invocations=4 (full 0):
 PSYoungGen      total 76288K, used 73917K [0x000000076af00000, 0x0000000770400000, 0x00000007c0000000)
  eden space 65536K, 99% used [0x000000076af00000,0x000000076eef4408,0x000000076ef00000)
  from space 10752K, 78% used [0x000000076ef00000,0x000000076f73b188,0x000000076f980000)
  to   space 10752K, 0% used [0x000000076f980000,0x000000076f980000,0x0000000770400000)
 ParOldGen       total 175104K, used 40K [0x00000006c0c00000, 0x00000006cb700000, 0x000000076af00000)
  object space 175104K, 0% used [0x00000006c0c00000,0x00000006c0c0a000,0x00000006cb700000)
 Metaspace       used 18944K, capacity 19706K, committed 19968K, reserved 1067008K
  class space    used 2575K, capacity 2805K, committed 2816K, reserved 1048576K
Event: 1.631 GC heap after
Heap after GC invocations=4 (full 0):
 PSYoungGen      total 76288K, used 8406K [0x000000076af00000, 0x0000000770400000, 0x00000007c0000000)
  eden space 65536K, 0% used [0x000000076af00000,0x000000076af00000,0x000000076ef00000)
  from space 10752K, 78% used [0x000000076f980000,0x00000007701b5880,0x0000000770400000)
  to   space 10752K, 0% used [0x000000076ef00000,0x000000076ef00000,0x000000076f980000)
 ParOldGen       total 175104K, used 48K [0x00000006c0c00000, 0x00000006cb700000, 0x000000076af00000)
  object space 175104K, 0% used [0x00000006c0c00000,0x00000006c0c0c000,0x00000006cb700000)
 Metaspace       used 18944K, capacity 19706K, committed 19968K, reserved 1067008K
  class space    used 2575K, capacity 2805K, committed 2816K, reserved 1048576K
}
Event: 1.807 GC heap before
{Heap before GC invocations=5 (full 0):
 PSYoungGen      total 76288K, used 73942K [0x000000076af00000, 0x0000000770400000, 0x00000007c0000000)
  eden space 65536K, 100% used [0x000000076af00000,0x000000076ef00000,0x000000076ef00000)
  from space 10752K, 78% used [0x000000076f980000,0x00000007701b5880,0x0000000770400000)
  to   space 10752K, 0% used [0x000000076ef00000,0x000000076ef00000,0x000000076f980000)
 ParOldGen       total 175104K, used 48K [0x00000006c0c00000, 0x00000006cb700000, 0x000000076af00000)
  object space 175104K, 0% used [0x00000006c0c00000,0x00000006c0c0c000,0x00000006cb700000)
 Metaspace       used 19441K, capacity 20264K, committed 20608K, reserved 1067008K
  class space    used 2624K, capacity 2842K, committed 2944K, reserved 1048576K
Event: 1.811 GC heap after
Heap after GC invocations=5 (full 0):
 PSYoungGen      total 76288K, used 8841K [0x000000076af00000, 0x0000000770400000, 0x00000007c0000000)
  eden space 65536K, 0% used [0x000000076af00000,0x000000076af00000,0x000000076ef00000)
  from space 10752K, 82% used [0x000000076ef00000,0x000000076f7a2498,0x000000076f980000)
  to   space 10752K, 0% used [0x000000076f980000,0x000000076f980000,0x0000000770400000)
 ParOldGen       total 175104K, used 56K [0x00000006c0c00000, 0x00000006cb700000, 0x000000076af00000)
  object space 175104K, 0% used [0x00000006c0c00000,0x00000006c0c0e000,0x00000006cb700000)
 Metaspace       used 19441K, capacity 20264K, committed 20608K, reserved 1067008K
  class space    used 2624K, capacity 2842K, committed 2944K, reserved 1048576K
}

Deoptimization events (10 events):
Event: 1.751 Thread 0x000000001f2f9800 Uncommon trap: reason=class_check action=maybe_recompile pc=0x000000000309c07c method=java.util.regex.Pattern$Curly.match(Ljava/util/regex/Matcher;ILjava/lang/CharSequence;)Z @ 19
Event: 1.751 Thread 0x000000001f2f9800 Uncommon trap: reason=class_check action=maybe_recompile pc=0x000000000309c07c method=java.util.regex.Pattern$Curly.match(Ljava/util/regex/Matcher;ILjava/lang/CharSequence;)Z @ 19
Event: 1.751 Thread 0x000000001f2f9800 Uncommon trap: reason=class_check action=maybe_recompile pc=0x000000000309c07c method=java.util.regex.Pattern$Curly.match(Ljava/util/regex/Matcher;ILjava/lang/CharSequence;)Z @ 19
Event: 1.751 Thread 0x000000001f2f9800 Uncommon trap: reason=class_check action=maybe_recompile pc=0x000000000309c07c method=java.util.regex.Pattern$Curly.match(Ljava/util/regex/Matcher;ILjava/lang/CharSequence;)Z @ 19
Event: 2.009 Thread 0x000000001f225800 Uncommon trap: reason=bimorphic action=maybe_recompile pc=0x0000000002db8a84 method=java.util.HashMap.putVal(ILjava/lang/Object;Ljava/lang/Object;ZZ)Ljava/lang/Object; @ 203
Event: 2.009 Thread 0x000000001f225800 Uncommon trap: reason=bimorphic action=maybe_recompile pc=0x0000000002db8a84 method=java.util.HashMap.putVal(ILjava/lang/Object;Ljava/lang/Object;ZZ)Ljava/lang/Object; @ 203
Event: 2.010 Thread 0x000000001f225800 Uncommon trap: reason=bimorphic action=maybe_recompile pc=0x0000000002db8a84 method=java.util.HashMap.putVal(ILjava/lang/Object;Ljava/lang/Object;ZZ)Ljava/lang/Object; @ 203
Event: 2.010 Thread 0x000000001f225800 Uncommon trap: reason=bimorphic action=maybe_recompile pc=0x0000000002db8a84 method=java.util.HashMap.putVal(ILjava/lang/Object;Ljava/lang/Object;ZZ)Ljava/lang/Object; @ 203
Event: 2.010 Thread 0x000000001f225800 Uncommon trap: reason=bimorphic action=maybe_recompile pc=0x0000000002d6e850 method=java.util.HashMap.putVal(ILjava/lang/Object;Ljava/lang/Object;ZZ)Ljava/lang/Object; @ 203
Event: 2.024 Thread 0x000000001f225800 Uncommon trap: reason=unstable_if action=reinterpret pc=0x0000000002eeb65c method=java.lang.ref.ReferenceQueue.poll()Ljava/lang/ref/Reference; @ 4

Internal exceptions (10 events):
Event: 0.095 Thread 0x00000000028e0800 Exception <a 'java/lang/NullPointerException'> (0x000000076b3a02a8) thrown at [C:\re\workspace\8-2-build-windows-amd64-cygwin\jdk8u71\5731\hotspot\src\share\vm\interpreter\linkResolver.cpp, line 1178]
Event: 0.244 Thread 0x000000001f225800 Exception <a 'java/lang/NullPointerException'> (0x000000076bff1680) thrown at [C:\re\workspace\8-2-build-windows-amd64-cygwin\jdk8u71\5731\hotspot\src\share\vm\interpreter\linkResolver.cpp, line 1178]
Event: 0.244 Thread 0x000000001f225800 Exception <a 'java/lang/NullPointerException'> (0x000000076bff1680) thrown at [C:\re\workspace\8-2-build-windows-amd64-cygwin\jdk8u71\5731\hotspot\src\share\vm\prims\jvm.cpp, line 1390]
Event: 0.347 Thread 0x000000001f225800 Exception <a 'sun/nio/fs/WindowsException'> (0x000000076c58dee8) thrown at [C:\re\workspace\8-2-build-windows-amd64-cygwin\jdk8u71\5731\hotspot\src\share\vm\prims\jni.cpp, line 709]
Event: 0.349 Thread 0x000000001f225800 Exception <a 'sun/nio/fs/WindowsException'> (0x000000076c58fc60) thrown at [C:\re\workspace\8-2-build-windows-amd64-cygwin\jdk8u71\5731\hotspot\src\share\vm\prims\jni.cpp, line 709]
Event: 0.352 Thread 0x000000001f225800 Implicit null exception at 0x0000000002c6c756 to 0x0000000002c6cab1
Event: 0.381 Thread 0x000000001f225800 Implicit null exception at 0x0000000002c1bf75 to 0x0000000002c1c165
Event: 0.606 Thread 0x000000001f225800 Implicit null exception at 0x0000000002bebe56 to 0x0000000002bec1a1
Event: 1.506 Thread 0x000000001f225800 Implicit null exception at 0x0000000002fe23f8 to 0x0000000002fe2709
Event: 2.031 Thread 0x000000001f20d800 Exception <a 'java/lang/NullPointerException'> (0x000000076b2cdb78) thrown at [C:\re\workspace\8-2-build-windows-amd64-cygwin\jdk8u71\5731\hotspot\src\share\vm\interpreter\linkResolver.cpp, line 1280]

Events (10 events):
Event: 2.010 loading class com/sun/javafx/font/PrismFontFactory$TTFilter done
Event: 2.020 loading class com/sun/javafx/font/FallbackResource
Event: 2.020 loading class com/sun/javafx/font/FallbackResource done
Event: 2.024 Thread 0x000000001f225800 Uncommon trap: trap_request=0xffffff65 fr.pc=0x0000000002eeb65c
Event: 2.024 Thread 0x000000001f225800 DEOPT PACKING pc=0x0000000002eeb65c sp=0x00000000201fcc00
Event: 2.024 Thread 0x000000001f225800 DEOPT UNPACKING pc=0x0000000002a2582a sp=0x00000000201fcaf8 mode 2
Event: 2.027 loading class com/sun/javafx/sg/prism/RegionImageCache
Event: 2.027 loading class com/sun/javafx/sg/prism/RegionImageCache done
Event: 2.028 loading class com/sun/prism/impl/BaseResourceFactory$1
Event: 2.028 loading class com/sun/prism/impl/BaseResourceFactory$1 done


Dynamic libraries:
0x00007ff6d4520000 - 0x00007ff6d4557000 	C:\Program Files\Java\jre1.8.0_71\bin\javaw.exe
0x00007ffca10a0000 - 0x00007ffca1271000 	C:\WINDOWS\SYSTEM32\ntdll.dll
0x00007ffc9e7d0000 - 0x00007ffc9e87b000 	C:\WINDOWS\System32\KERNEL32.DLL
0x00007ffc9d6b0000 - 0x00007ffc9d8cd000 	C:\WINDOWS\System32\KERNELBASE.dll
0x00007ffca0a00000 - 0x00007ffca0aa2000 	C:\WINDOWS\System32\ADVAPI32.dll
0x00007ffc9e730000 - 0x00007ffc9e7ce000 	C:\WINDOWS\System32\msvcrt.dll
0x00007ffc9e6d0000 - 0x00007ffc9e729000 	C:\WINDOWS\System32\sechost.dll
0x00007ffc9eb20000 - 0x00007ffc9ec41000 	C:\WINDOWS\System32\RPCRT4.dll
0x00007ffca0c60000 - 0x00007ffca0dc5000 	C:\WINDOWS\System32\USER32.dll
0x00007ffc9d690000 - 0x00007ffc9d6ae000 	C:\WINDOWS\System32\win32u.dll
0x00007ffca0ad0000 - 0x00007ffca0b04000 	C:\WINDOWS\System32\GDI32.dll
0x00007ffc9d980000 - 0x00007ffc9db02000 	C:\WINDOWS\System32\gdi32full.dll
0x00007ffc92c50000 - 0x00007ffc92ec9000 	C:\WINDOWS\WinSxS\amd64_microsoft.windows.common-controls_6595b64144ccf1df_6.0.14393.447_none_42191651c6827bb3\COMCTL32.dll
0x00007ffca0730000 - 0x00007ffca09f8000 	C:\WINDOWS\System32\combase.dll
0x00007ffc9e470000 - 0x00007ffc9e565000 	C:\WINDOWS\System32\ucrtbase.dll
0x00007ffc9d570000 - 0x00007ffc9d5da000 	C:\WINDOWS\System32\bcryptPrimitives.dll
0x00007ffc9f150000 - 0x00007ffc9f17e000 	C:\WINDOWS\System32\IMM32.DLL
0x00007ffc9c3e0000 - 0x00007ffc9c410000 	c:\PROGRA~1\BULLGU~1\BULLGU~1\BgAgent.dll
0x0000000058bc0000 - 0x0000000058c92000 	C:\Program Files\Java\jre1.8.0_71\bin\msvcr100.dll
0x0000000058d70000 - 0x00000000595ff000 	C:\Program Files\Java\jre1.8.0_71\bin\server\jvm.dll
0x00007ffc9e880000 - 0x00007ffc9e888000 	C:\WINDOWS\System32\PSAPI.DLL
0x00007ffc8f8a0000 - 0x00007ffc8f8a9000 	C:\WINDOWS\SYSTEM32\WSOCK32.dll
0x00007ffc9b170000 - 0x00007ffc9b193000 	C:\WINDOWS\SYSTEM32\WINMM.dll
0x00007ffc99950000 - 0x00007ffc9995a000 	C:\WINDOWS\SYSTEM32\VERSION.dll
0x00007ffc9ec50000 - 0x00007ffc9ecba000 	C:\WINDOWS\System32\WS2_32.dll
0x0000000002730000 - 0x000000000275b000 	C:\WINDOWS\SYSTEM32\WINMMBASE.dll
0x00007ffc9d640000 - 0x00007ffc9d682000 	C:\WINDOWS\System32\cfgmgr32.dll
0x0000000058d60000 - 0x0000000058d6f000 	C:\Program Files\Java\jre1.8.0_71\bin\verify.dll
0x0000000058d30000 - 0x0000000058d59000 	C:\Program Files\Java\jre1.8.0_71\bin\java.dll
0x0000000058d10000 - 0x0000000058d26000 	C:\Program Files\Java\jre1.8.0_71\bin\zip.dll
0x00007ffc9f220000 - 0x00007ffca0729000 	C:\WINDOWS\System32\SHELL32.dll
0x00007ffc9dd90000 - 0x00007ffc9e46a000 	C:\WINDOWS\System32\windows.storage.dll
0x00007ffc9d520000 - 0x00007ffc9d56c000 	C:\WINDOWS\System32\powrprof.dll
0x00007ffc9ecc0000 - 0x00007ffc9ed12000 	C:\WINDOWS\System32\shlwapi.dll
0x00007ffc9d4f0000 - 0x00007ffc9d4ff000 	C:\WINDOWS\System32\kernel.appcore.dll
0x00007ffc9d8d0000 - 0x00007ffc9d979000 	C:\WINDOWS\System32\shcore.dll
0x00007ffc9d500000 - 0x00007ffc9d514000 	C:\WINDOWS\System32\profapi.dll
0x00007ffc96ba0000 - 0x00007ffc96c8f000 	C:\Program Files\Java\jre1.8.0_71\bin\msvcr120.dll
0x00007ffc96ad0000 - 0x00007ffc96b76000 	C:\Program Files\Java\jre1.8.0_71\bin\msvcp120.dll
0x0000000058b90000 - 0x0000000058bb3000 	C:\Program Files\Java\jre1.8.0_71\bin\prism_d3d.dll
0x00007ffc64870000 - 0x00007ffc649fd000 	C:\WINDOWS\system32\d3d9.dll
0x00007ffc9abf0000 - 0x00007ffc9ac16000 	C:\WINDOWS\SYSTEM32\dwmapi.dll
0x00007ffc9bb90000 - 0x00007ffc9bc25000 	C:\WINDOWS\system32\uxtheme.dll
0x00007ffc5bff0000 - 0x00007ffc5d0ac000 	C:\WINDOWS\System32\DriverStore\FileRepository\nv_dispiwu.inf_amd64_b67dc924fff8de6d\nvd3dumx.dll
0x00007ffc93310000 - 0x00007ffc934c7000 	C:\WINDOWS\system32\nvspcap64.dll
0x00007ffca0b10000 - 0x00007ffca0c47000 	C:\WINDOWS\System32\ole32.dll
0x00007ffc9e610000 - 0x00007ffc9e6cf000 	C:\WINDOWS\System32\OLEAUT32.dll
0x00007ffc9e570000 - 0x00007ffc9e60c000 	C:\WINDOWS\System32\msvcp_win.dll
0x00007ffc9ed20000 - 0x00007ffc9f149000 	C:\WINDOWS\System32\SETUPAPI.dll
0x00007ffc99270000 - 0x00007ffc9933d000 	C:\WINDOWS\SYSTEM32\WINHTTP.dll
0x00007ffc98be0000 - 0x00007ffc98fdb000 	C:\WINDOWS\system32\nvapi64.dll
0x00007ffc9c470000 - 0x00007ffc9c50f000 	C:\WINDOWS\SYSTEM32\dxgi.dll
0x00007ffc9d1e0000 - 0x00007ffc9d20c000 	C:\WINDOWS\SYSTEM32\SspiCli.dll
0x0000000058b40000 - 0x0000000058b83000 	C:\Program Files\Java\jre1.8.0_71\bin\glass.dll
0x00007ffca0f70000 - 0x00007ffca106a000 	C:\WINDOWS\System32\COMDLG32.dll
0x00007ffc9e960000 - 0x00007ffc9eabb000 	C:\WINDOWS\System32\MSCTF.dll
0x00007ffc99340000 - 0x00007ffc99426000 	C:\Program Files (x86)\NVIDIA Corporation\3D Vision\nvSCPAPI64.dll
0x00000000565b0000 - 0x0000000058b3d000 	C:\Program Files\Java\jre1.8.0_71\bin\jfxwebkit.dll
0x00007ffc9cfb0000 - 0x00007ffc9cfc7000 	C:\WINDOWS\SYSTEM32\CRYPTSP.dll
0x00007ffc9ca20000 - 0x00007ffc9ca53000 	C:\WINDOWS\system32\rsaenh.dll
0x00007ffc9d0c0000 - 0x00007ffc9d0eb000 	C:\WINDOWS\SYSTEM32\bcrypt.dll
0x00007ffc9cfd0000 - 0x00007ffc9cfdb000 	C:\WINDOWS\SYSTEM32\CRYPTBASE.dll
0x0000000058cf0000 - 0x0000000058d0a000 	C:\Program Files\Java\jre1.8.0_71\bin\net.dll
0x00007ffc9ce10000 - 0x00007ffc9ce6c000 	C:\WINDOWS\system32\mswsock.dll
0x0000000058cd0000 - 0x0000000058ce1000 	C:\Program Files\Java\jre1.8.0_71\bin\nio.dll
0x0000000056590000 - 0x00000000565a4000 	C:\Program Files\Java\jre1.8.0_71\bin\javafx_font.dll
0x00007ffc929e0000 - 0x00007ffc92c49000 	C:\WINDOWS\SYSTEM32\dwrite.dll
0x0000000058ca0000 - 0x0000000058cc4000 	C:\Program Files\Java\jre1.8.0_71\bin\sunec.dll
0x00007ffc9f180000 - 0x00007ffc9f21f000 	C:\WINDOWS\System32\clbcatq.dll
0x00007ffc9a650000 - 0x00007ffc9a7f8000 	C:\WINDOWS\SYSTEM32\WindowsCodecs.dll
0x00007ffc81950000 - 0x00007ffc81999000 	C:\WINDOWS\system32\dataexchange.dll
0x00007ffc9a2d0000 - 0x00007ffc9a586000 	C:\WINDOWS\system32\d3d11.dll
0x00007ffc9b710000 - 0x00007ffc9b861000 	C:\WINDOWS\system32\dcomp.dll
0x00007ffc9bf10000 - 0x00007ffc9c02c000 	C:\WINDOWS\system32\twinapi.appcore.dll
0x00007ffc96a60000 - 0x00007ffc96a92000 	C:\Program Files\Common Files\Microsoft Shared\Ink\rtscom.dll
0x00007ffc9cc90000 - 0x00007ffc9ccaf000 	C:\WINDOWS\SYSTEM32\USERENV.dll
0x00007ffc9cba0000 - 0x00007ffc9cbd8000 	C:\WINDOWS\SYSTEM32\IPHLPAPI.DLL
0x00007ffca1090000 - 0x00007ffca1098000 	C:\WINDOWS\System32\NSI.dll
0x00007ffc99d20000 - 0x00007ffc99d36000 	C:\WINDOWS\SYSTEM32\dhcpcsvc6.DLL
0x00007ffc99d00000 - 0x00007ffc99d1a000 	C:\WINDOWS\SYSTEM32\dhcpcsvc.DLL
0x0000000056570000 - 0x0000000056581000 	C:\Program Files\Java\jre1.8.0_71\bin\prism_common.dll
0x00007ffc9b2a0000 - 0x00007ffc9b2b8000 	C:\WINDOWS\system32\NLAapi.dll
0x00007ffc90c40000 - 0x00007ffc90c56000 	C:\WINDOWS\system32\napinsp.dll
0x00007ffc90c60000 - 0x00007ffc90c7a000 	C:\WINDOWS\system32\pnrpnsp.dll
0x00007ffc9cbe0000 - 0x00007ffc9cc80000 	C:\WINDOWS\SYSTEM32\DNSAPI.dll
0x00007ffc90cb0000 - 0x00007ffc90cbe000 	C:\WINDOWS\System32\winrnr.dll
0x000000005bce0000 - 0x000000005bd06000 	C:\Program Files\Bonjour\mdnsNSP.dll
0x00007ffc991f0000 - 0x00007ffc991fa000 	C:\Windows\System32\rasadhlp.dll
0x00007ffc99830000 - 0x00007ffc9989a000 	C:\WINDOWS\System32\fwpuclnt.dll

VM Arguments:
jvm_args: -Djava.library.path=C:\Users\Jack\Desktop\New folder (9)\cansat -Dfile.encoding=Cp1252 
java_command: cansat.Main
java_class_path (initial): C:\Users\Jack\Desktop\New folder (9)\cansat\bin;C:\Program Files\Java\jdk1.8.0_71\jre\lib\jfxswt.jar;C:\Users\Jack\Desktop\New folder (9)\cansat\lib\RXTXcomm.jar
Launcher Type: SUN_STANDARD

Environment Variables:
PATH=C:/Program Files/Java/jre1.8.0_71/bin/server;C:/Program Files/Java/jre1.8.0_71/bin;C:/Program Files/Java/jre1.8.0_71/lib/amd64;C:\Program Files\Oculus\Support\oculus-runtime;C:\Program Files (x86)\ActiveState Komodo IDE 10\;C:\ProgramData\Oracle\Java\javapath;C:\Windows\system32;C:\Windows;C:\Windows\System32\Wbem;C:\Windows\System32\WindowsPowerShell\v1.0\;C:\Program Files (x86)\NVIDIA Corporation\PhysX\Common;C:\Program Files (x86)\Skype\Phone\;C:\Program Files\Microsoft\Web Platform Installer\;C:\Program Files (x86)\Microsoft ASP.NET\ASP.NET Web Pages\v1.0\;C:\Program Files (x86)\Windows Kits\8.0\Windows Performance Toolkit\;C:\Program Files\Microsoft SQL Server\110\Tools\Binn\;C:\Program Files (x86)\GtkSharp\2.12\bin;C:\Users\Jack\.dnx\bin;C:\Program Files\Microsoft DNX\Dnvm\;C:\Program Files\Microsoft SQL Server\130\Tools\Binn\;C:\WINDOWS\system32;C:\WINDOWS;C:\WINDOWS\System32\Wbem;C:\WINDOWS\System32\WindowsPowerShell\v1.0\;C:\Python27;C:\Users\Jack\AppData\Local\Microsoft\WindowsApps;;C:\Users\Jack\eclipse\java-mars\eclipse;
USERNAME=Jack
OS=Windows_NT
PROCESSOR_IDENTIFIER=Intel64 Family 6 Model 60 Stepping 3, GenuineIntel



---------------  S Y S T E M  ---------------

OS: Windows 10.0 , 64 bit Build 14393 (10.0.14393.0)

CPU:total 8 (4 cores per cpu, 2 threads per core) family 6 model 60 stepping 3, cmov, cx8, fxsr, mmx, sse, sse2, sse3, ssse3, sse4.1, sse4.2, popcnt, avx, avx2, aes, clmul, erms, lzcnt, ht, tsc, tscinvbit, bmi1, bmi2

Memory: 4k page, physical 16724548k(5534004k free), swap 67056196k(4096k free)

vm_info: Java HotSpot(TM) 64-Bit Server VM (25.71-b15) for windows-amd64 JRE (1.8.0_71-b15), built on Dec 22 2015 18:15:55 by "java_re" with MS VC++ 10.0 (VS2010)

time: Tue Mar 07 00:48:25 2017
elapsed time: 2 seconds (0d 0h 0m 2s)

