#
# There is insufficient memory for the Java Runtime Environment to continue.
# Native memory allocation (malloc) failed to allocate 724416 bytes for Chunk::new
# Possible reasons:
#   The system is out of physical RAM or swap space
#   In 32 bit mode, the process size limit was hit
# Possible solutions:
#   Reduce memory load on the system
#   Increase physical memory or swap space
#   Check if swap backing store is full
#   Use 64 bit Java on a 64 bit OS
#   Decrease Java heap size (-Xmx/-Xms)
#   Decrease number of Java threads
#   Decrease Java thread stack sizes (-Xss)
#   Set larger code cache with -XX:ReservedCodeCacheSize=
# This output file may be truncated or incomplete.
#
#  Out of Memory Error (allocation.cpp:390), pid=66684, tid=47188
#
# JRE version: Java(TM) SE Runtime Environment (8.0_71-b15) (build 1.8.0_71-b15)
# Java VM: Java HotSpot(TM) 64-Bit Server VM (25.71-b15 mixed mode windows-amd64 compressed oops)
# Failed to write core dump. Minidumps are not enabled by default on client versions of Windows
#

---------------  T H R E A D  ---------------

Current thread (0x000000001eb76000):  JavaThread "C2 CompilerThread2" daemon [_thread_in_native, id=47188, stack(0x000000001f340000,0x000000001f440000)]

Stack: [0x000000001f340000,0x000000001f440000]
[error occurred during error reporting (printing stack bounds), id 0xc0000005]

Native frames: (J=compiled Java code, j=interpreted, Vv=VM code, C=native code)


Current CompileTask:
C2:   4053 4104       4       sun.util.locale.provider.DecimalFormatSymbolsProviderImpl::getInstance (21 bytes)


---------------  P R O C E S S  ---------------

Java Threads: ( => current thread )
  0x0000000028961000 JavaThread "Thread-26" daemon [_thread_blocked, id=61396, stack(0x0000000032a50000,0x0000000032b50000)]
  0x0000000028962000 JavaThread "Thread-24" daemon [_thread_blocked, id=63044, stack(0x0000000032450000,0x0000000032550000)]
  0x0000000028965800 JavaThread "Thread-23" daemon [_thread_blocked, id=60284, stack(0x0000000032350000,0x0000000032450000)]
  0x000000002895b800 JavaThread "Thread-22" daemon [_thread_blocked, id=13740, stack(0x0000000032250000,0x0000000032350000)]
  0x000000002895e000 JavaThread "Thread-21" daemon [_thread_blocked, id=65472, stack(0x0000000032150000,0x0000000032250000)]
  0x000000002895d000 JavaThread "Thread-20" daemon [_thread_blocked, id=64928, stack(0x0000000032050000,0x0000000032150000)]
  0x000000002895a000 JavaThread "Thread-19" daemon [_thread_blocked, id=65352, stack(0x0000000031f50000,0x0000000032050000)]
  0x000000002895f800 JavaThread "Thread-18" daemon [_thread_blocked, id=64632, stack(0x0000000031e50000,0x0000000031f50000)]
  0x000000002895c800 JavaThread "Thread-17" daemon [_thread_blocked, id=64604, stack(0x0000000031c50000,0x0000000031d50000)]
  0x000000002895b000 JavaThread "Thread-16" daemon [_thread_blocked, id=65316, stack(0x0000000031b50000,0x0000000031c50000)]
  0x0000000028a0a000 JavaThread "Thread-15" daemon [_thread_blocked, id=57732, stack(0x0000000031a50000,0x0000000031b50000)]
  0x0000000028a07800 JavaThread "Thread-14" daemon [_thread_blocked, id=64144, stack(0x0000000031950000,0x0000000031a50000)]
  0x0000000028a08800 JavaThread "Thread-13" daemon [_thread_blocked, id=61764, stack(0x0000000031850000,0x0000000031950000)]
  0x0000000028a09000 JavaThread "Thread-12" daemon [_thread_blocked, id=68116, stack(0x0000000031750000,0x0000000031850000)]
  0x0000000028a0d000 JavaThread "Thread-11" daemon [_thread_blocked, id=68312, stack(0x0000000030f70000,0x0000000031070000)]
  0x0000000028a0c000 JavaThread "Thread-10" daemon [_thread_blocked, id=68292, stack(0x0000000030e70000,0x0000000030f70000)]
  0x0000000028a0d800 JavaThread "URL-Loader-20" daemon [_thread_blocked, id=67428, stack(0x000000002df00000,0x000000002e000000)]
  0x0000000028a0a800 JavaThread "URL-Loader-19" daemon [_thread_blocked, id=67592, stack(0x000000002de00000,0x000000002df00000)]
  0x0000000028a00000 JavaThread "URL-Loader-18" daemon [_thread_blocked, id=62196, stack(0x000000002dd00000,0x000000002de00000)]
  0x0000000028a02000 JavaThread "URL-Loader-17" daemon [_thread_blocked, id=64220, stack(0x000000002db00000,0x000000002dc00000)]
  0x0000000028a06000 JavaThread "URL-Loader-16" daemon [_thread_blocked, id=41988, stack(0x000000002d600000,0x000000002d700000)]
  0x00000000289ff000 JavaThread "URL-Loader-15" daemon [_thread_blocked, id=67944, stack(0x000000002d400000,0x000000002d500000)]
  0x0000000028a05000 JavaThread "URL-Loader-14" daemon [_thread_blocked, id=61544, stack(0x000000002d300000,0x000000002d400000)]
  0x0000000028a04800 JavaThread "URL-Loader-13" daemon [_thread_blocked, id=68176, stack(0x000000002d200000,0x000000002d300000)]
  0x0000000028a03800 JavaThread "URL-Loader-12" daemon [_thread_blocked, id=68180, stack(0x000000002d100000,0x000000002d200000)]
  0x0000000028a01800 JavaThread "URL-Loader-11" daemon [_thread_blocked, id=65000, stack(0x000000002d000000,0x000000002d100000)]
  0x0000000028a03000 JavaThread "URL-Loader-10" daemon [_thread_in_native, id=47916, stack(0x000000002cf00000,0x000000002d000000)]
  0x0000000028a00800 JavaThread "URL-Loader-9" daemon [_thread_blocked, id=60976, stack(0x000000002ce00000,0x000000002cf00000)]
  0x000000001fd97000 JavaThread "URL-Loader-8" daemon [_thread_blocked, id=65948, stack(0x000000002cbc0000,0x000000002ccc0000)]
  0x000000001fd9d000 JavaThread "URL-Loader-7" daemon [_thread_blocked, id=65944, stack(0x000000002ca60000,0x000000002cb60000)]
  0x000000001fd98800 JavaThread "URL-Loader-6" daemon [_thread_blocked, id=68356, stack(0x000000002c960000,0x000000002ca60000)]
  0x000000001fd9c800 JavaThread "URL-Loader-5" daemon [_thread_blocked, id=26032, stack(0x000000002b560000,0x000000002b660000)]
  0x000000001fd9b800 JavaThread "URL-Loader-4" daemon [_thread_blocked, id=68256, stack(0x000000002b460000,0x000000002b560000)]
  0x000000001fd99800 JavaThread "URL-Loader-3" daemon [_thread_blocked, id=57780, stack(0x000000002b1b0000,0x000000002b2b0000)]
  0x000000001fd98000 JavaThread "URL-Loader-2" daemon [_thread_blocked, id=67912, stack(0x000000002a7b0000,0x000000002a8b0000)]
  0x000000001fd9b000 JavaThread "Watchdog-Timer-1" daemon [_thread_blocked, id=65436, stack(0x0000000029e90000,0x0000000029f90000)]
  0x000000001fd96800 JavaThread "Timer-1" [_thread_blocked, id=61872, stack(0x0000000029550000,0x0000000029650000)]
  0x000000001fd9a000 JavaThread "Keep-Alive-Timer" daemon [_thread_blocked, id=67932, stack(0x0000000029450000,0x0000000029550000)]
  0x000000001fd35800 JavaThread "Timer-0" [_thread_blocked, id=66496, stack(0x0000000027b20000,0x0000000027c20000)]
  0x000000001fc43000 JavaThread "Prism Font Disposer" daemon [_thread_blocked, id=66492, stack(0x0000000027220000,0x0000000027320000)]
  0x000000001f955800 JavaThread "URL-Loader-1" daemon [_thread_blocked, id=66280, stack(0x0000000025670000,0x0000000025770000)]
  0x000000001f8a2800 JavaThread "Disposer" daemon [_thread_blocked, id=66516, stack(0x0000000025470000,0x0000000025570000)]
  0x000000001f83c800 JavaThread "Thread-3" daemon [_thread_in_native, id=66484, stack(0x0000000024b70000,0x0000000024c70000)]
  0x000000001f825800 JavaThread "JavaFX-Launcher" [_thread_blocked, id=66032, stack(0x0000000024c70000,0x0000000024d70000)]
  0x000000001f787800 JavaThread "JavaFX Application Thread" [_thread_blocked, id=63576, stack(0x0000000020540000,0x0000000020640000)]
  0x000000001f787000 JavaThread "Thread-1" daemon [_thread_blocked, id=61720, stack(0x0000000020440000,0x0000000020540000)]
  0x000000001f754800 JavaThread "QuantumRenderer-0" daemon [_thread_in_native, id=63620, stack(0x000000001ff40000,0x0000000020040000)]
  0x000000001ec0e000 JavaThread "Service Thread" daemon [_thread_blocked, id=61988, stack(0x000000001f540000,0x000000001f640000)]
  0x000000001eb79000 JavaThread "C1 CompilerThread3" daemon [_thread_blocked, id=65244, stack(0x000000001f440000,0x000000001f540000)]
=>0x000000001eb76000 JavaThread "C2 CompilerThread2" daemon [_thread_in_native, id=47188, stack(0x000000001f340000,0x000000001f440000)]
  0x000000001eb6a800 JavaThread "C2 CompilerThread1" daemon [_thread_in_native, id=64540, stack(0x000000001f240000,0x000000001f340000)]
  0x000000001eb66000 JavaThread "C2 CompilerThread0" daemon [_thread_blocked, id=66024, stack(0x000000001f140000,0x000000001f240000)]
  0x000000001eb64800 JavaThread "Attach Listener" daemon [_thread_blocked, id=46468, stack(0x000000001f040000,0x000000001f140000)]
  0x000000001eb63000 JavaThread "Signal Dispatcher" daemon [_thread_blocked, id=65240, stack(0x000000001ef40000,0x000000001f040000)]
  0x0000000002fb8800 JavaThread "Finalizer" daemon [_thread_blocked, id=66488, stack(0x000000001e950000,0x000000001ea50000)]
  0x000000001ca6d800 JavaThread "Reference Handler" daemon [_thread_blocked, id=64552, stack(0x000000001e850000,0x000000001e950000)]
  0x0000000002ec0800 JavaThread "main" [_thread_blocked, id=66244, stack(0x0000000002dc0000,0x0000000002ec0000)]

Other Threads:
  0x000000001ca69000 VMThread [stack: 0x000000001e750000,0x000000001e850000] [id=66036]
  0x000000001ec14800 WatcherThread [stack: 0x000000001f640000,0x000000001f740000] [id=57740]

VM state:not at safepoint (normal execution)

VM Mutex/Monitor currently owned by a thread: None

Heap:
 PSYoungGen      total 141824K, used 103961K [0x000000076af00000, 0x000000077c200000, 0x00000007c0000000)
  eden space 131072K, 79% used [0x000000076af00000,0x00000007714866e8,0x0000000772f00000)
  from space 10752K, 0% used [0x0000000772f00000,0x0000000772f00000,0x0000000773980000)
  to   space 9728K, 0% used [0x000000077b880000,0x000000077b880000,0x000000077c200000)
 ParOldGen       total 79360K, used 8485K [0x00000006c0c00000, 0x00000006c5980000, 0x000000076af00000)
  object space 79360K, 10% used [0x00000006c0c00000,0x00000006c14495b0,0x00000006c5980000)
 Metaspace       used 22277K, capacity 23234K, committed 23472K, reserved 1069056K
  class space    used 2974K, capacity 3219K, committed 3248K, reserved 1048576K

Card table byte_map: [0x0000000012380000,0x0000000012b80000] byte_map_base: 0x000000000ed7a000

Marking Bits: (ParMarkBitMap*) 0x000000005369f600
 Begin Bits: [0x00000000138e0000, 0x00000000178b0000)
 End Bits:   [0x00000000178b0000, 0x000000001b880000)

Polling page: 0x0000000002c50000

CodeCache: size=245760Kb used=13012Kb max_used=13024Kb free=232747Kb
 bounds [0x0000000002fc0000, 0x0000000003c90000, 0x0000000011fc0000]
 total_blobs=4910 nmethods=4133 adapters=688
 compilation: enabled

Compilation events (10 events):
Event: 4.045 Thread 0x000000001eb79000 4129       3       javafx.scene.shape.Shape::impl_computeGeomBounds (11 bytes)
Event: 4.046 Thread 0x000000001eb79000 nmethod 4129 0x0000000003c79c90 code [0x0000000003c79e00, 0x0000000003c7a0d8]
Event: 4.046 Thread 0x000000001eb79000 4130       3       javafx.scene.shape.Shape::computeShapeBounds (280 bytes)
Event: 4.047 Thread 0x000000001eb79000 nmethod 4130 0x0000000003c7a190 code [0x0000000003c7a580, 0x0000000003c7ca88]
Event: 4.047 Thread 0x000000001eb79000 4132       3       javafx.scene.Camera::getNearClip (21 bytes)
Event: 4.047 Thread 0x000000001eb79000 nmethod 4132 0x0000000003c7da90 code [0x0000000003c7dc40, 0x0000000003c7e008]
Event: 4.047 Thread 0x000000001eb79000 4133       3       javafx.scene.Camera::getFarClip (21 bytes)
Event: 4.047 Thread 0x000000001eb79000 nmethod 4133 0x0000000003c7e150 code [0x0000000003c7e300, 0x0000000003c7e6c8]
Event: 4.051 Thread 0x000000001eb66000 nmethod 4131 0x0000000003c81b90 code [0x0000000003c81d60, 0x0000000003c823d0]
Event: 4.051 Thread 0x000000001eb66000 4134       4       java.util.ArrayList::clear (39 bytes)

GC Heap History (10 events):
Event: 2.014 GC heap before
{Heap before GC invocations=2 (full 0):
 PSYoungGen      total 76288K, used 74899K [0x000000076af00000, 0x0000000770400000, 0x00000007c0000000)
  eden space 65536K, 99% used [0x000000076af00000,0x000000076eef20f0,0x000000076ef00000)
  from space 10752K, 87% used [0x000000076ef00000,0x000000076f832d58,0x000000076f980000)
  to   space 10752K, 0% used [0x000000076f980000,0x000000076f980000,0x0000000770400000)
 ParOldGen       total 175104K, used 24K [0x00000006c0c00000, 0x00000006cb700000, 0x000000076af00000)
  object space 175104K, 0% used [0x00000006c0c00000,0x00000006c0c06000,0x00000006cb700000)
 Metaspace       used 18469K, capacity 19306K, committed 19456K, reserved 1067008K
  class space    used 2502K, capacity 2735K, committed 2816K, reserved 1048576K
Event: 2.018 GC heap after
Heap after GC invocations=2 (full 0):
 PSYoungGen      total 76288K, used 8061K [0x000000076af00000, 0x0000000774400000, 0x00000007c0000000)
  eden space 65536K, 0% used [0x000000076af00000,0x000000076af00000,0x000000076ef00000)
  from space 10752K, 74% used [0x000000076f980000,0x000000077015f500,0x0000000770400000)
  to   space 10752K, 0% used [0x000000076ef00000,0x000000076ef00000,0x000000076f980000)
 ParOldGen       total 175104K, used 32K [0x00000006c0c00000, 0x00000006cb700000, 0x000000076af00000)
  object space 175104K, 0% used [0x00000006c0c00000,0x00000006c0c08000,0x00000006cb700000)
 Metaspace       used 18469K, capacity 19306K, committed 19456K, reserved 1067008K
  class space    used 2502K, capacity 2735K, committed 2816K, reserved 1048576K
}
Event: 2.030 GC heap before
{Heap before GC invocations=3 (full 0):
 PSYoungGen      total 76288K, used 73535K [0x000000076af00000, 0x0000000774400000, 0x00000007c0000000)
  eden space 65536K, 99% used [0x000000076af00000,0x000000076eef0a08,0x000000076ef00000)
  from space 10752K, 74% used [0x000000076f980000,0x000000077015f500,0x0000000770400000)
  to   space 10752K, 0% used [0x000000076ef00000,0x000000076ef00000,0x000000076f980000)
 ParOldGen       total 175104K, used 32K [0x00000006c0c00000, 0x00000006cb700000, 0x000000076af00000)
  object space 175104K, 0% used [0x00000006c0c00000,0x00000006c0c08000,0x00000006cb700000)
 Metaspace       used 18469K, capacity 19306K, committed 19456K, reserved 1067008K
  class space    used 2502K, capacity 2735K, committed 2816K, reserved 1048576K
Event: 2.033 GC heap after
Heap after GC invocations=3 (full 0):
 PSYoungGen      total 76288K, used 8089K [0x000000076af00000, 0x0000000774400000, 0x00000007c0000000)
  eden space 65536K, 0% used [0x000000076af00000,0x000000076af00000,0x000000076ef00000)
  from space 10752K, 75% used [0x000000076ef00000,0x000000076f6e6708,0x000000076f980000)
  to   space 10752K, 0% used [0x0000000773980000,0x0000000773980000,0x0000000774400000)
 ParOldGen       total 175104K, used 40K [0x00000006c0c00000, 0x00000006cb700000, 0x000000076af00000)
  object space 175104K, 0% used [0x00000006c0c00000,0x00000006c0c0a000,0x00000006cb700000)
 Metaspace       used 18469K, capacity 19306K, committed 19456K, reserved 1067008K
  class space    used 2502K, capacity 2735K, committed 2816K, reserved 1048576K
}
Event: 2.044 GC heap before
{Heap before GC invocations=4 (full 0):
 PSYoungGen      total 76288K, used 73489K [0x000000076af00000, 0x0000000774400000, 0x00000007c0000000)
  eden space 65536K, 99% used [0x000000076af00000,0x000000076eeddf68,0x000000076ef00000)
  from space 10752K, 75% used [0x000000076ef00000,0x000000076f6e6708,0x000000076f980000)
  to   space 10752K, 0% used [0x0000000773980000,0x0000000773980000,0x0000000774400000)
 ParOldGen       total 175104K, used 40K [0x00000006c0c00000, 0x00000006cb700000, 0x000000076af00000)
  object space 175104K, 0% used [0x00000006c0c00000,0x00000006c0c0a000,0x00000006cb700000)
 Metaspace       used 18472K, capacity 19306K, committed 19456K, reserved 1067008K
  class space    used 2502K, capacity 2735K, committed 2816K, reserved 1048576K
Event: 2.048 GC heap after
Heap after GC invocations=4 (full 0):
 PSYoungGen      total 141824K, used 8072K [0x000000076af00000, 0x0000000774400000, 0x00000007c0000000)
  eden space 131072K, 0% used [0x000000076af00000,0x000000076af00000,0x0000000772f00000)
  from space 10752K, 75% used [0x0000000773980000,0x0000000774162170,0x0000000774400000)
  to   space 10752K, 0% used [0x0000000772f00000,0x0000000772f00000,0x0000000773980000)
 ParOldGen       total 175104K, used 48K [0x00000006c0c00000, 0x00000006cb700000, 0x000000076af00000)
  object space 175104K, 0% used [0x00000006c0c00000,0x00000006c0c0c000,0x00000006cb700000)
 Metaspace       used 18472K, capacity 19306K, committed 19456K, reserved 1067008K
  class space    used 2502K, capacity 2735K, committed 2816K, reserved 1048576K
}
Event: 2.486 GC heap before
{Heap before GC invocations=5 (full 0):
 PSYoungGen      total 141824K, used 76729K [0x000000076af00000, 0x0000000774400000, 0x00000007c0000000)
  eden space 131072K, 52% used [0x000000076af00000,0x000000076f20c530,0x0000000772f00000)
  from space 10752K, 75% used [0x0000000773980000,0x0000000774162170,0x0000000774400000)
  to   space 10752K, 0% used [0x0000000772f00000,0x0000000772f00000,0x0000000773980000)
 ParOldGen       total 175104K, used 48K [0x00000006c0c00000, 0x00000006cb700000, 0x000000076af00000)
  object space 175104K, 0% used [0x00000006c0c00000,0x00000006c0c0c000,0x00000006cb700000)
 Metaspace       used 20403K, capacity 21214K, committed 21296K, reserved 1067008K
  class space    used 2849K, capacity 3085K, committed 3120K, reserved 1048576K
Event: 2.491 GC heap after
Heap after GC invocations=5 (full 0):
 PSYoungGen      total 141824K, used 9048K [0x000000076af00000, 0x000000077c200000, 0x00000007c0000000)
  eden space 131072K, 0% used [0x000000076af00000,0x000000076af00000,0x0000000772f00000)
  from space 10752K, 84% used [0x0000000772f00000,0x00000007737d6000,0x0000000773980000)
  to   space 9728K, 0% used [0x000000077b880000,0x000000077b880000,0x000000077c200000)
 ParOldGen       total 175104K, used 56K [0x00000006c0c00000, 0x00000006cb700000, 0x000000076af00000)
  object space 175104K, 0% used [0x00000006c0c00000,0x00000006c0c0e000,0x00000006cb700000)
 Metaspace       used 20403K, capacity 21214K, committed 21296K, reserved 1067008K
  class space    used 2849K, capacity 3085K, committed 3120K, reserved 1048576K
}
Event: 2.491 GC heap before
{Heap before GC invocations=6 (full 1):
 PSYoungGen      total 141824K, used 9048K [0x000000076af00000, 0x000000077c200000, 0x00000007c0000000)
  eden space 131072K, 0% used [0x000000076af00000,0x000000076af00000,0x0000000772f00000)
  from space 10752K, 84% used [0x0000000772f00000,0x00000007737d6000,0x0000000773980000)
  to   space 9728K, 0% used [0x000000077b880000,0x000000077b880000,0x000000077c200000)
 ParOldGen       total 175104K, used 56K [0x00000006c0c00000, 0x00000006cb700000, 0x000000076af00000)
  object space 175104K, 0% used [0x00000006c0c00000,0x00000006c0c0e000,0x00000006cb700000)
 Metaspace       used 20403K, capacity 21214K, committed 21296K, reserved 1067008K
  class space    used 2849K, capacity 3085K, committed 3120K, reserved 1048576K
Event: 2.517 GC heap after
Heap after GC invocations=6 (full 1):
 PSYoungGen      total 141824K, used 0K [0x000000076af00000, 0x000000077c200000, 0x00000007c0000000)
  eden space 131072K, 0% used [0x000000076af00000,0x000000076af00000,0x0000000772f00000)
  from space 10752K, 0% used [0x0000000772f00000,0x0000000772f00000,0x0000000773980000)
  to   space 9728K, 0% used [0x000000077b880000,0x000000077b880000,0x000000077c200000)
 ParOldGen       total 79360K, used 8485K [0x00000006c0c00000, 0x00000006c5980000, 0x000000076af00000)
  object space 79360K, 10% used [0x00000006c0c00000,0x00000006c14495b0,0x00000006c5980000)
 Metaspace       used 20403K, capacity 21214K, committed 21296K, reserved 1067008K
  class space    used 2849K, capacity 3085K, committed 3120K, reserved 1048576K
}

Deoptimization events (10 events):
Event: 3.394 Thread 0x000000001f787800 Uncommon trap: reason=unstable_if action=reinterpret pc=0x0000000003aba568 method=com.sun.javafx.font.CMap$CMapFormat12.getGlyph(I)C @ 8
Event: 3.394 Thread 0x000000001f787800 Uncommon trap: reason=unstable_if action=reinterpret pc=0x0000000003abe1c8 method=com.sun.javafx.font.CMap$CMapFormat12.getGlyph(I)C @ 8
Event: 3.394 Thread 0x000000001f787800 Uncommon trap: reason=unstable_if action=reinterpret pc=0x0000000003ab3fe0 method=com.sun.javafx.font.CMap$CMapFormat12.getGlyph(I)C @ 8
Event: 3.658 Thread 0x000000001f787800 Uncommon trap: reason=unstable_if action=reinterpret pc=0x00000000037e97a0 method=java.util.HashMap$HashIterator.<init>(Ljava/util/HashMap;)V @ 45
Event: 3.669 Thread 0x000000001f787800 Uncommon trap: reason=unstable_if action=reinterpret pc=0x0000000003a2046c method=java.lang.StrictMath.floorOrCeil(DDDD)D @ 24
Event: 3.683 Thread 0x000000001f754800 Uncommon trap: reason=unstable_if action=reinterpret pc=0x0000000003a9e28c method=com.sun.prism.impl.BaseContext.flushVertexBuffer()V @ 4
Event: 3.875 Thread 0x000000001f787800 Uncommon trap: reason=class_check action=maybe_recompile pc=0x0000000003bd9958 method=java.lang.reflect.Array.newInstance(Ljava/lang/Class;I)Ljava/lang/Object; @ 2
Event: 3.875 Thread 0x000000001f787800 Uncommon trap: reason=class_check action=maybe_recompile pc=0x0000000003bd9958 method=java.lang.reflect.Array.newInstance(Ljava/lang/Class;I)Ljava/lang/Object; @ 2
Event: 3.875 Thread 0x000000001f787800 Uncommon trap: reason=class_check action=maybe_recompile pc=0x0000000003bd9958 method=java.lang.reflect.Array.newInstance(Ljava/lang/Class;I)Ljava/lang/Object; @ 2
Event: 3.875 Thread 0x000000001f787800 Uncommon trap: reason=class_check action=maybe_recompile pc=0x0000000003bd9958 method=java.lang.reflect.Array.newInstance(Ljava/lang/Class;I)Ljava/lang/Object; @ 2

Internal exceptions (10 events):
Event: 0.381 Thread 0x000000001f787800 Implicit null exception at 0x0000000003244394 to 0x00000000032446f5
Event: 0.410 Thread 0x000000001f787800 Implicit null exception at 0x00000000031fe9f5 to 0x00000000031febe5
Event: 0.652 Thread 0x000000001f787800 Implicit null exception at 0x00000000031c7756 to 0x00000000031c7aa1
Event: 2.441 Thread 0x000000001f787800 Implicit null exception at 0x00000000033cf331 to 0x00000000033cf8b1
Event: 2.637 Thread 0x000000001f787800 Exception <a 'java/lang/ClassNotFoundException': sun/net/www/protocol/about/Handler> (0x000000076ba0c1e8) thrown at [C:\re\workspace\8-2-build-windows-amd64-cygwin\jdk8u71\5731\hotspot\src\share\vm\classfile\systemDictionary.cpp, line 210]
Event: 2.933 Thread 0x000000001f787800 Exception <a 'java/lang/ClassNotFoundException': sun/net/www/protocol/about/Handler> (0x000000076d61ef80) thrown at [C:\re\workspace\8-2-build-windows-amd64-cygwin\jdk8u71\5731\hotspot\src\share\vm\classfile\systemDictionary.cpp, line 210]
Event: 3.046 Thread 0x000000001f787800 Exception <a 'java/io/FileNotFoundException'> (0x000000076d901da0) thrown at [C:\re\workspace\8-2-build-windows-amd64-cygwin\jdk8u71\5731\hotspot\src\share\vm\prims\jni.cpp, line 709]
Event: 3.047 Thread 0x000000001f787800 Exception <a 'java/io/FileNotFoundException'> (0x000000076d902e48) thrown at [C:\re\workspace\8-2-build-windows-amd64-cygwin\jdk8u71\5731\hotspot\src\share\vm\prims\jni.cpp, line 709]
Event: 3.047 Thread 0x000000001f787800 Exception <a 'java/io/FileNotFoundException'> (0x000000076da598d8) thrown at [C:\re\workspace\8-2-build-windows-amd64-cygwin\jdk8u71\5731\hotspot\src\share\vm\prims\jni.cpp, line 709]
Event: 3.047 Thread 0x000000001f787800 Exception <a 'java/io/FileNotFoundException'> (0x000000076da5a968) thrown at [C:\re\workspace\8-2-build-windows-amd64-cygwin\jdk8u71\5731\hotspot\src\share\vm\prims\jni.cpp, line 709]

Events (10 events):
Event: 3.875 Thread 0x000000001f787800 Uncommon trap: trap_request=0xffffffde fr.pc=0x0000000003bd9958
Event: 3.875 Thread 0x000000001f787800 DEOPT PACKING pc=0x0000000003bd9958 sp=0x000000002063c850
Event: 3.875 Thread 0x000000001f787800 DEOPT UNPACKING pc=0x000000000300582a sp=0x000000002063c770 mode 2
Event: 3.877 loading class java/lang/ref/ReferenceQueue$1
Event: 3.877 loading class java/lang/ref/ReferenceQueue$1 done
Event: 3.946 Executing VM operation: ForceSafepoint
Event: 3.946 Executing VM operation: ForceSafepoint done
Event: 4.000 Thread 0x0000000028a0e800 Thread exited: 0x0000000028a0e800
Event: 4.012 loading class com/sun/javafx/webkit/prism/RTImage
Event: 4.012 loading class com/sun/javafx/webkit/prism/RTImage done


Dynamic libraries:
0x00007ff6d1c80000 - 0x00007ff6d1cb7000 	C:\Program Files\Java\jre1.8.0_71\bin\javaw.exe
0x00007ffa38500000 - 0x00007ffa386d1000 	C:\WINDOWS\SYSTEM32\ntdll.dll
0x00007ffa36260000 - 0x00007ffa3630b000 	C:\WINDOWS\System32\KERNEL32.DLL
0x00007ffa349d0000 - 0x00007ffa34bed000 	C:\WINDOWS\System32\KERNELBASE.dll
0x00007ffa382f0000 - 0x00007ffa38392000 	C:\WINDOWS\System32\ADVAPI32.dll
0x00007ffa36020000 - 0x00007ffa360be000 	C:\WINDOWS\System32\msvcrt.dll
0x00007ffa384a0000 - 0x00007ffa384f9000 	C:\WINDOWS\System32\sechost.dll
0x00007ffa360c0000 - 0x00007ffa361e1000 	C:\WINDOWS\System32\RPCRT4.dll
0x00007ffa36340000 - 0x00007ffa364a5000 	C:\WINDOWS\System32\USER32.dll
0x00007ffa34bf0000 - 0x00007ffa34c0e000 	C:\WINDOWS\System32\win32u.dll
0x00007ffa381e0000 - 0x00007ffa38214000 	C:\WINDOWS\System32\GDI32.dll
0x00007ffa35580000 - 0x00007ffa35702000 	C:\WINDOWS\System32\gdi32full.dll
0x00007ffa2b650000 - 0x00007ffa2b8c9000 	C:\WINDOWS\WinSxS\amd64_microsoft.windows.common-controls_6595b64144ccf1df_6.0.14393.447_none_42191651c6827bb3\COMCTL32.dll
0x00007ffa37a20000 - 0x00007ffa37ce8000 	C:\WINDOWS\System32\combase.dll
0x00007ffa35770000 - 0x00007ffa35865000 	C:\WINDOWS\System32\ucrtbase.dll
0x00007ffa352f0000 - 0x00007ffa3535a000 	C:\WINDOWS\System32\bcryptPrimitives.dll
0x00007ffa36310000 - 0x00007ffa3633e000 	C:\WINDOWS\System32\IMM32.DLL
0x00007ffa33840000 - 0x00007ffa33870000 	c:\PROGRA~1\BULLGU~1\BULLGU~1\BgAgent.dll
0x0000000052ce0000 - 0x0000000052db2000 	C:\Program Files\Java\jre1.8.0_71\bin\msvcr100.dll
0x0000000052e90000 - 0x000000005371f000 	C:\Program Files\Java\jre1.8.0_71\bin\server\jvm.dll
0x00007ffa38460000 - 0x00007ffa38468000 	C:\WINDOWS\System32\PSAPI.DLL
0x00007ffa32ab0000 - 0x00007ffa32ad3000 	C:\WINDOWS\SYSTEM32\WINMM.dll
0x00007ffa2f5d0000 - 0x00007ffa2f5da000 	C:\WINDOWS\SYSTEM32\VERSION.dll
0x00007ffa27c40000 - 0x00007ffa27c49000 	C:\WINDOWS\SYSTEM32\WSOCK32.dll
0x00007ffa38280000 - 0x00007ffa382ea000 	C:\WINDOWS\System32\WS2_32.dll
0x0000000002c20000 - 0x0000000002c4b000 	C:\WINDOWS\SYSTEM32\WINMMBASE.dll
0x00007ffa35360000 - 0x00007ffa353a2000 	C:\WINDOWS\System32\cfgmgr32.dll
0x0000000052e80000 - 0x0000000052e8f000 	C:\Program Files\Java\jre1.8.0_71\bin\verify.dll
0x0000000052e50000 - 0x0000000052e79000 	C:\Program Files\Java\jre1.8.0_71\bin\java.dll
0x0000000052e30000 - 0x0000000052e46000 	C:\Program Files\Java\jre1.8.0_71\bin\zip.dll
0x00007ffa364b0000 - 0x00007ffa379b9000 	C:\WINDOWS\System32\SHELL32.dll
0x00007ffa34c10000 - 0x00007ffa352ea000 	C:\WINDOWS\System32\windows.storage.dll
0x00007ffa34980000 - 0x00007ffa349cc000 	C:\WINDOWS\System32\powrprof.dll
0x00007ffa379c0000 - 0x00007ffa37a12000 	C:\WINDOWS\System32\shlwapi.dll
0x00007ffa34970000 - 0x00007ffa3497f000 	C:\WINDOWS\System32\kernel.appcore.dll
0x00007ffa35920000 - 0x00007ffa359c9000 	C:\WINDOWS\System32\shcore.dll
0x00007ffa34940000 - 0x00007ffa34954000 	C:\WINDOWS\System32\profapi.dll
0x00007ffa03b90000 - 0x00007ffa03c7f000 	C:\Program Files\Java\jre1.8.0_71\bin\msvcr120.dll
0x00007ffa03ae0000 - 0x00007ffa03b86000 	C:\Program Files\Java\jre1.8.0_71\bin\msvcp120.dll
0x0000000052cb0000 - 0x0000000052cd3000 	C:\Program Files\Java\jre1.8.0_71\bin\prism_d3d.dll
0x00007ffa0a150000 - 0x00007ffa0a2dd000 	C:\WINDOWS\system32\d3d9.dll
0x00007ffa322e0000 - 0x00007ffa32306000 	C:\WINDOWS\SYSTEM32\dwmapi.dll
0x00007ffa32ff0000 - 0x00007ffa33085000 	C:\WINDOWS\system32\uxtheme.dll
0x00007ffa0b580000 - 0x00007ffa0c63c000 	C:\WINDOWS\System32\DriverStore\FileRepository\nv_dispiwu.inf_amd64_b67dc924fff8de6d\nvd3dumx.dll
0x00007ffa2bc80000 - 0x00007ffa2be37000 	C:\WINDOWS\system32\nvspcap64.dll
0x00007ffa37ff0000 - 0x00007ffa38127000 	C:\WINDOWS\System32\ole32.dll
0x00007ffa383a0000 - 0x00007ffa3845f000 	C:\WINDOWS\System32\OLEAUT32.dll
0x00007ffa359d0000 - 0x00007ffa35a6c000 	C:\WINDOWS\System32\msvcp_win.dll
0x00007ffa35b70000 - 0x00007ffa35f99000 	C:\WINDOWS\System32\SETUPAPI.dll
0x00007ffa2ef70000 - 0x00007ffa2f03d000 	C:\WINDOWS\SYSTEM32\WINHTTP.dll
0x00007ffa2ea00000 - 0x00007ffa2edfb000 	C:\WINDOWS\system32\nvapi64.dll
0x00007ffa338d0000 - 0x00007ffa3396f000 	C:\WINDOWS\SYSTEM32\dxgi.dll
0x00007ffa34640000 - 0x00007ffa3466c000 	C:\WINDOWS\SYSTEM32\SspiCli.dll
0x0000000052c60000 - 0x0000000052ca3000 	C:\Program Files\Java\jre1.8.0_71\bin\glass.dll
0x00007ffa35a70000 - 0x00007ffa35b6a000 	C:\WINDOWS\System32\COMDLG32.dll
0x00007ffa37e90000 - 0x00007ffa37feb000 	C:\WINDOWS\System32\MSCTF.dll
0x00007ffa2f1a0000 - 0x00007ffa2f286000 	C:\Program Files (x86)\NVIDIA Corporation\3D Vision\nvSCPAPI64.dll
0x00000000506d0000 - 0x0000000052c5d000 	C:\Program Files\Java\jre1.8.0_71\bin\jfxwebkit.dll
0x00007ffa34410000 - 0x00007ffa34427000 	C:\WINDOWS\SYSTEM32\CRYPTSP.dll
0x00007ffa33e80000 - 0x00007ffa33eb3000 	C:\WINDOWS\system32\rsaenh.dll
0x00007ffa34520000 - 0x00007ffa3454b000 	C:\WINDOWS\SYSTEM32\bcrypt.dll
0x00007ffa34430000 - 0x00007ffa3443b000 	C:\WINDOWS\SYSTEM32\CRYPTBASE.dll
0x0000000052e10000 - 0x0000000052e2a000 	C:\Program Files\Java\jre1.8.0_71\bin\net.dll
0x00007ffa34270000 - 0x00007ffa342cc000 	C:\WINDOWS\system32\mswsock.dll
0x0000000052df0000 - 0x0000000052e01000 	C:\Program Files\Java\jre1.8.0_71\bin\nio.dll
0x00000000506b0000 - 0x00000000506c4000 	C:\Program Files\Java\jre1.8.0_71\bin\javafx_font.dll
0x00007ffa2ba10000 - 0x00007ffa2bc79000 	C:\WINDOWS\SYSTEM32\dwrite.dll
0x0000000052dc0000 - 0x0000000052de4000 	C:\Program Files\Java\jre1.8.0_71\bin\sunec.dll
0x00007ffa38130000 - 0x00007ffa381cf000 	C:\WINDOWS\System32\clbcatq.dll
0x00007ffa319e0000 - 0x00007ffa31b88000 	C:\WINDOWS\SYSTEM32\WindowsCodecs.dll
0x00007ffa260f0000 - 0x00007ffa26139000 	C:\WINDOWS\system32\dataexchange.dll
0x00007ffa326e0000 - 0x00007ffa32831000 	C:\WINDOWS\system32\dcomp.dll
0x00007ffa31630000 - 0x00007ffa318e6000 	C:\WINDOWS\system32\d3d11.dll
0x00007ffa33370000 - 0x00007ffa3348c000 	C:\WINDOWS\system32\twinapi.appcore.dll
0x00007ffa21870000 - 0x00007ffa218a2000 	C:\Program Files\Common Files\Microsoft Shared\Ink\rtscom.dll
0x00007ffa340f0000 - 0x00007ffa3410f000 	C:\WINDOWS\SYSTEM32\USERENV.dll
0x00007ffa34000000 - 0x00007ffa34038000 	C:\WINDOWS\SYSTEM32\IPHLPAPI.DLL
0x00007ffa381d0000 - 0x00007ffa381d8000 	C:\WINDOWS\System32\NSI.dll
0x00007ffa312f0000 - 0x00007ffa31306000 	C:\WINDOWS\SYSTEM32\dhcpcsvc6.DLL
0x00007ffa312b0000 - 0x00007ffa312ca000 	C:\WINDOWS\SYSTEM32\dhcpcsvc.DLL
0x0000000050690000 - 0x00000000506a1000 	C:\Program Files\Java\jre1.8.0_71\bin\prism_common.dll
0x00007ffa32c20000 - 0x00007ffa32c38000 	C:\WINDOWS\system32\NLAapi.dll
0x00007ffa28a30000 - 0x00007ffa28a46000 	C:\WINDOWS\system32\napinsp.dll
0x00007ffa29120000 - 0x00007ffa2913a000 	C:\WINDOWS\system32\pnrpnsp.dll
0x00007ffa34040000 - 0x00007ffa340e0000 	C:\WINDOWS\SYSTEM32\DNSAPI.dll
0x00007ffa29160000 - 0x00007ffa2916e000 	C:\WINDOWS\System32\winrnr.dll
0x0000000055e00000 - 0x0000000055e26000 	C:\Program Files\Bonjour\mdnsNSP.dll
0x00007ffa2f190000 - 0x00007ffa2f19a000 	C:\Windows\System32\rasadhlp.dll
0x00007ffa30d90000 - 0x00007ffa30dfa000 	C:\WINDOWS\System32\fwpuclnt.dll
0x00007ffa2e480000 - 0x00007ffa2e9df000 	C:\WINDOWS\SYSTEM32\d2d1.dll
0x00007ffa353b0000 - 0x00007ffa35579000 	C:\WINDOWS\System32\CRYPT32.dll
0x00007ffa34960000 - 0x00007ffa34970000 	C:\WINDOWS\System32\MSASN1.dll
0x00007ffa2d2f0000 - 0x00007ffa2d57d000 	C:\WINDOWS\SYSTEM32\D3D10Warp.dll
0x0000000050660000 - 0x0000000050683000 	C:\Program Files\Java\jre1.8.0_71\bin\javafx_iio.dll

VM Arguments:
jvm_args: -Djava.library.path=C:\Users\Jack\Desktop\New folder (9)\cansat -Dfile.encoding=Cp1252 
java_command: cansat.Main
java_class_path (initial): C:\Users\Jack\Desktop\New folder (9)\cansat\bin;C:\Program Files\Java\jdk1.8.0_71\jre\lib\jfxswt.jar;C:\Users\Jack\Desktop\New folder (9)\cansat\lib\RXTXcomm.jar
Launcher Type: SUN_STANDARD

Environment Variables:
PATH=C:/Program Files/Java/jre1.8.0_71/bin/server;C:/Program Files/Java/jre1.8.0_71/bin;C:/Program Files/Java/jre1.8.0_71/lib/amd64;C:\Program Files\Oculus\Support\oculus-runtime;C:\Program Files (x86)\ActiveState Komodo IDE 10\;C:\ProgramData\Oracle\Java\javapath;C:\Windows\system32;C:\Windows;C:\Windows\System32\Wbem;C:\Windows\System32\WindowsPowerShell\v1.0\;C:\Program Files (x86)\NVIDIA Corporation\PhysX\Common;C:\Program Files (x86)\Skype\Phone\;C:\Program Files\Microsoft\Web Platform Installer\;C:\Program Files (x86)\Microsoft ASP.NET\ASP.NET Web Pages\v1.0\;C:\Program Files (x86)\Windows Kits\8.0\Windows Performance Toolkit\;C:\Program Files\Microsoft SQL Server\110\Tools\Binn\;C:\Program Files (x86)\GtkSharp\2.12\bin;C:\Users\Jack\.dnx\bin;C:\Program Files\Microsoft DNX\Dnvm\;C:\Program Files\Microsoft SQL Server\130\Tools\Binn\;C:\WINDOWS\system32;C:\WINDOWS;C:\WINDOWS\System32\Wbem;C:\WINDOWS\System32\WindowsPowerShell\v1.0\;C:\Python27;C:\Users\Jack\AppData\Local\Microsoft\WindowsApps;;C:\Users\Jack\eclipse\java-mars\eclipse;
USERNAME=Jack
OS=Windows_NT
PROCESSOR_IDENTIFIER=Intel64 Family 6 Model 60 Stepping 3, GenuineIntel



---------------  S Y S T E M  ---------------

OS: Windows 10.0 , 64 bit Build 14393 (10.0.14393.0)

CPU:total 8 (4 cores per cpu, 2 threads per core) family 6 model 60 stepping 3, cmov, cx8, fxsr, mmx, sse, sse2, sse3, ssse3, sse4.1, sse4.2, popcnt, avx, avx2, aes, clmul, erms, lzcnt, ht, tsc, tscinvbit, bmi1, bmi2

Memory: 4k page, physical 16724548k(2617376k free), swap 67056196k(5132k free)

vm_info: Java HotSpot(TM) 64-Bit Server VM (25.71-b15) for windows-amd64 JRE (1.8.0_71-b15), built on Dec 22 2015 18:15:55 by "java_re" with MS VC++ 10.0 (VS2010)

time: Sun Mar 05 17:08:12 2017
elapsed time: 4 seconds (0d 0h 0m 4s)

