#
# A fatal error has been detected by the Java Runtime Environment:
#
#  EXCEPTION_ACCESS_VIOLATION (0xc0000005) at pc=0x0000000068bd00a0, pid=46404, tid=46400
#
# JRE version: Java(TM) SE Runtime Environment (8.0_71-b15) (build 1.8.0_71-b15)
# Java VM: Java HotSpot(TM) 64-Bit Server VM (25.71-b15 mixed mode windows-amd64 compressed oops)
# Problematic frame:
# V  [jvm.dll+0xe00a0]
#
# Failed to write core dump. Minidumps are not enabled by default on client versions of Windows
#
# If you would like to submit a bug report, please visit:
#   http://bugreport.java.com/bugreport/crash.jsp
#

---------------  T H R E A D  ---------------

Current thread (0x000000001f17a000):  JavaThread "C1 CompilerThread3" daemon [_thread_in_vm, id=46400, stack(0x000000001fa40000,0x000000001fb40000)]

siginfo: ExceptionCode=0xc0000005, writing address 0x00000000125f3000

Registers:
RAX=0x0000000000000023, RBX=0x0000000003346710, RCX=0x00000000125f3000, RDX=0x00000000125f3171
RSP=0x000000001fb3ee30, RBP=0x000000001fb3f088, RSI=0x0000000000000000, RDI=0x0000000000000194
R8 =0x0000000000000001, R9 =0x0000000000000000, R10=0x0000000000000000, R11=0x0000000000000000
R12=0x000000000000006c, R13=0x00000000000064c0, R14=0x000000001f173780, R15=0x00000000204a0740
RIP=0x0000000068bd00a0, EFLAGS=0x0000000000010293

Top of Stack: (sp=0x000000001fb3ee30)
0x000000001fb3ee30:   00000000000064c0 0000000003346710
0x000000001fb3ee40:   000000001fb3f088 0000000000000000
0x000000001fb3ee50:   00000000000064c0 0000000068b7eea6
0x000000001fb3ee60:   0000000000000000 00000000000003d0
0x000000001fb3ee70:   000000001fb3f088 000000000334dfe0
0x000000001fb3ee80:   00000000000018a8 0000000068b8c33b
0x000000001fb3ee90:   000000000334b680 000000000334b680
0x000000001fb3eea0:   000000001fb3f088 000000001fb3f049
0x000000001fb3eeb0:   0000000000000000 0000000020241030
0x000000001fb3eec0:   00000000ffffffff 00000000000002b0
0x000000001fb3eed0:   000000001fb3eef8 0000000000000000
0x000000001fb3eee0:   000000000000000f 0000000068bdb87b
0x000000001fb3eef0:   00008fbb93891293 00000000204a0740
0x000000001fb3ef00:   000000001f47d7a0 0000000068b82675
0x000000001fb3ef10:   0000019000000b68 00000003ffffffff
0x000000001fb3ef20:   0000000000000036 000000001fb3f3a8 

Instructions: (pc=0x0000000068bd00a0)
0x0000000068bd0080:   6a 48 03 8b 80 00 00 00 33 c0 48 8d 14 39 48 3b
0x0000000068bd0090:   ca 73 22 44 8d 40 01 66 0f 1f 84 00 00 00 00 00
0x0000000068bd00a0:   88 01 ff c0 48 ff c1 3d ff 00 00 00 41 0f 44 c0
0x0000000068bd00b0:   48 3b ca 72 eb 48 8b 83 00 01 00 00 8b 8b f8 00 


Register to memory mapping:

RAX=0x0000000000000023 is an unknown value
RBX=0x0000000003346710 is an unknown value
RCX=0x00000000125f3000 is an unknown value
RDX=0x00000000125f3171 is an unknown value
RSP=0x000000001fb3ee30 is pointing into the stack for thread: 0x000000001f17a000
RBP=0x000000001fb3f088 is pointing into the stack for thread: 0x000000001f17a000
RSI=0x0000000000000000 is an unknown value
RDI=0x0000000000000194 is an unknown value
R8 =0x0000000000000001 is an unknown value
R9 =0x0000000000000000 is an unknown value
R10=0x0000000000000000 is an unknown value
R11=0x0000000000000000 is an unknown value
R12=0x000000000000006c is an unknown value
R13=0x00000000000064c0 is an unknown value
R14=0x000000001f173780 is an unknown value
R15=0x00000000204a0740 is an unknown value


Stack: [0x000000001fa40000,0x000000001fb40000],  sp=0x000000001fb3ee30,  free space=1019k
Native frames: (J=compiled Java code, j=interpreted, Vv=VM code, C=native code)
V  [jvm.dll+0xe00a0]
V  [jvm.dll+0x8eea6]
V  [jvm.dll+0x9c33b]
V  [jvm.dll+0x3055e]
V  [jvm.dll+0x408779]
V  [jvm.dll+0x409734]
V  [jvm.dll+0x4098e1]
V  [jvm.dll+0x409aef]
V  [jvm.dll+0xa4932]
V  [jvm.dll+0xa526f]
V  [jvm.dll+0x243234]
V  [jvm.dll+0x29a10a]
C  [msvcr100.dll+0x21d9f]
C  [msvcr100.dll+0x21e3b]
C  [KERNEL32.DLL+0x8364]
C  [ntdll.dll+0x670d1]


Current CompileTask:
C1:   4074 2920   !   3       javafx.scene.Node::impl_intersectsBounds (1005 bytes)


---------------  P R O C E S S  ---------------

Java Threads: ( => current thread )
  0x00000000264d0000 JavaThread "Thread-29" daemon [_thread_blocked, id=42260, stack(0x00000000328e0000,0x00000000329e0000)]
  0x00000000264d1800 JavaThread "Thread-28" daemon [_thread_blocked, id=46688, stack(0x00000000327e0000,0x00000000328e0000)]
  0x00000000264d5000 JavaThread "Thread-27" daemon [_thread_blocked, id=46012, stack(0x00000000326d0000,0x00000000327d0000)]
  0x00000000263e0000 JavaThread "URL-Loader-20" daemon [_thread_blocked, id=46588, stack(0x000000002d860000,0x000000002d960000)]
  0x00000000263d1800 JavaThread "URL-Loader-19" daemon [_thread_blocked, id=46340, stack(0x000000002d760000,0x000000002d860000)]
  0x00000000263d8800 JavaThread "URL-Loader-18" daemon [_thread_blocked, id=46296, stack(0x000000002d360000,0x000000002d460000)]
  0x00000000263d2800 JavaThread "URL-Loader-17" daemon [_thread_blocked, id=46284, stack(0x000000002d260000,0x000000002d360000)]
  0x00000000263d1000 JavaThread "URL-Loader-16" daemon [_thread_blocked, id=46236, stack(0x000000002cd60000,0x000000002ce60000)]
  0x00000000263d5800 JavaThread "URL-Loader-15" daemon [_thread_blocked, id=42976, stack(0x000000002cae0000,0x000000002cbe0000)]
  0x00000000263d4800 JavaThread "URL-Loader-14" daemon [_thread_blocked, id=42936, stack(0x000000002c9e0000,0x000000002cae0000)]
  0x00000000263d4000 JavaThread "URL-Loader-13" daemon [_thread_blocked, id=45764, stack(0x000000002c8e0000,0x000000002c9e0000)]
  0x00000000263d6000 JavaThread "URL-Loader-12" daemon [_thread_blocked, id=45124, stack(0x000000002c7e0000,0x000000002c8e0000)]
  0x00000000263d7000 JavaThread "URL-Loader-11" daemon [_thread_blocked, id=43236, stack(0x000000002c6e0000,0x000000002c7e0000)]
  0x00000000263d3000 JavaThread "URL-Loader-10" daemon [_thread_blocked, id=46016, stack(0x000000002c5e0000,0x000000002c6e0000)]
  0x000000002034f800 JavaThread "URL-Loader-9" daemon [_thread_blocked, id=5744, stack(0x000000002c4e0000,0x000000002c5e0000)]
  0x000000002034e000 JavaThread "URL-Loader-8" daemon [_thread_blocked, id=44460, stack(0x000000002b1d0000,0x000000002b2d0000)]
  0x000000002034d800 JavaThread "URL-Loader-7" daemon [_thread_blocked, id=45604, stack(0x000000002b070000,0x000000002b170000)]
  0x000000002034c800 JavaThread "URL-Loader-6" daemon [_thread_blocked, id=45288, stack(0x000000002af70000,0x000000002b070000)]
  0x000000002034c000 JavaThread "URL-Loader-5" daemon [_thread_blocked, id=46608, stack(0x000000002ad40000,0x000000002ae40000)]
  0x000000002034b000 JavaThread "URL-Loader-4" daemon [_thread_blocked, id=44788, stack(0x000000002ac40000,0x000000002ad40000)]
  0x0000000020351000 JavaThread "URL-Loader-3" daemon [_thread_blocked, id=46604, stack(0x000000002a990000,0x000000002aa90000)]
  0x0000000020352000 JavaThread "URL-Loader-2" daemon [_thread_blocked, id=36276, stack(0x000000002a480000,0x000000002a580000)]
  0x000000002034f000 JavaThread "Watchdog-Timer-1" daemon [_thread_blocked, id=32336, stack(0x0000000029b60000,0x0000000029c60000)]
  0x0000000020350800 JavaThread "Keep-Alive-Timer" daemon [_thread_blocked, id=5548, stack(0x0000000029a40000,0x0000000029b40000)]
  0x0000000020450000 JavaThread "Timer-0" [_thread_blocked, id=7612, stack(0x0000000029160000,0x0000000029260000)]
  0x0000000020521000 JavaThread "Prism Font Disposer" daemon [_thread_blocked, id=41620, stack(0x0000000028860000,0x0000000028960000)]
  0x000000001fe87800 JavaThread "URL-Loader-1" daemon [_thread_blocked, id=46552, stack(0x0000000025c60000,0x0000000025d60000)]
  0x000000001fe9c800 JavaThread "Disposer" daemon [_thread_blocked, id=46548, stack(0x0000000025a60000,0x0000000025b60000)]
  0x000000001fee9800 JavaThread "Thread-3" daemon [_thread_in_native, id=46536, stack(0x0000000025160000,0x0000000025260000)]
  0x000000001fefd800 JavaThread "JavaFX-Launcher" [_thread_blocked, id=46540, stack(0x0000000025260000,0x0000000025360000)]
  0x000000001fdb0000 JavaThread "JavaFX Application Thread" [_thread_in_native, id=46532, stack(0x0000000020c60000,0x0000000020d60000)]
  0x000000001fdac000 JavaThread "Thread-1" daemon [_thread_blocked, id=46524, stack(0x0000000020b60000,0x0000000020c60000)]
  0x000000001fd96800 JavaThread "QuantumRenderer-0" daemon [_thread_blocked, id=46512, stack(0x0000000020540000,0x0000000020640000)]
  0x000000001f209000 JavaThread "Service Thread" daemon [_thread_blocked, id=46472, stack(0x000000001fb40000,0x000000001fc40000)]
=>0x000000001f17a000 JavaThread "C1 CompilerThread3" daemon [_thread_in_vm, id=46400, stack(0x000000001fa40000,0x000000001fb40000)]
  0x000000001f176800 JavaThread "C2 CompilerThread2" daemon [_thread_blocked, id=46612, stack(0x000000001f940000,0x000000001fa40000)]
  0x000000001f16a000 JavaThread "C2 CompilerThread1" daemon [_thread_blocked, id=46600, stack(0x000000001f840000,0x000000001f940000)]
  0x000000001f165800 JavaThread "C2 CompilerThread0" daemon [_thread_blocked, id=46596, stack(0x000000001f740000,0x000000001f840000)]
  0x000000001f163800 JavaThread "Attach Listener" daemon [_thread_blocked, id=45092, stack(0x000000001f640000,0x000000001f740000)]
  0x000000001f162800 JavaThread "Signal Dispatcher" daemon [_thread_blocked, id=46564, stack(0x000000001f540000,0x000000001f640000)]
  0x00000000035c8800 JavaThread "Finalizer" daemon [_thread_blocked, id=46516, stack(0x000000001ef50000,0x000000001f050000)]
  0x000000001d07d800 JavaThread "Reference Handler" daemon [_thread_blocked, id=46504, stack(0x000000001ee50000,0x000000001ef50000)]
  0x00000000034d0800 JavaThread "main" [_thread_blocked, id=46464, stack(0x00000000033d0000,0x00000000034d0000)]

Other Threads:
  0x000000001d079000 VMThread [stack: 0x000000001ed50000,0x000000001ee50000] [id=46500]
  0x000000001f23b800 WatcherThread [stack: 0x000000001fc40000,0x000000001fd40000] [id=46508]

VM state:not at safepoint (normal execution)

VM Mutex/Monitor currently owned by a thread:  ([mutex/lock_event])
[0x000000000334b680] CodeCache_lock - owner thread: 0x000000001f17a000
[0x000000000334dfe0] Compile_lock - owner thread: 0x000000001f17a000
[0x000000000334da60] MethodCompileQueue_lock - owner thread: 0x000000001f17a000

Heap:
 PSYoungGen      total 76288K, used 61520K [0x000000076af00000, 0x0000000770400000, 0x00000007c0000000)
  eden space 65536K, 80% used [0x000000076af00000,0x000000076e2344a8,0x000000076ef00000)
  from space 10752K, 84% used [0x000000076ef00000,0x000000076f7dfec8,0x000000076f980000)
  to   space 10752K, 0% used [0x000000076f980000,0x000000076f980000,0x0000000770400000)
 ParOldGen       total 175104K, used 56K [0x00000006c0c00000, 0x00000006cb700000, 0x000000076af00000)
  object space 175104K, 0% used [0x00000006c0c00000,0x00000006c0c0e000,0x00000006cb700000)
 Metaspace       used 20285K, capacity 21186K, committed 21296K, reserved 1067008K
  class space    used 2700K, capacity 2912K, committed 2944K, reserved 1048576K

Card table byte_map: [0x0000000012990000,0x0000000013190000] byte_map_base: 0x000000000f38a000

Marking Bits: (ParMarkBitMap*) 0x00000000692ff600
 Begin Bits: [0x0000000013ef0000, 0x0000000017ec0000)
 End Bits:   [0x0000000017ec0000, 0x000000001be90000)

Polling page: 0x00000000017f0000

CodeCache: size=245760Kb used=8876Kb max_used=8921Kb free=236883Kb
 bounds [0x00000000035d0000, 0x0000000003ea0000, 0x00000000125d0000]
 total_blobs=3652 nmethods=2886 adapters=676
 compilation: enabled

Compilation events (10 events):
Event: 4.028 Thread 0x000000001f17a000 nmethod 2915 0x00000000036ff610 code [0x00000000036ff7c0, 0x00000000036ffed8]
Event: 4.028 Thread 0x000000001f17a000 2916       3       com.sun.javafx.event.EventHandlerManager::dispatchBubblingEvent (34 bytes)
Event: 4.028 Thread 0x000000001f17a000 nmethod 2916 0x00000000036f8210 code [0x00000000036f83c0, 0x00000000036f8ad8]
Event: 4.036 Thread 0x000000001f17a000 2917       1       javafx.scene.input.PickResult::getIntersectedNode (5 bytes)
Event: 4.036 Thread 0x000000001f17a000 nmethod 2917 0x00000000036e0050 code [0x00000000036e01a0, 0x00000000036e02b0]
Event: 4.052 Thread 0x000000001f17a000 2918       3       javafx.scene.Node::isDisable (19 bytes)
Event: 4.052 Thread 0x000000001f17a000 nmethod 2918 0x00000000036dcd50 code [0x00000000036dcee0, 0x00000000036dd3e8]
Event: 4.053 Thread 0x000000001f17a000 2919       3       com.sun.javafx.tk.quantum.QuantumToolkit::setPulseRunning (9 bytes)
Event: 4.053 Thread 0x000000001f17a000 nmethod 2919 0x00000000036dc550 code [0x00000000036dc6e0, 0x00000000036dcbc8]
Event: 4.066 Thread 0x000000001f17a000 2920   !   3       javafx.scene.Node::impl_intersectsBounds (1005 bytes)

GC Heap History (10 events):
Event: 1.837 GC heap before
{Heap before GC invocations=1 (full 0):
 PSYoungGen      total 76288K, used 65536K [0x000000076af00000, 0x0000000770400000, 0x00000007c0000000)
  eden space 65536K, 100% used [0x000000076af00000,0x000000076ef00000,0x000000076ef00000)
  from space 10752K, 0% used [0x000000076f980000,0x000000076f980000,0x0000000770400000)
  to   space 10752K, 0% used [0x000000076ef00000,0x000000076ef00000,0x000000076f980000)
 ParOldGen       total 175104K, used 0K [0x00000006c0c00000, 0x00000006cb700000, 0x000000076af00000)
  object space 175104K, 0% used [0x00000006c0c00000,0x00000006c0c00000,0x00000006cb700000)
 Metaspace       used 18221K, capacity 18992K, committed 19200K, reserved 1064960K
  class space    used 2497K, capacity 2699K, committed 2816K, reserved 1048576K
Event: 1.844 GC heap after
Heap after GC invocations=1 (full 0):
 PSYoungGen      total 76288K, used 9241K [0x000000076af00000, 0x0000000770400000, 0x00000007c0000000)
  eden space 65536K, 0% used [0x000000076af00000,0x000000076af00000,0x000000076ef00000)
  from space 10752K, 85% used [0x000000076ef00000,0x000000076f8067e0,0x000000076f980000)
  to   space 10752K, 0% used [0x000000076f980000,0x000000076f980000,0x0000000770400000)
 ParOldGen       total 175104K, used 8K [0x00000006c0c00000, 0x00000006cb700000, 0x000000076af00000)
  object space 175104K, 0% used [0x00000006c0c00000,0x00000006c0c02000,0x00000006cb700000)
 Metaspace       used 18221K, capacity 18992K, committed 19200K, reserved 1064960K
  class space    used 2497K, capacity 2699K, committed 2816K, reserved 1048576K
}
Event: 1.862 GC heap before
{Heap before GC invocations=2 (full 0):
 PSYoungGen      total 76288K, used 74775K [0x000000076af00000, 0x0000000770400000, 0x00000007c0000000)
  eden space 65536K, 99% used [0x000000076af00000,0x000000076eeff6c8,0x000000076ef00000)
  from space 10752K, 85% used [0x000000076ef00000,0x000000076f8067e0,0x000000076f980000)
  to   space 10752K, 0% used [0x000000076f980000,0x000000076f980000,0x0000000770400000)
 ParOldGen       total 175104K, used 8K [0x00000006c0c00000, 0x00000006cb700000, 0x000000076af00000)
  object space 175104K, 0% used [0x00000006c0c00000,0x00000006c0c02000,0x00000006cb700000)
 Metaspace       used 18228K, capacity 18992K, committed 19200K, reserved 1064960K
  class space    used 2497K, capacity 2699K, committed 2816K, reserved 1048576K
Event: 1.866 GC heap after
Heap after GC invocations=2 (full 0):
 PSYoungGen      total 76288K, used 7845K [0x000000076af00000, 0x0000000770400000, 0x00000007c0000000)
  eden space 65536K, 0% used [0x000000076af00000,0x000000076af00000,0x000000076ef00000)
  from space 10752K, 72% used [0x000000076f980000,0x0000000770129400,0x0000000770400000)
  to   space 10752K, 0% used [0x000000076ef00000,0x000000076ef00000,0x000000076f980000)
 ParOldGen       total 175104K, used 32K [0x00000006c0c00000, 0x00000006cb700000, 0x000000076af00000)
  object space 175104K, 0% used [0x00000006c0c00000,0x00000006c0c08000,0x00000006cb700000)
 Metaspace       used 18228K, capacity 18992K, committed 19200K, reserved 1064960K
  class space    used 2497K, capacity 2699K, committed 2816K, reserved 1048576K
}
Event: 1.880 GC heap before
{Heap before GC invocations=3 (full 0):
 PSYoungGen      total 76288K, used 73345K [0x000000076af00000, 0x0000000770400000, 0x00000007c0000000)
  eden space 65536K, 99% used [0x000000076af00000,0x000000076eef7398,0x000000076ef00000)
  from space 10752K, 72% used [0x000000076f980000,0x0000000770129400,0x0000000770400000)
  to   space 10752K, 0% used [0x000000076ef00000,0x000000076ef00000,0x000000076f980000)
 ParOldGen       total 175104K, used 32K [0x00000006c0c00000, 0x00000006cb700000, 0x000000076af00000)
  object space 175104K, 0% used [0x00000006c0c00000,0x00000006c0c08000,0x00000006cb700000)
 Metaspace       used 18228K, capacity 18992K, committed 19200K, reserved 1064960K
  class space    used 2497K, capacity 2699K, committed 2816K, reserved 1048576K
Event: 1.884 GC heap after
Heap after GC invocations=3 (full 0):
 PSYoungGen      total 76288K, used 7912K [0x000000076af00000, 0x0000000770400000, 0x00000007c0000000)
  eden space 65536K, 0% used [0x000000076af00000,0x000000076af00000,0x000000076ef00000)
  from space 10752K, 73% used [0x000000076ef00000,0x000000076f6ba098,0x000000076f980000)
  to   space 10752K, 0% used [0x000000076f980000,0x000000076f980000,0x0000000770400000)
 ParOldGen       total 175104K, used 40K [0x00000006c0c00000, 0x00000006cb700000, 0x000000076af00000)
  object space 175104K, 0% used [0x00000006c0c00000,0x00000006c0c0a000,0x00000006cb700000)
 Metaspace       used 18228K, capacity 18992K, committed 19200K, reserved 1064960K
  class space    used 2497K, capacity 2699K, committed 2816K, reserved 1048576K
}
Event: 1.895 GC heap before
{Heap before GC invocations=4 (full 0):
 PSYoungGen      total 76288K, used 73320K [0x000000076af00000, 0x0000000770400000, 0x00000007c0000000)
  eden space 65536K, 99% used [0x000000076af00000,0x000000076eee0338,0x000000076ef00000)
  from space 10752K, 73% used [0x000000076ef00000,0x000000076f6ba098,0x000000076f980000)
  to   space 10752K, 0% used [0x000000076f980000,0x000000076f980000,0x0000000770400000)
 ParOldGen       total 175104K, used 40K [0x00000006c0c00000, 0x00000006cb700000, 0x000000076af00000)
  object space 175104K, 0% used [0x00000006c0c00000,0x00000006c0c0a000,0x00000006cb700000)
 Metaspace       used 18228K, capacity 18992K, committed 19200K, reserved 1064960K
  class space    used 2497K, capacity 2699K, committed 2816K, reserved 1048576K
Event: 1.899 GC heap after
Heap after GC invocations=4 (full 0):
 PSYoungGen      total 76288K, used 7973K [0x000000076af00000, 0x0000000770400000, 0x00000007c0000000)
  eden space 65536K, 0% used [0x000000076af00000,0x000000076af00000,0x000000076ef00000)
  from space 10752K, 74% used [0x000000076f980000,0x0000000770149410,0x0000000770400000)
  to   space 10752K, 0% used [0x000000076ef00000,0x000000076ef00000,0x000000076f980000)
 ParOldGen       total 175104K, used 48K [0x00000006c0c00000, 0x00000006cb700000, 0x000000076af00000)
  object space 175104K, 0% used [0x00000006c0c00000,0x00000006c0c0c000,0x00000006cb700000)
 Metaspace       used 18228K, capacity 18992K, committed 19200K, reserved 1064960K
  class space    used 2497K, capacity 2699K, committed 2816K, reserved 1048576K
}
Event: 2.439 GC heap before
{Heap before GC invocations=5 (full 0):
 PSYoungGen      total 76288K, used 73509K [0x000000076af00000, 0x0000000770400000, 0x00000007c0000000)
  eden space 65536K, 100% used [0x000000076af00000,0x000000076ef00000,0x000000076ef00000)
  from space 10752K, 74% used [0x000000076f980000,0x0000000770149410,0x0000000770400000)
  to   space 10752K, 0% used [0x000000076ef00000,0x000000076ef00000,0x000000076f980000)
 ParOldGen       total 175104K, used 48K [0x00000006c0c00000, 0x00000006cb700000, 0x000000076af00000)
  object space 175104K, 0% used [0x00000006c0c00000,0x00000006c0c0c000,0x00000006cb700000)
 Metaspace       used 18871K, capacity 19616K, committed 19968K, reserved 1067008K
  class space    used 2564K, capacity 2749K, committed 2816K, reserved 1048576K
Event: 2.443 GC heap after
Heap after GC invocations=5 (full 0):
 PSYoungGen      total 76288K, used 9087K [0x000000076af00000, 0x0000000770400000, 0x00000007c0000000)
  eden space 65536K, 0% used [0x000000076af00000,0x000000076af00000,0x000000076ef00000)
  from space 10752K, 84% used [0x000000076ef00000,0x000000076f7dfec8,0x000000076f980000)
  to   space 10752K, 0% used [0x000000076f980000,0x000000076f980000,0x0000000770400000)
 ParOldGen       total 175104K, used 56K [0x00000006c0c00000, 0x00000006cb700000, 0x000000076af00000)
  object space 175104K, 0% used [0x00000006c0c00000,0x00000006c0c0e000,0x00000006cb700000)
 Metaspace       used 18871K, capacity 19616K, committed 19968K, reserved 1067008K
  class space    used 2564K, capacity 2749K, committed 2816K, reserved 1048576K
}

Deoptimization events (10 events):
Event: 2.403 Thread 0x000000001fdb0000 Uncommon trap: reason=bimorphic action=maybe_recompile pc=0x00000000039b1d08 method=java.util.HashMap.putVal(ILjava/lang/Object;Ljava/lang/Object;ZZ)Ljava/lang/Object; @ 203
Event: 2.403 Thread 0x000000001fdb0000 Uncommon trap: reason=bimorphic action=maybe_recompile pc=0x00000000039b1d08 method=java.util.HashMap.putVal(ILjava/lang/Object;Ljava/lang/Object;ZZ)Ljava/lang/Object; @ 203
Event: 2.403 Thread 0x000000001fdb0000 Uncommon trap: reason=bimorphic action=maybe_recompile pc=0x0000000003999c14 method=java.util.HashMap.putVal(ILjava/lang/Object;Ljava/lang/Object;ZZ)Ljava/lang/Object; @ 203
Event: 2.438 Thread 0x000000002034e000 Uncommon trap: reason=predicate action=maybe_recompile pc=0x0000000003c36cc8 method=java.util.regex.Pattern$SliceI.match(Ljava/util/regex/Matcher;ILjava/lang/CharSequence;)Z @ 21
Event: 2.775 Thread 0x000000001fdb0000 Uncommon trap: reason=class_check action=maybe_recompile pc=0x0000000003c72cac method=java.util.HashSet.iterator()Ljava/util/Iterator; @ 4
Event: 2.895 Thread 0x000000001fdb0000 Uncommon trap: reason=unstable_if action=reinterpret pc=0x0000000003d46490 method=com.sun.javafx.font.CMap.getControlCodeGlyph(IZ)I @ 50
Event: 2.895 Thread 0x000000001fdb0000 Uncommon trap: reason=unstable_if action=reinterpret pc=0x0000000003d40224 method=com.sun.javafx.font.CMap.getControlCodeGlyph(IZ)I @ 50
Event: 2.895 Thread 0x000000001fdb0000 Uncommon trap: reason=unstable_if action=reinterpret pc=0x0000000003d34874 method=com.sun.javafx.font.CMap.getControlCodeGlyph(IZ)I @ 50
Event: 3.110 Thread 0x000000001fdb0000 Uncommon trap: reason=unstable_if action=reinterpret pc=0x0000000003e0ee74 method=com.sun.javafx.image.impl.ByteBgra$ToByteBgraPreConv.doConvert([BII[BIIII)V @ 31
Event: 3.110 Thread 0x000000001fdb0000 Uncommon trap: reason=unstable_if action=reinterpret pc=0x0000000003e1770c method=com.sun.javafx.image.impl.BaseByteToByteConverter$FourByteReorderer.doConvert([BII[BIIII)V @ 31

Internal exceptions (10 events):
Event: 0.358 Thread 0x000000001fdb0000 Exception <a 'sun/nio/fs/WindowsException'> (0x000000076c52a098) thrown at [C:\re\workspace\8-2-build-windows-amd64-cygwin\jdk8u71\5731\hotspot\src\share\vm\prims\jni.cpp, line 709]
Event: 0.359 Thread 0x000000001fdb0000 Exception <a 'sun/nio/fs/WindowsException'> (0x000000076c52be10) thrown at [C:\re\workspace\8-2-build-windows-amd64-cygwin\jdk8u71\5731\hotspot\src\share\vm\prims\jni.cpp, line 709]
Event: 0.363 Thread 0x000000001fdb0000 Implicit null exception at 0x00000000037d6696 to 0x00000000037d69e1
Event: 0.400 Thread 0x000000001fdb0000 Implicit null exception at 0x000000000380c235 to 0x000000000380c425
Event: 2.419 Thread 0x000000001fdb0000 Exception <a 'java/lang/ClassNotFoundException': sun/net/www/protocol/about/Handler> (0x000000076edd1688) thrown at [C:\re\workspace\8-2-build-windows-amd64-cygwin\jdk8u71\5731\hotspot\src\share\vm\classfile\systemDictionary.cpp, line 210]
Event: 2.715 Thread 0x000000001fdb0000 Exception <a 'java/lang/ClassNotFoundException': sun/net/www/protocol/about/Handler> (0x000000076c22b980) thrown at [C:\re\workspace\8-2-build-windows-amd64-cygwin\jdk8u71\5731\hotspot\src\share\vm\classfile\systemDictionary.cpp, line 210]
Event: 2.897 Thread 0x000000001fdb0000 Exception <a 'java/io/FileNotFoundException'> (0x000000076ca4dc88) thrown at [C:\re\workspace\8-2-build-windows-amd64-cygwin\jdk8u71\5731\hotspot\src\share\vm\prims\jni.cpp, line 709]
Event: 2.897 Thread 0x000000001fdb0000 Exception <a 'java/io/FileNotFoundException'> (0x000000076ca4eda8) thrown at [C:\re\workspace\8-2-build-windows-amd64-cygwin\jdk8u71\5731\hotspot\src\share\vm\prims\jni.cpp, line 709]
Event: 2.898 Thread 0x000000001fdb0000 Exception <a 'java/io/FileNotFoundException'> (0x000000076ca54870) thrown at [C:\re\workspace\8-2-build-windows-amd64-cygwin\jdk8u71\5731\hotspot\src\share\vm\prims\jni.cpp, line 709]
Event: 2.898 Thread 0x000000001fdb0000 Exception <a 'java/io/FileNotFoundException'> (0x000000076ca55900) thrown at [C:\re\workspace\8-2-build-windows-amd64-cygwin\jdk8u71\5731\hotspot\src\share\vm\prims\jni.cpp, line 709]

Events (10 events):
Event: 4.012 Thread 0x000000002617c000 Thread exited: 0x000000002617c000
Event: 4.014 Thread 0x0000000026179000 Thread exited: 0x0000000026179000
Event: 4.017 Thread 0x000000002617b800 Thread exited: 0x000000002617b800
Event: 4.017 Thread 0x0000000026178800 Thread exited: 0x0000000026178800
Event: 4.049 Thread 0x0000000026176000 Thread exited: 0x0000000026176000
Event: 4.051 Thread 0x0000000026177000 Thread exited: 0x0000000026177000
Event: 4.054 Thread 0x000000002617a800 Thread exited: 0x000000002617a800
Event: 4.056 Thread 0x0000000026177800 Thread exited: 0x0000000026177800
Event: 4.060 Executing VM operation: EnableBiasedLocking
Event: 4.060 Executing VM operation: EnableBiasedLocking done


Dynamic libraries:
0x00007ff795ad0000 - 0x00007ff795b07000 	C:\Program Files\Java\jre1.8.0_71\bin\javaw.exe
0x00007ffd5aa30000 - 0x00007ffd5ac01000 	C:\WINDOWS\SYSTEM32\ntdll.dll
0x00007ffd58380000 - 0x00007ffd5842b000 	C:\WINDOWS\System32\KERNEL32.DLL
0x00007ffd57270000 - 0x00007ffd5748d000 	C:\WINDOWS\System32\KERNELBASE.dll
0x00007ffd5a3f0000 - 0x00007ffd5a492000 	C:\WINDOWS\System32\ADVAPI32.dll
0x00007ffd5a990000 - 0x00007ffd5aa2e000 	C:\WINDOWS\System32\msvcrt.dll
0x00007ffd586c0000 - 0x00007ffd58719000 	C:\WINDOWS\System32\sechost.dll
0x00007ffd57fa0000 - 0x00007ffd580c1000 	C:\WINDOWS\System32\RPCRT4.dll
0x00007ffd58720000 - 0x00007ffd58885000 	C:\WINDOWS\System32\USER32.dll
0x00007ffd56f70000 - 0x00007ffd56f8e000 	C:\WINDOWS\System32\win32u.dll
0x00007ffd58430000 - 0x00007ffd58464000 	C:\WINDOWS\System32\GDI32.dll
0x00007ffd57090000 - 0x00007ffd57212000 	C:\WINDOWS\System32\gdi32full.dll
0x00007ffd4c660000 - 0x00007ffd4c8d9000 	C:\WINDOWS\WinSxS\amd64_microsoft.windows.common-controls_6595b64144ccf1df_6.0.14393.447_none_42191651c6827bb3\COMCTL32.dll
0x00007ffd5a6c0000 - 0x00007ffd5a988000 	C:\WINDOWS\System32\combase.dll
0x00007ffd56f90000 - 0x00007ffd57085000 	C:\WINDOWS\System32\ucrtbase.dll
0x00007ffd56f00000 - 0x00007ffd56f6a000 	C:\WINDOWS\System32\bcryptPrimitives.dll
0x00007ffd58690000 - 0x00007ffd586be000 	C:\WINDOWS\System32\IMM32.DLL
0x00007ffd55d70000 - 0x00007ffd55da0000 	c:\PROGRA~1\BULLGU~1\BULLGU~1\BgAgent.dll
0x0000000068940000 - 0x0000000068a12000 	C:\Program Files\Java\jre1.8.0_71\bin\msvcr100.dll
0x0000000068af0000 - 0x000000006937f000 	C:\Program Files\Java\jre1.8.0_71\bin\server\jvm.dll
0x00007ffd5a3e0000 - 0x00007ffd5a3e8000 	C:\WINDOWS\System32\PSAPI.DLL
0x00007ffd48c00000 - 0x00007ffd48c09000 	C:\WINDOWS\SYSTEM32\WSOCK32.dll
0x00007ffd54bb0000 - 0x00007ffd54bd3000 	C:\WINDOWS\SYSTEM32\WINMM.dll
0x00007ffd51a90000 - 0x00007ffd51a9a000 	C:\WINDOWS\SYSTEM32\VERSION.dll
0x00007ffd58470000 - 0x00007ffd584da000 	C:\WINDOWS\System32\WS2_32.dll
0x00000000017c0000 - 0x00000000017eb000 	C:\WINDOWS\SYSTEM32\WINMMBASE.dll
0x00007ffd57220000 - 0x00007ffd57262000 	C:\WINDOWS\System32\cfgmgr32.dll
0x0000000068ae0000 - 0x0000000068aef000 	C:\Program Files\Java\jre1.8.0_71\bin\verify.dll
0x0000000068ab0000 - 0x0000000068ad9000 	C:\Program Files\Java\jre1.8.0_71\bin\java.dll
0x0000000068a90000 - 0x0000000068aa6000 	C:\Program Files\Java\jre1.8.0_71\bin\zip.dll
0x00007ffd58890000 - 0x00007ffd59d99000 	C:\WINDOWS\System32\SHELL32.dll
0x00007ffd575f0000 - 0x00007ffd57cca000 	C:\WINDOWS\System32\windows.storage.dll
0x00007ffd56e80000 - 0x00007ffd56ecc000 	C:\WINDOWS\System32\powrprof.dll
0x00007ffd5a540000 - 0x00007ffd5a592000 	C:\WINDOWS\System32\shlwapi.dll
0x00007ffd56ef0000 - 0x00007ffd56eff000 	C:\WINDOWS\System32\kernel.appcore.dll
0x00007ffd57540000 - 0x00007ffd575e9000 	C:\WINDOWS\System32\shcore.dll
0x00007ffd56ed0000 - 0x00007ffd56ee4000 	C:\WINDOWS\System32\profapi.dll
0x00007ffd2b7e0000 - 0x00007ffd2b8cf000 	C:\Program Files\Java\jre1.8.0_71\bin\msvcr120.dll
0x00007ffd2fcc0000 - 0x00007ffd2fd66000 	C:\Program Files\Java\jre1.8.0_71\bin\msvcp120.dll
0x0000000068910000 - 0x0000000068933000 	C:\Program Files\Java\jre1.8.0_71\bin\prism_d3d.dll
0x00007ffd210e0000 - 0x00007ffd2126d000 	C:\WINDOWS\system32\d3d9.dll
0x00007ffd54600000 - 0x00007ffd54626000 	C:\WINDOWS\SYSTEM32\dwmapi.dll
0x00007ffd555d0000 - 0x00007ffd55665000 	C:\WINDOWS\system32\uxtheme.dll
0x00007ffd28ba0000 - 0x00007ffd29c5c000 	C:\WINDOWS\System32\DriverStore\FileRepository\nv_dispiwu.inf_amd64_b67dc924fff8de6d\nvd3dumx.dll
0x00007ffd4cc90000 - 0x00007ffd4ce47000 	C:\WINDOWS\system32\nvspcap64.dll
0x00007ffd580d0000 - 0x00007ffd58207000 	C:\WINDOWS\System32\ole32.dll
0x00007ffd59da0000 - 0x00007ffd59e5f000 	C:\WINDOWS\System32\OLEAUT32.dll
0x00007ffd57f00000 - 0x00007ffd57f9c000 	C:\WINDOWS\System32\msvcp_win.dll
0x00007ffd59f40000 - 0x00007ffd5a369000 	C:\WINDOWS\System32\SETUPAPI.dll
0x00007ffd4fb30000 - 0x00007ffd4fbfd000 	C:\WINDOWS\SYSTEM32\WINHTTP.dll
0x00007ffd4ff50000 - 0x00007ffd5034b000 	C:\WINDOWS\system32\nvapi64.dll
0x00007ffd55e00000 - 0x00007ffd55e9f000 	C:\WINDOWS\SYSTEM32\dxgi.dll
0x00007ffd56b70000 - 0x00007ffd56b9c000 	C:\WINDOWS\SYSTEM32\SspiCli.dll
0x00000000688c0000 - 0x0000000068903000 	C:\Program Files\Java\jre1.8.0_71\bin\glass.dll
0x00007ffd5a5a0000 - 0x00007ffd5a69a000 	C:\WINDOWS\System32\COMDLG32.dll
0x00007ffd58220000 - 0x00007ffd5837b000 	C:\WINDOWS\System32\MSCTF.dll
0x00007ffd50670000 - 0x00007ffd50756000 	C:\Program Files (x86)\NVIDIA Corporation\3D Vision\nvSCPAPI64.dll
0x0000000066330000 - 0x00000000688bd000 	C:\Program Files\Java\jre1.8.0_71\bin\jfxwebkit.dll
0x00007ffd56940000 - 0x00007ffd56957000 	C:\WINDOWS\SYSTEM32\CRYPTSP.dll
0x00007ffd563b0000 - 0x00007ffd563e3000 	C:\WINDOWS\system32\rsaenh.dll
0x00007ffd56a50000 - 0x00007ffd56a7b000 	C:\WINDOWS\SYSTEM32\bcrypt.dll
0x00007ffd56960000 - 0x00007ffd5696b000 	C:\WINDOWS\SYSTEM32\CRYPTBASE.dll
0x0000000068a70000 - 0x0000000068a8a000 	C:\Program Files\Java\jre1.8.0_71\bin\net.dll
0x00007ffd567a0000 - 0x00007ffd567fc000 	C:\WINDOWS\system32\mswsock.dll
0x0000000068a50000 - 0x0000000068a61000 	C:\Program Files\Java\jre1.8.0_71\bin\nio.dll
0x0000000066310000 - 0x0000000066324000 	C:\Program Files\Java\jre1.8.0_71\bin\javafx_font.dll
0x00007ffd4e0a0000 - 0x00007ffd4e309000 	C:\WINDOWS\SYSTEM32\dwrite.dll
0x0000000068a20000 - 0x0000000068a44000 	C:\Program Files\Java\jre1.8.0_71\bin\sunec.dll
0x00007ffd5a4a0000 - 0x00007ffd5a53f000 	C:\WINDOWS\System32\clbcatq.dll
0x00007ffd54050000 - 0x00007ffd541f8000 	C:\WINDOWS\SYSTEM32\WindowsCodecs.dll
0x00007ffd4bbe0000 - 0x00007ffd4bc29000 	C:\WINDOWS\system32\dataexchange.dll
0x00007ffd53c20000 - 0x00007ffd53ed6000 	C:\WINDOWS\system32\d3d11.dll
0x00007ffd54ec0000 - 0x00007ffd55011000 	C:\WINDOWS\system32\dcomp.dll
0x00007ffd558a0000 - 0x00007ffd559bc000 	C:\WINDOWS\system32\twinapi.appcore.dll
0x00007ffd56620000 - 0x00007ffd5663f000 	C:\WINDOWS\SYSTEM32\USERENV.dll
0x00007ffd50910000 - 0x00007ffd50942000 	C:\Program Files\Common Files\Microsoft Shared\Ink\rtscom.dll
0x00007ffd56530000 - 0x00007ffd56568000 	C:\WINDOWS\SYSTEM32\IPHLPAPI.DLL
0x00007ffd58680000 - 0x00007ffd58688000 	C:\WINDOWS\System32\NSI.dll
0x00007ffd53720000 - 0x00007ffd53736000 	C:\WINDOWS\SYSTEM32\dhcpcsvc6.DLL
0x00007ffd536d0000 - 0x00007ffd536ea000 	C:\WINDOWS\SYSTEM32\dhcpcsvc.DLL
0x00000000662f0000 - 0x0000000066301000 	C:\Program Files\Java\jre1.8.0_71\bin\prism_common.dll
0x00007ffd54ca0000 - 0x00007ffd54cb8000 	C:\WINDOWS\system32\NLAapi.dll
0x00007ffd4a7f0000 - 0x00007ffd4a806000 	C:\WINDOWS\system32\napinsp.dll
0x00007ffd4a810000 - 0x00007ffd4a82a000 	C:\WINDOWS\system32\pnrpnsp.dll
0x00007ffd56570000 - 0x00007ffd56610000 	C:\WINDOWS\SYSTEM32\DNSAPI.dll
0x00007ffd4a830000 - 0x00007ffd4a83e000 	C:\WINDOWS\System32\winrnr.dll
0x000000006ba60000 - 0x000000006ba86000 	C:\Program Files\Bonjour\mdnsNSP.dll
0x00007ffd50640000 - 0x00007ffd5064a000 	C:\Windows\System32\rasadhlp.dll
0x00007ffd51a20000 - 0x00007ffd51a8a000 	C:\WINDOWS\System32\fwpuclnt.dll
0x00000000662c0000 - 0x00000000662e3000 	C:\Program Files\Java\jre1.8.0_71\bin\javafx_iio.dll
0x00007ffd48050000 - 0x00007ffd481e2000 	C:\WINDOWS\SYSTEM32\dbghelp.dll

VM Arguments:
jvm_args: -Djava.library.path=C:\Users\Jack\Desktop\New folder (9)\cansat -Dfile.encoding=Cp1252 
java_command: cansat.Main
java_class_path (initial): C:\Users\Jack\Desktop\New folder (9)\cansat\bin;C:\Program Files\Java\jdk1.8.0_71\jre\lib\jfxswt.jar;C:\Users\Jack\Desktop\New folder (9)\cansat\lib\RXTXcomm.jar
Launcher Type: SUN_STANDARD

Environment Variables:
PATH=C:/Program Files/Java/jre1.8.0_71/bin/server;C:/Program Files/Java/jre1.8.0_71/bin;C:/Program Files/Java/jre1.8.0_71/lib/amd64;C:\Program Files\Oculus\Support\oculus-runtime;C:\Program Files (x86)\ActiveState Komodo IDE 10\;C:\ProgramData\Oracle\Java\javapath;C:\Windows\system32;C:\Windows;C:\Windows\System32\Wbem;C:\Windows\System32\WindowsPowerShell\v1.0\;C:\Program Files (x86)\NVIDIA Corporation\PhysX\Common;C:\Program Files (x86)\Skype\Phone\;C:\Program Files\Microsoft\Web Platform Installer\;C:\Program Files (x86)\Microsoft ASP.NET\ASP.NET Web Pages\v1.0\;C:\Program Files (x86)\Windows Kits\8.0\Windows Performance Toolkit\;C:\Program Files\Microsoft SQL Server\110\Tools\Binn\;C:\Program Files (x86)\GtkSharp\2.12\bin;C:\Users\Jack\.dnx\bin;C:\Program Files\Microsoft DNX\Dnvm\;C:\Program Files\Microsoft SQL Server\130\Tools\Binn\;C:\WINDOWS\system32;C:\WINDOWS;C:\WINDOWS\System32\Wbem;C:\WINDOWS\System32\WindowsPowerShell\v1.0\;C:\Python27;C:\Users\Jack\AppData\Local\Microsoft\WindowsApps;;C:\Users\Jack\eclipse\java-mars\eclipse;
USERNAME=Jack
OS=Windows_NT
PROCESSOR_IDENTIFIER=Intel64 Family 6 Model 60 Stepping 3, GenuineIntel



---------------  S Y S T E M  ---------------

OS: Windows 10.0 , 64 bit Build 14393 (10.0.14393.0)

CPU:total 8 (4 cores per cpu, 2 threads per core) family 6 model 60 stepping 3, cmov, cx8, fxsr, mmx, sse, sse2, sse3, ssse3, sse4.1, sse4.2, popcnt, avx, avx2, aes, clmul, erms, lzcnt, ht, tsc, tscinvbit, bmi1, bmi2

Memory: 4k page, physical 16724548k(3427956k free), swap 47236288k(10844k free)

vm_info: Java HotSpot(TM) 64-Bit Server VM (25.71-b15) for windows-amd64 JRE (1.8.0_71-b15), built on Dec 22 2015 18:15:55 by "java_re" with MS VC++ 10.0 (VS2010)

time: Sun Feb 26 00:47:05 2017
elapsed time: 4 seconds (0d 0h 0m 4s)

