#
# There is insufficient memory for the Java Runtime Environment to continue.
# Native memory allocation (malloc) failed to allocate 729776 bytes for Chunk::new
# Possible reasons:
#   The system is out of physical RAM or swap space
#   In 32 bit mode, the process size limit was hit
# Possible solutions:
#   Reduce memory load on the system
#   Increase physical memory or swap space
#   Check if swap backing store is full
#   Use 64 bit Java on a 64 bit OS
#   Decrease Java heap size (-Xmx/-Xms)
#   Decrease number of Java threads
#   Decrease Java thread stack sizes (-Xss)
#   Set larger code cache with -XX:ReservedCodeCacheSize=
# This output file may be truncated or incomplete.
#
#  Out of Memory Error (allocation.cpp:390), pid=14776, tid=11688
#
# JRE version: Java(TM) SE Runtime Environment (8.0_71-b15) (build 1.8.0_71-b15)
# Java VM: Java HotSpot(TM) 64-Bit Server VM (25.71-b15 mixed mode windows-amd64 compressed oops)
# Failed to write core dump. Minidumps are not enabled by default on client versions of Windows
#

---------------  T H R E A D  ---------------

Current thread (0x000000001e57b800):  JavaThread "C2 CompilerThread1" daemon [_thread_in_native, id=11688, stack(0x000000001ec50000,0x000000001ed50000)]

Stack: [0x000000001ec50000,0x000000001ed50000]
[error occurred during error reporting (printing stack bounds), id 0xc0000005]

Native frames: (J=compiled Java code, j=interpreted, Vv=VM code, C=native code)


Current CompileTask:
C2:   4492 5370       4       javafx.scene.layout.Region::prefHeight (38 bytes)


---------------  P R O C E S S  ---------------

Java Threads: ( => current thread )
  0x0000000026061800 JavaThread "Thread-35" daemon [_thread_blocked, id=18376, stack(0x0000000039e90000,0x0000000039f90000)]
  0x0000000026061000 JavaThread "Thread-34" daemon [_thread_blocked, id=16416, stack(0x0000000039d90000,0x0000000039e90000)]
  0x0000000026058000 JavaThread "Thread-33" daemon [_thread_blocked, id=22568, stack(0x0000000039c90000,0x0000000039d90000)]
  0x000000002605e800 JavaThread "Thread-32" daemon [_thread_blocked, id=13096, stack(0x0000000039b90000,0x0000000039c90000)]
  0x000000002605e000 JavaThread "Thread-31" daemon [_thread_blocked, id=24236, stack(0x0000000039a90000,0x0000000039b90000)]
  0x0000000026059800 JavaThread "Thread-30" daemon [_thread_blocked, id=17596, stack(0x0000000039990000,0x0000000039a90000)]
  0x000000002605d000 JavaThread "Thread-29" daemon [_thread_blocked, id=18888, stack(0x0000000039890000,0x0000000039990000)]
  0x0000000026058800 JavaThread "Thread-28" daemon [_thread_blocked, id=23292, stack(0x0000000039790000,0x0000000039890000)]
  0x0000000026055800 JavaThread "Thread-27" daemon [_thread_blocked, id=11680, stack(0x00000000386c0000,0x00000000387c0000)]
  0x000000002605c800 JavaThread "Thread-26" daemon [_thread_blocked, id=24392, stack(0x00000000383d0000,0x00000000384d0000)]
  0x0000000026057000 JavaThread "Thread-25" daemon [_thread_blocked, id=23024, stack(0x00000000382d0000,0x00000000383d0000)]
  0x0000000026056000 JavaThread "Thread-24" daemon [_thread_blocked, id=23508, stack(0x00000000381d0000,0x00000000382d0000)]
  0x000000002605a000 JavaThread "Thread-23" daemon [_thread_blocked, id=19708, stack(0x00000000380d0000,0x00000000381d0000)]
  0x000000002605b800 JavaThread "Thread-22" daemon [_thread_blocked, id=18492, stack(0x0000000037d20000,0x0000000037e20000)]
  0x0000000026054800 JavaThread "Thread-21" daemon [_thread_blocked, id=19244, stack(0x0000000036b60000,0x0000000036c60000)]
  0x000000002605b000 JavaThread "Thread-20" daemon [_thread_blocked, id=19500, stack(0x0000000036a60000,0x0000000036b60000)]
  0x0000000026054000 JavaThread "Thread-19" daemon [_thread_blocked, id=17784, stack(0x0000000036960000,0x0000000036a60000)]
  0x0000000026053000 JavaThread "Thread-18" daemon [_thread_blocked, id=19564, stack(0x0000000036860000,0x0000000036960000)]
  0x000000002b7d1800 JavaThread "Thread-17" daemon [_thread_blocked, id=23080, stack(0x0000000036760000,0x0000000036860000)]
  0x000000002b7d1000 JavaThread "Thread-16" daemon [_thread_blocked, id=24284, stack(0x0000000036660000,0x0000000036760000)]
  0x000000002b7c8800 JavaThread "Thread-15" daemon [_thread_blocked, id=23652, stack(0x0000000036560000,0x0000000036660000)]
  0x000000002b7cf800 JavaThread "Thread-14" daemon [_thread_in_vm, id=14804, stack(0x0000000036460000,0x0000000036560000)]
  0x000000002b7c9000 JavaThread "URL-Loader-20" daemon [_thread_blocked, id=16800, stack(0x00000000334f0000,0x00000000335f0000)]
  0x000000002b7ce000 JavaThread "URL-Loader-19" daemon [_thread_blocked, id=19008, stack(0x00000000333f0000,0x00000000334f0000)]
  0x000000002b7c6000 JavaThread "URL-Loader-18" daemon [_thread_blocked, id=21488, stack(0x0000000030320000,0x0000000030420000)]
  0x000000002b7d0000 JavaThread "URL-Loader-17" daemon [_thread_blocked, id=18104, stack(0x0000000030220000,0x0000000030320000)]
  0x000000002b7cd000 JavaThread "URL-Loader-16" daemon [_thread_blocked, id=23136, stack(0x000000002fe10000,0x000000002ff10000)]
  0x000000002b7cc800 JavaThread "URL-Loader-15" daemon [_thread_blocked, id=14872, stack(0x000000002fd10000,0x000000002fe10000)]
  0x000000002b7cb800 JavaThread "URL-Loader-14" daemon [_thread_in_native, id=22908, stack(0x000000002fc10000,0x000000002fd10000)]
  0x000000002b7c7800 JavaThread "URL-Loader-13" daemon [_thread_blocked, id=14704, stack(0x000000002fb10000,0x000000002fc10000)]
  0x000000002b7ca800 JavaThread "URL-Loader-12" daemon [_thread_in_native, id=9796, stack(0x000000002fa10000,0x000000002fb10000)]
  0x000000002b7ca000 JavaThread "URL-Loader-11" daemon [_thread_blocked, id=24140, stack(0x000000002f910000,0x000000002fa10000)]
  0x000000002b7c7000 JavaThread "URL-Loader-10" daemon [_thread_blocked, id=24376, stack(0x000000002f7f0000,0x000000002f8f0000)]
  0x0000000025a2a000 JavaThread "URL-Loader-9" daemon [_thread_blocked, id=18864, stack(0x000000002f6f0000,0x000000002f7f0000)]
  0x0000000025a24000 JavaThread "URL-Loader-8" daemon [_thread_in_native, id=23592, stack(0x000000002f4b0000,0x000000002f5b0000)]
  0x0000000025a27000 JavaThread "URL-Loader-7" daemon [_thread_blocked, id=24160, stack(0x000000002f350000,0x000000002f450000)]
  0x0000000025a28800 JavaThread "URL-Loader-6" daemon [_thread_blocked, id=11548, stack(0x000000002f250000,0x000000002f350000)]
  0x0000000025a23000 JavaThread "URL-Loader-5" daemon [_thread_blocked, id=24116, stack(0x000000002e050000,0x000000002e150000)]
  0x0000000025a27800 JavaThread "URL-Loader-4" daemon [_thread_blocked, id=22472, stack(0x000000002de50000,0x000000002df50000)]
  0x0000000025a25800 JavaThread "URL-Loader-3" daemon [_thread_blocked, id=19108, stack(0x000000002db80000,0x000000002dc80000)]
  0x0000000025a26000 JavaThread "URL-Loader-2" daemon [_thread_blocked, id=6588, stack(0x000000002d910000,0x000000002da10000)]
  0x0000000025a24800 JavaThread "Watchdog-Timer-1" daemon [_thread_blocked, id=14696, stack(0x000000002d610000,0x000000002d710000)]
  0x0000000025a29800 JavaThread "Keep-Alive-Timer" daemon [_thread_blocked, id=14876, stack(0x000000002d510000,0x000000002d610000)]
  0x000000002563a800 JavaThread "Timer-0" [_thread_blocked, id=24004, stack(0x00000000289a0000,0x0000000028aa0000)]
  0x00000000262a2800 JavaThread "Prism Font Disposer" daemon [_thread_blocked, id=22048, stack(0x0000000026c20000,0x0000000026d20000)]
  0x000000001f6dc800 JavaThread "URL-Loader-1" daemon [_thread_blocked, id=24044, stack(0x00000000252e0000,0x00000000253e0000)]
  0x000000001f3af000 JavaThread "Disposer" daemon [_thread_blocked, id=14668, stack(0x0000000024fe0000,0x00000000250e0000)]
  0x000000001f2f7800 JavaThread "Thread-3" daemon [_thread_in_native, id=17848, stack(0x0000000024620000,0x0000000024720000)]
  0x000000001f1bf800 JavaThread "JavaFX Application Thread" [_thread_blocked, id=23672, stack(0x00000000200e0000,0x00000000201e0000)]
  0x000000001f1b4800 JavaThread "Thread-2" daemon [_thread_blocked, id=24092, stack(0x000000001ffe0000,0x00000000200e0000)]
  0x000000001f197800 JavaThread "QuantumRenderer-0" daemon [_thread_in_Java, id=17960, stack(0x000000001fa50000,0x000000001fb50000)]
  0x000000001e8ed000 JavaThread "JavaFX-Launcher" [_thread_blocked, id=9416, stack(0x000000001f950000,0x000000001fa50000)]
  0x000000001e621000 JavaThread "Service Thread" daemon [_thread_blocked, id=23036, stack(0x000000001ef50000,0x000000001f050000)]
  0x000000001e58a000 JavaThread "C1 CompilerThread3" daemon [_thread_blocked, id=22076, stack(0x000000001ee50000,0x000000001ef50000)]
  0x000000001e587000 JavaThread "C2 CompilerThread2" daemon [_thread_in_native, id=20616, stack(0x000000001ed50000,0x000000001ee50000)]
=>0x000000001e57b800 JavaThread "C2 CompilerThread1" daemon [_thread_in_native, id=11688, stack(0x000000001ec50000,0x000000001ed50000)]
  0x000000001e577000 JavaThread "C2 CompilerThread0" daemon [_thread_in_native, id=23536, stack(0x000000001eb50000,0x000000001ec50000)]
  0x000000001e575800 JavaThread "Attach Listener" daemon [_thread_blocked, id=3656, stack(0x000000001ea50000,0x000000001eb50000)]
  0x000000001e574000 JavaThread "Signal Dispatcher" daemon [_thread_blocked, id=444, stack(0x000000001e950000,0x000000001ea50000)]
  0x0000000002978800 JavaThread "Finalizer" daemon [_thread_blocked, id=23696, stack(0x000000001e360000,0x000000001e460000)]
  0x000000001c47d800 JavaThread "Reference Handler" daemon [_thread_blocked, id=23056, stack(0x000000001e260000,0x000000001e360000)]
  0x0000000002880800 JavaThread "main" [_thread_blocked, id=6264, stack(0x0000000002780000,0x0000000002880000)]

Other Threads:
  0x000000001c479000 VMThread [stack: 0x000000001e160000,0x000000001e260000] [id=21040]
  0x000000001e64b000 WatcherThread [stack: 0x000000001f050000,0x000000001f150000] [id=19016]

VM state:not at safepoint (normal execution)

VM Mutex/Monitor currently owned by a thread: None

Heap:
 PSYoungGen      total 225792K, used 184463K [0x000000076af00000, 0x000000077a500000, 0x00000007c0000000)
  eden space 214016K, 82% used [0x000000076af00000,0x0000000775b91548,0x0000000778000000)
  from space 11776K, 65% used [0x0000000779980000,0x000000077a1126e8,0x000000077a500000)
  to   space 18944K, 0% used [0x0000000778000000,0x0000000778000000,0x0000000779280000)
 ParOldGen       total 96256K, used 14889K [0x00000006c0c00000, 0x00000006c6a00000, 0x000000076af00000)
  object space 96256K, 15% used [0x00000006c0c00000,0x00000006c1a8a508,0x00000006c6a00000)
 Metaspace       used 24570K, capacity 25746K, committed 25984K, reserved 1071104K
  class space    used 3361K, capacity 3647K, committed 3712K, reserved 1048576K

Card table byte_map: [0x0000000011d40000,0x0000000012540000] byte_map_base: 0x000000000e73a000

Marking Bits: (ParMarkBitMap*) 0x0000000077f7f600
 Begin Bits: [0x00000000132a0000, 0x0000000017270000)
 End Bits:   [0x0000000017270000, 0x000000001b240000)

Polling page: 0x0000000000c70000

CodeCache: size=245760Kb used=15345Kb max_used=17737Kb free=230414Kb
 bounds [0x0000000002980000, 0x0000000003b50000, 0x0000000011980000]
 total_blobs=5279 nmethods=4465 adapters=725
 compilation: enabled

Compilation events (10 events):
Event: 4.483 Thread 0x000000001e58a000 5385       3       sun.net.www.protocol.http.HttpURLConnection::checkMessageHeader (149 bytes)
Event: 4.484 Thread 0x000000001e58a000 nmethod 5385 0x0000000002c398d0 code [0x0000000002c39bc0, 0x0000000002c3b508]
Event: 4.484 Thread 0x000000001e58a000 5386       3       java.net.URI::access$1700 (4 bytes)
Event: 4.484 Thread 0x000000001e58a000 nmethod 5386 0x00000000034c0010 code [0x00000000034c0160, 0x00000000034c0290]
Event: 4.484 Thread 0x000000001e58a000 5387       3       java.net.URI::access$3100 (4 bytes)
Event: 4.484 Thread 0x000000001e58a000 nmethod 5387 0x00000000034e4210 code [0x00000000034e4360, 0x00000000034e4490]
Event: 4.489 Thread 0x000000001e58a000 5389       3       java.util.ArrayDeque::isEmpty (17 bytes)
Event: 4.489 Thread 0x000000001e58a000 nmethod 5389 0x00000000033e5910 code [0x00000000033e5a60, 0x00000000033e5c10]
Event: 4.490 Thread 0x000000001e58a000 5390       1       com.sun.webkit.WebPage$RenderFrame::getRQList (5 bytes)
Event: 4.490 Thread 0x000000001e58a000 nmethod 5390 0x00000000035094d0 code [0x0000000003509620, 0x0000000003509730]

GC Heap History (10 events):
Event: 1.455 GC heap before
{Heap before GC invocations=3 (full 1):
 PSYoungGen      total 76288K, used 10738K [0x000000076af00000, 0x0000000774400000, 0x00000007c0000000)
  eden space 65536K, 0% used [0x000000076af00000,0x000000076af00000,0x000000076ef00000)
  from space 10752K, 99% used [0x000000076f980000,0x00000007703fcbb0,0x0000000770400000)
  to   space 10752K, 0% used [0x000000076ef00000,0x000000076ef00000,0x000000076f980000)
 ParOldGen       total 175104K, used 6564K [0x00000006c0c00000, 0x00000006cb700000, 0x000000076af00000)
  object space 175104K, 3% used [0x00000006c0c00000,0x00000006c1269148,0x00000006cb700000)
 Metaspace       used 20195K, capacity 21126K, committed 21248K, reserved 1067008K
  class space    used 2977K, capacity 3207K, committed 3328K, reserved 1048576K
Event: 1.485 GC heap after
Heap after GC invocations=3 (full 1):
 PSYoungGen      total 76288K, used 0K [0x000000076af00000, 0x0000000774400000, 0x00000007c0000000)
  eden space 65536K, 0% used [0x000000076af00000,0x000000076af00000,0x000000076ef00000)
  from space 10752K, 0% used [0x000000076f980000,0x000000076f980000,0x0000000770400000)
  to   space 10752K, 0% used [0x000000076ef00000,0x000000076ef00000,0x000000076f980000)
 ParOldGen       total 96256K, used 14865K [0x00000006c0c00000, 0x00000006c6a00000, 0x000000076af00000)
  object space 96256K, 15% used [0x00000006c0c00000,0x00000006c1a84508,0x00000006c6a00000)
 Metaspace       used 20195K, capacity 21126K, committed 21248K, reserved 1067008K
  class space    used 2977K, capacity 3207K, committed 3328K, reserved 1048576K
}
Event: 1.864 GC heap before
{Heap before GC invocations=4 (full 1):
 PSYoungGen      total 76288K, used 65527K [0x000000076af00000, 0x0000000774400000, 0x00000007c0000000)
  eden space 65536K, 99% used [0x000000076af00000,0x000000076eefdff0,0x000000076ef00000)
  from space 10752K, 0% used [0x000000076f980000,0x000000076f980000,0x0000000770400000)
  to   space 10752K, 0% used [0x000000076ef00000,0x000000076ef00000,0x000000076f980000)
 ParOldGen       total 96256K, used 14865K [0x00000006c0c00000, 0x00000006c6a00000, 0x000000076af00000)
  object space 96256K, 15% used [0x00000006c0c00000,0x00000006c1a84508,0x00000006c6a00000)
 Metaspace       used 22421K, capacity 23454K, committed 23680K, reserved 1069056K
  class space    used 3205K, capacity 3443K, committed 3456K, reserved 1048576K
Event: 1.868 GC heap after
Heap after GC invocations=4 (full 1):
 PSYoungGen      total 76288K, used 2720K [0x000000076af00000, 0x0000000773a80000, 0x00000007c0000000)
  eden space 65536K, 0% used [0x000000076af00000,0x000000076af00000,0x000000076ef00000)
  from space 10752K, 25% used [0x000000076ef00000,0x000000076f1a8230,0x000000076f980000)
  to   space 10752K, 0% used [0x0000000773000000,0x0000000773000000,0x0000000773a80000)
 ParOldGen       total 96256K, used 14873K [0x00000006c0c00000, 0x00000006c6a00000, 0x000000076af00000)
  object space 96256K, 15% used [0x00000006c0c00000,0x00000006c1a86508,0x00000006c6a00000)
 Metaspace       used 22421K, capacity 23454K, committed 23680K, reserved 1069056K
  class space    used 3205K, capacity 3443K, committed 3456K, reserved 1048576K
}
Event: 1.884 GC heap before
{Heap before GC invocations=5 (full 1):
 PSYoungGen      total 76288K, used 68161K [0x000000076af00000, 0x0000000773a80000, 0x00000007c0000000)
  eden space 65536K, 99% used [0x000000076af00000,0x000000076eee8268,0x000000076ef00000)
  from space 10752K, 25% used [0x000000076ef00000,0x000000076f1a8230,0x000000076f980000)
  to   space 10752K, 0% used [0x0000000773000000,0x0000000773000000,0x0000000773a80000)
 ParOldGen       total 96256K, used 14873K [0x00000006c0c00000, 0x00000006c6a00000, 0x000000076af00000)
  object space 96256K, 15% used [0x00000006c0c00000,0x00000006c1a86508,0x00000006c6a00000)
 Metaspace       used 22435K, capacity 23454K, committed 23680K, reserved 1069056K
  class space    used 3205K, capacity 3443K, committed 3456K, reserved 1048576K
Event: 1.885 GC heap after
Heap after GC invocations=5 (full 1):
 PSYoungGen      total 131072K, used 1625K [0x000000076af00000, 0x0000000773a00000, 0x00000007c0000000)
  eden space 120832K, 0% used [0x000000076af00000,0x000000076af00000,0x0000000772500000)
  from space 10240K, 15% used [0x0000000773000000,0x00000007731966d8,0x0000000773a00000)
  to   space 10752K, 0% used [0x0000000772500000,0x0000000772500000,0x0000000772f80000)
 ParOldGen       total 96256K, used 14881K [0x00000006c0c00000, 0x00000006c6a00000, 0x000000076af00000)
  object space 96256K, 15% used [0x00000006c0c00000,0x00000006c1a88508,0x00000006c6a00000)
 Metaspace       used 22435K, capacity 23454K, committed 23680K, reserved 1069056K
  class space    used 3205K, capacity 3443K, committed 3456K, reserved 1048576K
}
Event: 1.915 GC heap before
{Heap before GC invocations=6 (full 1):
 PSYoungGen      total 131072K, used 122404K [0x000000076af00000, 0x0000000773a00000, 0x00000007c0000000)
  eden space 120832K, 99% used [0x000000076af00000,0x00000007724f2a90,0x0000000772500000)
  from space 10240K, 15% used [0x0000000773000000,0x00000007731966d8,0x0000000773a00000)
  to   space 10752K, 0% used [0x0000000772500000,0x0000000772500000,0x0000000772f80000)
 ParOldGen       total 96256K, used 14881K [0x00000006c0c00000, 0x00000006c6a00000, 0x000000076af00000)
  object space 96256K, 15% used [0x00000006c0c00000,0x00000006c1a88508,0x00000006c6a00000)
 Metaspace       used 22436K, capacity 23454K, committed 23680K, reserved 1069056K
  class space    used 3205K, capacity 3443K, committed 3456K, reserved 1048576K
Event: 1.917 GC heap after
Heap after GC invocations=6 (full 1):
 PSYoungGen      total 131584K, used 1692K [0x000000076af00000, 0x000000077ad80000, 0x00000007c0000000)
  eden space 120832K, 0% used [0x000000076af00000,0x000000076af00000,0x0000000772500000)
  from space 10752K, 15% used [0x0000000772500000,0x00000007726a70f8,0x0000000772f80000)
  to   space 20480K, 0% used [0x0000000779980000,0x0000000779980000,0x000000077ad80000)
 ParOldGen       total 96256K, used 14881K [0x00000006c0c00000, 0x00000006c6a00000, 0x000000076af00000)
  object space 96256K, 15% used [0x00000006c0c00000,0x00000006c1a88508,0x00000006c6a00000)
 Metaspace       used 22436K, capacity 23454K, committed 23680K, reserved 1069056K
  class space    used 3205K, capacity 3443K, committed 3456K, reserved 1048576K
}
Event: 3.195 GC heap before
{Heap before GC invocations=7 (full 1):
 PSYoungGen      total 131584K, used 122524K [0x000000076af00000, 0x000000077ad80000, 0x00000007c0000000)
  eden space 120832K, 100% used [0x000000076af00000,0x0000000772500000,0x0000000772500000)
  from space 10752K, 15% used [0x0000000772500000,0x00000007726a70f8,0x0000000772f80000)
  to   space 20480K, 0% used [0x0000000779980000,0x0000000779980000,0x000000077ad80000)
 ParOldGen       total 96256K, used 14881K [0x00000006c0c00000, 0x00000006c6a00000, 0x000000076af00000)
  object space 96256K, 15% used [0x00000006c0c00000,0x00000006c1a88508,0x00000006c6a00000)
 Metaspace       used 23803K, capacity 24916K, committed 25088K, reserved 1071104K
  class space    used 3314K, capacity 3546K, committed 3584K, reserved 1048576K
Event: 3.201 GC heap after
Heap after GC invocations=7 (full 1):
 PSYoungGen      total 225792K, used 7753K [0x000000076af00000, 0x000000077a500000, 0x00000007c0000000)
  eden space 214016K, 0% used [0x000000076af00000,0x000000076af00000,0x0000000778000000)
  from space 11776K, 65% used [0x0000000779980000,0x000000077a1126e8,0x000000077a500000)
  to   space 18944K, 0% used [0x0000000778000000,0x0000000778000000,0x0000000779280000)
 ParOldGen       total 96256K, used 14889K [0x00000006c0c00000, 0x00000006c6a00000, 0x000000076af00000)
  object space 96256K, 15% used [0x00000006c0c00000,0x00000006c1a8a508,0x00000006c6a00000)
 Metaspace       used 23803K, capacity 24916K, committed 25088K, reserved 1071104K
  class space    used 3314K, capacity 3546K, committed 3584K, reserved 1048576K
}

Deoptimization events (10 events):
Event: 3.497 Thread 0x000000001f197800 Uncommon trap: reason=unstable_if action=reinterpret pc=0x0000000003327678 method=com.sun.prism.impl.ps.BaseShaderContext.checkState(Lcom/sun/prism/impl/ps/BaseShaderGraphics;ILcom/sun/javafx/geom/transform/BaseTransform;Lcom/sun/prism/ps/Shader;)V @ 84
Event: 3.535 Thread 0x000000001f197800 Uncommon trap: reason=intrinsic action=make_not_entrant pc=0x0000000003a3b8c4 method=com.sun.prism.impl.ps.BaseShaderGraphics.drawString(Lcom/sun/javafx/scene/text/GlyphList;Lcom/sun/javafx/font/FontStrike;FFLcom/sun/prism/paint/Color;II)V @ 572
Event: 3.627 Thread 0x000000002b7cb800 Uncommon trap: reason=class_check action=maybe_recompile pc=0x0000000002f10530 method=java.io.FilterInputStream.read()I @ 4
Event: 3.627 Thread 0x000000002b7cb800 Uncommon trap: reason=class_check action=maybe_recompile pc=0x0000000002f10530 method=java.io.FilterInputStream.read()I @ 4
Event: 3.627 Thread 0x000000002b7cb800 Uncommon trap: reason=class_check action=maybe_recompile pc=0x0000000002f10530 method=java.io.FilterInputStream.read()I @ 4
Event: 3.627 Thread 0x000000002b7cb800 Uncommon trap: reason=class_check action=maybe_recompile pc=0x0000000002f10530 method=java.io.FilterInputStream.read()I @ 4
Event: 3.763 Thread 0x000000001f197800 Uncommon trap: reason=unstable_if action=reinterpret pc=0x0000000003974500 method=com.sun.javafx.sg.prism.NGNode.accumulateNodeDirtyRegion(Lcom/sun/javafx/geom/RectBounds;Lcom/sun/javafx/geom/RectBounds;Lcom/sun/javafx/geom/DirtyRegionContainer;Lcom/sun/jañ½"dn@
Event: 3.804 Thread 0x000000001f1bf800 Uncommon trap: reason=unstable_if action=reinterpret pc=0x000000000365ee68 method=java.text.DigitList.round(IZZ)V @ 106
Event: 3.836 Thread 0x000000001f197800 Uncommon trap: reason=unstable_if action=reinterpret pc=0x00000000031c0fcc method=com.sun.prism.impl.BaseContext.flushVertexBuffer()V @ 4
Event: 3.837 Thread 0x000000001f197800 Uncommon trap: reason=unstable_if action=reinterpret pc=0x0000000003aae9fc method=com.sun.prism.impl.BaseContext.flushVertexBuffer()V @ 4

Internal exceptions (10 events):
Event: 0.467 Thread 0x000000001f1bf800 Implicit null exception at 0x0000000002c71282 to 0x0000000002c723b9
Event: 0.738 Thread 0x000000001f1bf800 Implicit null exception at 0x0000000002db0d69 to 0x0000000002db0db5
Event: 0.897 Thread 0x000000001f1bf800 Implicit null exception at 0x0000000002db9f71 to 0x0000000002dba4e1
Event: 2.369 Thread 0x000000001f1bf800 Implicit null exception at 0x000000000351c349 to 0x000000000351c459
Event: 2.371 Thread 0x000000001f1bf800 Implicit null exception at 0x00000000034f9d19 to 0x00000000034f9dc9
Event: 3.168 Thread 0x000000001f197800 Implicit null exception at 0x00000000038b684c to 0x00000000038b6a9d
Event: 3.168 Thread 0x000000001f197800 Implicit null exception at 0x00000000037e66a8 to 0x00000000037e6e8d
Event: 3.181 Thread 0x000000001f197800 Implicit null exception at 0x00000000038f5781 to 0x00000000038f583d
Event: 3.885 Thread 0x000000001f197800 Implicit null exception at 0x0000000002c22120 to 0x0000000002c22424
Event: 3.885 Thread 0x000000001f197800 Exception <a 'java/lang/NullPointerException'> (0x00000007702e8ea0) thrown at [C:\re\workspace\8-2-build-windows-amd64-cygwin\jdk8u71\5731\hotspot\src\share\vm\runtime\sharedRuntime.cpp, line 605]

Events (10 events):
Event: 4.457 loading class com/sun/webkit/dom/NodeListImpl
Event: 4.457 loading class com/sun/webkit/dom/NodeListImpl done
Event: 4.457 loading class org/w3c/dom/NodeList
Event: 4.457 loading class org/w3c/dom/NodeList done
Event: 4.457 loading class com/sun/webkit/dom/NodeListImpl$SelfDisposer
Event: 4.457 loading class com/sun/webkit/dom/NodeListImpl$SelfDisposer done
Event: 4.457 loading class com/sun/webkit/dom/HTMLHeadElementImpl
Event: 4.457 loading class com/sun/webkit/dom/HTMLHeadElementImpl done
Event: 4.457 loading class org/w3c/dom/html/HTMLHeadElement
Event: 4.457 loading class org/w3c/dom/html/HTMLHeadElement done


Dynamic libraries:
0x00007ff6833d0000 - 0x00007ff683407000 	C:\Program Files\Java\jre1.8.0_71\bin\javaw.exe
0x00007ffa35130000 - 0x00007ffa35301000 	C:\WINDOWS\SYSTEM32\ntdll.dll
0x00007ffa34f70000 - 0x00007ffa3501c000 	C:\WINDOWS\System32\KERNEL32.DLL
0x00007ffa31740000 - 0x00007ffa3195d000 	C:\WINDOWS\System32\KERNELBASE.dll
0x00007ffa35020000 - 0x00007ffa350c2000 	C:\WINDOWS\System32\ADVAPI32.dll
0x00007ffa34ed0000 - 0x00007ffa34f6e000 	C:\WINDOWS\System32\msvcrt.dll
0x00007ffa32ff0000 - 0x00007ffa33049000 	C:\WINDOWS\System32\sechost.dll
0x00007ffa33120000 - 0x00007ffa33241000 	C:\WINDOWS\System32\RPCRT4.dll
0x00007ffa34bd0000 - 0x00007ffa34d35000 	C:\WINDOWS\System32\USER32.dll
0x00007ffa31720000 - 0x00007ffa3173e000 	C:\WINDOWS\System32\win32u.dll
0x00007ffa34b90000 - 0x00007ffa34bc4000 	C:\WINDOWS\System32\GDI32.dll
0x00007ffa32410000 - 0x00007ffa32592000 	C:\WINDOWS\System32\gdi32full.dll
0x00007ffa272f0000 - 0x00007ffa2756a000 	C:\WINDOWS\WinSxS\amd64_microsoft.windows.common-controls_6595b64144ccf1df_6.0.14393.953_none_42151e83c686086b\COMCTL32.dll
0x00007ffa328f0000 - 0x00007ffa32bb8000 	C:\WINDOWS\System32\combase.dll
0x00007ffa325a0000 - 0x00007ffa32695000 	C:\WINDOWS\System32\ucrtbase.dll
0x00007ffa31600000 - 0x00007ffa3166a000 	C:\WINDOWS\System32\bcryptPrimitives.dll
0x00007ffa334b0000 - 0x00007ffa334de000 	C:\WINDOWS\System32\IMM32.DLL
0x00007ffa2fd40000 - 0x00007ffa2fd70000 	c:\PROGRA~1\BULLGU~1\BULLGU~1\BgAgent.dll
0x0000000050340000 - 0x0000000050412000 	C:\Program Files\Java\jre1.8.0_71\bin\msvcr100.dll
0x0000000077770000 - 0x0000000077fff000 	C:\Program Files\Java\jre1.8.0_71\bin\server\jvm.dll
0x00007ffa328c0000 - 0x00007ffa328c8000 	C:\WINDOWS\System32\PSAPI.DLL
0x00007ffa240b0000 - 0x00007ffa240b9000 	C:\WINDOWS\SYSTEM32\WSOCK32.dll
0x00007ffa2d6e0000 - 0x00007ffa2d6ea000 	C:\WINDOWS\SYSTEM32\VERSION.dll
0x00007ffa2f6c0000 - 0x00007ffa2f6e3000 	C:\WINDOWS\SYSTEM32\WINMM.dll
0x00007ffa33050000 - 0x00007ffa330ba000 	C:\WINDOWS\System32\WS2_32.dll
0x0000000002750000 - 0x000000000277b000 	C:\WINDOWS\SYSTEM32\WINMMBASE.dll
0x00007ffa31960000 - 0x00007ffa319a2000 	C:\WINDOWS\System32\cfgmgr32.dll
0x00000000504e0000 - 0x00000000504ef000 	C:\Program Files\Java\jre1.8.0_71\bin\verify.dll
0x00000000504b0000 - 0x00000000504d9000 	C:\Program Files\Java\jre1.8.0_71\bin\java.dll
0x0000000050490000 - 0x00000000504a6000 	C:\Program Files\Java\jre1.8.0_71\bin\zip.dll
0x00007ffa334e0000 - 0x00007ffa349e8000 	C:\WINDOWS\System32\SHELL32.dll
0x00007ffa31a60000 - 0x00007ffa3213a000 	C:\WINDOWS\System32\windows.storage.dll
0x00007ffa315b0000 - 0x00007ffa315fc000 	C:\WINDOWS\System32\powrprof.dll
0x00007ffa350d0000 - 0x00007ffa35122000 	C:\WINDOWS\System32\shlwapi.dll
0x00007ffa31590000 - 0x00007ffa3159f000 	C:\WINDOWS\System32\kernel.appcore.dll
0x00007ffa319b0000 - 0x00007ffa31a59000 	C:\WINDOWS\System32\shcore.dll
0x00007ffa31570000 - 0x00007ffa31584000 	C:\WINDOWS\System32\profapi.dll
0x00007ffa0c9d0000 - 0x00007ffa0cabf000 	C:\Program Files\Java\jre1.8.0_71\bin\msvcr120.dll
0x00007ffa0c920000 - 0x00007ffa0c9c6000 	C:\Program Files\Java\jre1.8.0_71\bin\msvcp120.dll
0x0000000050310000 - 0x0000000050333000 	C:\Program Files\Java\jre1.8.0_71\bin\prism_d3d.dll
0x00007ff9fcc70000 - 0x00007ff9fcdfd000 	C:\WINDOWS\system32\d3d9.dll
0x00007ffa2ef90000 - 0x00007ffa2efb6000 	C:\WINDOWS\SYSTEM32\dwmapi.dll
0x00007ffa2fc10000 - 0x00007ffa2fca5000 	C:\WINDOWS\system32\uxtheme.dll
0x00007ff9e5300000 - 0x00007ff9e63bc000 	C:\WINDOWS\System32\DriverStore\FileRepository\nv_dispiwu.inf_amd64_b67dc924fff8de6d\nvd3dumx.dll
0x00007ffa27d20000 - 0x00007ffa27ed7000 	C:\WINDOWS\system32\nvspcap64.dll
0x00007ffa32780000 - 0x00007ffa328b8000 	C:\WINDOWS\System32\ole32.dll
0x00007ffa326a0000 - 0x00007ffa3275f000 	C:\WINDOWS\System32\OLEAUT32.dll
0x00007ffa32140000 - 0x00007ffa321dc000 	C:\WINDOWS\System32\msvcp_win.dll
0x00007ffa32bc0000 - 0x00007ffa32fe9000 	C:\WINDOWS\System32\SETUPAPI.dll
0x00007ffa2d410000 - 0x00007ffa2d4dd000 	C:\WINDOWS\SYSTEM32\WINHTTP.dll
0x00007ffa2cee0000 - 0x00007ffa2d2db000 	C:\WINDOWS\system32\nvapi64.dll
0x00007ffa304f0000 - 0x00007ffa3058f000 	C:\WINDOWS\SYSTEM32\dxgi.dll
0x00007ffa31270000 - 0x00007ffa3129c000 	C:\WINDOWS\SYSTEM32\SspiCli.dll
0x00000000502c0000 - 0x0000000050303000 	C:\Program Files\Java\jre1.8.0_71\bin\glass.dll
0x00007ffa33250000 - 0x00007ffa3334a000 	C:\WINDOWS\System32\COMDLG32.dll
0x00007ffa33350000 - 0x00007ffa334aa000 	C:\WINDOWS\System32\MSCTF.dll
0x00007ffa2d2e0000 - 0x00007ffa2d3c6000 	C:\Program Files (x86)\NVIDIA Corporation\3D Vision\nvSCPAPI64.dll
0x00000000502a0000 - 0x00000000502b4000 	C:\Program Files\Java\jre1.8.0_71\bin\javafx_font.dll
0x00007ffa27a10000 - 0x00007ffa27c79000 	C:\WINDOWS\SYSTEM32\dwrite.dll
0x00000000751e0000 - 0x000000007776d000 	C:\Program Files\Java\jre1.8.0_71\bin\jfxwebkit.dll
0x00007ffa31040000 - 0x00007ffa31057000 	C:\WINDOWS\SYSTEM32\CRYPTSP.dll
0x00007ffa30aa0000 - 0x00007ffa30ad3000 	C:\WINDOWS\system32\rsaenh.dll
0x00007ffa31150000 - 0x00007ffa3117b000 	C:\WINDOWS\SYSTEM32\bcrypt.dll
0x00007ffa31060000 - 0x00007ffa3106b000 	C:\WINDOWS\SYSTEM32\CRYPTBASE.dll
0x0000000050470000 - 0x000000005048a000 	C:\Program Files\Java\jre1.8.0_71\bin\net.dll
0x00007ffa30ea0000 - 0x00007ffa30efc000 	C:\WINDOWS\system32\mswsock.dll
0x0000000050450000 - 0x0000000050461000 	C:\Program Files\Java\jre1.8.0_71\bin\nio.dll
0x0000000050420000 - 0x0000000050444000 	C:\Program Files\Java\jre1.8.0_71\bin\sunec.dll
0x00007ffa30d20000 - 0x00007ffa30d3f000 	C:\WINDOWS\SYSTEM32\USERENV.dll
0x00007ffa30c20000 - 0x00007ffa30c58000 	C:\WINDOWS\SYSTEM32\IPHLPAPI.DLL
0x00007ffa34ec0000 - 0x00007ffa34ec8000 	C:\WINDOWS\System32\NSI.dll
0x00007ffa2dd40000 - 0x00007ffa2dd56000 	C:\WINDOWS\SYSTEM32\dhcpcsvc6.DLL
0x00007ffa2dca0000 - 0x00007ffa2dcba000 	C:\WINDOWS\SYSTEM32\dhcpcsvc.DLL
0x00007ffa34da0000 - 0x00007ffa34e3f000 	C:\WINDOWS\System32\clbcatq.dll
0x00007ffa2e6d0000 - 0x00007ffa2e878000 	C:\WINDOWS\SYSTEM32\WindowsCodecs.dll
0x00007ffa15b40000 - 0x00007ffa15b89000 	C:\WINDOWS\system32\dataexchange.dll
0x00007ffa2dd60000 - 0x00007ffa2e016000 	C:\WINDOWS\system32\d3d11.dll
0x00007ffa2f320000 - 0x00007ffa2f471000 	C:\WINDOWS\system32\dcomp.dll
0x00007ffa2ffc0000 - 0x00007ffa300dc000 	C:\WINDOWS\system32\twinapi.appcore.dll
0x00007ffa04fc0000 - 0x00007ffa04ff2000 	C:\Program Files\Common Files\Microsoft Shared\Ink\rtscom.dll
0x0000000050280000 - 0x0000000050291000 	C:\Program Files\Java\jre1.8.0_71\bin\prism_common.dll
0x00007ffa29ee0000 - 0x00007ffa2a43f000 	C:\WINDOWS\SYSTEM32\d2d1.dll
0x00007ffa32240000 - 0x00007ffa32409000 	C:\WINDOWS\System32\CRYPT32.dll
0x00007ffa315a0000 - 0x00007ffa315b0000 	C:\WINDOWS\System32\MSASN1.dll
0x00007ffa14640000 - 0x00007ffa148cd000 	C:\WINDOWS\SYSTEM32\D3D10Warp.dll
0x00007ffa2f900000 - 0x00007ffa2f918000 	C:\WINDOWS\system32\NLAapi.dll
0x00007ffa24cb0000 - 0x00007ffa24cc6000 	C:\WINDOWS\system32\napinsp.dll
0x00007ffa24cd0000 - 0x00007ffa24cea000 	C:\WINDOWS\system32\pnrpnsp.dll
0x00007ffa30c60000 - 0x00007ffa30d01000 	C:\WINDOWS\SYSTEM32\DNSAPI.dll
0x00007ffa24cf0000 - 0x00007ffa24cfe000 	C:\WINDOWS\System32\winrnr.dll
0x0000000052bd0000 - 0x0000000052bf6000 	C:\Program Files\Bonjour\mdnsNSP.dll
0x00007ffa2ced0000 - 0x00007ffa2ceda000 	C:\Windows\System32\rasadhlp.dll
0x00007ffa2d780000 - 0x00007ffa2d7ea000 	C:\WINDOWS\System32\fwpuclnt.dll
0x0000000050250000 - 0x0000000050273000 	C:\Program Files\Java\jre1.8.0_71\bin\javafx_iio.dll

VM Arguments:
jvm_args: -Djava.library.path=C:\Users\Jack\Desktop\New folder (9)\cansat -Dfile.encoding=Cp1252 
java_command: cansat.Luncher
java_class_path (initial): F:\Stuff\cansat\newPro\cansat\bin;C:\Program Files\Java\jdk1.8.0_71\jre\lib\jfxswt.jar;F:\Stuff\cansat\newPro\cansat\lib\RXTXcomm.jar;F:\Stuff\cansat\newPro\cansat\assets
Launcher Type: SUN_STANDARD

Environment Variables:
PATH=C:/Program Files/Java/jre1.8.0_71/bin/server;C:/Program Files/Java/jre1.8.0_71/bin;C:/Program Files/Java/jre1.8.0_71/lib/amd64;C:\Program Files\Oculus\Support\oculus-runtime;C:\Program Files (x86)\ActiveState Komodo IDE 10\;C:\ProgramData\Oracle\Java\javapath;C:\Windows\system32;C:\Windows;C:\Windows\System32\Wbem;C:\Windows\System32\WindowsPowerShell\v1.0\;C:\Program Files (x86)\NVIDIA Corporation\PhysX\Common;C:\Program Files\Microsoft\Web Platform Installer\;C:\Program Files (x86)\Microsoft ASP.NET\ASP.NET Web Pages\v1.0\;C:\Program Files (x86)\Windows Kits\8.0\Windows Performance Toolkit\;C:\Program Files\Microsoft SQL Server\110\Tools\Binn\;C:\Program Files (x86)\GtkSharp\2.12\bin;C:\Users\Jack\.dnx\bin;C:\Program Files\Microsoft DNX\Dnvm\;C:\Program Files\Microsoft SQL Server\130\Tools\Binn\;C:\WINDOWS\system32;C:\WINDOWS;C:\WINDOWS\System32\Wbem;C:\WINDOWS\System32\WindowsPowerShell\v1.0\;C:\Python27;C:\Program Files (x86)\Windows Kits\10\Windows Performance Toolkit\;C:\Program Files (x86)\Windows Kits\8.1\Windows Performance Toolkit\;C:\Program Files (x86)\Skype\Phone\;C:\Program Files (x86)\OpenVPN\bin;C:\Users\Jack\AppData\Local\Microsoft\WindowsApps;C:\Program Files\Bandizip\;C:\Users\Jack\eclipse\java-mars\eclipse;
USERNAME=Jack
OS=Windows_NT
PROCESSOR_IDENTIFIER=Intel64 Family 6 Model 60 Stepping 3, GenuineIntel



---------------  S Y S T E M  ---------------

OS: Windows 10.0 , 64 bit Build 14393 (10.0.14393.1198)

CPU:total 8 (4 cores per cpu, 2 threads per core) family 6 model 60 stepping 3, cmov, cx8, fxsr, mmx, sse, sse2, sse3, ssse3, sse4.1, sse4.2, popcnt, avx, avx2, aes, clmul, erms, lzcnt, ht, tsc, tscinvbit, bmi1, bmi2

Memory: 4k page, physical 16724548k(3524264k free), swap 67056196k(5420k free)

vm_info: Java HotSpot(TM) 64-Bit Server VM (25.71-b15) for windows-amd64 JRE (1.8.0_71-b15), built on Dec 22 2015 18:15:55 by "java_re" with MS VC++ 10.0 (VS2010)

time: Sun Jun 11 21:42:18 2017
elapsed time: 4 seconds (0d 0h 0m 4s)

