#
# A fatal error has been detected by the Java Runtime Environment:
#
#  EXCEPTION_UNCAUGHT_CXX_EXCEPTION (0xe06d7363) at pc=0x00007ffbbe073c58, pid=29756, tid=53336
#
# JRE version: Java(TM) SE Runtime Environment (8.0_71-b15) (build 1.8.0_71-b15)
# Java VM: Java HotSpot(TM) 64-Bit Server VM (25.71-b15 mixed mode windows-amd64 compressed oops)
# Problematic frame:
# C  [KERNELBASE.dll+0x33c58]
#
# Failed to write core dump. Minidumps are not enabled by default on client versions of Windows
#
# If you would like to submit a bug report, please visit:
#   http://bugreport.java.com/bugreport/crash.jsp
# The crash happened outside the Java Virtual Machine in native code.
# See problematic frame for where to report the bug.
#

---------------  T H R E A D  ---------------

Current thread (0x000000001fc16000):  JavaThread "JavaFX Application Thread" [_thread_in_native, id=53336, stack(0x0000000020b60000,0x0000000020c60000)]

siginfo: ExceptionCode=0xe06d7363, ExceptionInformation=0x0000000019930520 0x0000000020c5c300 0x00007ffb7987d220 0x00007ffb797b0000 

Registers:
RAX=0x0000000000000001, RBX=0x00007ffb7987d220, RCX=0x0000000000000000, RDX=0xfff06680ffe4ed40
RSP=0x0000000020c5c190, RBP=0x0000000020c5c2d0, RSI=0x0000000000010000, RDI=0x0000000020c5c300
R8 =0x0000000004370254, R9 =0x0000000035f6e9b0, R10=0x00000000380c68f0, R11=0x0000000035019e00
R12=0x00000000359639f0, R13=0x00000000252d3601, R14=0x0000000035b18e40, R15=0x0000000035b18e40
RIP=0x00007ffbbe073c58, EFLAGS=0x0000000000000206

Top of Stack: (sp=0x0000000020c5c190)
0x0000000020c5c190:   0000000000000000 00007ffb7987d220
0x0000000020c5c1a0:   0000000000010000 0000000020c5c300
0x0000000020c5c1b0:   00000001e06d7363 0000000000000000
0x0000000020c5c1c0:   00007ffbbe073c58 0000000000000004
0x0000000020c5c1d0:   0000000019930520 0000000020c5c300
0x0000000020c5c1e0:   00007ffb7987d220 00007ffb797b0000
0x0000000020c5c1f0:   00000000252d3601 00000000359639f0
0x0000000020c5c200:   0000000020c5c300 0000000000010000
0x0000000020c5c210:   0000000020c5c2d0 00007ffbc1bbc26f
0x0000000020c5c220:   0000000020c5c2e0 0000000000000000
0x0000000020c5c230:   00009a4217b6dda3 0000000070a80000
0x0000000020c5c240:   00007ffb79894000 00007ffb797b0000
0x0000000020c5c250:   0000d9c5da3ac70f 0000000020c5c3c8
0x0000000020c5c260:   00007ffb7987d220 00007ffb7980ef63
0x0000000020c5c270:   0000000000010000 00007ffb797d70f9
0x0000000020c5c280:   0000000000010000 00000000359639f0 

Instructions: (pc=0x00007ffbbe073c58)
0x00007ffbbe073c38:   49 8b d1 44 0f 47 c0 44 89 44 24 38 49 c1 e0 03
0x00007ffbbe073c48:   e8 47 90 04 00 48 8d 4c 24 20 ff 15 a0 44 11 00
0x00007ffbbe073c58:   48 8b 8c 24 c0 00 00 00 48 33 cc e8 d8 55 04 00
0x00007ffbbe073c68:   48 81 c4 d8 00 00 00 c3 83 64 24 38 00 eb d6 cc 


Register to memory mapping:

RAX=0x0000000000000001 is an unknown value
RBX=0x00007ffb7987d220 is an unknown value
RCX=0x0000000000000000 is an unknown value
RDX=0xfff06680ffe4ed40 is an unknown value
RSP=0x0000000020c5c190 is pointing into the stack for thread: 0x000000001fc16000
RBP=0x0000000020c5c2d0 is pointing into the stack for thread: 0x000000001fc16000
RSI=0x0000000000010000 is an unknown value
RDI=0x0000000020c5c300 is pointing into the stack for thread: 0x000000001fc16000
R8 =0x0000000004370254 is at entry_point+852 in (nmethod*)0x000000000436fd50
R9 =0x0000000035f6e9b0 is an unknown value
R10=0x00000000380c68f0 is an unknown value
R11=0x0000000035019e00 is an unknown value
R12=0x00000000359639f0 is an unknown value
R13=0x00000000252d3601 is pointing into metadata
R14=0x0000000035b18e40 is an unknown value
R15=0x0000000035b18e40 is an unknown value


Stack: [0x0000000020b60000,0x0000000020c60000],  sp=0x0000000020c5c190,  free space=1008k
Native frames: (J=compiled Java code, j=interpreted, Vv=VM code, C=native code)
C  [KERNELBASE.dll+0x33c58]
C  [msvcr120.dll+0x5ef63]
C  [msvcr120.dll+0x669b0]
C  [jfxwebkit.dll+0x88419d]
C  [jfxwebkit.dll+0x884370]
C  [jfxwebkit.dll+0x88498b]
C  [jfxwebkit.dll+0x880d88]
C  [jfxwebkit.dll+0xa570a0]
C  [jfxwebkit.dll+0xa5a2f0]
C  [jfxwebkit.dll+0xa5b896]
C  [jfxwebkit.dll+0xa54fa2]
C  [jfxwebkit.dll+0xa540d6]
C  [jfxwebkit.dll+0xa54137]
C  [jfxwebkit.dll+0xa54137]
C  [jfxwebkit.dll+0xa54137]
C  [jfxwebkit.dll+0xa54137]
C  [jfxwebkit.dll+0xa54137]
C  [jfxwebkit.dll+0xa54137]
C  [jfxwebkit.dll+0xa54137]
C  [jfxwebkit.dll+0xa54137]
C  [jfxwebkit.dll+0xa54137]
C  [jfxwebkit.dll+0xa54137]
C  [jfxwebkit.dll+0xa54137]
C  [jfxwebkit.dll+0x9a48a3]
C  [jfxwebkit.dll+0x828064]
C  [jfxwebkit.dll+0x82a5ad]
C  [jfxwebkit.dll+0x8c7cff]
C  [jfxwebkit.dll+0x8aac06]
C  [jfxwebkit.dll+0x86f046]
C  [jfxwebkit.dll+0xa570f8]
C  [jfxwebkit.dll+0xa5a2f0]
C  [jfxwebkit.dll+0xa5b896]
C  [jfxwebkit.dll+0xa54fa2]
C  [jfxwebkit.dll+0x8aaf10]
C  0x0000000003445e34

Java frames: (J=compiled Java code, j=interpreted, Vv=VM code)
j  com.sun.webkit.WebPage.twkPrePaint(J)V+0
j  com.sun.webkit.WebPage.updateDirty(Lcom/sun/webkit/graphics/WCRectangle;)V+117
j  com.sun.webkit.WebPage.updateContent(Lcom/sun/webkit/graphics/WCRectangle;)V+48
j  com.sun.javafx.sg.prism.web.NGWebView.update()V+68
j  javafx.scene.web.WebView.handleStagePulse()V+78
j  javafx.scene.web.WebView.lambda$new$29()V+1
j  javafx.scene.web.WebView$$Lambda$105.pulse()V+4
J 5378 C1 com.sun.javafx.tk.Toolkit$$Lambda$251.run()Ljava/lang/Object; (8 bytes) @ 0x00000000039bfa8c [0x00000000039bf940+0x14c]
v  ~StubRoutines::call_stub
J 2492  java.security.AccessController.doPrivileged(Ljava/security/PrivilegedAction;Ljava/security/AccessControlContext;)Ljava/lang/Object; (0 bytes) @ 0x0000000003c48c26 [0x0000000003c48bc0+0x66]
J 4033 C1 com.sun.javafx.tk.Toolkit.runPulse(Lcom/sun/javafx/tk/TKPulseListener;Ljava/security/AccessControlContext;)V (26 bytes) @ 0x00000000042b7914 [0x00000000042b74a0+0x474]
j  com.sun.javafx.tk.Toolkit.firePulse()V+129
J 5759 C1 com.sun.javafx.tk.quantum.QuantumToolkit.pulse(Z)V (164 bytes) @ 0x0000000003c8245c [0x0000000003c81e00+0x65c]
J 5891 C1 com.sun.javafx.tk.quantum.QuantumToolkit$$Lambda$44.run()V (8 bytes) @ 0x0000000003849c14 [0x0000000003849a00+0x214]
J 4996 C1 com.sun.glass.ui.InvokeLaterDispatcher$Future.run()V (91 bytes) @ 0x0000000003547d54 [0x0000000003547c40+0x114]
v  ~StubRoutines::call_stub
j  com.sun.glass.ui.win.WinApplication._runLoop(Ljava/lang/Runnable;)V+0
j  com.sun.glass.ui.win.WinApplication.lambda$null$148(ILjava/lang/Runnable;)V+8
j  com.sun.glass.ui.win.WinApplication$$Lambda$40.run()V+12
j  java.lang.Thread.run()V+11
v  ~StubRoutines::call_stub

---------------  P R O C E S S  ---------------

Java Threads: ( => current thread )
  0x0000000029eaa000 JavaThread "URL-Loader-20" daemon [_thread_blocked, id=14476, stack(0x00000000342c0000,0x00000000343c0000)]
  0x0000000029eae000 JavaThread "URL-Loader-19" daemon [_thread_blocked, id=40208, stack(0x00000000341c0000,0x00000000342c0000)]
  0x0000000029ead000 JavaThread "URL-Loader-18" daemon [_thread_blocked, id=55568, stack(0x00000000340c0000,0x00000000341c0000)]
  0x0000000029eac800 JavaThread "URL-Loader-17" daemon [_thread_blocked, id=40160, stack(0x0000000033ec0000,0x0000000033fc0000)]
  0x0000000029ea3800 JavaThread "URL-Loader-16" daemon [_thread_blocked, id=52544, stack(0x0000000033bc0000,0x0000000033cc0000)]
  0x0000000029ea2800 JavaThread "URL-Loader-15" daemon [_thread_blocked, id=49716, stack(0x0000000033ac0000,0x0000000033bc0000)]
  0x0000000029ea9800 JavaThread "URL-Loader-14" daemon [_thread_blocked, id=38372, stack(0x00000000339c0000,0x0000000033ac0000)]
  0x0000000029ea8800 JavaThread "URL-Loader-13" daemon [_thread_blocked, id=55472, stack(0x00000000338c0000,0x00000000339c0000)]
  0x0000000029ea1000 JavaThread "URL-Loader-12" daemon [_thread_blocked, id=46296, stack(0x00000000337c0000,0x00000000338c0000)]
  0x0000000029ea7000 JavaThread "URL-Loader-11" daemon [_thread_blocked, id=54872, stack(0x00000000336c0000,0x00000000337c0000)]
  0x0000000029ea8000 JavaThread "URL-Loader-10" daemon [_thread_blocked, id=49468, stack(0x00000000335c0000,0x00000000336c0000)]
  0x0000000029ea6800 JavaThread "URL-Loader-9" daemon [_thread_blocked, id=48320, stack(0x00000000333c0000,0x00000000334c0000)]
  0x0000000029ea0800 JavaThread "URL-Loader-8" daemon [_thread_blocked, id=55556, stack(0x00000000331c0000,0x00000000332c0000)]
  0x0000000029ea4000 JavaThread "URL-Loader-7" daemon [_thread_blocked, id=55512, stack(0x00000000330c0000,0x00000000331c0000)]
  0x0000000029ea5800 JavaThread "URL-Loader-6" daemon [_thread_blocked, id=55792, stack(0x0000000032fc0000,0x00000000330c0000)]
  0x0000000029ea2000 JavaThread "URL-Loader-5" daemon [_thread_blocked, id=55796, stack(0x0000000032ec0000,0x0000000032fc0000)]
  0x000000002688b000 JavaThread "URL-Loader-4" daemon [_thread_blocked, id=53692, stack(0x0000000032dc0000,0x0000000032ec0000)]
  0x000000002688a800 JavaThread "URL-Loader-3" daemon [_thread_blocked, id=11436, stack(0x0000000031cf0000,0x0000000031df0000)]
  0x000000002688d800 JavaThread "URL-Loader-2" daemon [_thread_blocked, id=34620, stack(0x0000000031af0000,0x0000000031bf0000)]
  0x000000002688c000 JavaThread "Watchdog-Timer-1" daemon [_thread_blocked, id=36960, stack(0x00000000319f0000,0x0000000031af0000)]
  0x000000002688c800 JavaThread "Keep-Alive-Timer" daemon [_thread_blocked, id=26288, stack(0x00000000307d0000,0x00000000308d0000)]
  0x00000000269b2000 JavaThread "Timer-0" [_thread_blocked, id=20696, stack(0x000000002abe0000,0x000000002ace0000)]
  0x0000000026dd0800 JavaThread "Prism Font Disposer" daemon [_thread_blocked, id=39232, stack(0x00000000276b0000,0x00000000277b0000)]
  0x000000001fd28000 JavaThread "URL-Loader-1" daemon [_thread_blocked, id=52652, stack(0x0000000025d80000,0x0000000025e80000)]
  0x000000001fe1e800 JavaThread "Disposer" daemon [_thread_blocked, id=53040, stack(0x0000000025a80000,0x0000000025b80000)]
  0x000000001fcaf000 JavaThread "Thread-3" daemon [_thread_in_native, id=16880, stack(0x00000000250b0000,0x00000000251b0000)]
=>0x000000001fc16000 JavaThread "JavaFX Application Thread" [_thread_in_native, id=53336, stack(0x0000000020b60000,0x0000000020c60000)]
  0x000000001fc54800 JavaThread "Thread-2" daemon [_thread_blocked, id=35104, stack(0x0000000020a60000,0x0000000020b60000)]
  0x000000001f3d0800 JavaThread "QuantumRenderer-0" daemon [_thread_blocked, id=50848, stack(0x00000000204e0000,0x00000000205e0000)]
  0x000000001f3b7000 JavaThread "JavaFX-Launcher" [_thread_blocked, id=1396, stack(0x00000000203e0000,0x00000000204e0000)]
  0x000000001f0a7800 JavaThread "Service Thread" daemon [_thread_blocked, id=18972, stack(0x000000001f9e0000,0x000000001fae0000)]
  0x000000001f018800 JavaThread "C1 CompilerThread3" daemon [_thread_blocked, id=27320, stack(0x000000001f8e0000,0x000000001f9e0000)]
  0x000000001f018000 JavaThread "C2 CompilerThread2" daemon [_thread_blocked, id=17996, stack(0x000000001f7e0000,0x000000001f8e0000)]
  0x000000001f00c000 JavaThread "C2 CompilerThread1" daemon [_thread_blocked, id=52660, stack(0x000000001f6e0000,0x000000001f7e0000)]
  0x000000001f008000 JavaThread "C2 CompilerThread0" daemon [_thread_blocked, id=5412, stack(0x000000001f5e0000,0x000000001f6e0000)]
  0x000000001f004800 JavaThread "Attach Listener" daemon [_thread_blocked, id=52424, stack(0x000000001f4e0000,0x000000001f5e0000)]
  0x000000001f003000 JavaThread "Signal Dispatcher" daemon [_thread_blocked, id=40288, stack(0x000000001f3e0000,0x000000001f4e0000)]
  0x0000000003428800 JavaThread "Finalizer" daemon [_thread_blocked, id=33200, stack(0x000000001edf0000,0x000000001eef0000)]
  0x000000001cf2d800 JavaThread "Reference Handler" daemon [_thread_blocked, id=52684, stack(0x000000001ecf0000,0x000000001edf0000)]
  0x0000000003330800 JavaThread "main" [_thread_blocked, id=50888, stack(0x0000000003230000,0x0000000003330000)]

Other Threads:
  0x000000001cf29000 VMThread [stack: 0x000000001ebf0000,0x000000001ecf0000] [id=50916]
  0x000000001f0d2000 WatcherThread [stack: 0x000000001fae0000,0x000000001fbe0000] [id=43180]

VM state:not at safepoint (normal execution)

VM Mutex/Monitor currently owned by a thread: None

Heap:
 PSYoungGen      total 256000K, used 63597K [0x000000076af00000, 0x000000077bb00000, 0x00000007c0000000)
  eden space 240128K, 21% used [0x000000076af00000,0x000000076e1e1848,0x0000000779980000)
  from space 15872K, 72% used [0x0000000779980000,0x000000077a4b9be8,0x000000077a900000)
  to   space 15360K, 0% used [0x000000077a900000,0x000000077a900000,0x000000077b800000)
 ParOldGen       total 89088K, used 18805K [0x00000006c0c00000, 0x00000006c6300000, 0x000000076af00000)
  object space 89088K, 21% used [0x00000006c0c00000,0x00000006c1e5d480,0x00000006c6300000)
 Metaspace       used 24251K, capacity 25326K, committed 25596K, reserved 1071104K
  class space    used 3258K, capacity 3485K, committed 3584K, reserved 1048576K

Card table byte_map: [0x00000000127f0000,0x0000000012ff0000] byte_map_base: 0x000000000f1ea000

Marking Bits: (ParMarkBitMap*) 0x000000007597f600
 Begin Bits: [0x0000000013d50000, 0x0000000017d20000)
 End Bits:   [0x0000000017d20000, 0x000000001bcf0000)

Polling page: 0x0000000003180000

CodeCache: size=245760Kb used=17810Kb max_used=18172Kb free=227949Kb
 bounds [0x0000000003430000, 0x0000000004610000, 0x0000000012430000]
 total_blobs=5960 nmethods=5166 adapters=704
 compilation: enabled

Compilation events (10 events):
Event: 8.879 Thread 0x000000001f00c000 nmethod 6266 0x0000000003c44b10 code [0x0000000003c44c40, 0x0000000003c44cf8]
Event: 8.880 Thread 0x000000001f018800 nmethod 6267 0x00000000042a10d0 code [0x00000000042a12a0, 0x00000000042a1d98]
Event: 8.880 Thread 0x000000001f018800 6268       3       com.sun.javafx.webkit.prism.WCBufferedContext::<init> (51 bytes)
Event: 8.880 Thread 0x000000001f018800 nmethod 6268 0x00000000043706d0 code [0x00000000043708c0, 0x0000000004371238]
Event: 8.880 Thread 0x000000001f018800 6269       3       com.sun.javafx.webkit.prism.WCGraphicsPrismContext::<init> (38 bytes)
Event: 8.880 Thread 0x000000001f018800 nmethod 6269 0x000000000436fd50 code [0x000000000436ff00, 0x0000000004370468]
Event: 8.880 Thread 0x000000001f018800 6270       3       com.sun.javafx.webkit.prism.WCRenderQueueImpl::<init> (6 bytes)
Event: 8.880 Thread 0x000000001f018800 nmethod 6270 0x0000000003cc7410 code [0x0000000003cc7580, 0x0000000003cc7708]
Event: 8.880 Thread 0x000000001f018800 6271       3       com.sun.webkit.graphics.WCRenderQueue::<init> (47 bytes)
Event: 8.880 Thread 0x000000001f018800 nmethod 6271 0x000000000436ef50 code [0x000000000436f120, 0x000000000436f8e8]

GC Heap History (10 events):
Event: 2.421 GC heap before
{Heap before GC invocations=6 (full 1):
 PSYoungGen      total 141824K, used 131011K [0x000000076af00000, 0x0000000774400000, 0x00000007c0000000)
  eden space 131072K, 99% used [0x000000076af00000,0x0000000772ef0d38,0x0000000772f00000)
  from space 10752K, 0% used [0x0000000773980000,0x0000000773980000,0x0000000774400000)
  to   space 10752K, 0% used [0x0000000772f00000,0x0000000772f00000,0x0000000773980000)
 ParOldGen       total 89088K, used 17637K [0x00000006c0c00000, 0x00000006c6300000, 0x000000076af00000)
  object space 89088K, 19% used [0x00000006c0c00000,0x00000006c1d39418,0x00000006c6300000)
 Metaspace       used 22135K, capacity 23154K, committed 23420K, reserved 1069056K
  class space    used 3103K, capacity 3341K, committed 3456K, reserved 1048576K
Event: 2.425 GC heap after
Heap after GC invocations=6 (full 1):
 PSYoungGen      total 141824K, used 3002K [0x000000076af00000, 0x000000077b800000, 0x00000007c0000000)
  eden space 131072K, 0% used [0x000000076af00000,0x000000076af00000,0x0000000772f00000)
  from space 10752K, 27% used [0x0000000772f00000,0x00000007731eeac8,0x0000000773980000)
  to   space 15360K, 0% used [0x000000077a900000,0x000000077a900000,0x000000077b800000)
 ParOldGen       total 89088K, used 17645K [0x00000006c0c00000, 0x00000006c6300000, 0x000000076af00000)
  object space 89088K, 19% used [0x00000006c0c00000,0x00000006c1d3b418,0x00000006c6300000)
 Metaspace       used 22135K, capacity 23154K, committed 23420K, reserved 1069056K
  class space    used 3103K, capacity 3341K, committed 3456K, reserved 1048576K
}
Event: 2.455 GC heap before
{Heap before GC invocations=7 (full 1):
 PSYoungGen      total 141824K, used 133957K [0x000000076af00000, 0x000000077b800000, 0x00000007c0000000)
  eden space 131072K, 99% used [0x000000076af00000,0x0000000772ee2b90,0x0000000772f00000)
  from space 10752K, 27% used [0x0000000772f00000,0x00000007731eeac8,0x0000000773980000)
  to   space 15360K, 0% used [0x000000077a900000,0x000000077a900000,0x000000077b800000)
 ParOldGen       total 89088K, used 17645K [0x00000006c0c00000, 0x00000006c6300000, 0x000000076af00000)
  object space 89088K, 19% used [0x00000006c0c00000,0x00000006c1d3b418,0x00000006c6300000)
 Metaspace       used 22144K, capacity 23160K, committed 23420K, reserved 1069056K
  class space    used 3104K, capacity 3342K, committed 3456K, reserved 1048576K
Event: 2.459 GC heap after
Heap after GC invocations=7 (full 1):
 PSYoungGen      total 255488K, used 1886K [0x000000076af00000, 0x000000077bb00000, 0x00000007c0000000)
  eden space 240128K, 0% used [0x000000076af00000,0x000000076af00000,0x0000000779980000)
  from space 15360K, 12% used [0x000000077a900000,0x000000077aad7b08,0x000000077b800000)
  to   space 15872K, 0% used [0x0000000779980000,0x0000000779980000,0x000000077a900000)
 ParOldGen       total 89088K, used 17653K [0x00000006c0c00000, 0x00000006c6300000, 0x000000076af00000)
  object space 89088K, 19% used [0x00000006c0c00000,0x00000006c1d3d418,0x00000006c6300000)
 Metaspace       used 22144K, capacity 23160K, committed 23420K, reserved 1069056K
  class space    used 3104K, capacity 3342K, committed 3456K, reserved 1048576K
}
Event: 3.906 GC heap before
{Heap before GC invocations=8 (full 1):
 PSYoungGen      total 255488K, used 242014K [0x000000076af00000, 0x000000077bb00000, 0x00000007c0000000)
  eden space 240128K, 100% used [0x000000076af00000,0x0000000779980000,0x0000000779980000)
  from space 15360K, 12% used [0x000000077a900000,0x000000077aad7b08,0x000000077b800000)
  to   space 15872K, 0% used [0x0000000779980000,0x0000000779980000,0x000000077a900000)
 ParOldGen       total 89088K, used 17653K [0x00000006c0c00000, 0x00000006c6300000, 0x000000076af00000)
  object space 89088K, 19% used [0x00000006c0c00000,0x00000006c1d3d418,0x00000006c6300000)
 Metaspace       used 23640K, capacity 24732K, committed 25084K, reserved 1071104K
  class space    used 3246K, capacity 3482K, committed 3584K, reserved 1048576K
Event: 3.913 GC heap after
Heap after GC invocations=8 (full 1):
 PSYoungGen      total 256000K, used 9509K [0x000000076af00000, 0x000000077bb00000, 0x00000007c0000000)
  eden space 240128K, 0% used [0x000000076af00000,0x000000076af00000,0x0000000779980000)
  from space 15872K, 59% used [0x0000000779980000,0x000000077a2c9670,0x000000077a900000)
  to   space 15360K, 0% used [0x000000077a900000,0x000000077a900000,0x000000077b800000)
 ParOldGen       total 89088K, used 17661K [0x00000006c0c00000, 0x00000006c6300000, 0x000000076af00000)
  object space 89088K, 19% used [0x00000006c0c00000,0x00000006c1d3f418,0x00000006c6300000)
 Metaspace       used 23640K, capacity 24732K, committed 25084K, reserved 1071104K
  class space    used 3246K, capacity 3482K, committed 3584K, reserved 1048576K
}
Event: 5.729 GC heap before
{Heap before GC invocations=9 (full 1):
 PSYoungGen      total 256000K, used 249637K [0x000000076af00000, 0x000000077bb00000, 0x00000007c0000000)
  eden space 240128K, 100% used [0x000000076af00000,0x0000000779980000,0x0000000779980000)
  from space 15872K, 59% used [0x0000000779980000,0x000000077a2c9670,0x000000077a900000)
  to   space 15360K, 0% used [0x000000077a900000,0x000000077a900000,0x000000077b800000)
 ParOldGen       total 89088K, used 17661K [0x00000006c0c00000, 0x00000006c6300000, 0x000000076af00000)
  object space 89088K, 19% used [0x00000006c0c00000,0x00000006c1d3f418,0x00000006c6300000)
 Metaspace       used 23980K, capacity 25070K, committed 25340K, reserved 1071104K
  class space    used 3255K, capacity 3485K, committed 3584K, reserved 1048576K
Event: 5.734 GC heap after
Heap after GC invocations=9 (full 1):
 PSYoungGen      total 255488K, used 10949K [0x000000076af00000, 0x000000077bb00000, 0x00000007c0000000)
  eden space 240128K, 0% used [0x000000076af00000,0x000000076af00000,0x0000000779980000)
  from space 15360K, 71% used [0x000000077a900000,0x000000077b3b1490,0x000000077b800000)
  to   space 15872K, 0% used [0x0000000779980000,0x0000000779980000,0x000000077a900000)
 ParOldGen       total 89088K, used 17669K [0x00000006c0c00000, 0x00000006c6300000, 0x000000076af00000)
  object space 89088K, 19% used [0x00000006c0c00000,0x00000006c1d41418,0x00000006c6300000)
 Metaspace       used 23980K, capacity 25070K, committed 25340K, reserved 1071104K
  class space    used 3255K, capacity 3485K, committed 3584K, reserved 1048576K
}
Event: 8.064 GC heap before
{Heap before GC invocations=10 (full 1):
 PSYoungGen      total 255488K, used 251077K [0x000000076af00000, 0x000000077bb00000, 0x00000007c0000000)
  eden space 240128K, 100% used [0x000000076af00000,0x0000000779980000,0x0000000779980000)
  from space 15360K, 71% used [0x000000077a900000,0x000000077b3b1490,0x000000077b800000)
  to   space 15872K, 0% used [0x0000000779980000,0x0000000779980000,0x000000077a900000)
 ParOldGen       total 89088K, used 17669K [0x00000006c0c00000, 0x00000006c6300000, 0x000000076af00000)
  object space 89088K, 19% used [0x00000006c0c00000,0x00000006c1d41418,0x00000006c6300000)
 Metaspace       used 24186K, capacity 25262K, committed 25596K, reserved 1071104K
  class space    used 3258K, capacity 3485K, committed 3584K, reserved 1048576K
Event: 8.070 GC heap after
Heap after GC invocations=10 (full 1):
 PSYoungGen      total 256000K, used 11494K [0x000000076af00000, 0x000000077bb00000, 0x00000007c0000000)
  eden space 240128K, 0% used [0x000000076af00000,0x000000076af00000,0x0000000779980000)
  from space 15872K, 72% used [0x0000000779980000,0x000000077a4b9be8,0x000000077a900000)
  to   space 15360K, 0% used [0x000000077a900000,0x000000077a900000,0x000000077b800000)
 ParOldGen       total 89088K, used 18805K [0x00000006c0c00000, 0x00000006c6300000, 0x000000076af00000)
  object space 89088K, 21% used [0x00000006c0c00000,0x00000006c1e5d480,0x00000006c6300000)
 Metaspace       used 24186K, capacity 25262K, committed 25596K, reserved 1071104K
  class space    used 3258K, capacity 3485K, committed 3584K, reserved 1048576K
}

Deoptimization events (10 events):
Event: 7.108 Thread 0x000000001f3d0800 Uncommon trap: reason=unstable_if action=reinterpret pc=0x0000000003c0f014 method=com.sun.prism.impl.GlyphCache.render(Lcom/sun/prism/impl/BaseContext;Lcom/sun/javafx/scene/text/GlyphList;FFIILcom/sun/prism/paint/Color;Lcom/sun/prism/paint/Color;Lcom/sun/jxÅD÷´È@
Event: 7.228 Thread 0x000000001fc16000 Uncommon trap: reason=unstable_if action=reinterpret pc=0x0000000003ff9be0 method=javafx.scene.Parent.recomputeBounds()V @ 122
Event: 8.074 Thread 0x000000001f3d0800 Uncommon trap: reason=unstable_if action=reinterpret pc=0x0000000003a7a470 method=com.sun.prism.impl.ManagedResource._isgone(Lcom/sun/prism/impl/ManagedResource;)Z @ 1
Event: 8.401 Thread 0x000000001f3d0800 Uncommon trap: reason=null_check action=maybe_recompile pc=0x00000000037fd404 method=com.sun.javafx.webkit.prism.WCGraphicsPrismContext$ContextState.access$400(Lcom/sun/javafx/webkit/prism/WCGraphicsPrismContext$ContextState;)Lcom/sun/javafx/webkit/prism/W
Event: 8.401 Thread 0x000000001f3d0800 Uncommon trap: reason=null_check action=maybe_recompile pc=0x00000000037fd404 method=com.sun.javafx.webkit.prism.WCGraphicsPrismContext$ContextState.access$400(Lcom/sun/javafx/webkit/prism/WCGraphicsPrismContext$ContextState;)Lcom/sun/javafx/webkit/prism/WE#óìäÕ @
Event: 8.401 Thread 0x000000001f3d0800 Uncommon trap: reason=null_check action=maybe_recompile pc=0x00000000037fd404 method=com.sun.javafx.webkit.prism.WCGraphicsPrismContext$ContextState.access$400(Lcom/sun/javafx/webkit/prism/WCGraphicsPrismContext$ContextState;)Lcom/sun/javafx/webkit/prism/Wíï,ìÕ @
Event: 8.402 Thread 0x000000001f3d0800 Uncommon trap: reason=null_check action=maybe_recompile pc=0x0000000003701db0 method=com.sun.javafx.webkit.prism.WCGraphicsPrismContext$ContextState.access$400(Lcom/sun/javafx/webkit/prism/WCGraphicsPrismContext$ContextState;)Lcom/sun/javafx/webkit/prism/W•^`ä®Õ @
Event: 8.402 Thread 0x000000001f3d0800 Uncommon trap: reason=null_check action=maybe_recompile pc=0x0000000004445a88 method=com.sun.javafx.webkit.prism.WCGraphicsPrismContext$ContextState.access$300(Lcom/sun/javafx/webkit/prism/WCGraphicsPrismContext$ContextState;Lcom/sun/javafx/geom/transform/o©}^’Õ @
Event: 8.402 Thread 0x000000001f3d0800 Uncommon trap: reason=null_check action=maybe_recompile pc=0x0000000004445a88 method=com.sun.javafx.webkit.prism.WCGraphicsPrismContext$ContextState.access$300(Lcom/sun/javafx/webkit/prism/WCGraphicsPrismContext$ContextState;Lcom/sun/javafx/geom/transform/X	c^⁄Õ @
Event: 8.402 Thread 0x000000001f3d0800 Uncommon trap: reason=null_check action=maybe_recompile pc=0x0000000004445a88 method=com.sun.javafx.webkit.prism.WCGraphicsPrismContext$ContextState.access$300(Lcom/sun/javafx/webkit/prism/WCGraphicsPrismContext$ContextState;Lcom/sun/javafx/geom/transform/fgd˜Vn@

Internal exceptions (10 events):
Event: 8.402 Thread 0x000000001f3d0800 Implicit null exception at 0x0000000003701d8c to 0x0000000003701da3
Event: 8.402 Thread 0x000000001f3d0800 Implicit null exception at 0x00000000040dbe20 to 0x00000000040dc124
Event: 8.402 Thread 0x000000001f3d0800 Exception <a 'java/lang/NullPointerException'> (0x000000076ccc0828) thrown at [C:\re\workspace\8-2-build-windows-amd64-cygwin\jdk8u71\5731\hotspot\src\share\vm\runtime\sharedRuntime.cpp, line 605]
Event: 8.402 Thread 0x000000001f3d0800 Implicit null exception at 0x00000000040dbe20 to 0x00000000040dc124
Event: 8.402 Thread 0x000000001f3d0800 Exception <a 'java/lang/NullPointerException'> (0x000000076ccc11a0) thrown at [C:\re\workspace\8-2-build-windows-amd64-cygwin\jdk8u71\5731\hotspot\src\share\vm\runtime\sharedRuntime.cpp, line 605]
Event: 8.402 Thread 0x000000001f3d0800 Implicit null exception at 0x0000000004445958 to 0x0000000004445a79
Event: 8.402 Thread 0x000000001f3d0800 Implicit null exception at 0x00000000040dbe20 to 0x00000000040dc124
Event: 8.402 Thread 0x000000001f3d0800 Exception <a 'java/lang/NullPointerException'> (0x000000076d373be0) thrown at [C:\re\workspace\8-2-build-windows-amd64-cygwin\jdk8u71\5731\hotspot\src\share\vm\runtime\sharedRuntime.cpp, line 605]
Event: 8.402 Thread 0x000000001f3d0800 Implicit null exception at 0x0000000004445958 to 0x0000000004445a79
Event: 8.402 Thread 0x000000001f3d0800 Implicit null exception at 0x0000000004445958 to 0x0000000004445a79

Events (10 events):
Event: 8.448 Thread 0x000000001f018800 flushing nmethod 0x00000000042b8b50
Event: 8.448 Thread 0x000000001f018800 flushing nmethod 0x00000000042c9390
Event: 8.448 Thread 0x000000001f018800 flushing nmethod 0x0000000004367490
Event: 8.448 Thread 0x000000001f018800 flushing nmethod 0x000000000436ef50
Event: 8.448 Thread 0x000000001f018800 flushing nmethod 0x0000000004397b90
Event: 8.448 Thread 0x000000001f018800 flushing nmethod 0x00000000043b2650
Event: 8.455 Thread 0x000000001fc16000 DEOPT PACKING pc=0x00000000036bca58 sp=0x0000000020c58320
Event: 8.455 Thread 0x000000001fc16000 DEOPT UNPACKING pc=0x000000000347787f sp=0x0000000020c58048 mode 0
Event: 8.455 Thread 0x000000001fc16000 DEOPT PACKING pc=0x00000000036bca58 sp=0x0000000020c4d4b0
Event: 8.455 Thread 0x000000001fc16000 DEOPT UNPACKING pc=0x000000000347787f sp=0x0000000020c4d1d8 mode 0


Dynamic libraries:
0x00007ff7d8070000 - 0x00007ff7d80a7000 	C:\Program Files\Java\jre1.8.0_71\bin\javaw.exe
0x00007ffbc1b70000 - 0x00007ffbc1d41000 	C:\WINDOWS\SYSTEM32\ntdll.dll
0x00007ffbbfb60000 - 0x00007ffbbfc0c000 	C:\WINDOWS\System32\KERNEL32.DLL
0x00007ffbbe040000 - 0x00007ffbbe25d000 	C:\WINDOWS\System32\KERNELBASE.dll
0x00007ffbc0090000 - 0x00007ffbc0132000 	C:\WINDOWS\System32\ADVAPI32.dll
0x00007ffbbf3b0000 - 0x00007ffbbf44e000 	C:\WINDOWS\System32\msvcrt.dll
0x00007ffbc0030000 - 0x00007ffbc0089000 	C:\WINDOWS\System32\sechost.dll
0x00007ffbbfa30000 - 0x00007ffbbfb51000 	C:\WINDOWS\System32\RPCRT4.dll
0x00007ffbbf140000 - 0x00007ffbbf2a5000 	C:\WINDOWS\System32\USER32.dll
0x00007ffbbe460000 - 0x00007ffbbe47e000 	C:\WINDOWS\System32\win32u.dll
0x00007ffbc1ac0000 - 0x00007ffbc1af4000 	C:\WINDOWS\System32\GDI32.dll
0x00007ffbbef50000 - 0x00007ffbbf0d2000 	C:\WINDOWS\System32\gdi32full.dll
0x00007ffbb4b60000 - 0x00007ffbb4dda000 	C:\WINDOWS\WinSxS\amd64_microsoft.windows.common-controls_6595b64144ccf1df_6.0.14393.953_none_42151e83c686086b\COMCTL32.dll
0x00007ffbbfd60000 - 0x00007ffbc0028000 	C:\WINDOWS\System32\combase.dll
0x00007ffbbe360000 - 0x00007ffbbe455000 	C:\WINDOWS\System32\ucrtbase.dll
0x00007ffbbed10000 - 0x00007ffbbed7a000 	C:\WINDOWS\System32\bcryptPrimitives.dll
0x00007ffbc1660000 - 0x00007ffbc168e000 	C:\WINDOWS\System32\IMM32.DLL
0x00007ffbbc780000 - 0x00007ffbbc7b0000 	c:\PROGRA~1\BULLGU~1\BULLGU~1\BgAgent.dll
0x0000000072c60000 - 0x0000000072d32000 	C:\Program Files\Java\jre1.8.0_71\bin\msvcr100.dll
0x0000000075170000 - 0x00000000759ff000 	C:\Program Files\Java\jre1.8.0_71\bin\server\jvm.dll
0x00007ffbbf790000 - 0x00007ffbbf798000 	C:\WINDOWS\System32\PSAPI.DLL
0x00007ffbb1ba0000 - 0x00007ffbb1ba9000 	C:\WINDOWS\SYSTEM32\WSOCK32.dll
0x00007ffbbbc80000 - 0x00007ffbbbca3000 	C:\WINDOWS\SYSTEM32\WINMM.dll
0x00007ffbba2e0000 - 0x00007ffbba2ea000 	C:\WINDOWS\SYSTEM32\VERSION.dll
0x00007ffbbfcd0000 - 0x00007ffbbfd3a000 	C:\WINDOWS\System32\WS2_32.dll
0x00000000031a0000 - 0x00000000031cb000 	C:\WINDOWS\SYSTEM32\WINMMBASE.dll
0x00007ffbbe310000 - 0x00007ffbbe352000 	C:\WINDOWS\System32\cfgmgr32.dll
0x0000000050020000 - 0x000000005002f000 	C:\Program Files\Java\jre1.8.0_71\bin\verify.dll
0x0000000075140000 - 0x0000000075169000 	C:\Program Files\Java\jre1.8.0_71\bin\java.dll
0x0000000050000000 - 0x0000000050016000 	C:\Program Files\Java\jre1.8.0_71\bin\zip.dll
0x00007ffbc0140000 - 0x00007ffbc1648000 	C:\WINDOWS\System32\SHELL32.dll
0x00007ffbbe5d0000 - 0x00007ffbbecaa000 	C:\WINDOWS\System32\windows.storage.dll
0x00007ffbbdff0000 - 0x00007ffbbe03c000 	C:\WINDOWS\System32\powrprof.dll
0x00007ffbbf0e0000 - 0x00007ffbbf132000 	C:\WINDOWS\System32\shlwapi.dll
0x00007ffbbdfd0000 - 0x00007ffbbdfdf000 	C:\WINDOWS\System32\kernel.appcore.dll
0x00007ffbbe260000 - 0x00007ffbbe309000 	C:\WINDOWS\System32\shcore.dll
0x00007ffbbdfb0000 - 0x00007ffbbdfc4000 	C:\WINDOWS\System32\profapi.dll
0x00007ffb797b0000 - 0x00007ffb7989f000 	C:\Program Files\Java\jre1.8.0_71\bin\msvcr120.dll
0x00007ffb79700000 - 0x00007ffb797a6000 	C:\Program Files\Java\jre1.8.0_71\bin\msvcp120.dll
0x0000000072c30000 - 0x0000000072c53000 	C:\Program Files\Java\jre1.8.0_71\bin\prism_d3d.dll
0x00007ffb8bf20000 - 0x00007ffb8c0ad000 	C:\WINDOWS\system32\d3d9.dll
0x00007ffbbb780000 - 0x00007ffbbb7a6000 	C:\WINDOWS\SYSTEM32\dwmapi.dll
0x00007ffbbc650000 - 0x00007ffbbc6e5000 	C:\WINDOWS\system32\uxtheme.dll
0x00007ffb79a00000 - 0x00007ffb7aabc000 	C:\WINDOWS\System32\DriverStore\FileRepository\nv_dispiwu.inf_amd64_b67dc924fff8de6d\nvd3dumx.dll
0x00007ffbb5a60000 - 0x00007ffbb5c17000 	C:\WINDOWS\system32\nvspcap64.dll
0x00007ffbbf650000 - 0x00007ffbbf788000 	C:\WINDOWS\System32\ole32.dll
0x00007ffbbf960000 - 0x00007ffbbfa1f000 	C:\WINDOWS\System32\OLEAUT32.dll
0x00007ffbbe530000 - 0x00007ffbbe5cc000 	C:\WINDOWS\System32\msvcp_win.dll
0x00007ffbc1690000 - 0x00007ffbc1ab9000 	C:\WINDOWS\System32\SETUPAPI.dll
0x00007ffbb9e60000 - 0x00007ffbb9f2d000 	C:\WINDOWS\SYSTEM32\WINHTTP.dll
0x00007ffbb98c0000 - 0x00007ffbb9cbb000 	C:\WINDOWS\system32\nvapi64.dll
0x00007ffbbcf30000 - 0x00007ffbbcfcf000 	C:\WINDOWS\SYSTEM32\dxgi.dll
0x00007ffbbdcb0000 - 0x00007ffbbdcdc000 	C:\WINDOWS\SYSTEM32\SspiCli.dll
0x0000000072be0000 - 0x0000000072c23000 	C:\Program Files\Java\jre1.8.0_71\bin\glass.dll
0x00007ffbbf2b0000 - 0x00007ffbbf3aa000 	C:\WINDOWS\System32\COMDLG32.dll
0x00007ffbbf7a0000 - 0x00007ffbbf8fa000 	C:\WINDOWS\System32\MSCTF.dll
0x00007ffbb9cc0000 - 0x00007ffbb9da6000 	C:\Program Files (x86)\NVIDIA Corporation\3D Vision\nvSCPAPI64.dll
0x0000000070630000 - 0x0000000070644000 	C:\Program Files\Java\jre1.8.0_71\bin\javafx_font.dll
0x00007ffba5280000 - 0x00007ffba54e9000 	C:\WINDOWS\SYSTEM32\dwrite.dll
0x0000000070650000 - 0x0000000072bdd000 	C:\Program Files\Java\jre1.8.0_71\bin\jfxwebkit.dll
0x00007ffbbda80000 - 0x00007ffbbda97000 	C:\WINDOWS\SYSTEM32\CRYPTSP.dll
0x00007ffbbd4e0000 - 0x00007ffbbd513000 	C:\WINDOWS\system32\rsaenh.dll
0x00007ffbbdb90000 - 0x00007ffbbdbbb000 	C:\WINDOWS\SYSTEM32\bcrypt.dll
0x00007ffbbdaa0000 - 0x00007ffbbdaab000 	C:\WINDOWS\SYSTEM32\CRYPTBASE.dll
0x0000000075120000 - 0x000000007513a000 	C:\Program Files\Java\jre1.8.0_71\bin\net.dll
0x00007ffbbd8e0000 - 0x00007ffbbd93c000 	C:\WINDOWS\system32\mswsock.dll
0x0000000075100000 - 0x0000000075111000 	C:\Program Files\Java\jre1.8.0_71\bin\nio.dll
0x00000000750d0000 - 0x00000000750f4000 	C:\Program Files\Java\jre1.8.0_71\bin\sunec.dll
0x00007ffbbd760000 - 0x00007ffbbd77f000 	C:\WINDOWS\SYSTEM32\USERENV.dll
0x00007ffbbd660000 - 0x00007ffbbd698000 	C:\WINDOWS\SYSTEM32\IPHLPAPI.DLL
0x00007ffbbfa20000 - 0x00007ffbbfa28000 	C:\WINDOWS\System32\NSI.dll
0x00007ffbbaaa0000 - 0x00007ffbbaab6000 	C:\WINDOWS\SYSTEM32\dhcpcsvc6.DLL
0x00007ffbbaa80000 - 0x00007ffbbaa9a000 	C:\WINDOWS\SYSTEM32\dhcpcsvc.DLL
0x00007ffbbfc30000 - 0x00007ffbbfccf000 	C:\WINDOWS\System32\clbcatq.dll
0x00007ffbbb140000 - 0x00007ffbbb2e8000 	C:\WINDOWS\SYSTEM32\WindowsCodecs.dll
0x00007ffbb26f0000 - 0x00007ffbb2739000 	C:\WINDOWS\system32\dataexchange.dll
0x00007ffbba7c0000 - 0x00007ffbbaa76000 	C:\WINDOWS\system32\d3d11.dll
0x00007ffbbbff0000 - 0x00007ffbbc141000 	C:\WINDOWS\system32\dcomp.dll
0x00007ffbbca00000 - 0x00007ffbbcb1c000 	C:\WINDOWS\system32\twinapi.appcore.dll
0x00007ffba3e10000 - 0x00007ffba3e42000 	C:\Program Files\Common Files\Microsoft Shared\Ink\rtscom.dll
0x0000000070610000 - 0x0000000070621000 	C:\Program Files\Java\jre1.8.0_71\bin\prism_common.dll
0x00007ffbb7800000 - 0x00007ffbb7d5f000 	C:\WINDOWS\SYSTEM32\d2d1.dll
0x00007ffbbed80000 - 0x00007ffbbef49000 	C:\WINDOWS\System32\CRYPT32.dll
0x00007ffbbdfe0000 - 0x00007ffbbdff0000 	C:\WINDOWS\System32\MSASN1.dll
0x00007ffba3890000 - 0x00007ffba3b1d000 	C:\WINDOWS\SYSTEM32\D3D10Warp.dll
0x00007ffbbbdd0000 - 0x00007ffbbbde8000 	C:\WINDOWS\system32\NLAapi.dll
0x00007ffbb2880000 - 0x00007ffbb2896000 	C:\WINDOWS\system32\napinsp.dll
0x00007ffbb28a0000 - 0x00007ffbb28ba000 	C:\WINDOWS\system32\pnrpnsp.dll
0x00007ffbbd6a0000 - 0x00007ffbbd741000 	C:\WINDOWS\SYSTEM32\DNSAPI.dll
0x00007ffbb28c0000 - 0x00007ffbb28ce000 	C:\WINDOWS\System32\winrnr.dll
0x0000000050640000 - 0x0000000050666000 	C:\Program Files\Bonjour\mdnsNSP.dll
0x00007ffbb98b0000 - 0x00007ffbb98ba000 	C:\Windows\System32\rasadhlp.dll
0x00007ffbba300000 - 0x00007ffbba36a000 	C:\WINDOWS\System32\fwpuclnt.dll
0x00000000705e0000 - 0x0000000070603000 	C:\Program Files\Java\jre1.8.0_71\bin\javafx_iio.dll
0x00007ffbacc90000 - 0x00007ffbace22000 	C:\WINDOWS\SYSTEM32\dbghelp.dll

VM Arguments:
jvm_args: -Djava.library.path=C:\Users\Jack\Desktop\New folder (9)\cansat -Dfile.encoding=Cp1252 
java_command: cansat.Luncher
java_class_path (initial): F:\Stuff\cansat\newPro\cansat\bin;C:\Program Files\Java\jdk1.8.0_71\jre\lib\jfxswt.jar;F:\Stuff\cansat\newPro\cansat\lib\RXTXcomm.jar
Launcher Type: SUN_STANDARD

Environment Variables:
PATH=C:/Program Files/Java/jre1.8.0_71/bin/server;C:/Program Files/Java/jre1.8.0_71/bin;C:/Program Files/Java/jre1.8.0_71/lib/amd64;C:\Program Files\Oculus\Support\oculus-runtime;C:\Program Files (x86)\ActiveState Komodo IDE 10\;C:\ProgramData\Oracle\Java\javapath;C:\Windows\system32;C:\Windows;C:\Windows\System32\Wbem;C:\Windows\System32\WindowsPowerShell\v1.0\;C:\Program Files (x86)\NVIDIA Corporation\PhysX\Common;C:\Program Files (x86)\Skype\Phone\;C:\Program Files\Microsoft\Web Platform Installer\;C:\Program Files (x86)\Microsoft ASP.NET\ASP.NET Web Pages\v1.0\;C:\Program Files (x86)\Windows Kits\8.0\Windows Performance Toolkit\;C:\Program Files\Microsoft SQL Server\110\Tools\Binn\;C:\Program Files (x86)\GtkSharp\2.12\bin;C:\Users\Jack\.dnx\bin;C:\Program Files\Microsoft DNX\Dnvm\;C:\Program Files\Microsoft SQL Server\130\Tools\Binn\;C:\WINDOWS\system32;C:\WINDOWS;C:\WINDOWS\System32\Wbem;C:\WINDOWS\System32\WindowsPowerShell\v1.0\;C:\Python27;C:\Program Files (x86)\Windows Kits\10\Windows Performance Toolkit\;C:\Program Files (x86)\Windows Kits\8.1\Windows Performance Toolkit\;C:\Users\Jack\AppData\Local\Microsoft\WindowsApps;C:\Program Files\Bandizip\;C:\Users\Jack\eclipse\java-mars\eclipse;
USERNAME=Jack
OS=Windows_NT
PROCESSOR_IDENTIFIER=Intel64 Family 6 Model 60 Stepping 3, GenuineIntel



---------------  S Y S T E M  ---------------

OS: Windows 10.0 , 64 bit Build 14393 (10.0.14393.1198)

CPU:total 8 (4 cores per cpu, 2 threads per core) family 6 model 60 stepping 3, cmov, cx8, fxsr, mmx, sse, sse2, sse3, ssse3, sse4.1, sse4.2, popcnt, avx, avx2, aes, clmul, erms, lzcnt, ht, tsc, tscinvbit, bmi1, bmi2

Memory: 4k page, physical 16724548k(4057668k free), swap 67056196k(3116k free)

vm_info: Java HotSpot(TM) 64-Bit Server VM (25.71-b15) for windows-amd64 JRE (1.8.0_71-b15), built on Dec 22 2015 18:15:55 by "java_re" with MS VC++ 10.0 (VS2010)

time: Fri Jun 02 03:31:36 2017
elapsed time: 8 seconds (0d 0h 0m 8s)

