#
# There is insufficient memory for the Java Runtime Environment to continue.
# Native memory allocation (malloc) failed to allocate 1048576 bytes for AllocateHeap
# Possible reasons:
#   The system is out of physical RAM or swap space
#   In 32 bit mode, the process size limit was hit
# Possible solutions:
#   Reduce memory load on the system
#   Increase physical memory or swap space
#   Check if swap backing store is full
#   Use 64 bit Java on a 64 bit OS
#   Decrease Java heap size (-Xmx/-Xms)
#   Decrease number of Java threads
#   Decrease Java thread stack sizes (-Xss)
#   Set larger code cache with -XX:ReservedCodeCacheSize=
# This output file may be truncated or incomplete.
#
#  Out of Memory Error (memory/allocation.inline.hpp:61), pid=26268, tid=27332
#
# JRE version:  (8.0_71-b15) (build )
# Java VM: Java HotSpot(TM) 64-Bit Server VM (25.71-b15 mixed mode windows-amd64 compressed oops)
# Failed to write core dump. Minidumps are not enabled by default on client versions of Windows
#

---------------  T H R E A D  ---------------

Current thread (0x0000000002f00800):  JavaThread "Unknown thread" [_thread_in_vm, id=27332, stack(0x0000000002de0000,0x0000000002ee0000)]

Stack: [0x0000000002de0000,0x0000000002ee0000]
[error occurred during error reporting (printing stack bounds), id 0xc0000005]

Native frames: (J=compiled Java code, j=interpreted, Vv=VM code, C=native code)


---------------  P R O C E S S  ---------------

Java Threads: ( => current thread )

Other Threads:

=>0x0000000002f00800 (exited) JavaThread "Unknown thread" [_thread_in_vm, id=27332, stack(0x0000000002de0000,0x0000000002ee0000)]

VM state:not at safepoint (normal execution)

VM Mutex/Monitor currently owned by a thread: None

Heap:
 PSYoungGen      total 76288K, used 1310K [0x000000076af00000, 0x0000000770400000, 0x00000007c0000000)
  eden space 65536K, 2% used [0x000000076af00000,0x000000076b047af0,0x000000076ef00000)
  from space 10752K, 0% used [0x000000076f980000,0x000000076f980000,0x0000000770400000)
  to   space 10752K, 0% used [0x000000076ef00000,0x000000076ef00000,0x000000076f980000)
 ParOldGen       total 175104K, used 0K [0x00000006c0c00000, 0x00000006cb700000, 0x000000076af00000)
  object space 175104K, 0% used [0x00000006c0c00000,0x00000006c0c00000,0x00000006cb700000)
 Metaspace       used 746K, capacity 4480K, committed 4480K, reserved 1056768K
  class space    used 75K, capacity 384K, committed 384K, reserved 1048576K

Card table byte_map: [0x00000000123c0000,0x0000000012bc0000] byte_map_base: 0x000000000edba000

Marking Bits: (ParMarkBitMap*) 0x000000005957f600
 Begin Bits: [0x0000000013920000, 0x00000000178f0000)
 End Bits:   [0x00000000178f0000, 0x000000001b8c0000)

Polling page: 0x0000000002db0000

CodeCache: size=245760Kb used=328Kb max_used=328Kb free=245431Kb
 bounds [0x0000000003000000, 0x0000000003270000, 0x0000000012000000]
 total_blobs=57 nmethods=0 adapters=37
 compilation: enabled

Compilation events (0 events):
No events

GC Heap History (0 events):
No events

Deoptimization events (0 events):
No events

Internal exceptions (0 events):
No events

Events (10 events):
Event: 0.018 loading class java/lang/Short
Event: 0.018 loading class java/lang/Short done
Event: 0.018 loading class java/lang/Integer
Event: 0.018 loading class java/lang/Integer done
Event: 0.018 loading class java/lang/Long
Event: 0.018 loading class java/lang/Long done
Event: 0.019 loading class java/lang/NullPointerException
Event: 0.019 loading class java/lang/NullPointerException done
Event: 0.019 loading class java/lang/ArithmeticException
Event: 0.019 loading class java/lang/ArithmeticException done


Dynamic libraries:
0x00007ff6d4520000 - 0x00007ff6d4557000 	C:\Program Files\Java\jre1.8.0_71\bin\javaw.exe
0x00007ffca10a0000 - 0x00007ffca1271000 	C:\WINDOWS\SYSTEM32\ntdll.dll
0x00007ffc9e7d0000 - 0x00007ffc9e87b000 	C:\WINDOWS\System32\KERNEL32.DLL
0x00007ffc9d6b0000 - 0x00007ffc9d8cd000 	C:\WINDOWS\System32\KERNELBASE.dll
0x00007ffca0a00000 - 0x00007ffca0aa2000 	C:\WINDOWS\System32\ADVAPI32.dll
0x00007ffc9e730000 - 0x00007ffc9e7ce000 	C:\WINDOWS\System32\msvcrt.dll
0x00007ffc9e6d0000 - 0x00007ffc9e729000 	C:\WINDOWS\System32\sechost.dll
0x00007ffc9eb20000 - 0x00007ffc9ec41000 	C:\WINDOWS\System32\RPCRT4.dll
0x00007ffca0c60000 - 0x00007ffca0dc5000 	C:\WINDOWS\System32\USER32.dll
0x00007ffc9d690000 - 0x00007ffc9d6ae000 	C:\WINDOWS\System32\win32u.dll
0x00007ffca0ad0000 - 0x00007ffca0b04000 	C:\WINDOWS\System32\GDI32.dll
0x00007ffc9d980000 - 0x00007ffc9db02000 	C:\WINDOWS\System32\gdi32full.dll
0x00007ffc92c50000 - 0x00007ffc92ec9000 	C:\WINDOWS\WinSxS\amd64_microsoft.windows.common-controls_6595b64144ccf1df_6.0.14393.447_none_42191651c6827bb3\COMCTL32.dll
0x00007ffca0730000 - 0x00007ffca09f8000 	C:\WINDOWS\System32\combase.dll
0x00007ffc9e470000 - 0x00007ffc9e565000 	C:\WINDOWS\System32\ucrtbase.dll
0x00007ffc9d570000 - 0x00007ffc9d5da000 	C:\WINDOWS\System32\bcryptPrimitives.dll
0x00007ffc9f150000 - 0x00007ffc9f17e000 	C:\WINDOWS\System32\IMM32.DLL
0x00007ffc9c3e0000 - 0x00007ffc9c410000 	c:\PROGRA~1\BULLGU~1\BULLGU~1\BgAgent.dll
0x0000000058bc0000 - 0x0000000058c92000 	C:\Program Files\Java\jre1.8.0_71\bin\msvcr100.dll
0x0000000058d70000 - 0x00000000595ff000 	C:\Program Files\Java\jre1.8.0_71\bin\server\jvm.dll
0x00007ffc9e880000 - 0x00007ffc9e888000 	C:\WINDOWS\System32\PSAPI.DLL
0x00007ffc99950000 - 0x00007ffc9995a000 	C:\WINDOWS\SYSTEM32\VERSION.dll
0x00007ffc8f8a0000 - 0x00007ffc8f8a9000 	C:\WINDOWS\SYSTEM32\WSOCK32.dll
0x00007ffc9b170000 - 0x00007ffc9b193000 	C:\WINDOWS\SYSTEM32\WINMM.dll
0x00007ffc9ec50000 - 0x00007ffc9ecba000 	C:\WINDOWS\System32\WS2_32.dll
0x0000000002d80000 - 0x0000000002dab000 	C:\WINDOWS\SYSTEM32\WINMMBASE.dll
0x00007ffc9d640000 - 0x00007ffc9d682000 	C:\WINDOWS\System32\cfgmgr32.dll
0x0000000058d60000 - 0x0000000058d6f000 	C:\Program Files\Java\jre1.8.0_71\bin\verify.dll
0x0000000058d30000 - 0x0000000058d59000 	C:\Program Files\Java\jre1.8.0_71\bin\java.dll
0x0000000058d10000 - 0x0000000058d26000 	C:\Program Files\Java\jre1.8.0_71\bin\zip.dll

VM Arguments:
jvm_args: -Djava.library.path=C:\Users\Jack\Desktop\New folder (9)\cansat -Dfile.encoding=Cp1252 
java_command: cansat.Main
java_class_path (initial): C:\Users\Jack\Desktop\New folder (9)\cansat\bin;C:\Program Files\Java\jdk1.8.0_71\jre\lib\jfxswt.jar;C:\Users\Jack\Desktop\New folder (9)\cansat\lib\RXTXcomm.jar
Launcher Type: SUN_STANDARD

Environment Variables:
PATH=C:/Program Files/Java/jre1.8.0_71/bin/server;C:/Program Files/Java/jre1.8.0_71/bin;C:/Program Files/Java/jre1.8.0_71/lib/amd64;C:\Program Files\Oculus\Support\oculus-runtime;C:\Program Files (x86)\ActiveState Komodo IDE 10\;C:\ProgramData\Oracle\Java\javapath;C:\Windows\system32;C:\Windows;C:\Windows\System32\Wbem;C:\Windows\System32\WindowsPowerShell\v1.0\;C:\Program Files (x86)\NVIDIA Corporation\PhysX\Common;C:\Program Files (x86)\Skype\Phone\;C:\Program Files\Microsoft\Web Platform Installer\;C:\Program Files (x86)\Microsoft ASP.NET\ASP.NET Web Pages\v1.0\;C:\Program Files (x86)\Windows Kits\8.0\Windows Performance Toolkit\;C:\Program Files\Microsoft SQL Server\110\Tools\Binn\;C:\Program Files (x86)\GtkSharp\2.12\bin;C:\Users\Jack\.dnx\bin;C:\Program Files\Microsoft DNX\Dnvm\;C:\Program Files\Microsoft SQL Server\130\Tools\Binn\;C:\WINDOWS\system32;C:\WINDOWS;C:\WINDOWS\System32\Wbem;C:\WINDOWS\System32\WindowsPowerShell\v1.0\;C:\Python27;C:\Users\Jack\AppData\Local\Microsoft\WindowsApps;;C:\Users\Jack\eclipse\java-mars\eclipse;
USERNAME=Jack
OS=Windows_NT
PROCESSOR_IDENTIFIER=Intel64 Family 6 Model 60 Stepping 3, GenuineIntel



---------------  S Y S T E M  ---------------

OS: Windows 10.0 , 64 bit Build 14393 (10.0.14393.0)

CPU:total 8 (4 cores per cpu, 2 threads per core) family 6 model 60 stepping 3, cmov, cx8, fxsr, mmx, sse, sse2, sse3, ssse3, sse4.1, sse4.2, popcnt, avx, avx2, aes, clmul, erms, lzcnt, ht, tsc, tscinvbit, bmi1, bmi2

Memory: 4k page, physical 16724548k(5436660k free), swap 67056196k(10520k free)

vm_info: Java HotSpot(TM) 64-Bit Server VM (25.71-b15) for windows-amd64 JRE (1.8.0_71-b15), built on Dec 22 2015 18:15:55 by "java_re" with MS VC++ 10.0 (VS2010)

time: Tue Mar 07 00:51:06 2017
elapsed time: 0 seconds (0d 0h 0m 0s)

