#
# There is insufficient memory for the Java Runtime Environment to continue.
# Native memory allocation (malloc) failed to allocate 1294736 bytes for Chunk::new
# Possible reasons:
#   The system is out of physical RAM or swap space
#   In 32 bit mode, the process size limit was hit
# Possible solutions:
#   Reduce memory load on the system
#   Increase physical memory or swap space
#   Check if swap backing store is full
#   Use 64 bit Java on a 64 bit OS
#   Decrease Java heap size (-Xmx/-Xms)
#   Decrease number of Java threads
#   Decrease Java thread stack sizes (-Xss)
#   Set larger code cache with -XX:ReservedCodeCacheSize=
# This output file may be truncated or incomplete.
#
#  Out of Memory Error (allocation.cpp:390), pid=16504, tid=18864
#
# JRE version: Java(TM) SE Runtime Environment (8.0_71-b15) (build 1.8.0_71-b15)
# Java VM: Java HotSpot(TM) 64-Bit Server VM (25.71-b15 mixed mode windows-amd64 compressed oops)
# Failed to write core dump. Minidumps are not enabled by default on client versions of Windows
#

---------------  T H R E A D  ---------------

Current thread (0x000000001eea6000):  JavaThread "C2 CompilerThread0" daemon [_thread_in_native, id=18864, stack(0x000000001f480000,0x000000001f580000)]

Stack: [0x000000001f480000,0x000000001f580000]
[error occurred during error reporting (printing stack bounds), id 0xc0000005]

Native frames: (J=compiled Java code, j=interpreted, Vv=VM code, C=native code)


Current CompileTask:
C2:   5542 5433   !   4       com.sun.javafx.css.StyleManager::findMatchingStyles (1260 bytes)


---------------  P R O C E S S  ---------------

Java Threads: ( => current thread )
  0x0000000026c96800 JavaThread "Thread-34" daemon [_thread_blocked, id=17780, stack(0x000000003a600000,0x000000003a700000)]
  0x0000000026c94000 JavaThread "Thread-33" daemon [_thread_blocked, id=22600, stack(0x000000003a500000,0x000000003a600000)]
  0x0000000026c8c800 JavaThread "Thread-32" daemon [_thread_blocked, id=23036, stack(0x000000003a400000,0x000000003a500000)]
  0x0000000026c8f000 JavaThread "Thread-31" daemon [_thread_blocked, id=23056, stack(0x000000003a300000,0x000000003a400000)]
  0x0000000026c92800 JavaThread "Thread-30" daemon [_thread_blocked, id=23536, stack(0x0000000039230000,0x0000000039330000)]
  0x0000000026c92000 JavaThread "Thread-29" daemon [_thread_blocked, id=21040, stack(0x0000000039130000,0x0000000039230000)]
  0x0000000026c90800 JavaThread "Thread-28" daemon [_thread_blocked, id=16776, stack(0x0000000039030000,0x0000000039130000)]
  0x0000000026c8e000 JavaThread "Thread-27" daemon [_thread_blocked, id=3656, stack(0x0000000038f30000,0x0000000039030000)]
  0x0000000026c93800 JavaThread "Thread-26" daemon [_thread_blocked, id=19820, stack(0x0000000037e60000,0x0000000037f60000)]
  0x0000000026c8b000 JavaThread "Thread-25" daemon [_thread_blocked, id=24364, stack(0x0000000037d60000,0x0000000037e60000)]
  0x0000000026c91000 JavaThread "Thread-24" daemon [_thread_blocked, id=18072, stack(0x0000000037c60000,0x0000000037d60000)]
  0x0000000026c88000 JavaThread "Thread-23" daemon [_thread_blocked, id=24224, stack(0x00000000379a0000,0x0000000037aa0000)]
  0x0000000026c89000 JavaThread "Thread-22" daemon [_thread_blocked, id=24200, stack(0x0000000037780000,0x0000000037880000)]
  0x000000002692b000 JavaThread "URL-Loader-20" daemon [_thread_blocked, id=14404, stack(0x0000000034870000,0x0000000034970000)]
  0x0000000026931800 JavaThread "URL-Loader-19" daemon [_thread_blocked, id=6200, stack(0x0000000034770000,0x0000000034870000)]
  0x000000002692e800 JavaThread "URL-Loader-18" daemon [_thread_blocked, id=21984, stack(0x0000000034670000,0x0000000034770000)]
  0x000000002692a000 JavaThread "URL-Loader-17" daemon [_thread_blocked, id=23984, stack(0x0000000033870000,0x0000000033970000)]
  0x0000000026931000 JavaThread "URL-Loader-16" daemon [_thread_blocked, id=23892, stack(0x0000000033770000,0x0000000033870000)]
  0x000000002692c800 JavaThread "URL-Loader-15" daemon [_thread_blocked, id=23888, stack(0x0000000033670000,0x0000000033770000)]
  0x000000002692e000 JavaThread "URL-Loader-14" daemon [_thread_blocked, id=23872, stack(0x0000000033570000,0x0000000033670000)]
  0x000000002692d000 JavaThread "URL-Loader-13" daemon [_thread_in_native, id=23068, stack(0x0000000033470000,0x0000000033570000)]
  0x0000000026930000 JavaThread "URL-Loader-12" daemon [_thread_blocked, id=24288, stack(0x0000000033370000,0x0000000033470000)]
  0x000000002692b800 JavaThread "URL-Loader-11" daemon [_thread_blocked, id=18372, stack(0x0000000033270000,0x0000000033370000)]
  0x0000000026928800 JavaThread "URL-Loader-10" daemon [_thread_blocked, id=20180, stack(0x0000000033030000,0x0000000033130000)]
  0x000000002692f800 JavaThread "URL-Loader-9" daemon [_thread_blocked, id=21196, stack(0x0000000032f10000,0x0000000033010000)]
  0x0000000026929800 JavaThread "URL-Loader-8" daemon [_thread_blocked, id=21176, stack(0x0000000032d70000,0x0000000032e70000)]
  0x0000000025ecb000 JavaThread "URL-Loader-7" daemon [_thread_blocked, id=7328, stack(0x0000000032c70000,0x0000000032d70000)]
  0x0000000025eca000 JavaThread "URL-Loader-6" daemon [_thread_blocked, id=24332, stack(0x0000000032b70000,0x0000000032c70000)]
  0x0000000025ec8800 JavaThread "URL-Loader-5" daemon [_thread_blocked, id=5260, stack(0x0000000031a60000,0x0000000031b60000)]
  0x0000000025ec8000 JavaThread "URL-Loader-4" daemon [_thread_blocked, id=19824, stack(0x0000000031860000,0x0000000031960000)]
  0x0000000025ece800 JavaThread "URL-Loader-3" daemon [_thread_blocked, id=23176, stack(0x00000000315a0000,0x00000000316a0000)]
  0x0000000025ecc800 JavaThread "URL-Loader-2" daemon [_thread_blocked, id=20880, stack(0x000000002ff40000,0x0000000030040000)]
  0x0000000025ec9800 JavaThread "Watchdog-Timer-1" daemon [_thread_blocked, id=17392, stack(0x000000002dc40000,0x000000002dd40000)]
  0x0000000025ecd000 JavaThread "Keep-Alive-Timer" daemon [_thread_blocked, id=12000, stack(0x000000002d340000,0x000000002d440000)]
  0x0000000025ece000 JavaThread "Timer-0" [_thread_blocked, id=17836, stack(0x00000000291f0000,0x00000000292f0000)]
  0x0000000026377000 JavaThread "Prism Font Disposer" daemon [_thread_blocked, id=19064, stack(0x00000000274c0000,0x00000000275c0000)]
  0x000000001fdfb000 JavaThread "URL-Loader-1" daemon [_thread_blocked, id=24492, stack(0x0000000025b80000,0x0000000025c80000)]
  0x000000001fe4f000 JavaThread "Disposer" daemon [_thread_blocked, id=22908, stack(0x0000000025880000,0x0000000025980000)]
  0x000000001fc29800 JavaThread "Thread-3" daemon [_thread_in_native, id=23024, stack(0x0000000024f40000,0x0000000025040000)]
  0x000000001fbab000 JavaThread "JavaFX Application Thread" [_thread_blocked, id=19008, stack(0x0000000020a40000,0x0000000020b40000)]
  0x000000001fbde800 JavaThread "Thread-2" daemon [_thread_blocked, id=19244, stack(0x0000000020940000,0x0000000020a40000)]
  0x000000001fb96800 JavaThread "QuantumRenderer-0" daemon [_thread_in_native, id=17784, stack(0x0000000020380000,0x0000000020480000)]
  0x000000001f254000 JavaThread "JavaFX-Launcher" [_thread_blocked, id=19564, stack(0x000000001fa80000,0x000000001fb80000)]
  0x000000001ef50000 JavaThread "Service Thread" daemon [_thread_blocked, id=24284, stack(0x000000001f880000,0x000000001f980000)]
  0x000000001eeb9000 JavaThread "C1 CompilerThread3" daemon [_thread_blocked, id=23652, stack(0x000000001f780000,0x000000001f880000)]
  0x000000001eeb8800 JavaThread "C2 CompilerThread2" daemon [_thread_in_native, id=22568, stack(0x000000001f680000,0x000000001f780000)]
  0x000000001eeae000 JavaThread "C2 CompilerThread1" daemon [_thread_blocked, id=14704, stack(0x000000001f580000,0x000000001f680000)]
=>0x000000001eea6000 JavaThread "C2 CompilerThread0" daemon [_thread_in_native, id=18864, stack(0x000000001f480000,0x000000001f580000)]
  0x000000001eea4800 JavaThread "Attach Listener" daemon [_thread_blocked, id=19708, stack(0x000000001f380000,0x000000001f480000)]
  0x000000001eea3000 JavaThread "Signal Dispatcher" daemon [_thread_blocked, id=18492, stack(0x000000001f280000,0x000000001f380000)]
  0x0000000003318800 JavaThread "Finalizer" daemon [_thread_blocked, id=16800, stack(0x000000001ec90000,0x000000001ed90000)]
  0x000000001cdcd800 JavaThread "Reference Handler" daemon [_thread_blocked, id=23292, stack(0x000000001eb90000,0x000000001ec90000)]
  0x0000000003220800 JavaThread "main" [_thread_blocked, id=11548, stack(0x0000000003050000,0x0000000003150000)]

Other Threads:
  0x000000001cdc9000 VMThread [stack: 0x000000001ea90000,0x000000001eb90000] [id=21488]
  0x000000001ef52800 WatcherThread [stack: 0x000000001f980000,0x000000001fa80000] [id=23080]

VM state:not at safepoint (normal execution)

VM Mutex/Monitor currently owned by a thread: None

Heap:
 PSYoungGen      total 182784K, used 147183K [0x000000076af00000, 0x000000077c780000, 0x00000007c0000000)
  eden space 166912K, 83% used [0x000000076af00000,0x00000007736b42c0,0x0000000775200000)
  from space 15872K, 51% used [0x0000000775200000,0x0000000775a07940,0x0000000776180000)
  to   space 15872K, 0% used [0x000000077b800000,0x000000077b800000,0x000000077c780000)
 ParOldGen       total 137216K, used 16484K [0x00000006c0c00000, 0x00000006c9200000, 0x000000076af00000)
  object space 137216K, 12% used [0x00000006c0c00000,0x00000006c1c19298,0x00000006c9200000)
 Metaspace       used 24502K, capacity 25674K, committed 25984K, reserved 1071104K
  class space    used 3359K, capacity 3617K, committed 3712K, reserved 1048576K

Card table byte_map: [0x00000000126e0000,0x0000000012ee0000] byte_map_base: 0x000000000f0da000

Marking Bits: (ParMarkBitMap*) 0x0000000077f7f600
 Begin Bits: [0x0000000013c40000, 0x0000000017c10000)
 End Bits:   [0x0000000017c10000, 0x000000001bbe0000)

Polling page: 0x0000000001550000

CodeCache: size=245760Kb used=15196Kb max_used=17760Kb free=230563Kb
 bounds [0x0000000003320000, 0x00000000044d0000, 0x0000000012320000]
 total_blobs=5276 nmethods=4468 adapters=719
 compilation: enabled

Compilation events (10 events):
Event: 5.523 Thread 0x000000001eeb9000 5479       1       java.security.Provider$Service::getAlgorithm (5 bytes)
Event: 5.523 Thread 0x000000001eeb9000 nmethod 5479 0x0000000003e95e90 code [0x0000000003e95fe0, 0x0000000003e960f0]
Event: 5.526 Thread 0x000000001eeae000 nmethod 5475% 0x0000000003a7ec90 code [0x0000000003a7ee00, 0x0000000003a7f4f8]
Event: 5.526 Thread 0x000000001eeae000 5476       4       java.math.BigInteger::multiplyToLen (219 bytes)
Event: 5.532 Thread 0x000000001eeae000 nmethod 5476 0x00000000036bb550 code [0x00000000036bb6a0, 0x00000000036bbbd8]
Event: 5.532 Thread 0x000000001eeae000 5477       4       java.util.AbstractList::listIterator (6 bytes)
Event: 5.533 Thread 0x000000001eeae000 nmethod 5477 0x0000000003ac0a10 code [0x0000000003ac0b40, 0x0000000003ac0bb8]
Event: 5.533 Thread 0x000000001eeae000 5478       4       java.security.MessageDigest::update (14 bytes)
Event: 5.534 Thread 0x000000001eeb9000 5480       3       com.sun.glass.ui.View::getHeight (8 bytes)
Event: 5.534 Thread 0x000000001eeb9000 nmethod 5480 0x0000000003e95b10 code [0x0000000003e95c80, 0x0000000003e95e08]

GC Heap History (10 events):
Event: 1.774 GC heap before
{Heap before GC invocations=4 (full 1):
 PSYoungGen      total 76288K, used 68125K [0x000000076af00000, 0x0000000771700000, 0x00000007c0000000)
  eden space 65536K, 99% used [0x000000076af00000,0x000000076eee4460,0x000000076ef00000)
  from space 10752K, 25% used [0x000000076f980000,0x000000076fc23398,0x0000000770400000)
  to   space 10752K, 0% used [0x000000076ef00000,0x000000076ef00000,0x000000076f980000)
 ParOldGen       total 137216K, used 15152K [0x00000006c0c00000, 0x00000006c9200000, 0x000000076af00000)
  object space 137216K, 11% used [0x00000006c0c00000,0x00000006c1acc280,0x00000006c9200000)
 Metaspace       used 22293K, capacity 23274K, committed 23424K, reserved 1069056K
  class space    used 3201K, capacity 3443K, committed 3456K, reserved 1048576K
Event: 1.775 GC heap after
Heap after GC invocations=4 (full 1):
 PSYoungGen      total 76288K, used 1605K [0x000000076af00000, 0x0000000772a80000, 0x00000007c0000000)
  eden space 65536K, 0% used [0x000000076af00000,0x000000076af00000,0x000000076ef00000)
  from space 10752K, 14% used [0x000000076ef00000,0x000000076f091478,0x000000076f980000)
  to   space 10752K, 0% used [0x0000000772000000,0x0000000772000000,0x0000000772a80000)
 ParOldGen       total 137216K, used 15160K [0x00000006c0c00000, 0x00000006c9200000, 0x000000076af00000)
  object space 137216K, 11% used [0x00000006c0c00000,0x00000006c1ace280,0x00000006c9200000)
 Metaspace       used 22293K, capacity 23274K, committed 23424K, reserved 1069056K
  class space    used 3201K, capacity 3443K, committed 3456K, reserved 1048576K
}
Event: 1.788 GC heap before
{Heap before GC invocations=5 (full 1):
 PSYoungGen      total 76288K, used 67075K [0x000000076af00000, 0x0000000772a80000, 0x00000007c0000000)
  eden space 65536K, 99% used [0x000000076af00000,0x000000076eeefa48,0x000000076ef00000)
  from space 10752K, 14% used [0x000000076ef00000,0x000000076f091478,0x000000076f980000)
  to   space 10752K, 0% used [0x0000000772000000,0x0000000772000000,0x0000000772a80000)
 ParOldGen       total 137216K, used 15160K [0x00000006c0c00000, 0x00000006c9200000, 0x000000076af00000)
  object space 137216K, 11% used [0x00000006c0c00000,0x00000006c1ace280,0x00000006c9200000)
 Metaspace       used 22294K, capacity 23274K, committed 23424K, reserved 1069056K
  class space    used 3201K, capacity 3443K, committed 3456K, reserved 1048576K
Event: 1.789 GC heap after
Heap after GC invocations=5 (full 1):
 PSYoungGen      total 115712K, used 1730K [0x000000076af00000, 0x0000000773100000, 0x00000007c0000000)
  eden space 104960K, 0% used [0x000000076af00000,0x000000076af00000,0x0000000771580000)
  from space 10752K, 16% used [0x0000000772000000,0x00000007721b0b90,0x0000000772a80000)
  to   space 10752K, 0% used [0x0000000771580000,0x0000000771580000,0x0000000772000000)
 ParOldGen       total 137216K, used 15168K [0x00000006c0c00000, 0x00000006c9200000, 0x000000076af00000)
  object space 137216K, 11% used [0x00000006c0c00000,0x00000006c1ad0280,0x00000006c9200000)
 Metaspace       used 22294K, capacity 23274K, committed 23424K, reserved 1069056K
  class space    used 3201K, capacity 3443K, committed 3456K, reserved 1048576K
}
Event: 2.361 GC heap before
{Heap before GC invocations=6 (full 1):
 PSYoungGen      total 115712K, used 106690K [0x000000076af00000, 0x0000000773100000, 0x00000007c0000000)
  eden space 104960K, 100% used [0x000000076af00000,0x0000000771580000,0x0000000771580000)
  from space 10752K, 16% used [0x0000000772000000,0x00000007721b0b90,0x0000000772a80000)
  to   space 10752K, 0% used [0x0000000771580000,0x0000000771580000,0x0000000772000000)
 ParOldGen       total 137216K, used 15168K [0x00000006c0c00000, 0x00000006c9200000, 0x000000076af00000)
  object space 137216K, 11% used [0x00000006c0c00000,0x00000006c1ad0280,0x00000006c9200000)
 Metaspace       used 22912K, capacity 23936K, committed 24064K, reserved 1069056K
  class space    used 3242K, capacity 3486K, committed 3584K, reserved 1048576K
Event: 2.364 GC heap after
Heap after GC invocations=6 (full 1):
 PSYoungGen      total 115712K, used 3764K [0x000000076af00000, 0x0000000777900000, 0x00000007c0000000)
  eden space 104960K, 0% used [0x000000076af00000,0x000000076af00000,0x0000000771580000)
  from space 10752K, 35% used [0x0000000771580000,0x000000077192d2d0,0x0000000772000000)
  to   space 16896K, 0% used [0x0000000776880000,0x0000000776880000,0x0000000777900000)
 ParOldGen       total 137216K, used 15176K [0x00000006c0c00000, 0x00000006c9200000, 0x000000076af00000)
  object space 137216K, 11% used [0x00000006c0c00000,0x00000006c1ad2280,0x00000006c9200000)
 Metaspace       used 22912K, capacity 23936K, committed 24064K, reserved 1069056K
  class space    used 3242K, capacity 3486K, committed 3584K, reserved 1048576K
}
Event: 3.440 GC heap before
{Heap before GC invocations=7 (full 1):
 PSYoungGen      total 115712K, used 108724K [0x000000076af00000, 0x0000000777900000, 0x00000007c0000000)
  eden space 104960K, 100% used [0x000000076af00000,0x0000000771580000,0x0000000771580000)
  from space 10752K, 35% used [0x0000000771580000,0x000000077192d2d0,0x0000000772000000)
  to   space 16896K, 0% used [0x0000000776880000,0x0000000776880000,0x0000000777900000)
 ParOldGen       total 137216K, used 15176K [0x00000006c0c00000, 0x00000006c9200000, 0x000000076af00000)
  object space 137216K, 11% used [0x00000006c0c00000,0x00000006c1ad2290,0x00000006c9200000)
 Metaspace       used 23587K, capacity 24712K, committed 24832K, reserved 1071104K
  class space    used 3287K, capacity 3540K, committed 3584K, reserved 1048576K
Event: 3.445 GC heap after
Heap after GC invocations=7 (full 1):
 PSYoungGen      total 175616K, used 6862K [0x000000076af00000, 0x0000000777100000, 0x00000007c0000000)
  eden space 166912K, 0% used [0x000000076af00000,0x000000076af00000,0x0000000775200000)
  from space 8704K, 78% used [0x0000000776880000,0x0000000776f33830,0x0000000777100000)
  to   space 15872K, 0% used [0x0000000775200000,0x0000000775200000,0x0000000776180000)
 ParOldGen       total 137216K, used 15184K [0x00000006c0c00000, 0x00000006c9200000, 0x000000076af00000)
  object space 137216K, 11% used [0x00000006c0c00000,0x00000006c1ad4290,0x00000006c9200000)
 Metaspace       used 23587K, capacity 24712K, committed 24832K, reserved 1071104K
  class space    used 3287K, capacity 3540K, committed 3584K, reserved 1048576K
}
Event: 4.522 GC heap before
{Heap before GC invocations=8 (full 1):
 PSYoungGen      total 175616K, used 173774K [0x000000076af00000, 0x0000000777100000, 0x00000007c0000000)
  eden space 166912K, 100% used [0x000000076af00000,0x0000000775200000,0x0000000775200000)
  from space 8704K, 78% used [0x0000000776880000,0x0000000776f33830,0x0000000777100000)
  to   space 15872K, 0% used [0x0000000775200000,0x0000000775200000,0x0000000776180000)
 ParOldGen       total 137216K, used 15186K [0x00000006c0c00000, 0x00000006c9200000, 0x000000076af00000)
  object space 137216K, 11% used [0x00000006c0c00000,0x00000006c1ad4990,0x00000006c9200000)
 Metaspace       used 24062K, capacity 25182K, committed 25344K, reserved 1071104K
  class space    used 3322K, capacity 3583K, committed 3584K, reserved 1048576K
Event: 4.527 GC heap after
Heap after GC invocations=8 (full 1):
 PSYoungGen      total 182784K, used 8222K [0x000000076af00000, 0x000000077c780000, 0x00000007c0000000)
  eden space 166912K, 0% used [0x000000076af00000,0x000000076af00000,0x0000000775200000)
  from space 15872K, 51% used [0x0000000775200000,0x0000000775a07940,0x0000000776180000)
  to   space 15872K, 0% used [0x000000077b800000,0x000000077b800000,0x000000077c780000)
 ParOldGen       total 137216K, used 16484K [0x00000006c0c00000, 0x00000006c9200000, 0x000000076af00000)
  object space 137216K, 12% used [0x00000006c0c00000,0x00000006c1c19298,0x00000006c9200000)
 Metaspace       used 24062K, capacity 25182K, committed 25344K, reserved 1071104K
  class space    used 3322K, capacity 3583K, committed 3584K, reserved 1048576K
}

Deoptimization events (10 events):
Event: 4.230 Thread 0x000000001fb96800 Uncommon trap: reason=unstable_if action=reinterpret pc=0x0000000003ad8204 method=java.lang.Math.round(F)I @ 36
Event: 4.320 Thread 0x000000001fbab000 Uncommon trap: reason=bimorphic action=maybe_recompile pc=0x0000000003ea0430 method=javafx.scene.Node$6.invalidated()V @ 7
Event: 4.357 Thread 0x000000002692f800 Uncommon trap: reason=class_check action=maybe_recompile pc=0x00000000038be030 method=java.io.FilterInputStream.read()I @ 4
Event: 4.357 Thread 0x000000002692f800 Uncommon trap: reason=class_check action=maybe_recompile pc=0x00000000038be030 method=java.io.FilterInputStream.read()I @ 4
Event: 4.357 Thread 0x000000002692f800 Uncommon trap: reason=class_check action=maybe_recompile pc=0x00000000038be030 method=java.io.FilterInputStream.read()I @ 4
Event: 4.357 Thread 0x000000002692f800 Uncommon trap: reason=class_check action=maybe_recompile pc=0x00000000038be030 method=java.io.FilterInputStream.read()I @ 4
Event: 4.670 Thread 0x000000001fbab000 Uncommon trap: reason=unstable_if action=reinterpret pc=0x00000000036be40c method=com.sun.javafx.image.impl.BaseByteToByteConverter$FourByteReorderer.doConvert([BII[BIIII)V @ 31
Event: 5.023 Thread 0x000000001fb96800 Uncommon trap: reason=class_check action=maybe_recompile pc=0x00000000043bc9b0 method=com.sun.prism.d3d.D3DContext.updateShaderTransform(Lcom/sun/prism/ps/Shader;Lcom/sun/javafx/geom/transform/BaseTransform;)V @ 5
Event: 5.302 Thread 0x000000001fbab000 Uncommon trap: reason=bimorphic action=maybe_recompile pc=0x0000000003ea0430 method=javafx.scene.Node$6.invalidated()V @ 7
Event: 5.482 Thread 0x000000001fb96800 Uncommon trap: reason=class_check action=maybe_recompile pc=0x00000000043bc9b0 method=com.sun.prism.d3d.D3DContext.updateShaderTransform(Lcom/sun/prism/ps/Shader;Lcom/sun/javafx/geom/transform/BaseTransform;)V @ 5

Internal exceptions (10 events):
Event: 0.550 Thread 0x000000001fbab000 Implicit null exception at 0x0000000003529696 to 0x00000000035299e1
Event: 0.559 Thread 0x000000001fbab000 Implicit null exception at 0x000000000360b482 to 0x000000000360c5bd
Event: 0.991 Thread 0x000000001fbab000 Implicit null exception at 0x00000000037430f1 to 0x0000000003743661
Event: 2.515 Thread 0x000000001fbab000 Implicit null exception at 0x0000000003f03948 to 0x0000000003f0401d
Event: 2.515 Thread 0x000000001fbab000 Implicit null exception at 0x000000000403d334 to 0x000000000403d649
Event: 2.515 Thread 0x000000001fbab000 Implicit null exception at 0x0000000003f72389 to 0x0000000003f72499
Event: 2.517 Thread 0x000000001fbab000 Implicit null exception at 0x0000000003e1c299 to 0x0000000003e1c349
Event: 4.058 Thread 0x000000001fb96800 Implicit null exception at 0x0000000003ea3b4c to 0x0000000003ea3d9d
Event: 4.058 Thread 0x000000001fb96800 Implicit null exception at 0x000000000419bce8 to 0x000000000419c4cd
Event: 4.070 Thread 0x000000001fb96800 Implicit null exception at 0x00000000042189c1 to 0x0000000004218a7d

Events (10 events):
Event: 5.502 Executing VM operation: RevokeBias done
Event: 5.502 Thread 0x0000000026c89800 Thread exited: 0x0000000026c89800
Event: 5.502 Executing VM operation: RevokeBias
Event: 5.502 Executing VM operation: RevokeBias done
Event: 5.502 Thread 0x0000000026c8a800 Thread exited: 0x0000000026c8a800
Event: 5.517 Thread 0x000000002692d000 DEOPT PACKING pc=0x0000000003bc206e sp=0x000000003356d520
Event: 5.517 Thread 0x000000002692d000 DEOPT UNPACKING pc=0x000000000336787f sp=0x000000003356d228 mode 0
Event: 5.518 Executing VM operation: RevokeBias
Event: 5.519 Executing VM operation: RevokeBias done
Event: 5.519 Thread 0x0000000026c8c000 Thread exited: 0x0000000026c8c000


Dynamic libraries:
0x00007ff6833d0000 - 0x00007ff683407000 	C:\Program Files\Java\jre1.8.0_71\bin\javaw.exe
0x00007ffa35130000 - 0x00007ffa35301000 	C:\WINDOWS\SYSTEM32\ntdll.dll
0x00007ffa34f70000 - 0x00007ffa3501c000 	C:\WINDOWS\System32\KERNEL32.DLL
0x00007ffa31740000 - 0x00007ffa3195d000 	C:\WINDOWS\System32\KERNELBASE.dll
0x00007ffa35020000 - 0x00007ffa350c2000 	C:\WINDOWS\System32\ADVAPI32.dll
0x00007ffa34ed0000 - 0x00007ffa34f6e000 	C:\WINDOWS\System32\msvcrt.dll
0x00007ffa32ff0000 - 0x00007ffa33049000 	C:\WINDOWS\System32\sechost.dll
0x00007ffa33120000 - 0x00007ffa33241000 	C:\WINDOWS\System32\RPCRT4.dll
0x00007ffa34bd0000 - 0x00007ffa34d35000 	C:\WINDOWS\System32\USER32.dll
0x00007ffa31720000 - 0x00007ffa3173e000 	C:\WINDOWS\System32\win32u.dll
0x00007ffa34b90000 - 0x00007ffa34bc4000 	C:\WINDOWS\System32\GDI32.dll
0x00007ffa32410000 - 0x00007ffa32592000 	C:\WINDOWS\System32\gdi32full.dll
0x00007ffa272f0000 - 0x00007ffa2756a000 	C:\WINDOWS\WinSxS\amd64_microsoft.windows.common-controls_6595b64144ccf1df_6.0.14393.953_none_42151e83c686086b\COMCTL32.dll
0x00007ffa328f0000 - 0x00007ffa32bb8000 	C:\WINDOWS\System32\combase.dll
0x00007ffa325a0000 - 0x00007ffa32695000 	C:\WINDOWS\System32\ucrtbase.dll
0x00007ffa31600000 - 0x00007ffa3166a000 	C:\WINDOWS\System32\bcryptPrimitives.dll
0x00007ffa334b0000 - 0x00007ffa334de000 	C:\WINDOWS\System32\IMM32.DLL
0x00007ffa2fd40000 - 0x00007ffa2fd70000 	c:\PROGRA~1\BULLGU~1\BULLGU~1\BgAgent.dll
0x0000000050340000 - 0x0000000050412000 	C:\Program Files\Java\jre1.8.0_71\bin\msvcr100.dll
0x0000000077770000 - 0x0000000077fff000 	C:\Program Files\Java\jre1.8.0_71\bin\server\jvm.dll
0x00007ffa328c0000 - 0x00007ffa328c8000 	C:\WINDOWS\System32\PSAPI.DLL
0x00007ffa240b0000 - 0x00007ffa240b9000 	C:\WINDOWS\SYSTEM32\WSOCK32.dll
0x00007ffa2f6c0000 - 0x00007ffa2f6e3000 	C:\WINDOWS\SYSTEM32\WINMM.dll
0x00007ffa2d6e0000 - 0x00007ffa2d6ea000 	C:\WINDOWS\SYSTEM32\VERSION.dll
0x00007ffa33050000 - 0x00007ffa330ba000 	C:\WINDOWS\System32\WS2_32.dll
0x0000000001520000 - 0x000000000154b000 	C:\WINDOWS\SYSTEM32\WINMMBASE.dll
0x00007ffa31960000 - 0x00007ffa319a2000 	C:\WINDOWS\System32\cfgmgr32.dll
0x00000000504e0000 - 0x00000000504ef000 	C:\Program Files\Java\jre1.8.0_71\bin\verify.dll
0x00000000504b0000 - 0x00000000504d9000 	C:\Program Files\Java\jre1.8.0_71\bin\java.dll
0x0000000050490000 - 0x00000000504a6000 	C:\Program Files\Java\jre1.8.0_71\bin\zip.dll
0x00007ffa334e0000 - 0x00007ffa349e8000 	C:\WINDOWS\System32\SHELL32.dll
0x00007ffa31a60000 - 0x00007ffa3213a000 	C:\WINDOWS\System32\windows.storage.dll
0x00007ffa315b0000 - 0x00007ffa315fc000 	C:\WINDOWS\System32\powrprof.dll
0x00007ffa350d0000 - 0x00007ffa35122000 	C:\WINDOWS\System32\shlwapi.dll
0x00007ffa31590000 - 0x00007ffa3159f000 	C:\WINDOWS\System32\kernel.appcore.dll
0x00007ffa319b0000 - 0x00007ffa31a59000 	C:\WINDOWS\System32\shcore.dll
0x00007ffa31570000 - 0x00007ffa31584000 	C:\WINDOWS\System32\profapi.dll
0x00007ffa0c9d0000 - 0x00007ffa0cabf000 	C:\Program Files\Java\jre1.8.0_71\bin\msvcr120.dll
0x00007ffa0c920000 - 0x00007ffa0c9c6000 	C:\Program Files\Java\jre1.8.0_71\bin\msvcp120.dll
0x0000000050310000 - 0x0000000050333000 	C:\Program Files\Java\jre1.8.0_71\bin\prism_d3d.dll
0x00007ff9fcc70000 - 0x00007ff9fcdfd000 	C:\WINDOWS\system32\d3d9.dll
0x00007ffa2ef90000 - 0x00007ffa2efb6000 	C:\WINDOWS\SYSTEM32\dwmapi.dll
0x00007ffa2fc10000 - 0x00007ffa2fca5000 	C:\WINDOWS\system32\uxtheme.dll
0x00007ff9e5300000 - 0x00007ff9e63bc000 	C:\WINDOWS\System32\DriverStore\FileRepository\nv_dispiwu.inf_amd64_b67dc924fff8de6d\nvd3dumx.dll
0x00007ffa27d20000 - 0x00007ffa27ed7000 	C:\WINDOWS\system32\nvspcap64.dll
0x00007ffa32780000 - 0x00007ffa328b8000 	C:\WINDOWS\System32\ole32.dll
0x00007ffa326a0000 - 0x00007ffa3275f000 	C:\WINDOWS\System32\OLEAUT32.dll
0x00007ffa32140000 - 0x00007ffa321dc000 	C:\WINDOWS\System32\msvcp_win.dll
0x00007ffa32bc0000 - 0x00007ffa32fe9000 	C:\WINDOWS\System32\SETUPAPI.dll
0x00007ffa2d410000 - 0x00007ffa2d4dd000 	C:\WINDOWS\SYSTEM32\WINHTTP.dll
0x00007ffa2cee0000 - 0x00007ffa2d2db000 	C:\WINDOWS\system32\nvapi64.dll
0x00007ffa304f0000 - 0x00007ffa3058f000 	C:\WINDOWS\SYSTEM32\dxgi.dll
0x00007ffa31270000 - 0x00007ffa3129c000 	C:\WINDOWS\SYSTEM32\SspiCli.dll
0x00000000502c0000 - 0x0000000050303000 	C:\Program Files\Java\jre1.8.0_71\bin\glass.dll
0x00007ffa33250000 - 0x00007ffa3334a000 	C:\WINDOWS\System32\COMDLG32.dll
0x00007ffa33350000 - 0x00007ffa334aa000 	C:\WINDOWS\System32\MSCTF.dll
0x00007ffa2d2e0000 - 0x00007ffa2d3c6000 	C:\Program Files (x86)\NVIDIA Corporation\3D Vision\nvSCPAPI64.dll
0x00000000502a0000 - 0x00000000502b4000 	C:\Program Files\Java\jre1.8.0_71\bin\javafx_font.dll
0x00007ffa27a10000 - 0x00007ffa27c79000 	C:\WINDOWS\SYSTEM32\dwrite.dll
0x00000000751e0000 - 0x000000007776d000 	C:\Program Files\Java\jre1.8.0_71\bin\jfxwebkit.dll
0x00007ffa31040000 - 0x00007ffa31057000 	C:\WINDOWS\SYSTEM32\CRYPTSP.dll
0x00007ffa30aa0000 - 0x00007ffa30ad3000 	C:\WINDOWS\system32\rsaenh.dll
0x00007ffa31150000 - 0x00007ffa3117b000 	C:\WINDOWS\SYSTEM32\bcrypt.dll
0x00007ffa31060000 - 0x00007ffa3106b000 	C:\WINDOWS\SYSTEM32\CRYPTBASE.dll
0x0000000050470000 - 0x000000005048a000 	C:\Program Files\Java\jre1.8.0_71\bin\net.dll
0x00007ffa30ea0000 - 0x00007ffa30efc000 	C:\WINDOWS\system32\mswsock.dll
0x0000000050450000 - 0x0000000050461000 	C:\Program Files\Java\jre1.8.0_71\bin\nio.dll
0x0000000050420000 - 0x0000000050444000 	C:\Program Files\Java\jre1.8.0_71\bin\sunec.dll
0x00007ffa30d20000 - 0x00007ffa30d3f000 	C:\WINDOWS\SYSTEM32\USERENV.dll
0x00007ffa30c20000 - 0x00007ffa30c58000 	C:\WINDOWS\SYSTEM32\IPHLPAPI.DLL
0x00007ffa34ec0000 - 0x00007ffa34ec8000 	C:\WINDOWS\System32\NSI.dll
0x00007ffa2dd40000 - 0x00007ffa2dd56000 	C:\WINDOWS\SYSTEM32\dhcpcsvc6.DLL
0x00007ffa2dca0000 - 0x00007ffa2dcba000 	C:\WINDOWS\SYSTEM32\dhcpcsvc.DLL
0x00007ffa34da0000 - 0x00007ffa34e3f000 	C:\WINDOWS\System32\clbcatq.dll
0x00007ffa2e6d0000 - 0x00007ffa2e878000 	C:\WINDOWS\SYSTEM32\WindowsCodecs.dll
0x00007ffa15b40000 - 0x00007ffa15b89000 	C:\WINDOWS\system32\dataexchange.dll
0x00007ffa2f320000 - 0x00007ffa2f471000 	C:\WINDOWS\system32\dcomp.dll
0x00007ffa2dd60000 - 0x00007ffa2e016000 	C:\WINDOWS\system32\d3d11.dll
0x00007ffa2ffc0000 - 0x00007ffa300dc000 	C:\WINDOWS\system32\twinapi.appcore.dll
0x00007ffa2b1d0000 - 0x00007ffa2b202000 	C:\Program Files\Common Files\Microsoft Shared\Ink\rtscom.dll
0x0000000050280000 - 0x0000000050291000 	C:\Program Files\Java\jre1.8.0_71\bin\prism_common.dll
0x00007ffa29ee0000 - 0x00007ffa2a43f000 	C:\WINDOWS\SYSTEM32\d2d1.dll
0x00007ffa32240000 - 0x00007ffa32409000 	C:\WINDOWS\System32\CRYPT32.dll
0x00007ffa315a0000 - 0x00007ffa315b0000 	C:\WINDOWS\System32\MSASN1.dll
0x00007ffa14640000 - 0x00007ffa148cd000 	C:\WINDOWS\SYSTEM32\D3D10Warp.dll
0x00007ffa2f900000 - 0x00007ffa2f918000 	C:\WINDOWS\system32\NLAapi.dll
0x00007ffa24cb0000 - 0x00007ffa24cc6000 	C:\WINDOWS\system32\napinsp.dll
0x00007ffa24cd0000 - 0x00007ffa24cea000 	C:\WINDOWS\system32\pnrpnsp.dll
0x00007ffa30c60000 - 0x00007ffa30d01000 	C:\WINDOWS\SYSTEM32\DNSAPI.dll
0x00007ffa24cf0000 - 0x00007ffa24cfe000 	C:\WINDOWS\System32\winrnr.dll
0x0000000052bd0000 - 0x0000000052bf6000 	C:\Program Files\Bonjour\mdnsNSP.dll
0x00007ffa2ced0000 - 0x00007ffa2ceda000 	C:\Windows\System32\rasadhlp.dll
0x00007ffa2d780000 - 0x00007ffa2d7ea000 	C:\WINDOWS\System32\fwpuclnt.dll
0x0000000050250000 - 0x0000000050273000 	C:\Program Files\Java\jre1.8.0_71\bin\javafx_iio.dll

VM Arguments:
jvm_args: -Djava.library.path=C:\Users\Jack\Desktop\New folder (9)\cansat -Dfile.encoding=Cp1252 
java_command: cansat.Luncher
java_class_path (initial): F:\Stuff\cansat\newPro\cansat\bin;C:\Program Files\Java\jdk1.8.0_71\jre\lib\jfxswt.jar;F:\Stuff\cansat\newPro\cansat\lib\RXTXcomm.jar;F:\Stuff\cansat\newPro\cansat\assets
Launcher Type: SUN_STANDARD

Environment Variables:
PATH=C:/Program Files/Java/jre1.8.0_71/bin/server;C:/Program Files/Java/jre1.8.0_71/bin;C:/Program Files/Java/jre1.8.0_71/lib/amd64;C:\Program Files\Oculus\Support\oculus-runtime;C:\Program Files (x86)\ActiveState Komodo IDE 10\;C:\ProgramData\Oracle\Java\javapath;C:\Windows\system32;C:\Windows;C:\Windows\System32\Wbem;C:\Windows\System32\WindowsPowerShell\v1.0\;C:\Program Files (x86)\NVIDIA Corporation\PhysX\Common;C:\Program Files\Microsoft\Web Platform Installer\;C:\Program Files (x86)\Microsoft ASP.NET\ASP.NET Web Pages\v1.0\;C:\Program Files (x86)\Windows Kits\8.0\Windows Performance Toolkit\;C:\Program Files\Microsoft SQL Server\110\Tools\Binn\;C:\Program Files (x86)\GtkSharp\2.12\bin;C:\Users\Jack\.dnx\bin;C:\Program Files\Microsoft DNX\Dnvm\;C:\Program Files\Microsoft SQL Server\130\Tools\Binn\;C:\WINDOWS\system32;C:\WINDOWS;C:\WINDOWS\System32\Wbem;C:\WINDOWS\System32\WindowsPowerShell\v1.0\;C:\Python27;C:\Program Files (x86)\Windows Kits\10\Windows Performance Toolkit\;C:\Program Files (x86)\Windows Kits\8.1\Windows Performance Toolkit\;C:\Program Files (x86)\Skype\Phone\;C:\Program Files (x86)\OpenVPN\bin;C:\Users\Jack\AppData\Local\Microsoft\WindowsApps;C:\Program Files\Bandizip\;C:\Users\Jack\eclipse\java-mars\eclipse;
USERNAME=Jack
OS=Windows_NT
PROCESSOR_IDENTIFIER=Intel64 Family 6 Model 60 Stepping 3, GenuineIntel



---------------  S Y S T E M  ---------------

OS: Windows 10.0 , 64 bit Build 14393 (10.0.14393.1198)

CPU:total 8 (4 cores per cpu, 2 threads per core) family 6 model 60 stepping 3, cmov, cx8, fxsr, mmx, sse, sse2, sse3, ssse3, sse4.1, sse4.2, popcnt, avx, avx2, aes, clmul, erms, lzcnt, ht, tsc, tscinvbit, bmi1, bmi2

Memory: 4k page, physical 16724548k(3486692k free), swap 67056196k(6004k free)

vm_info: Java HotSpot(TM) 64-Bit Server VM (25.71-b15) for windows-amd64 JRE (1.8.0_71-b15), built on Dec 22 2015 18:15:55 by "java_re" with MS VC++ 10.0 (VS2010)

time: Sun Jun 11 21:43:07 2017
elapsed time: 5 seconds (0d 0h 0m 5s)

